7 -1.185895 -0.787998 -0.303650 0.381712 0.442673 -1.016791 1.508178 0.595874 -0.888293 0.197791 0.313172 0.155968 0.259784 0.327475
12 0.460644 0.250468 -0.574848 0.421429 -0.560087 -0.293979 -0.046200 -0.459573 -0.429096 -0.046426 -0.162154 1.115848 0.412683 -0.088708
3 0.160557 0.054412 1.533674 -0.450111 0.667761 -0.333901 -0.378300 -0.297522 -1.019981 0.146371 -0.045113 -1.012354 -0.194526 1.169033
2 -0.462600 1.229056 -0.312216 -0.090094 -0.306136 -0.133897 0.031274 -0.446257 -0.712325 -0.380238 0.216677 1.031308 0.043404 0.292045
6 0.617104 0.695968 -0.373275 -0.258502 0.759492 0.819357 -1.027347 0.696138 -0.124921 0.457269 -0.751237 -0.244953 -0.142116 -1.122977
10 0.000000 0.000000 -0.074625 0.000000 0.000000 -0.308448 0.000000 -0.008029 0.000000 0.399521 -0.008418 0.000000 0.000000 0.000000
6 0.007790 0.168254 -0.143383 0.151964 -0.306470 0.603155 0.066443 0.289519 -0.197774 0.074211 0.132318 -0.207025 -0.100728 -0.538274
13 0.680738 0.504866 0.269583 -0.084185 -0.001292 -0.716151 0.037920 0.470351 -0.793667 0.052805 -0.440450 -0.123417 0.850870 -0.707972
1 0.827282 -0.015312 -0.059000 0.177326 0.160865 0.418449 -1.312150 -0.553000 -0.577615 0.370886 -0.801098 0.763485 0.794415 -0.194533
4 -0.135253 0.174534 -0.370985 1.505431 0.317335 -0.522060 -0.275227 -0.369597 0.054286 0.232731 -0.389651 -0.343639 0.551002 -0.428907
6 -0.431085 -0.092366 -0.376765 0.895857 0.022565 1.718373 -0.932742 -0.343632 0.033320 -0.115171 -0.072938 0.101502 -0.991588 0.584671
12 0.117924 -0.131487 -0.532184 -0.465642 -0.023063 0.238029 0.151717 -0.018159 0.093253 -0.055375 0.017223 0.836399 0.529009 -0.757644
10 0.205001 0.342052 -0.181499 0.001224 -0.426101 -0.647686 0.539771 0.187600 0.467756 0.660644 -0.423402 -0.504240 0.186762 -0.407882
2 0.399256 0.689656 -0.121114 0.181676 0.618114 -0.529046 -0.250463 -0.136812 -0.197281 0.313546 -0.340014 0.283702 -0.393729 -0.517489
2 -0.944476 1.150201 -0.231865 -0.394821 -0.103557 -0.478070 0.248943 0.278720 -0.406961 -0.214395 0.658097 -0.284146 0.357966 0.364365
7 -0.635302 -0.085807 0.295531 -0.456905 1.341286 -1.239251 1.792896 -0.056683 -0.876046 1.068789 -0.966967 -0.441133 0.237445 0.022147
9 -0.395750 -0.218379 0.244186 0.195748 0.022714 -0.563788 -0.313541 0.160775 0.524545 -0.014142 -0.588210 0.361078 0.459616 0.125151
1 1.537730 0.103399 -1.092129 0.154150 0.490032 -0.838990 0.952472 0.736281 -0.299411 -0.353575 -0.689780 0.349016 0.436334 -1.485529
13 -0.742647 -0.012217 -0.171828 0.730076 -0.558176 -0.010750 -0.557551 -0.361892 0.343148 0.710592 -0.234469 0.078143 1.012058 -0.224488
5 -1.066581 0.689214 0.495179 -0.240806 0.724355 -0.499549 0.204573 0.004869 -0.379549 0.449528 -0.351791 -0.287729 -0.162829 0.421117
11 0.343306 -0.453420 -0.056379 -0.044813 0.079669 -0.614005 -0.326957 0.378641 -0.301764 -0.069534 0.913860 -0.123540 0.381780 -0.106842
7 -0.596208 -0.275629 -0.285710 0.034755 -0.915456 1.131602 1.485188 -0.631461 0.482756 -0.156960 0.317819 -0.219916 -0.467507 0.096727
7 0.410833 -0.107897 -0.066195 -0.594024 0.117807 -0.821135 0.914765 0.737966 0.462110 -0.102549 -0.668922 -0.601200 0.537658 -0.219216
10 0.013510 0.211534 -0.471319 -0.087924 0.331330 -0.409193 0.227060 0.679061 -0.846050 1.272924 -0.045236 -0.409520 -0.088782 -0.377396
2 0.202506 1.013544 -0.141791 0.675345 0.121407 -0.446660 -0.582074 -0.085198 0.289786 -0.405500 -0.259103 -0.150742 0.115147 -0.346667
12 0.353576 0.020942 0.101282 -0.719988 0.240870 -0.229956 -0.530185 -0.131524 0.186505 -0.127352 -0.181764 0.874898 0.641749 -0.499053
13 -0.127512 -0.180696 -0.284080 0.315508 -0.184752 -0.383335 0.240447 0.504402 -1.088968 0.211400 -0.188387 -0.629435 1.296677 0.498731
6 -0.666687 -0.616074 0.121880 0.174877 -0.078657 0.979869 0.175410 0.106644 -0.375113 -0.091825 -0.097415 0.093135 0.616736 -0.342778
2 -0.982248 1.463714 -0.373854 1.010662 0.143888 -0.128329 -0.481592 0.069697 -0.345201 0.038284 -0.627671 -0.384570 0.282434 0.314786
4 -0.599103 -0.051419 -0.157055 1.157336 0.562096 -0.516663 -0.609252 -0.390846 -0.213082 0.224817 0.204768 0.232631 0.007245 0.148526
13 -0.528208 0.000000 -0.049375 -0.002935 0.311153 -0.033951 -0.101607 0.000000 -0.080046 -0.060863 -0.016160 0.310057 0.399521 -0.147585
1 0.799041 0.290136 -0.184202 -0.279537 0.768113 -0.557691 -0.160079 0.000000 -0.098380 -0.117748 -0.222339 -0.071579 -0.132253 -0.033482
4 -0.414330 0.293803 -0.070134 0.626926 0.522789 -0.191364 -0.321210 -0.112196 -0.266425 -0.065308 -0.580205 0.205235 0.458221 -0.085802
5 0.106176 0.517265 -0.355416 0.224442 0.588761 -0.646633 -0.822180 -0.249986 0.217702 -0.359149 -0.233716 0.473215 0.500888 0.038632
5 -0.099827 0.226541 -0.177379 -0.026456 1.083122 -0.521175 -0.510786 -0.028851 -0.327821 -0.109017 -0.263628 0.114640 0.535076 0.105562
1 0.498021 0.160219 0.351276 -0.183559 -0.062017 -0.582470 0.183632 -0.164048 -0.049842 -0.658127 0.122748 -0.126395 0.121045 0.389515
5 -0.271186 -0.150843 -0.076596 -0.182458 1.159926 -0.402038 -0.234385 0.617205 -0.149437 -0.346955 0.270213 -0.356425 0.251959 -0.128979
2 -0.066414 1.034520 0.046459 -0.536484 0.772274 -0.397683 -0.378417 0.096619 -0.280445 -0.301126 -0.550489 0.685939 0.085330 -0.210083
10 0.479884 -0.085108 -0.498767 -0.288914 0.582970 0.103796 0.031103 -0.476293 -0.319169 1.076956 -0.537750 0.319935 0.069654 -0.458297
8 0.165930 -0.158889 -0.128521 0.092124 0.520664 -0.593170 -0.595370 0.655559 -0.415545 -0.112345 0.497291 -0.022471 -0.057305 0.152050
7 0.010240 0.577343 0.267174 -0.568894 0.543502 -0.545697 1.011720 -0.042613 -0.365160 -0.382755 -0.527854 -0.434762 0.535057 -0.077302
10 -0.817527 0.395647 -0.413140 0.410203 -0.833959 -0.634250 0.824886 -0.507212 0.189658 1.095122 0.510755 -0.216157 -0.150346 0.146321
10 0.043392 -0.504702 0.190452 -0.147987 0.130198 0.045934 -0.283432 0.161604 -0.160844 0.507757 0.122486 -0.432632 0.366225 -0.038452
9 0.030621 -0.677757 0.040504 -0.074734 -0.437164 -0.210210 -0.279103 0.898996 1.339955 0.291604 -0.064687 -0.582304 0.073118 -0.348839
5 -0.013676 -0.132512 0.287407 0.392369 1.351182 -0.178793 -0.402576 -0.486663 -0.055110 -0.776325 -0.973242 0.511555 0.601554 -0.125169
8 -0.083753 0.602346 0.005006 -0.286713 0.198973 0.010931 -0.232955 0.838042 0.680467 -0.657420 0.010173 -0.650301 0.194896 -0.629693
1 0.654011 0.027973 -0.294006 0.122155 0.139446 -0.752560 -0.036505 0.502909 0.490398 -0.291341 0.011087 0.456335 -0.522547 -0.507356
13 -0.051560 0.052253 -0.476723 0.649035 0.433903 -0.375395 0.086860 -0.273335 -0.499250 0.617954 -0.551906 -0.102694 0.904864 -0.414004
1 0.716387 0.192966 0.230350 -0.122932 0.340065 -0.454766 -0.267807 -0.212121 -0.167694 -0.075304 -0.281513 0.341485 0.105376 -0.344494
6 -0.543636 -0.272788 -1.175028 -0.412842 -1.046344 2.952216 0.741377 -0.300476 -0.401256 -0.367535 0.502162 0.559034 0.855256 -1.090140
13 0.866084 -0.722152 -0.160392 0.143748 -0.320638 -0.081433 -0.379107 0.184723 -0.571456 -0.279722 0.394453 0.066497 1.009061 -0.149666
11 -0.647767 -1.236109 -0.216027 -0.391062 0.079849 -0.428909 -0.254391 -0.265743 0.971885 -0.042088 2.043574 0.148886 0.030358 0.207543
2 0.289325 0.462909 -0.302140 -0.178097 -0.353366 0.111903 -0.069529 -0.003641 0.201352 0.239438 0.044672 -0.208101 0.060326 -0.295051
5 0.506342 0.542084 -0.633760 -0.477017 0.547906 0.442415 0.476678 -0.378404 -1.285855 0.332301 -0.485475 0.121801 0.248705 0.042279
7 0.426571 -0.675127 -0.043290 0.330115 -0.563428 -0.804565 0.891279 0.262038 -0.502667 0.875579 0.049966 0.419880 0.087957 -0.754306
13 -0.470936 0.543968 -0.109000 0.184810 -0.236814 -0.314057 -0.085971 0.264808 0.175741 -0.153563 -0.831118 -0.498254 1.668466 -0.138081
6 0.045937 1.433412 -0.396743 -0.473829 0.322942 1.832569 -0.687616 -0.219447 -1.008070 0.914343 -0.448226 -0.139736 -0.136752 -1.038783
10 0.165338 0.126639 -0.299336 -0.516626 -0.025422 -0.607528 0.030876 -0.167530 -0.232127 1.153710 0.265961 0.502014 0.090198 -0.486166
5 0.157049 0.110926 -0.460451 0.730752 1.263453 -0.710167 -0.514291 -0.180556 0.364129 0.054026 -0.404109 0.162972 -0.804901 0.231170
7 -0.621994 -0.470512 -0.069866 0.433341 -0.216368 0.029404 1.330358 0.937373 -0.294071 -0.205082 0.127660 -0.376567 0.469988 -1.073663
14 -0.691094 -0.206306 0.705956 -0.172771 0.187638 -0.453111 0.609889 0.009639 0.021977 -0.932433 -0.259025 -0.258154 0.191905 1.245890
13 0.089908 -0.929637 -0.339246 -0.487545 0.189916 -0.321617 0.177493 -0.185598 0.090608 -0.301500 0.565560 0.048597 0.843643 0.559417
14 -0.366987 0.098246 0.129842 0.607920 0.084440 0.189027 -0.524873 -0.189976 -0.343332 -0.347141 -0.289016 0.266440 0.017070 0.668339
6 -1.112068 1.121865 -0.072290 -0.006362 -0.076859 1.280003 -0.141863 -0.260703 -0.141017 -0.349181 -0.566611 0.022490 -0.050954 0.353550
13 0.098380 0.463556 -0.300128 0.271476 0.262298 -0.659648 -0.226057 -0.325832 -0.285866 -0.344216 0.122970 0.477500 0.695346 -0.249780
13 0.097108 0.224133 -0.370983 -0.784906 0.203537 -0.677265 -0.170426 0.999436 -0.445199 -0.172814 -0.558787 -0.063752 1.617658 0.102259
6 0.428459 -0.544674 -0.542732 0.046478 0.132429 1.497266 -0.052380 -0.132389 0.397900 -0.318868 0.128511 -0.653764 -0.136500 -0.249734
7 0.503751 -0.412022 -0.217594 -0.050369 0.356616 -0.159306 1.856352 -0.160062 -0.812358 -0.358922 -0.093680 -0.270989 0.069865 -0.251282
5 0.350903 0.003859 0.097585 -0.274635 0.747990 -0.448847 -0.861830 -0.271727 0.527709 0.256562 -0.064318 0.434849 -0.171828 -0.326273
13 0.195687 -0.192560 -0.228930 0.449333 -0.160945 -0.354734 -0.638438 -0.116975 -0.239976 0.988306 -0.287979 -0.237364 1.313596 -0.489021
1 0.872381 0.060037 -0.292239 -0.386908 0.612086 -0.852459 -0.106409 0.247139 0.062278 0.136040 -0.120007 -0.185429 0.820132 -0.866642
10 -0.000810 0.147116 0.025376 -0.396983 0.348152 -0.917746 -0.613979 0.202952 -0.238329 0.890624 0.523043 -0.031508 0.405888 -0.343794
10 0.064890 -0.072064 -0.081699 -0.222037 0.985471 -0.973414 -0.041388 -0.183845 0.202321 1.231997 0.319314 -0.284328 0.384980 -1.330198
14 -0.927570 -0.091683 0.842863 0.119126 -0.114368 -0.418843 0.394514 -0.122369 0.069415 0.214772 -0.746020 -0.496872 0.021098 1.255936
14 0.230094 -0.016302 -0.044646 0.000000 -0.038635 -0.139331 -0.115163 -0.074479 -0.181820 -0.067548 -0.027895 -0.102730 0.288973 0.289482
14 0.194611 -0.402990 -0.245138 -0.259867 -0.025009 0.160844 -0.460657 0.086239 -0.286068 -0.283795 0.858506 0.132464 -0.451418 0.982279
5 0.361690 0.161168 -0.410596 -0.454171 0.560303 -0.059636 -0.755060 -0.112469 -0.279842 0.249459 0.065265 0.055184 0.258523 0.360182
8 0.468729 -0.190695 0.110623 0.277841 0.661551 -0.006006 -1.209585 0.789618 -0.362787 -0.691189 -0.716310 0.598145 -0.511542 0.781607
12 -0.046466 -0.657048 -0.130113 -0.410134 -0.562520 -0.492821 -0.912126 -0.079619 -0.185165 -0.165294 -0.956706 4.833488 0.023034 -0.258512
3 -0.014942 0.000000 0.344448 -0.067132 0.240847 0.294218 -0.366492 -0.044391 -0.136144 -0.071617 -0.026323 -0.150536 -0.161421 0.159486
10 -0.922182 0.144555 -0.526977 -0.291259 0.463901 -0.059292 0.094238 0.299033 0.203558 1.296187 -0.409467 -0.767129 -0.067699 0.542533
12 -0.984645 0.103769 0.123909 -0.449417 -0.054973 -0.480351 -0.422901 0.798749 -0.507364 0.151291 1.105759 1.129533 -0.699987 0.186628
9 -0.220083 -0.133187 -0.391847 0.406099 1.143906 -1.402832 -0.368101 -0.421923 1.319305 0.558826 -0.440932 -0.090503 0.280380 -0.239106
3 -0.649553 0.013549 0.890227 0.128970 0.102615 -0.023803 -1.206481 0.141975 0.527374 0.072589 0.341560 0.291120 -0.494077 -0.136064
4 -0.502178 0.063175 -0.693968 0.491931 0.481375 -0.467426 -0.167032 0.436012 0.376212 -0.217688 -0.138281 0.058838 -0.087881 0.366912
13 -0.395346 -0.610252 -0.524398 -0.459272 0.237715 0.316695 -0.644288 -0.647651 -0.837137 -0.563268 0.540923 0.195080 1.783922 1.607276
4 -0.598762 -1.104161 -0.621591 1.493796 -0.164053 0.197960 0.832942 0.998184 -0.590524 -0.280115 -0.111920 -0.605529 0.724863 -0.171090
5 0.271262 -0.152260 0.133096 -0.390864 0.613351 -0.679919 -0.010286 -0.063800 -0.284795 0.357931 0.178024 -0.011776 0.497650 -0.457613
4 0.950272 -0.179354 0.027897 1.138969 -0.030284 -0.966141 -0.373351 -0.071677 -0.311442 -0.253887 -0.330144 0.407951 -0.834332 0.825523
2 1.117369 1.630271 -0.135917 -0.414192 -1.378309 0.274809 0.607533 -0.337875 -0.604045 0.287293 -0.495024 0.658072 -0.746115 -0.463870
5 -0.403934 0.290136 -0.440450 -0.137385 0.729478 -0.535884 -0.195390 -0.086865 -0.177193 -0.093439 0.151259 0.246350 0.287277 0.366039
1 0.000000 0.000000 0.000000 0.000000 0.000000 0.000000 0.000000 0.000000 0.000000 0.000000 0.000000 0.000000 0.000000 0.000000
2 0.402844 0.590339 0.543313 -0.561453 0.202972 0.296662 -0.379414 0.446677 -0.486313 0.148012 -0.411912 -0.741167 -0.038314 -0.012246
11 -0.609638 -1.167676 -1.441877 0.839816 2.226847 -0.386576 -2.305354 -0.846611 -0.505769 -0.914282 8.180321 -1.194639 -0.369752 -1.504809
2 -0.053553 1.205993 -0.267762 0.257019 0.355947 -1.864054 0.112237 0.456113 0.885100 -0.463889 0.033879 -0.201615 -0.166005 -0.289410
12 -0.280203 0.600011 0.074013 0.453213 0.044759 -0.669040 -0.317941 0.305780 -0.537488 -0.468791 -0.113166 0.950564 0.026404 -0.068115
6 -0.827481 -0.321185 -0.663799 -0.724092 0.642096 5.653325 -1.299078 -1.204764 -0.539716 0.343721 -1.137243 -0.852009 1.006790 -0.076565
14 -0.003007 -0.021610 0.194847 0.026154 -0.272528 -0.084369 0.381360 -0.140774 0.000000 -0.383113 -0.122142 0.152696 -0.127034 0.399521
4 0.805925 -1.051206 -1.045011 1.778164 0.208269 0.555314 -0.738422 -0.038438 0.441022 0.302496 -0.254437 -0.719530 -0.146589 -0.097555
13 -0.754156 -0.210119 -0.173691 0.383359 -0.348508 -0.044352 -0.509029 0.019450 0.157114 0.321515 -0.172808 0.461857 0.638778 0.230590
5 0.285117 0.068156 -0.180627 0.181734 0.998900 0.251682 -0.251556 -0.212831 -0.286817 -0.315106 0.168573 0.264968 -0.294333 -0.677860
7 0.337673 -0.668311 -0.278255 -0.163521 -0.156045 -0.362478 2.839798 -0.238404 -1.119119 -0.289736 0.595475 -0.894876 0.905346 -0.507546
12 0.364685 0.448847 -0.493670 0.351926 -0.130729 0.051435 -0.191276 -0.586364 -0.254805 -0.225893 -0.052187 0.802941 0.583678 -0.668589
3 -0.108327 0.350377 1.050001 0.177767 0.117879 0.275010 -0.211917 -0.044374 -0.406916 -0.119324 0.242052 -0.299450 -0.411890 -0.610889
11 -0.097901 -0.832073 -1.536751 -1.144574 -0.300823 0.172712 -1.833418 -0.186474 -0.622606 -0.569930 9.342583 -1.079773 -0.163813 -1.147160
13 -0.229339 -0.357777 0.016594 0.139775 0.051070 -0.340764 -0.228069 -0.255448 -0.073900 -0.165336 -0.362653 -0.365346 2.453883 -0.282689
13 -0.369482 -0.574196 -0.613053 0.260752 0.283912 0.494703 -0.040641 0.214056 -0.479219 -0.310851 -0.269180 -0.283474 1.054457 0.632216
9 -0.174944 -0.093765 0.073780 0.189659 0.267713 0.371041 -0.362493 -0.311000 0.374764 -0.460731 0.096309 0.181603 -0.234886 0.082952
6 -1.059722 0.002948 -0.372888 -0.562212 0.440791 5.442023 -0.774123 -0.640136 -0.732577 -0.395515 -0.570194 -0.420313 -0.218174 -0.139909
8 -0.564799 0.596283 -0.189017 -0.538492 -0.419751 -0.257420 -0.642614 4.242594 -0.457166 -0.557189 -0.023462 -0.472570 -0.431401 -0.284995
7 -0.517160 0.749940 -0.439351 -0.185947 -0.095447 -0.371760 4.137840 -0.870562 -0.146393 -0.515247 -1.328526 -0.608030 -0.711314 0.901957
13 -0.105764 -0.116637 -0.289182 -0.175692 -0.104587 -0.064006 -0.149757 -0.078417 -0.194348 -0.054887 0.022986 -0.195142 0.799041 0.706391
13 -0.284779 -0.361054 0.627233 -0.101977 0.742816 -0.195438 -0.545881 -0.300409 0.508409 -0.400729 -0.469648 -0.705405 1.424661 0.062202
1 0.399521 0.290136 -0.075548 -0.102256 0.368593 -0.404297 -0.149678 0.000000 -0.146790 -0.018233 -0.187877 0.341485 -0.103695 -0.211361
8 0.483892 -0.068288 -0.215649 -0.190430 0.055360 -0.959100 -0.543063 0.904601 -0.935541 0.229748 0.517060 0.356277 0.520937 -0.155803
14 -0.818955 0.111555 -0.378514 -0.350228 -0.275425 -0.922288 0.007415 0.621518 -0.322300 -0.103147 -0.680861 0.531533 0.595317 1.984381
14 -0.053703 -0.304061 -0.474109 -0.421833 0.388475 -0.567123 -0.450765 1.460670 -0.412959 -0.215996 -0.756444 -0.494959 0.208900 2.093908
14 -0.849873 0.419441 -0.249783 -0.357359 -0.196657 0.488569 0.135388 -0.219572 -0.141278 0.129176 0.048166 0.085844 0.130057 0.577882
6 -0.739553 -0.600957 0.207287 1.084522 -0.282928 1.929705 -0.666133 -0.434868 -0.532768 0.054151 0.336189 -0.568962 0.723139 -0.508822
1 1.010630 -0.028625 -0.035160 -0.211209 0.313070 -1.128748 0.609679 0.239465 0.238307 0.282127 -0.056714 -0.160768 -0.051192 -1.020861
8 0.598887 -1.670807 -0.253323 0.076965 0.773755 -0.178234 0.671195 0.881235 -0.060371 0.140731 -0.425572 -0.263047 -0.644063 0.352649
7 -0.202737 -0.499673 0.099954 -0.270547 0.031882 0.473100 0.573345 -0.476768 0.477538 0.427390 0.156171 -0.232953 -0.012396 -0.544308
6 -0.179340 0.290546 -0.028431 -0.053507 0.193471 0.399521 -0.394736 -0.074900 0.324653 0.000000 -0.104054 -0.226253 -0.015514 -0.131455
9 0.419906 -0.157803 -0.463880 -0.302271 -0.323978 -0.130571 -0.367329 0.759616 2.114301 -0.485216 -0.866867 -1.076538 0.224168 0.656462
10 -0.711145 -0.141161 -0.492957 -0.360408 0.219622 0.940515 -0.231674 0.458990 0.047775 1.079185 -0.404734 -0.009346 0.574074 -0.968735
9 -1.238035 -0.214982 0.222767 -1.127828 0.639779 -0.790046 -0.470519 0.071288 1.706385 -0.213223 -0.375296 -0.204688 0.834576 1.159821
13 -0.976084 0.223583 -0.309635 0.146261 -0.606704 0.752959 0.166380 0.277526 -0.317348 -0.239842 -0.380159 0.177398 0.836480 0.249185
5 0.264736 -1.481370 0.039419 0.236090 1.487730 -1.070684 0.365820 -0.147759 1.329615 -0.752115 -0.243277 -0.775913 -0.207516 0.955224
9 0.292051 -0.286262 -0.430461 0.382738 0.274446 -0.480526 -0.709338 -0.225637 1.128301 0.448656 -0.397564 0.056059 0.104592 -0.157054
5 -0.350728 0.614057 -0.567399 -0.222314 0.818760 0.636419 -0.173450 -0.801564 -0.252565 0.314551 0.716607 -0.302933 0.152338 -0.581778
5 0.006343 -0.300703 -0.384763 -0.039818 1.214977 -0.255972 0.355570 -0.182022 -0.493457 -0.187518 0.010055 0.814166 -0.073443 -0.483417
10 0.228419 0.199140 -0.115181 0.109881 0.216571 -0.404297 0.075658 0.150471 -0.262269 0.320787 -0.222716 0.314381 -0.318938 -0.291906
13 -0.758996 -0.149706 -0.089621 -0.273381 -0.263938 0.020851 -0.103727 0.147889 0.488302 0.200593 0.096306 -0.598019 2.037583 -0.754136
13 -0.007174 -0.172373 -0.291870 0.329287 -0.105315 -0.474532 0.056095 0.167392 -0.538152 -0.250239 -0.120238 -0.110656 1.343849 0.173925
11 -0.473534 -0.206532 -0.201135 -0.412084 -0.211788 0.502961 -0.415242 0.611445 0.243906 -0.444920 1.263828 -0.436341 0.027308 0.152127
13 0.281886 -0.737035 -0.082086 -0.950640 -0.109908 -0.112882 0.741730 0.083790 -0.444711 -0.520696 0.508064 -0.107670 1.371315 0.078844
9 -0.533769 -0.910874 -1.105807 0.119825 1.002742 -0.046531 0.121683 -0.457746 1.172630 0.621481 -0.188145 -0.718384 0.796980 0.125916
7 -0.476567 -0.101428 -0.314453 0.788925 0.725430 -0.363650 1.333331 -0.133395 0.297300 -0.348368 -0.478060 -0.252908 -0.053668 -0.622490
9 0.281202 0.173199 -0.375895 -0.468393 -0.081672 -0.329058 0.412668 -0.023177 0.634292 0.379496 -0.295471 -0.198462 0.193575 -0.302304
13 -0.392211 -0.722802 -0.102952 -0.006883 -0.574361 0.222888 0.249623 -0.540278 -0.174615 -0.274789 -0.275791 0.396226 1.792753 0.403190
13 0.209387 0.371559 0.039688 0.505435 0.478124 -0.956087 0.965595 -0.422323 0.106074 -0.767788 -0.371676 -0.624569 1.029485 -0.562904
2 -0.338172 1.284564 -0.427144 -0.257421 -0.439545 -0.189677 -0.982588 0.672421 0.297248 0.576455 0.180731 -0.801706 0.233989 0.190846
9 0.144401 -0.571461 0.372265 1.220655 -0.241778 -0.411431 -0.904794 -0.663306 1.352164 -0.089185 -0.346484 0.206790 -0.502906 0.435070
10 1.015268 -0.218186 -0.608009 -0.208366 0.733158 -1.115603 0.489917 -0.100657 -1.010076 1.029123 0.063336 -0.074464 0.196666 -0.192107
8 -0.542820 0.391137 -0.299971 -0.167627 0.105892 -0.702986 -0.345912 1.043948 -0.399653 -0.682328 -0.369600 0.046464 0.971500 0.951956
8 0.170340 -0.145743 0.170675 0.735212 -1.031499 -0.210234 0.321875 1.627081 -0.531308 -1.015929 0.565446 -0.095169 0.432653 -0.993399
8 0.835875 0.782176 -0.096467 -0.519617 0.145290 -0.717672 -0.781687 2.002870 0.128528 -0.327806 -0.476159 -0.421722 -0.174017 -0.379592
2 0.483362 1.808466 -0.432018 1.163046 -0.829417 -0.708416 -0.257710 1.369626 -0.372875 0.501380 -0.540834 -0.612933 0.053178 -1.624855
4 -0.211507 -1.708002 -1.096394 1.876478 0.346211 -0.210235 -0.423855 -0.552377 0.344619 0.074202 1.236694 -0.086276 0.346221 0.064219
9 -0.015207 0.000000 0.000000 0.309108 0.214368 -0.092976 -0.185693 -0.087637 0.399521 -0.147948 -0.062675 -0.075549 -0.033671 -0.221641
13 0.486172 0.470891 -0.120360 -0.514429 -0.219363 -0.518374 0.146711 -0.379480 -0.304133 0.309797 -0.004972 -0.469783 0.664149 0.453172
2 -0.093585 1.235575 0.104863 -0.257799 -0.273691 -0.856762 1.160189 -0.255967 -0.649433 -0.007370 -0.869100 0.318759 0.398606 0.045715
8 -0.762670 0.060879 -0.068909 -0.716539 0.793297 -0.890529 0.514753 1.134954 -0.175445 0.135350 -0.659944 0.173976 -0.137996 0.598823
2 -0.130725 0.560391 -0.145397 0.450845 0.328377 -0.234932 -0.585666 -0.217531 -0.326912 -0.170316 -0.398647 0.455793 0.487293 -0.072575
5 -0.301737 0.008733 -0.241034 0.315488 0.413880 -0.074864 -0.018753 0.106753 -0.263034 -0.075318 0.132119 -0.180930 0.282939 -0.104241
10 -0.105801 0.443800 -0.245672 -0.458252 -0.042851 0.006306 -0.618625 0.089501 -0.355011 0.651935 0.373211 -0.210958 0.489439 -0.017021
5 0.738651 -0.176222 -0.065191 -0.188949 1.283027 -1.277285 -0.398467 -0.003241 -1.069229 1.087160 0.007652 -0.139820 0.572117 -0.370203
4 -0.718227 0.175122 -0.375482 1.025931 0.077597 0.307970 -0.640602 -0.430522 0.734059 -0.308568 -0.368536 0.173973 -0.449864 0.797149
8 0.424592 -0.090899 -0.574116 -0.239250 -0.094092 0.006204 -0.719283 1.695923 -0.104836 -0.188051 0.048203 -0.812587 0.785467 -0.137276
5 -0.429549 -0.256353 -0.112646 -0.425391 1.274108 0.237718 0.248900 -0.354923 -0.087220 -0.041317 -0.443707 0.163820 0.475484 -0.248923
8 0.074720 0.231074 -0.519260 -0.397927 0.123452 -0.627387 0.072745 1.131339 0.132096 0.061286 0.085309 0.127951 -0.023503 -0.471895
2 -0.217039 1.172642 -0.646127 -0.390168 -1.200454 0.193043 0.920760 0.578783 -0.012271 0.154939 0.076656 -0.947978 0.776097 -0.458882
1 3.617049 -0.199545 -0.119227 -0.265773 -0.789578 -0.680096 0.215917 -0.183921 0.144993 0.000335 0.339928 -0.881629 -0.370849 -0.827603
13 -0.489666 0.601436 -0.136539 -0.122156 -0.649482 -0.461456 -0.500697 -0.356884 0.400078 -0.089144 -0.016903 -0.319937 1.267799 0.873552
5 -0.606723 0.392539 -0.183471 -0.272802 0.731151 -0.321412 0.336826 -0.083504 -0.504264 -0.142596 -0.051530 -0.361160 0.659136 0.407811
8 -0.209250 0.425564 -0.356350 0.142684 0.551377 -0.298263 -0.876367 1.605354 0.345568 -0.574023 0.446851 -0.503835 -0.114544 -0.584766
6 -0.388531 0.179846 -0.449368 0.807840 -0.161436 0.970726 -0.662891 0.161153 -0.056652 -0.394310 -0.096444 -0.311042 0.516638 -0.115529
13 0.486527 -0.828864 -0.068545 0.049494 0.016239 -0.403227 0.228681 -0.179069 -0.412233 -0.253855 -0.445704 0.022194 1.561218 0.227144
2 -0.040625 0.783382 -0.293219 0.233404 -0.063067 -0.286842 0.144919 -0.253464 -0.131876 0.371377 -0.174265 -0.373742 0.141183 -0.057166
13 -0.438321 -0.171153 0.259055 -0.459305 0.352124 -0.117894 0.651007 0.306560 -0.670773 -0.293804 -0.063901 -0.139873 0.706286 0.079992
10 -0.376047 0.297367 -0.417567 -0.338736 -0.066920 0.101845 0.309619 0.352482 0.680359 0.694278 -0.340577 -0.549139 -0.468340 0.121374
3 0.154594 0.215865 0.636541 -0.378998 0.614292 -0.757440 0.139207 -0.060864 -0.394622 0.145154 0.104210 0.121239 0.031501 -0.570679
4 0.060792 -0.569608 -0.756908 0.890937 0.266477 -0.453661 0.107884 -0.058627 -0.066742 0.170389 0.410851 -0.321539 0.724759 -0.405005
7 0.148161 -0.698603 -0.687776 -0.321055 0.802240 0.054465 0.923560 -0.410258 -0.657292 0.559391 -0.230322 -0.097426 0.320143 0.294772
7 -0.054951 -0.003374 -0.338768 -0.707557 0.583616 -0.242114 0.744592 -0.291952 -0.630105 0.520850 0.502309 0.028621 -0.160629 0.049463
7 -1.033543 -0.133068 -0.642638 -0.318969 -0.596214 -0.282026 5.137774 -0.091272 0.238472 -0.425192 -1.281990 -0.388407 -0.080562 -0.102364
1 27.536210 -1.053812 -1.670020 -1.700866 -2.016857 -3.044977 -2.829702 -0.925254 -2.018248 -1.734390 -2.687387 -2.239424 -2.853008 -2.762264
12 -0.557569 -0.707176 -0.816119 -0.406836 -0.730990 0.367374 -0.376791 -0.284253 -0.014603 -0.387164 -1.296359 5.037045 -0.361155 0.534596
2 0.027781 1.054568 -0.102782 0.095154 -0.438315 -0.003427 -0.884313 -0.322650 -0.173025 0.195592 -0.401215 0.069458 0.700025 0.183149
13 -0.439727 -0.121487 -0.254593 -0.156068 -0.248179 -0.150662 -0.417907 0.224245 0.491571 0.156628 0.322315 -0.503265 0.551522 0.545604
5 -0.025986 -0.554372 -0.325825 -0.464589 1.131770 -0.484443 -0.732443 1.028584 -0.343535 -0.100834 -0.121114 -0.151261 1.058270 0.085779
14 -0.030239 0.826401 -0.326503 -0.390703 0.744795 -0.548099 -0.300658 0.670166 -0.570818 0.098035 -0.824258 -0.733931 0.476830 0.908982
5 0.070615 -0.104365 0.306363 0.050094 1.325364 -0.216143 0.594686 -0.367305 0.293208 -0.465255 -0.316071 -0.527752 -0.262607 -0.380832
13 0.530167 0.242430 0.109287 0.208875 -0.553508 0.004483 -0.063709 0.506049 -1.292176 -0.419988 -0.140909 -0.208945 0.864419 0.213526
13 0.001402 -0.436323 -0.740658 -0.355089 0.573109 0.827574 -0.265130 0.827653 -0.433093 -0.228604 -0.271050 -0.209742 0.916104 -0.206155
1 0.497329 0.133716 0.102257 -0.262671 0.182668 -0.581105 0.023311 -0.217630 -0.071217 0.176808 0.127645 -0.023746 -0.016983 -0.070382
5 0.110575 -0.225528 -0.154773 0.350452 0.830396 -0.267820 -0.118937 -0.173470 0.236001 -0.231123 -0.224213 -0.133024 0.325165 -0.323702
14 -0.869289 -1.272868 1.892226 1.633161 -0.232975 1.062791 -1.382977 -1.180396 -0.804939 -0.943249 0.257711 -0.622052 0.454426 2.008429
8 -0.324695 -0.594447 0.456681 -0.385518 0.753652 -0.667506 -0.893299 1.692969 0.116633 -0.852087 0.259819 -0.422276 0.852822 0.007252
14 -0.343271 -0.884830 -0.021930 0.868478 -0.748931 0.332274 -0.690846 -0.511137 -0.677913 -0.435236 -0.357804 0.009473 1.010978 2.450697
4 0.849617 0.132706 -1.276552 1.702481 0.527776 -1.561568 -0.276246 -0.897796 0.757776 -0.075896 0.198006 0.770351 -0.551760 -0.298895
8 0.323762 -0.340674 0.027613 -0.600147 0.063555 -0.412264 -0.282352 1.103873 0.471747 -0.260890 -0.598689 -0.518101 0.712502 0.310065
10 -0.495597 -0.550458 -0.181676 0.425910 -0.106048 -0.862854 -0.427934 0.662170 0.234435 0.975301 -0.633480 0.323131 -0.018211 0.655311
7 0.505403 -0.042616 -0.221888 -0.673689 0.086215 -1.185363 1.380035 -0.400065 -0.062636 0.820678 -0.240050 0.209659 0.060982 -0.236666
2 0.467565 1.084109 -0.323660 0.200880 -0.127633 -1.018904 -0.554908 -0.258310 0.428361 0.274414 -0.309338 -0.028003 0.642286 -0.476859
2 -0.247126 0.988128 -0.048897 -0.039505 -0.421695 -0.139792 0.237868 -0.109674 -0.030321 -0.247623 0.213509 0.142264 -0.317614 0.020478
5 -0.000000 -0.053784 -0.029106 -0.095216 0.362407 -0.102666 -0.221268 -0.165326 -0.052530 -0.156299 -0.050059 0.318811 -0.041147 0.286184
12 -0.010295 0.421870 -0.162500 -0.371366 0.183214 -0.557215 0.035479 -0.365050 -0.228777 0.186075 0.111362 0.776477 0.535868 -0.555142
13 1.389766 -1.558042 -1.029906 0.692746 -0.015399 -1.007328 0.237304 -0.873196 0.120226 -1.013368 1.763705 -0.544783 1.994465 -0.156191
5 0.145972 0.296100 -0.603854 -1.100694 1.044677 1.022442 0.640868 0.001134 -0.449804 -0.229444 -0.919693 -0.233433 0.644379 -0.258649
2 -0.474259 0.705938 -0.180813 0.460760 -0.251844 -0.297846 0.141404 -0.065319 0.694969 -0.095752 -0.668743 -0.373638 0.148935 0.256209
5 -0.727592 -0.291030 -0.146499 -0.130336 1.108545 -0.048890 -0.592948 0.374204 -0.414619 0.097595 -0.039209 0.609796 0.755089 -0.554105
11 0.172112 0.235245 -0.238188 -0.323251 0.555228 -0.616458 -0.317872 -0.345497 -0.167629 -0.317770 0.611164 0.225423 0.526727 0.000767
14 -0.464793 0.093568 0.367317 0.780355 -0.203473 -0.958288 -0.500694 -0.231207 0.064743 -0.091506 0.419177 -0.138914 0.055652 0.808065
13 0.667601 -0.642442 -0.465725 -0.538647 0.116065 -0.453263 -0.366024 1.045722 0.595598 -0.368965 0.016565 -0.667657 1.149122 -0.087949
11 0.108182 -0.099268 -0.170858 0.303724 0.268669 -0.675859 0.127746 0.563574 -0.109022 -0.415386 0.761779 -0.356270 -0.087007 -0.220003
13 -0.718994 -0.154149 -0.224284 -0.389540 0.429838 -0.440100 -0.905012 0.535746 -0.212990 0.143468 0.502953 0.445530 1.449131 -0.461598
5 -0.868104 -0.181107 -0.242931 0.191841 1.929159 0.117695 0.397097 -0.209592 -0.539474 -0.634422 -0.262971 -0.571488 0.315430 0.558868
9 0.322768 -0.020076 -0.247227 -0.538012 0.698773 0.077278 0.068065 -0.308819 0.720135 -0.023193 -1.050456 0.382262 -0.388974 0.307474
8 -0.545417 -0.227319 0.224697 -0.513151 1.037157 -0.832621 -0.949898 1.919286 0.025546 0.008780 -0.435968 -0.048468 0.795522 -0.458147
14 -0.787039 0.337354 -0.928686 -0.376137 0.734263 -0.625048 -0.325652 -0.241339 0.224807 -0.138121 -0.213356 1.450537 -0.590984 1.479400
9 -0.495340 0.290136 0.237680 -0.102256 0.102871 -0.907465 -0.186842 -0.255550 0.786085 0.650118 -0.293192 0.024294 0.568151 -0.418690
4 -0.756211 -0.834400 0.272123 1.083058 -0.231016 -0.094986 0.221657 -0.081641 -0.659250 0.993255 0.008879 -0.431880 0.158529 0.351883
7 -0.241624 0.466424 0.012736 -0.178851 0.418654 -0.496815 1.033801 0.345024 -0.015545 0.075951 -0.455841 -0.347163 0.028299 -0.645050
8 0.297405 -0.518999 0.000000 0.297028 -0.188088 -0.084519 -0.271698 0.692970 -0.012555 -0.143346 -0.132880 -0.136812 0.059011 0.142483
7 -0.291153 -0.750096 -0.563291 -0.614282 -0.346703 -0.515662 1.933401 1.427076 0.202058 -0.143673 -0.226071 -0.636003 0.091495 0.432903
4 -0.369797 -0.519122 -0.435408 1.114590 -0.238393 0.351342 0.359366 -0.392318 -0.633261 -0.510787 -0.352269 0.668051 0.391629 0.566376
6 0.168482 0.719024 -0.503534 -0.031204 0.285030 2.291089 -0.866679 -0.249631 -0.497956 0.032148 0.746401 -0.371953 -0.667069 -1.054147
2 0.263426 1.735584 -0.257623 -0.258872 -0.049400 -1.069548 0.197058 -0.136791 -0.337952 0.529398 -0.361352 0.006770 -0.230311 -0.030388
8 -0.306815 0.106506 -0.458408 1.488910 0.012531 -0.101997 -0.922668 1.502454 -0.390951 -0.415389 -0.878666 -0.378366 0.478583 0.264278
9 0.215470 -1.330021 -0.242548 0.403379 0.112534 -0.929313 -0.356530 -0.276905 1.134489 -0.209916 0.775046 -0.257291 0.800504 0.161103
5 0.099605 -0.162978 -0.409249 -0.461737 0.751029 0.373589 -0.102010 -0.017246 -0.450703 -0.406316 -0.041557 0.385530 0.243172 0.198872
9 -0.083596 0.382355 -0.749872 -0.579263 -0.171923 -0.783684 0.019878 0.117519 1.355374 0.271553 -0.032293 -0.365719 0.531223 0.088447
13 0.107107 0.425496 0.466290 -0.627132 0.520148 -0.192000 -0.328740 -0.306216 0.163483 -0.513082 -0.344134 -0.004326 1.021709 -0.388603
1 0.856698 0.192837 -0.512981 -0.119842 -0.096867 -0.292960 0.176562 -0.663299 0.079697 0.693341 -0.222547 0.634279 0.081151 -0.806068
9 0.166268 -0.011120 0.387879 -0.246683 -0.126757 -0.135838 0.302223 -0.077582 0.687307 -0.013985 -0.333505 -0.152554 -0.298160 -0.147492
4 -0.030292 -0.347564 -0.229456 1.291464 -0.490728 -0.117923 0.719309 -0.181331 -0.076436 -0.369504 -0.122804 -0.297804 0.465097 -0.212029
14 -1.097136 -1.165149 0.286130 -0.193634 -0.538904 -0.443601 -1.124010 -0.622879 1.104935 -1.144486 -0.030990 -1.040901 -0.470887 6.481513
8 0.247538 0.292317 -0.318302 -0.375699 -1.199290 -0.358929 0.245781 1.519530 0.250741 -0.264213 -0.196981 -0.683214 0.509268 0.331452
8 -0.290419 -0.142211 -0.059052 0.109980 -0.290929 -0.345253 0.738438 0.882700 -0.281697 -0.109266 0.139849 -0.269183 0.139858 -0.222815
3 -0.147666 0.682908 1.179300 -0.246332 -0.371557 -0.124985 -0.681474 -0.195383 -0.069680 -0.437931 -0.277029 -0.002902 1.141129 -0.448398
11 -1.809054 -0.199714 -0.579469 0.530821 -0.829097 0.451291 0.254238 -0.336299 0.633271 -0.315673 2.076691 0.353519 -0.312015 0.081491
13 0.678335 -0.001994 -0.231592 0.384326 0.690263 -0.831226 -0.211089 -0.175432 -0.786878 -0.180488 0.106298 -0.060729 0.867607 -0.247400
7 -0.503596 -0.019080 0.066557 -0.224335 -0.547421 -0.305037 1.036594 -0.394096 0.266693 0.338604 -0.319103 0.234877 0.031419 0.337924
3 -0.538014 -0.468202 1.104434 -0.106249 0.589029 -0.195924 -0.511031 -0.123698 -0.129968 -0.102733 -0.077804 -0.291381 1.103104 -0.251564
11 -0.508231 -1.109925 -0.830140 0.768622 -0.005841 0.150423 0.010986 -0.492609 -0.083175 0.113525 1.349771 0.038338 -0.267812 0.866066
14 -0.178492 -0.232989 -0.378514 -0.207366 -0.246720 -0.815265 -0.026111 1.547533 -0.177751 -0.664952 -0.666894 0.277769 0.184894 1.584860
7 -0.380562 -0.375695 -0.033255 0.239606 0.121529 0.539644 2.226033 0.113606 -0.920682 -0.300182 -0.925924 -0.495916 0.559017 -0.367220
6 -0.101236 -0.836770 0.047547 0.114558 0.092862 3.074505 -0.858740 -0.548792 -0.865458 0.192897 0.267433 -0.157124 0.221807 -0.643488
11 -0.731581 0.086009 -0.156962 0.799041 0.090562 -0.459322 -0.635784 -0.104094 0.346157 -0.139767 0.925572 0.101048 0.209019 -0.329899
11 -0.673340 -1.064866 -1.099769 -0.966039 -0.457610 -1.374853 -2.160951 -1.158709 -1.124091 -0.740538 12.093296 -0.581994 0.059207 -0.749742
8 0.371457 -0.197733 -0.308258 -0.035294 -0.030719 -2.027229 0.139906 2.491583 0.677780 0.411499 -0.484861 -0.001654 -0.854026 -0.152451
1 1.078223 0.045704 0.043472 0.140251 0.390855 -0.765348 -0.021748 -0.079167 -0.347943 -0.288399 0.275714 -0.011661 0.422206 -0.882160
13 -0.902140 -0.003924 -0.500502 0.254136 -0.008764 -0.680983 -0.339936 0.356446 -0.608670 0.330514 -0.071015 -0.210791 2.480549 -0.094921
2 -0.621449 1.152009 -0.307778 0.022860 0.637693 -0.914507 -0.437267 -0.591127 0.909229 0.252095 -0.925169 0.714322 -0.318752 0.427843
2 -0.241953 1.754821 0.840901 -0.536363 0.560402 -0.592162 0.086851 -0.424573 -0.677636 -0.182047 -0.231668 -0.589305 0.137661 0.095072
6 -1.357684 -1.414330 -1.148946 -0.943553 -1.610799 15.516853 -1.354958 -0.863473 -1.218701 -1.131525 -1.283753 -1.369594 -0.111160 -1.708376
1 1.451527 1.341831 -0.081561 0.636897 -1.105791 -1.192363 -0.456212 -0.751169 0.461375 -0.178767 -0.821031 -0.379437 0.798118 0.276583
4 -0.202347 -1.711259 -1.019650 1.881207 0.346211 -0.210235 -0.451899 -0.646347 0.425816 0.526458 1.113766 -0.062640 -0.053300 0.064219
1 0.972216 0.803836 -0.050496 -0.274459 -0.162053 0.416205 -1.295632 -0.118735 0.005368 -0.462044 -0.561840 -0.167577 0.511449 0.383764
7 -0.057646 0.000000 -0.012153 0.000000 0.000000 0.000000 0.399521 -0.009868 -0.085621 -0.171108 -0.055122 -0.008003 0.000000 0.000000
7 0.512704 -0.582575 0.436136 -0.435945 0.100325 -0.023597 1.066636 0.640295 -0.275838 -0.289001 -0.019791 -0.302840 -0.571180 -0.255332
5 0.388870 -0.213266 -0.364192 -0.101327 2.051951 -0.784883 -0.905003 0.169788 0.605695 -0.386318 -0.417472 0.309940 -0.087333 -0.266451
5 0.738745 0.596593 -0.200295 0.479905 0.950644 -0.156461 -0.286951 -0.667020 -0.142209 -0.865871 -0.878639 0.532544 0.169623 -0.270607
3 -0.838891 0.192748 0.643594 0.184593 0.260198 0.125142 -0.266754 -0.401671 0.628197 0.225998 -0.334193 -0.366339 0.199362 -0.251983
6 -1.169680 0.022935 -0.328548 0.217877 -0.163254 5.000684 -0.439648 -0.464749 -0.445987 -0.408791 -0.842495 -0.486008 -0.206821 -0.285514
7 1.164685 0.130768 -0.629369 -0.246539 0.363778 -1.261791 1.575410 -0.310543 0.096309 -0.057752 -0.829246 0.097038 0.090608 -0.183355
1 0.399521 0.290136 -0.075548 -0.102256 0.368593 -0.404297 -0.149678 0.000000 -0.146790 -0.018233 -0.187877 0.341485 -0.103695 -0.211361
13 -0.610449 0.403045 -0.326381 0.331837 -0.301863 -0.197025 0.052119 -0.021934 -1.103391 0.548497 -0.695233 0.289137 0.950528 0.681114
12 0.333304 0.332049 -0.105885 0.127067 -0.134505 -0.480668 -0.868498 -0.788607 0.093620 -0.011888 0.185805 0.884213 0.321354 0.112640
5 0.694894 -0.782446 -0.456560 0.025562 0.815672 0.367903 0.613086 0.527443 0.543843 -0.232683 -0.747642 -0.871424 -0.488473 -0.009175
4 -0.307531 -1.829517 -0.995482 1.793132 0.314440 -0.254340 -0.415328 -0.152857 0.295684 0.099833 1.226420 0.336881 -0.111268 -0.000067
10 -0.580756 -0.421002 -0.222177 -0.180017 -0.449224 -0.180663 -0.699056 0.244750 0.117603 1.134877 0.288174 1.000226 -0.020198 -0.032536
12 -0.071994 0.186178 -0.877910 -0.630692 0.817181 -0.557578 -0.719958 0.556307 0.021057 0.761610 -0.104377 1.203922 0.057163 -0.640909
12 0.504281 0.155661 0.530587 0.417558 -0.274434 -0.163230 -0.894198 -0.025772 -0.130547 -0.254685 -0.021280 0.656638 -0.278558 -0.222021
14 -0.142056 -0.094476 -0.051214 0.142786 0.023393 -0.098208 -0.452667 0.185800 -0.092994 -0.090253 -0.112702 0.273454 -0.216653 0.725791
7 0.226143 0.004270 -0.304218 -0.235051 0.229986 -0.615279 1.686718 0.261662 -0.663441 0.083020 -0.263985 0.174993 -0.193763 -0.391055
13 0.485270 -1.073168 -0.378733 -0.246304 -0.230071 -0.594828 0.451804 -0.289403 0.357517 -0.263669 0.647386 0.422184 0.770637 -0.058622
14 -0.934504 1.292408 0.440752 -0.729909 0.832168 -1.104934 -0.205062 0.057937 0.195467 0.126862 -1.343459 0.477213 -0.531745 1.426808
5 -1.137769 -1.052956 -0.229659 -0.639469 3.611136 -0.560343 -1.366919 -0.219530 -0.829594 0.139572 0.194912 -0.031376 1.330034 0.791958
12 -0.572748 0.214727 -0.176162 0.788214 0.748301 -1.452021 -0.110743 -0.161780 -0.224109 0.106711 -0.702618 0.854080 0.096518 0.591630
1 0.824500 0.008263 0.172243 0.337793 0.323738 0.340272 0.448013 -0.675662 -0.616454 0.458452 -0.764087 -0.399696 -0.096189 -0.361186
6 -0.082725 -0.189863 0.417503 0.134948 0.028373 0.831599 0.587899 -0.427563 -0.279182 -0.361205 0.150180 0.013795 -0.006367 -0.817392
11 -0.874747 -0.507051 0.211069 -0.264127 0.593288 -0.367452 -0.515484 0.698803 0.502377 -0.359098 1.342706 -0.177152 0.412496 -0.695628
13 -0.505519 1.044587 -0.087085 -0.499094 0.190218 -0.008575 -0.273750 -0.387095 0.035331 -0.066436 -0.574753 0.398287 1.046248 -0.312363
4 0.038393 0.786260 -0.508540 0.982008 0.475936 -0.573783 0.423109 -0.259274 0.188583 -0.494551 -0.502936 -0.240755 0.079481 -0.393930
8 0.299630 -0.538288 0.163195 -0.646377 1.126342 -1.118690 -0.741016 2.564829 0.156969 0.203806 -1.067100 -0.011483 -0.230402 -0.161416
13 0.537591 -0.122893 -0.765415 -0.365854 0.590861 -1.264329 -0.824498 -0.649112 0.186030 -0.798935 0.166638 0.164309 2.618993 0.526615
10 0.545885 0.673997 -0.319344 -0.274006 0.045825 -0.568645 0.124101 -0.124097 -0.495021 0.733812 -0.086434 0.002680 0.077280 -0.336033
12 0.809109 0.048326 0.455214 -0.990032 0.237356 -0.365983 -0.657573 -0.264510 -0.221256 -0.110782 -0.117986 0.857187 0.547831 -0.226901
2 0.130440 0.943839 -0.222777 0.278463 0.867809 -0.978022 -0.502709 -0.158014 -0.165281 -0.031294 -0.095579 -0.227827 0.606964 -0.446012
14 -0.436496 -0.335081 -0.454723 -0.730277 0.626571 -0.740271 -0.415877 0.691416 0.658577 -0.358456 -0.318534 0.467629 -0.008218 1.353740
9 -0.336734 0.039333 -0.398847 0.121364 0.492353 -1.270827 -0.854564 -0.082575 1.176976 -0.375292 0.379785 0.981881 0.778468 -0.651321
6 0.248949 0.189809 -0.609535 -0.495973 0.152700 3.714304 -1.204402 -0.941204 -1.330483 -1.173442 1.783801 -0.559438 0.398159 -0.173246
13 0.379832 0.360988 -0.504062 -0.393644 0.695879 -0.686872 -0.932515 -0.125262 -0.004862 0.198033 -0.934880 0.389210 1.328427 0.229729
9 -0.061961 -0.358492 0.098907 0.040256 -0.031920 0.049755 -0.386024 0.246913 1.378295 -0.453935 0.013255 -0.100575 -0.059183 -0.375290
1 1.161059 -0.331886 0.042765 0.719815 -0.450293 -0.097728 1.068366 0.008194 0.408972 -0.310857 -0.896302 -0.701157 0.745074 -1.366021
5 -0.309491 0.133625 -0.457109 -0.562338 1.150042 0.003840 -0.444211 0.185334 -0.128631 -0.037361 0.753119 -0.432448 1.027841 -0.882212
2 -0.068875 0.879744 0.225199 -0.437170 0.521940 -0.068486 0.068080 -0.143888 -0.189748 -0.476410 0.325933 0.116561 0.065382 -0.818263
8 0.173182 -0.089194 -0.683920 -0.458221 0.664991 -0.397562 -1.085833 0.764183 0.496674 0.596912 -0.031979 -0.236889 0.303033 -0.015377
2 -1.195102 3.029970 -0.826310 0.691561 0.335751 -1.141402 -1.095831 -0.014831 -0.309782 -0.180490 -0.491632 -0.141746 0.332149 1.007694
9 0.056838 -0.081246 -0.141365 -0.097874 -0.138896 -0.205151 -0.227477 -0.067190 0.562573 0.331812 -0.065417 -0.136180 0.280027 -0.070453
13 -0.844448 0.128393 -0.215682 -0.142781 0.029232 -0.558353 -0.506560 -0.048849 -0.677182 0.904318 0.233750 -0.262830 1.417210 0.543782
10 0.475245 -0.225639 -0.765197 0.066498 -0.217611 -0.629289 -0.595078 0.083963 0.159507 0.924848 -0.888887 0.895567 0.551698 0.164375
6 -0.600278 0.280492 0.259593 -0.250913 0.321152 1.336916 -0.159108 -0.419919 0.054045 -0.636161 0.732586 -0.514139 -0.298614 -0.105651
9 -0.147656 0.322855 -0.155238 -0.018906 -0.634508 -0.714042 -0.444771 0.901179 1.325991 0.916528 -0.406773 -0.549480 -0.236508 -0.158671
2 0.795895 0.979270 -0.429171 -0.483849 0.183054 -0.202800 -1.040695 0.493626 -0.236240 0.854062 -0.426370 -0.091023 -0.304987 -0.090773
1 1.374649 0.463756 -0.117721 0.233684 0.097418 -0.757678 0.779448 0.280364 -0.062637 0.516580 -0.919557 -1.035124 -0.203528 -0.649653
11 0.852219 0.138082 -0.084494 -0.281749 0.326698 -0.481471 -0.277725 0.516161 -0.794911 -0.936292 1.180124 0.023764 0.039491 -0.219896
7 -0.192446 -0.417621 -0.056081 0.122869 -0.217279 -0.473528 1.085368 -0.223266 -0.012138 -0.180024 -0.269148 -0.080398 -0.126789 1.040481
5 -0.336876 1.118934 -0.250360 0.810260 1.384294 -0.527854 -0.309556 1.053562 -0.295375 -0.727684 0.244275 -0.604636 -0.378303 -1.180683
5 -0.769768 -0.114089 0.208138 -0.635736 1.020460 -0.768055 -0.249845 0.377933 0.519882 -0.131296 -0.221138 0.878421 -0.093330 -0.021577
13 0.909976 0.155790 0.412814 -0.146989 0.088217 -0.914933 -0.824647 -0.511691 -0.818709 0.341943 -0.278161 0.658029 1.410265 -0.481903
1 1.093063 0.200809 -0.163493 -0.182817 0.263732 -0.471885 -0.186842 -0.019952 -0.177193 -0.070049 -0.372277 0.240803 0.295826 -0.449725
7 0.709647 -0.237349 -0.111569 0.196942 -0.121878 -0.089891 1.703347 0.507577 -0.105400 0.113698 -0.640761 -0.593432 -0.480401 -0.850529
1 2.161495 0.058508 -0.868913 0.090861 0.437840 -0.200958 -0.831108 0.752453 -0.855508 -0.751922 -0.487411 -0.296878 0.636282 0.155261
2 -0.166049 0.621954 0.399521 -0.033437 -0.251580 -0.201118 -0.017297 0.333268 -0.007230 -0.360866 -0.158670 -0.007281 -0.003523 -0.147691
12 0.763163 0.319456 0.299754 -0.476708 0.693886 -1.046242 -0.130519 0.078986 -0.780652 -0.303659 -0.591519 1.345160 -0.027368 -0.143737
5 -0.294707 -0.675150 -0.850757 -0.327698 1.060956 -0.385157 0.143109 0.346248 0.298552 -0.052375 -0.881866 0.448928 0.481649 0.688270
4 -0.212255 0.001698 0.527916 0.644180 -0.223151 0.138715 -0.122223 -0.200350 -0.120918 -0.353600 -0.370431 0.032335 0.354961 -0.096877
2 -0.338172 1.799967 -0.427144 -0.257421 -0.457577 -0.026809 -1.054076 0.649445 0.297248 0.576455 -0.420754 -0.817227 0.256747 0.219318
6 -1.139888 0.214953 -0.085660 0.011384 0.712872 2.397628 -0.906564 -0.280208 -0.030404 -0.169599 0.638773 -0.715744 0.012165 -0.659709
12 0.377256 0.159252 -0.318771 -0.085044 0.226374 -0.601886 -0.309766 0.653073 -0.011786 -0.383149 -0.652592 0.722391 0.120500 0.104148
8 -0.449847 -0.045190 -0.360986 -0.165600 0.209687 -0.312690 -0.276839 1.382067 -0.412803 -0.436320 0.190991 0.797870 0.034166 -0.154506
3 -0.351650 0.009531 1.376308 -0.352749 -0.175460 -0.708340 0.064770 -0.583114 -0.002404 0.100388 1.337741 -0.316639 0.638235 -1.036617
14 -0.632501 -0.203663 -0.123396 -0.162880 -0.441936 0.161462 -0.302526 -0.251193 0.231159 0.343642 0.289179 -0.171705 0.090298 1.174059
3 -0.218092 0.121749 0.722387 -0.144362 -0.265236 0.150531 -0.225622 -0.069188 -0.030403 0.295853 -0.454748 -0.176478 0.483886 -0.190277
4 -0.565602 -0.261486 -1.251666 2.064832 -0.368354 -0.464197 -0.220281 0.639095 0.616955 -0.720290 0.738708 0.286150 -0.614615 0.120752
11 0.130450 -0.348220 -0.291212 -0.160781 0.242052 -0.248436 -0.218732 -0.262949 0.119199 -0.245525 1.397983 0.024196 0.139033 -0.277057
3 -0.061583 -0.574293 0.794303 -0.222103 -0.352050 -0.488227 -0.078787 0.744501 -0.465390 -0.097201 0.507252 -0.088881 0.326699 0.055760
13 0.477896 0.055495 0.027641 0.504230 0.272848 -0.549321 -0.538456 0.013028 0.063233 -0.557925 -0.317620 -0.158731 0.777941 -0.070259
12 0.080155 0.142895 -0.173276 0.362650 0.121661 -0.267027 -0.189583 -0.070982 -0.291000 -0.242364 -0.039050 0.664549 0.135387 -0.234014
2 0.674341 1.669006 -0.183716 0.358698 0.368804 0.601669 -0.605946 -0.230363 -0.859694 -0.345579 -0.667217 -0.260166 0.208903 -0.728739
7 -0.281443 -0.096573 -0.236851 -0.042753 0.195030 -0.551368 0.712951 -0.024208 -0.248213 0.319504 -0.602104 0.309792 0.296757 0.249480
4 -0.503828 -0.237850 -0.864922 0.698617 0.045481 0.076701 0.452194 -0.336311 -0.615522 0.490240 -0.099176 0.647745 0.248520 -0.001890
13 -0.127305 -0.319439 0.697728 -0.742003 0.780259 0.122853 0.809026 -0.297110 0.367696 -0.134126 -0.697373 -0.475819 0.815504 -0.799890
14 -0.039761 0.253532 -0.136701 -0.335316 -0.503817 0.167641 0.744184 -0.104865 0.207636 -0.476191 -0.181485 -0.834920 0.220479 1.019586
13 -0.345211 -0.245016 -0.325765 -0.260296 0.234312 -0.229061 -0.269595 -0.238674 -0.223877 0.209147 0.263453 0.123409 0.876345 0.430830
13 0.172470 -0.301396 -0.053139 0.214902 -0.463507 -0.202807 0.633959 0.225042 0.084024 -0.505660 -0.134303 -0.540069 0.692998 0.177488
14 -0.538428 0.382721 -0.178369 -0.161557 -0.467054 -0.612472 0.466920 0.345619 0.450509 -0.138139 0.000431 -0.523028 0.466084 0.506763
2 -0.739074 1.447771 -0.376089 0.325036 -0.083857 -0.421851 0.095461 -0.977334 -0.671872 0.215358 0.941239 -0.587279 0.764058 0.068435
11 -0.366227 0.239278 -0.642983 0.637950 0.373055 -0.091080 -0.462043 -0.858294 -0.059260 -0.122224 1.626936 0.271751 0.331662 -0.878522
4 -0.819997 -0.487114 -0.768922 0.896435 -0.022964 0.186725 -0.264676 0.683551 0.463565 -0.612193 0.872310 -1.019575 0.860754 0.032099
13 -1.588903 -0.574497 0.412413 -0.120853 0.032934 -0.268883 -0.618558 -0.047742 -0.103164 -0.210660 0.201907 -0.030361 1.690847 1.225521
8 -0.692332 0.658502 0.505121 1.038997 -0.262841 -0.572246 -0.488899 1.937710 -0.235784 -0.786737 0.146797 -0.703923 0.441346 -0.985710
5 -0.770630 -0.540435 -0.302972 -0.243226 0.849207 0.155211 0.444010 -0.274231 0.501811 0.482108 -0.881007 0.710983 0.266205 -0.397034
14 -0.875923 -0.329540 0.012081 -0.281481 0.542933 -0.061912 0.340212 -0.518749 0.101227 -0.167635 -0.365169 0.050971 0.727112 0.825874
5 0.529984 -0.181583 -0.644955 -0.441474 0.798152 -0.352691 0.441855 -0.474775 0.398011 -0.477895 -0.276234 -0.523101 0.667643 0.537062
6 -0.759537 0.056019 0.253662 -0.113983 0.892313 1.852879 -1.182321 0.267526 -0.356896 0.089558 -0.518485 0.207144 -0.206547 -0.481329
6 -0.312325 -1.126623 -0.285730 -0.100574 -0.654176 6.208649 -0.241010 -0.589409 0.103067 -0.854860 -1.145973 -0.966045 0.325511 -0.360502
14 -0.049265 -0.298341 -0.128280 -0.330363 0.109515 -0.087574 -0.050402 0.369639 -0.081278 -0.086670 0.232124 -0.239645 0.241019 0.399521
14 -0.896318 -1.017064 -0.819575 -0.030049 0.225761 -0.844486 -0.832286 -0.324814 -0.168427 -0.595463 0.407549 -1.169844 -0.312623 6.377639
5 -0.231901 -0.165281 -0.139613 0.377131 0.748046 -0.741920 0.639008 -0.291699 -0.123848 0.305365 -0.087683 -0.357556 0.327261 -0.257312
12 1.118566 -0.424625 -0.726403 -0.115129 0.008369 -0.880315 0.185683 -0.502045 -0.237137 -0.523426 0.296984 1.859739 0.243568 -0.303830
7 0.692377 -1.446096 0.581888 0.295010 -0.579807 -0.474996 3.025389 0.469773 -0.220091 -0.464314 -1.275877 -0.110250 0.278634 -0.771640
8 0.817647 1.277288 0.180215 -0.800693 -0.392520 -0.199272 0.085190 1.874925 -0.012165 0.231473 -0.763279 -1.149992 -0.195289 -0.953526
10 0.087609 -0.088998 -0.585823 -0.040136 0.213839 0.263379 0.018865 -0.281866 0.095147 0.631877 -0.254259 -0.275415 -0.022088 0.237868
2 -0.784359 1.164041 0.076479 -0.507391 -0.441406 0.878521 0.054967 -0.495512 -0.812407 -0.393361 0.536821 0.171859 -0.151693 0.703442
4 -1.104425 -0.403960 -0.035894 1.064022 -0.322122 -0.089638 0.545115 0.235746 0.110052 -0.813837 0.952364 -0.470959 -0.196029 0.529565
13 0.170804 -0.048146 -0.433067 0.000000 0.300625 -0.111846 0.332158 -0.077764 -0.113339 -0.037412 -0.439320 0.230582 0.355071 -0.128345
9 0.371108 0.261834 -0.504532 -0.193067 0.142488 -0.407123 0.255006 -0.190996 0.629261 0.083650 -0.072614 -0.327027 0.376878 -0.424865
10 0.694582 -0.033781 0.329773 0.685374 -0.171257 -0.446555 -1.024742 0.066476 0.338434 0.846291 -0.302306 -0.237437 -0.384648 -0.360206
13 0.285963 0.086219 -0.231851 -0.089566 -0.370392 0.148076 0.354621 0.838174 -0.676737 -0.265387 -0.069753 -0.700326 1.152507 -0.461549
6 0.466170 -0.616296 -0.453590 -0.323371 0.414789 0.819330 -0.882425 -0.278433 0.329177 0.113040 0.374102 -0.602297 0.328510 0.311294
7 1.371922 0.211833 -0.628847 -1.022643 1.597779 -1.300995 3.475052 -0.278605 -0.667190 -0.777539 -0.923657 -0.920569 -0.018497 -0.118044
12 0.185255 -0.319871 -0.244183 -0.361716 0.041617 -0.336606 -0.221761 0.317107 0.064103 0.182645 -0.104949 0.923712 0.299198 -0.424550
9 -0.081750 -0.255696 -0.694439 -0.471665 0.504765 -0.747209 0.738854 -0.742236 1.440974 0.976520 -0.178688 -0.528297 0.590997 -0.552129
13 -1.008585 -0.145787 -0.245275 -0.561966 -0.136509 0.064218 -0.134261 0.286943 0.565998 0.720041 -0.180201 -0.243768 1.204841 -0.185690
10 0.086251 0.543147 -0.481462 0.121642 0.837534 -0.965777 -0.117997 -0.782594 -0.183776 1.715988 0.164443 -0.162823 -0.018030 -0.756546
13 0.093009 0.658256 -0.627497 -0.331315 0.340233 0.031138 0.665432 0.262144 -1.285081 -0.258967 0.153568 -0.405396 1.018539 -0.314063
14 0.073633 0.182119 0.228113 -0.213118 0.549800 -0.071505 -1.115160 -0.250731 -0.430533 -0.119548 -0.342876 -0.329800 0.591859 1.247747
1 1.544353 -0.513102 -0.133708 -0.118653 -0.530256 -0.443850 -0.919955 0.876780 1.183939 -0.709738 -0.310674 -0.313819 0.109302 0.279382
11 -0.651822 -0.644088 -0.667866 -0.111354 -0.594577 1.795501 -3.127110 -1.759560 -1.377596 -1.055803 7.444017 0.258291 1.098508 -0.606543
12 0.569718 -0.267732 -0.349325 -0.389800 0.130900 -0.382064 0.573362 -0.373361 0.436676 -0.329785 0.173600 0.806997 -0.065619 -0.533565
7 -0.137462 0.296746 -0.872947 0.156517 -0.732784 0.673234 1.386631 -0.710379 -0.673958 0.077428 0.337644 0.420505 0.740330 -0.961505
10 0.313113 0.248879 -0.386596 0.520895 0.900733 -1.064471 0.323225 -0.738073 -0.426144 1.758696 -0.397967 0.020375 0.088472 -1.161136
10 -0.280508 -0.229859 0.030516 0.252863 -0.157413 -0.293639 -0.382815 0.231952 -0.121874 0.951402 -0.194907 0.381131 0.264346 -0.451194
2 -0.457657 1.460940 -0.346927 0.232264 -0.311017 -1.122609 0.476585 1.020044 0.122872 -0.409353 -0.130047 -0.145070 0.384330 -0.774354
9 0.399180 -0.002098 -0.313378 0.260775 -0.002463 -0.479425 -0.504318 0.564722 0.723353 -0.105138 -0.326688 -0.436180 -0.030464 0.252122
5 -0.105499 -0.074984 -0.044646 0.000000 0.360885 -0.033951 -0.037164 0.000000 -0.030403 -0.106119 -0.056664 -0.137304 0.265848 0.000000
13 -0.110228 -0.098342 -0.175051 -0.462529 0.071693 -0.196530 0.234697 0.320844 -0.162270 -0.084932 -0.084624 -0.437552 1.198562 -0.013738
13 0.060200 0.505309 -0.784895 0.084498 -0.443670 -1.565816 0.469768 0.158614 -0.456313 -0.158401 0.111726 0.529821 1.108757 0.380402
9 0.809404 -0.032738 0.069408 -0.338381 0.316875 -0.219955 -0.840706 0.502071 1.049465 0.012874 -0.415438 -0.120684 -0.459278 -0.332918
9 0.732057 -0.350290 -1.213584 1.230212 0.433051 -0.505437 -0.539246 -0.323066 1.318858 -0.517186 0.725806 0.097088 -1.322739 0.234478
5 -0.105499 -0.079834 -0.103669 0.278750 0.760406 -0.103241 -0.411602 -0.119093 -0.091487 -0.019759 0.000000 -0.089464 0.317112 -0.232620
9 -0.471486 0.182469 -0.297309 0.152531 0.193098 0.164721 -1.227942 0.898622 1.005516 -0.081532 0.057344 0.041779 -0.256402 -0.361408
8 -0.116583 0.275194 0.331735 0.249041 -0.502843 -0.673984 0.175745 0.916187 -0.052008 0.033041 -0.192408 -0.121823 0.048277 -0.369571
8 0.562542 -0.652622 -0.096959 -0.011365 0.476120 -0.560310 0.568733 0.579767 0.411101 0.064491 0.440032 -0.477195 -0.051728 -1.252608
6 0.246428 0.908384 -0.166850 -0.178659 1.113448 1.145541 -0.960367 -0.176845 -0.516567 0.335261 -0.421859 -0.929012 -0.003946 -0.394958
1 0.888605 -0.447036 0.098960 0.754446 0.075319 -0.618581 0.492455 -0.278933 0.331287 -0.165338 -0.968106 -0.831464 -0.210012 0.878398
13 -0.183429 -0.446369 -0.095988 -0.251194 0.454709 -0.243737 0.280366 0.352981 0.135594 -0.304354 -0.057355 -0.185691 0.852087 -0.307621
5 0.652528 0.404186 -0.120194 0.269736 0.846731 -0.369836 -0.926921 -0.116061 -0.051201 -0.040620 0.194113 -0.170870 -0.360230 -0.211361
2 -0.078530 0.947798 -0.182125 0.099300 0.204894 -0.892549 -0.093844 0.757420 -0.248640 -0.214184 -0.204130 0.572851 -0.201454 -0.466806
13 0.040663 0.024844 -0.251134 -0.389684 0.054875 0.028874 0.381963 -0.341825 0.177891 -0.130148 0.158769 -0.376455 0.685056 -0.063688
13 0.454718 -0.977131 -0.257599 -0.105682 0.814957 -0.311525 -0.463707 -0.010614 0.443491 -0.461194 -0.182194 -0.255577 0.953829 0.358228
4 0.638125 -0.505448 -0.280963 1.471653 -0.716071 -0.201082 0.347648 -0.004244 1.140431 -0.325118 -0.724244 -0.854103 -0.077000 0.090414
11 -0.005135 -0.357935 -0.579971 -0.952221 -0.697440 -1.518783 -0.500317 0.161208 -0.006240 -0.909305 8.397910 -1.268535 -0.110959 -1.652276
3 0.229711 0.103973 0.583425 -0.364477 -0.039352 0.300784 0.500526 -0.251839 -0.458738 -0.496716 0.338548 0.006788 -0.072156 -0.380476
11 -0.168043 0.158853 -0.358502 -0.420890 0.204369 -0.694186 -0.363965 0.316530 -0.122000 -0.139835 1.753667 -0.337966 0.170131 0.001836
14 0.577087 0.701271 -0.543321 -0.180043 -0.646916 0.871621 -0.818836 -1.622772 0.189800 -0.353435 -0.248106 -0.442372 1.068658 1.447363
3 0.122856 -0.024840 1.904654 -0.250639 0.450589 -0.715240 -0.777387 -0.376984 -0.234336 -0.408293 -0.620200 0.406116 0.482347 0.041357
13 0.191906 -0.173536 0.190077 0.155760 0.134558 -0.756147 -0.363386 -0.140228 0.214220 -0.139543 0.115444 0.166002 0.685848 -0.280975
13 -0.249728 -0.131398 -0.106271 -0.293615 -0.336166 -0.241608 0.706049 -0.186398 -0.290402 0.178166 0.271626 -0.493725 1.334856 -0.161386
13 -0.120706 0.083603 -0.431707 0.706390 0.529222 -0.474734 -0.575863 0.308948 -0.113416 0.374429 -0.408479 -0.255846 0.763040 -0.384880
9 -0.390650 0.343509 0.306349 -0.030105 -0.328542 -0.199073 -0.428067 0.191012 0.344065 -0.171871 0.324444 0.066373 0.060656 -0.088102
7 -0.749211 0.519698 -0.433894 -0.561109 -0.676864 -0.704847 1.397648 0.236936 0.153047 -0.191631 -0.454103 -0.133395 1.347257 0.250467
3 0.477459 -0.135340 1.894757 -0.147955 -0.841860 -0.838746 0.601018 -0.000599 -0.556439 0.253058 -0.323720 -0.753726 1.028078 -0.655986
7 -0.266312 0.325773 -0.049564 -0.056467 -0.582419 -0.064320 0.612757 -0.059639 -0.388750 0.331828 -0.029393 -0.058540 0.553692 -0.268646
13 0.114842 -0.202293 -0.113376 0.264558 -0.687354 0.233562 -0.433644 0.609229 0.230328 0.143382 -0.325545 -0.017520 0.677256 -0.493424
4 -0.142683 -0.116509 0.070262 1.388211 -0.340430 -0.157080 0.721578 -0.618179 -0.631738 -0.546854 0.098705 0.281992 -0.010041 0.002765
13 0.084428 -0.141016 -0.478331 -0.103381 0.036574 0.225105 -0.240881 0.184460 -0.288397 -0.151178 -0.215358 0.446418 1.111037 -0.469479
3 0.961391 -0.766727 3.452766 -0.055228 -0.356482 -0.924235 -0.202580 0.168870 -0.933928 0.006566 -0.591517 -0.261806 -0.076635 -0.420454
13 -0.018059 0.218347 -0.267752 -0.183698 0.040891 -0.446530 -0.525325 -0.210101 -0.342919 0.262046 -0.385115 0.890365 1.030366 -0.062516
13 0.191074 0.463141 -0.399133 -0.269027 0.192132 -0.163431 -0.561195 -0.018159 0.379063 -0.321671 -0.389245 0.668379 0.802506 -0.574433
4 -0.105499 0.000000 -0.101831 0.399521 -0.038635 -0.033951 -0.344901 0.000000 -0.030403 -0.019759 0.000000 -0.124061 0.399521 0.000000
5 -0.906082 -0.290151 -0.294659 0.143129 1.078852 -0.581362 0.489339 -0.393511 1.044518 0.346734 -0.660976 0.224495 -0.742286 0.541959
1 0.760314 -0.183982 0.084368 0.505117 -0.522620 -0.271225 -0.446939 -0.373573 0.338061 0.301189 -0.357518 -0.041729 0.248904 -0.040366
8 -0.209155 -0.045942 0.236139 -0.035749 -0.090629 -0.047976 -0.187432 0.353669 -0.061944 -0.246535 -0.233090 0.285492 0.347034 -0.063880
13 -0.409106 -0.063640 -0.104463 -0.066898 0.360885 -0.144962 -0.065003 -0.084427 -0.471239 -0.237252 -0.106816 0.282242 0.721930 0.388750
3 1.693117 0.136496 1.866240 -0.817990 0.124711 -0.929462 -0.193053 -0.173365 -0.554264 -0.194442 -0.657948 -0.354930 0.321405 -0.266514
9 -0.195335 0.234224 0.195881 -0.181678 -0.345812 -0.230593 -0.934292 -0.217851 0.925963 0.714414 -0.377957 0.046407 0.426748 -0.060119
3 0.083971 0.240320 1.158800 -0.635819 0.265705 -0.680342 1.135306 0.402887 -0.165346 -0.283267 -0.204217 -0.898522 -0.214504 -0.204971
2 -0.966411 1.753124 0.023022 -0.145079 -0.285505 -0.992398 0.074061 0.753108 -0.088849 0.112282 0.139758 -0.258125 -0.493352 0.374365
7 -0.688327 -0.454583 0.033989 -0.429698 -0.217344 -0.618849 0.967586 -0.336621 -0.501046 0.782433 0.116711 -0.067868 0.896417 0.517201
4 -0.303243 -0.577648 -0.091309 0.916884 0.069498 0.022585 -0.136641 0.169216 0.053825 -0.504123 -0.464858 0.434317 0.608265 -0.196768
7 -0.380947 0.042495 -0.295264 -0.112571 -0.184000 -0.497305 1.161398 -0.334465 -0.119221 -0.184489 0.566283 0.264026 0.129485 -0.055425
4 -0.125435 -0.056544 0.297689 0.799041 -0.223788 -0.033951 -0.491827 -0.110133 -0.419153 -0.150705 0.000000 -0.146204 0.744086 -0.083078
11 -0.042189 0.056164 -0.404483 0.083797 0.478318 -0.662088 -0.577379 0.074650 0.061235 -0.701087 0.851478 0.488993 0.547061 -0.254469
1 0.806771 -0.103423 -0.342000 -0.036392 -0.137979 0.600458 -0.461219 -0.501866 0.469240 -0.472696 0.536627 -0.491371 0.474726 -0.340877
4 -0.273446 -0.125774 -0.018388 1.410376 -0.570383 -0.083075 -0.209100 -0.794392 -0.138228 -0.504885 0.683390 0.171306 -0.383753 0.836352
12 -0.583374 0.035924 -0.489588 0.208054 -0.478155 0.243727 -0.530432 0.262144 -0.330656 -0.421697 -0.376318 1.300786 0.779980 0.379605
10 -0.785903 0.063092 0.076598 0.218501 -0.001411 -0.317876 -0.232105 0.096494 -0.326493 0.962187 -0.248063 -0.254374 -0.062691 0.812045
1 0.823992 -0.176186 -0.239143 -0.546641 0.234182 -0.209487 -0.069471 -0.130373 0.540162 -0.432331 0.531232 -0.518743 0.508070 -0.315263
7 0.229471 0.280598 0.097009 0.458059 -0.202541 -0.420715 0.481128 0.291725 -0.258128 -0.125430 -0.111849 -0.409066 0.247326 -0.557587
14 -0.481528 0.583502 -0.346700 -0.079824 -0.313582 -0.478390 -0.035529 -0.345963 0.512411 0.513814 -0.784341 0.293264 0.361688 0.601178
3 -0.247687 -0.349433 0.678531 -0.082506 0.311229 -0.102095 -0.059068 -0.044268 0.162283 0.370530 -0.159376 -0.125561 -0.014087 -0.338491
1 1.467432 0.330771 -0.666003 -0.298774 -0.410318 -0.168276 0.403210 -0.177373 -0.077994 0.912172 -0.633334 0.119392 -0.523316 -0.277588
4 -0.793660 -0.299051 0.095319 2.281155 0.061128 -0.258301 -0.327789 -0.364771 -0.146183 -0.520856 -0.514895 -0.501780 0.316157 0.973529
5 0.671912 0.580353 0.361987 0.705218 1.436647 -0.639728 -0.683523 -0.484700 -0.364672 0.099921 -0.430103 -0.568896 0.236075 -0.920493
14 -0.407086 -0.011120 -0.044646 -0.009604 -0.070402 -0.276423 -0.131465 -0.074479 0.120529 -0.085394 0.264362 0.154023 0.172185 0.399521
13 -0.792618 -0.126158 -0.094445 -0.268521 0.317555 -0.282858 0.054053 0.589784 -0.124440 -0.025431 -0.024936 0.205960 0.703816 -0.131762
5 -0.666024 -0.207920 0.335574 -0.146475 0.741562 -1.173001 -0.623588 -0.296296 -0.485213 0.293641 0.715390 0.602357 0.685008 0.224984
12 0.724381 -0.656203 -0.270493 -0.732800 -0.278354 -0.773717 0.743393 0.451386 0.927741 -0.301013 0.132191 1.213064 -0.698269 -0.481307
8 0.049368 0.364153 -0.669790 -0.352676 0.318338 -0.012654 -1.124670 1.198002 -0.416585 0.059189 -0.201913 -0.239064 0.580635 0.447668
2 0.703721 0.835971 -0.200846 0.306378 -0.427123 -0.971132 -0.717202 -0.101760 0.195332 0.679662 0.111206 -0.036163 -0.168897 -0.209147
1 1.342616 -0.234055 -0.222642 -0.303245 -0.683378 -0.453893 0.149877 0.576047 -0.936408 -0.226669 0.282381 0.518893 0.768483 -0.578008
7 0.111899 0.352361 -0.281905 -0.195413 -0.311305 0.339332 1.425487 -0.467061 -0.342323 -0.370768 -0.558976 0.296017 0.530555 -0.527900
12 0.247391 -0.248473 -0.047591 0.470974 -0.978626 -0.424480 0.677116 0.311884 0.195494 -0.109377 -0.076213 0.736981 -0.383769 -0.371310
4 -0.619015 0.289749 -0.071910 0.646111 -0.182374 0.392828 -0.028227 0.011673 0.642639 0.378177 -0.379690 0.056685 -0.905319 -0.231325
4 -0.043921 -0.281911 -0.775138 1.768875 0.418525 -0.654747 -0.557598 -0.093889 -0.402495 -0.247830 0.570602 0.428281 -0.690294 0.561540
13 0.221420 -0.306205 -0.868039 1.101991 -0.145055 -0.464410 -0.097929 -0.629003 -0.703912 -0.366120 1.136609 -0.133963 1.165219 0.089396
4 0.381095 0.197626 -0.464115 1.536204 0.051154 0.202742 -0.126500 1.112073 -0.394967 -0.298402 -0.240995 -0.414377 -0.837760 -0.703778
5 0.573636 -1.297018 -0.217522 -0.942829 1.972440 -0.360884 -0.403170 0.924647 -0.091005 -0.343877 -0.390209 -0.148462 0.835431 -0.111178
11 -0.279618 -0.159987 -0.158809 -0.340697 -0.150776 -0.213276 0.568535 0.366998 -0.076552 -0.201042 0.590864 -0.398449 0.244977 0.207833
6 0.462485 1.163371 0.503856 -0.574263 -1.967523 1.388922 -0.277071 -0.294576 -0.410350 -0.433106 -0.272442 -0.243663 0.767679 0.186681
2 0.123442 0.995399 0.347844 0.575846 -0.379305 -0.459508 -0.187374 -0.748495 -0.685389 0.224429 -0.275865 -0.308521 0.036253 0.741244
12 0.000000 -0.034553 -0.002673 -0.026978 -0.060497 -0.171411 -0.182288 0.000000 -0.081022 0.000000 -0.013596 0.399521 0.190821 -0.017323
9 0.045601 -0.415573 -0.207051 -0.061210 -0.291454 -0.248673 0.027312 0.875841 1.219622 -0.189540 -0.363835 -0.077788 -0.060987 -0.252265
13 -0.351025 -0.773558 -0.134851 -0.100396 -0.234993 0.161718 -0.360873 0.473531 -0.180219 0.210853 -0.320081 -0.252709 1.989448 -0.126846
7 0.820412 0.035181 0.407474 -0.292372 -0.214321 -0.833358 1.080995 -0.352748 -0.597483 0.282311 -0.671888 0.885108 -0.042317 -0.506996
5 -0.349272 -0.588581 -0.230792 -0.738248 2.264100 0.163859 -0.180614 -0.408667 1.138777 0.005806 -0.349069 -0.546931 -0.132816 -0.047551
7 0.258148 -0.260393 -0.402399 0.324565 -0.168571 1.205413 1.233387 -0.210616 -0.748725 -0.302301 -0.110488 -0.436291 0.235544 -0.617274
11 -0.287424 0.000000 -0.056379 0.399521 -0.331292 -0.075832 0.250833 -0.087637 -0.095972 -0.019759 0.399521 -0.110201 0.107451 -0.092828
4 0.538595 -0.530993 -0.810414 1.209330 -0.014252 -0.283621 -0.252503 -0.550866 0.196660 0.489086 0.761144 -0.045250 -0.947010 0.240094
10 -0.248288 -0.161781 -0.093406 -0.247159 1.357284 -0.529376 -0.579164 0.323990 -0.483298 1.536913 -0.645858 0.348623 -0.438632 -0.139848
9 0.588175 0.503435 -0.349001 -0.284470 0.357035 -0.902672 -0.274517 -0.206108 1.115071 0.343440 -0.024197 -0.734274 0.667174 -0.799091
12 -0.452576 0.707243 -0.648569 0.161271 0.172448 -0.923146 -0.363779 -0.193322 -0.435906 -0.567290 -1.291547 3.378789 0.881572 -0.425188
13 0.102110 0.256047 -0.292431 -0.216201 -0.476241 -0.020094 -0.569812 -0.487291 0.186942 -0.241438 0.602660 -0.452599 1.799735 -0.191385
13 0.371985 0.052739 -0.143219 0.399418 -0.512661 -0.728012 -0.056850 -0.199092 -0.833430 -0.183154 0.186797 -0.158607 1.563649 0.240437
7 -0.420622 0.740373 0.019228 0.331995 -0.383866 -0.450572 0.935914 0.080908 0.595883 -0.654755 -0.176588 -0.454594 0.315241 -0.478546
6 -0.989663 -0.321291 -0.469679 -0.392797 -0.133393 5.958858 -0.861470 -0.483371 -0.593515 -0.114197 -0.140192 -0.538732 -0.315367 -0.605190
8 -0.788978 -0.239774 -0.765146 0.063709 0.017844 -0.141191 0.335644 1.109987 -0.345525 -0.502874 0.737022 0.142184 0.525647 -0.148550
14 -0.250639 0.694541 1.026323 -0.010422 0.066003 -0.778289 -1.344628 0.008653 -0.430298 -0.125163 -0.067463 -0.155905 -0.078897 1.446183
10 0.241920 0.230697 -0.140573 0.482030 -0.288746 -0.339742 0.048679 -0.445440 0.285057 0.589068 -0.292165 -0.253413 0.264359 -0.381731
8 -0.187231 0.403172 -0.267793 0.988063 0.008593 -0.433915 -0.360627 1.397559 -0.685146 0.178457 -0.977122 0.142711 0.208467 -0.415187
13 0.515236 -0.258206 -0.667651 -0.330673 -0.297859 -0.377260 0.257056 -0.230175 0.395019 0.142541 -0.118848 -0.053261 0.522930 0.501153
9 -0.478206 -0.919920 0.686186 0.451755 -0.405413 -0.827286 0.302849 0.703970 0.830117 -0.124842 0.575825 0.037965 -0.218252 -0.614746
13 0.646112 -0.479381 -0.377086 -0.389121 0.446012 0.327156 -0.326972 0.389795 -0.576794 0.310011 -0.866255 -0.072557 1.407052 -0.437971
5 0.634941 -1.083895 -0.492260 0.390476 0.810451 -0.131381 -0.788715 0.579016 -0.439729 0.306155 -0.467855 0.299173 0.187440 0.196185
2 -0.129794 0.784109 -0.190294 -0.310058 0.360885 -0.218210 -0.037164 -0.150443 -0.098853 -0.169977 -0.533004 -0.127599 0.556390 0.264011
13 0.515236 -0.258206 -0.667651 -0.330673 -0.297859 -0.377260 0.257056 -0.230175 0.395019 0.142541 -0.118848 -0.053261 0.522930 0.501153
14 -1.027580 0.064980 -0.271188 0.062271 0.029343 0.190601 0.258238 0.602919 0.301293 -0.494001 0.005802 -0.756471 0.414830 0.618963
13 -0.105507 0.636632 -0.644185 -0.453957 0.315459 -0.598283 -0.551451 -0.368222 -0.450014 0.352806 -0.516860 0.403950 1.416536 0.563097
6 0.504785 0.014307 -0.136909 0.463096 0.193123 1.273039 -0.121119 -0.160232 -0.096062 -0.315314 -0.007089 -0.759077 -0.081046 -0.771502
3 -0.355707 -0.457384 1.325251 -0.341307 -0.544610 0.474461 0.313481 -0.379819 0.051159 -0.701477 -0.364723 -0.715070 1.187014 0.508731
5 0.189761 0.838143 0.622555 0.137201 0.864796 -0.537071 0.391513 -0.056951 0.771170 -0.848111 -0.918759 -0.727577 0.164593 -0.891264
5 0.091590 -0.227053 0.185447 0.664782 0.922944 -0.505753 -0.487492 0.289723 0.135121 -0.385214 -0.109784 0.073852 -0.068754 -0.579409
8 -0.404835 -0.349902 -0.509078 -0.228353 0.102081 0.348241 -0.047763 0.725191 0.683020 -0.122883 -0.029706 -0.084954 -0.004725 -0.076335
5 -0.382861 -0.401723 -0.021135 -0.335116 2.035214 -0.213236 -0.137720 -0.089795 0.369118 -0.093978 0.280105 -0.315759 -0.264152 -0.428961
7 -0.034989 -0.008875 -1.129631 -0.166104 -0.549306 -1.007848 2.788162 -0.502386 -0.265881 -0.058057 -1.099158 0.388018 0.255764 1.390291
13 0.515236 -0.258206 -0.667651 -0.330673 -0.297859 -0.377260 0.257056 -0.230175 0.395019 0.142541 -0.118848 -0.053261 0.522930 0.501153
7 -0.076454 -0.259140 0.229120 0.207814 -0.134413 -0.338700 0.681485 0.071542 0.012257 -0.226622 -0.149715 0.008432 0.133095 -0.158701
5 -0.159137 1.085823 -0.450034 -0.012883 1.623011 -1.067026 -0.538501 0.002270 0.679692 0.965840 -0.081674 -0.392405 -0.741102 -0.913873
13 0.515236 -0.258206 -0.667651 -0.330673 -0.297859 -0.377260 0.257056 -0.230175 0.395019 0.142541 -0.118848 -0.053261 0.522930 0.501153
13 -0.265151 -0.143820 -0.432106 -0.535960 0.475693 -0.346551 -0.351221 -0.184623 0.328018 -0.459535 0.829238 0.398767 1.199400 -0.512148
6 0.169112 -0.918523 -0.263848 -0.151429 -0.292114 1.319109 -0.161009 -0.011731 -0.151141 0.319080 0.146707 -0.200332 0.289062 -0.092943
13 0.190951 0.141127 -0.400339 0.059599 0.319009 0.038837 -0.520655 0.036702 -0.237770 -0.169583 -0.575797 0.165346 0.727928 0.224645
1 1.433725 0.275730 0.025219 -0.183651 -0.444962 0.090645 -0.010015 0.250289 -0.347880 -0.364698 -0.450627 0.182494 0.449549 -0.905818
9 -0.316913 -0.001863 0.212317 -0.139941 -0.176552 0.321496 0.197374 -0.063974 0.540319 -0.286261 -0.239677 0.028420 0.238794 -0.313540
1 1.317739 0.058065 -0.123508 0.731249 0.600989 -0.712665 -1.191548 -0.323298 1.164151 -0.633680 -0.935653 -0.645951 0.184872 0.509237
9 -0.230577 -0.212496 0.399521 -0.048387 -0.016054 0.208004 -0.228224 -0.073484 0.632760 -0.054971 -0.304499 0.281733 -0.169036 -0.184289
3 -0.511882 -0.506272 1.326238 -0.215047 -0.382518 -0.175871 -0.426114 0.176412 0.022010 -0.255117 0.079746 0.049727 0.727756 0.090934
5 0.251329 0.499197 -0.631535 -0.468812 1.171685 -0.038360 -0.333772 -0.251274 0.221283 0.307799 -0.766858 -0.543507 0.654509 -0.071682
6 -1.461967 0.391156 -0.646061 0.106322 -1.018026 4.442536 -0.960329 -0.365158 -0.149890 0.685889 -0.807105 0.459801 -0.395743 -0.281425
4 -1.093968 -0.328195 -0.364078 1.153568 -0.284951 0.401090 -0.645722 -0.555739 0.419363 -0.157288 0.158622 0.510548 0.763716 0.023034
5 -0.302605 -0.470463 -0.529480 -0.065783 0.645151 -0.264952 -0.274740 -0.094461 -0.129267 -0.040725 0.316764 0.604875 0.298924 0.306761
1 1.743180 0.288340 -0.239925 -0.335748 0.401040 -0.644168 -0.508386 -0.331769 -0.081946 -0.429955 -0.520680 0.683732 0.561439 -0.585153
13 -0.400021 -0.934487 1.005789 -0.093998 -0.248755 -0.057089 -0.983745 -0.375976 -0.070566 -0.464864 0.601266 0.431549 1.166817 0.424079
3 0.461252 -0.598102 2.843179 -0.523675 0.032036 -0.624268 -0.511238 -0.521507 0.026820 0.188148 -0.879770 -0.176232 1.000685 -0.717326
2 -0.314819 0.721403 -0.551910 -0.323298 0.307366 0.003462 0.611160 0.084179 -0.520724 0.397963 -0.496421 0.628984 0.145720 -0.693065
9 0.136222 -0.228612 0.410631 0.238229 -0.205410 -0.189937 0.727229 0.306982 0.882306 -0.462474 -0.245425 -0.599886 0.100992 -0.870848
14 -0.537408 0.631565 -0.350697 0.292016 0.162606 -0.141943 -0.699667 -0.000908 -0.064433 -0.075958 -0.026461 -0.319865 0.321627 0.809525
8 -0.026643 0.191039 -0.030936 -0.131871 0.172753 -0.111509 -0.184575 0.773538 -0.139986 -0.223994 -0.127086 0.253714 0.325337 -0.739780
14 -0.504323 -0.963465 -1.122518 0.202685 -0.483603 0.638505 -0.886012 -1.239683 -0.095243 -0.929789 -0.560092 -0.576055 -0.062569 6.582161
8 0.290072 0.104296 0.285636 -0.230581 0.802029 -0.950326 0.110740 1.698398 -0.481968 -0.041711 -0.320007 -0.264983 -0.135233 -0.866361
6 -0.025353 0.161886 0.132991 -0.000000 0.162709 0.506210 -0.111119 -0.566771 0.181266 -0.293057 -0.330275 0.401603 0.085475 -0.305564
8 0.217600 -0.490511 -0.039699 -0.066356 -0.075584 -0.209209 -0.459957 0.799041 0.315755 -0.040652 0.394154 -0.274264 -0.000000 -0.070319
13 -0.492892 0.125850 -0.123640 -0.004454 -0.138767 0.251154 0.177772 -0.297216 0.287103 -0.493629 0.089423 -0.607889 1.510247 -0.283062
5 -0.154621 -0.049505 -0.147556 -0.125963 0.610428 -0.074637 0.252052 -0.211647 -0.361155 0.369024 -0.035168 -0.228242 0.188269 -0.031279
13 -0.321316 -0.178257 0.046448 -0.136744 0.293140 -0.078565 -0.574230 -0.401000 -0.407955 -0.307756 -0.303909 0.814855 1.336795 0.218493
5 -0.569238 -0.307176 -0.157705 0.258045 1.087030 -0.271862 -0.575838 -0.406262 0.160174 -0.312496 -0.293360 0.175008 0.700377 0.513302
13 0.206426 -0.313022 -0.610108 -0.665100 -0.047781 -0.916920 -0.300054 0.657418 0.037404 -0.178777 0.205958 -0.232207 2.148477 0.008286
13 -1.076838 -0.225428 0.537417 -0.242265 0.181702 0.073631 -0.208478 0.746644 0.071210 -0.195956 -0.484148 0.059218 0.945599 -0.182307
5 -0.512463 -0.618067 -0.059231 -0.329630 0.873833 0.297988 -0.004939 -0.045938 0.297675 -0.241911 0.415391 0.164218 -0.185270 -0.051657
5 -0.024475 0.198483 -0.185827 -0.020852 1.330720 -0.780420 -0.593504 -0.170997 -0.429865 0.779017 0.013549 -0.227343 0.339271 -0.227759
2 -0.244127 0.948003 0.010487 -0.113196 0.523085 -0.385184 0.252102 -0.987596 -0.142252 -0.504673 -0.322780 0.270408 0.613175 0.082548
1 1.184971 -0.295790 -0.467439 0.683142 0.441793 -0.263558 -0.291144 -0.327002 -0.036074 -0.069530 -0.770534 0.359704 0.032495 -0.181031
2 -0.732586 1.315524 0.152032 0.118367 -0.297576 -0.887343 -0.551006 -0.193469 -0.102127 0.433497 -0.710462 -0.235279 1.049352 0.641075
1 1.330894 0.143320 -0.053968 -0.771340 -0.322921 -0.483493 0.117996 0.089312 -0.574316 -0.149333 1.124533 -0.623969 1.023310 -0.850023
6 -0.099827 0.357530 -0.488892 -0.294765 0.299575 0.670688 -0.078545 -0.021300 -0.030403 -0.368567 -0.169786 0.277965 -0.209663 0.155991
1 1.359319 -0.103778 0.195164 -0.592925 0.166059 -0.212211 0.158685 -0.600217 0.183308 -0.718096 0.110343 0.071825 0.419807 -0.437284
13 -1.210230 -0.427328 -0.399909 0.867711 0.344190 -0.478370 -0.813509 0.144560 -0.799733 -0.358943 0.249686 -0.434017 2.409292 0.906598
14 -0.291670 -0.229945 -0.283871 0.144423 0.051593 -0.416671 0.004291 -0.131557 0.598350 -0.022107 -0.197965 -0.406053 0.118127 1.063054
5 -0.514290 0.000000 0.338413 -0.096574 0.561099 0.321511 -0.262356 -0.055933 -0.068987 -0.110724 -0.193047 -0.219770 0.454562 -0.153904
8 -0.400559 0.007863 -0.248555 -0.481768 0.699613 -0.642085 -0.348910 2.549534 -0.198366 0.181413 -0.832844 -0.194418 0.052894 -0.143811
10 -0.011168 0.207175 -0.214030 -0.181884 0.085151 -0.417244 0.022844 0.402118 -0.322383 0.690017 -0.404620 -0.413490 0.438517 0.118997
5 -0.636942 -0.006931 0.248715 0.067187 0.959568 -0.539691 0.485301 -0.008607 -0.138038 -0.365808 -0.258203 -0.314621 0.588817 -0.080746
11 0.774596 -1.199032 -0.618334 1.061693 0.312356 -0.568238 -0.505827 -0.485418 0.650710 0.367553 1.170808 -0.114597 -0.852179 0.005909
13 0.256230 -0.118923 0.035965 -0.186035 0.511143 -0.359113 0.040974 0.014974 -0.370730 -0.321611 0.178496 -0.403088 0.730224 -0.008507
13 -1.126852 0.042478 0.706086 -0.008710 0.144756 0.045959 -0.375762 -0.186553 -0.562732 0.136452 -0.304308 -0.194766 1.048758 0.635192
12 -0.024254 -0.233880 -0.715708 0.596228 0.492611 -0.807511 -0.535612 -0.601557 -0.240741 -0.239565 0.329892 0.935743 0.588559 0.455796
12 -0.293376 0.471960 -0.360775 0.660353 0.640935 0.207600 -0.333675 -0.196187 -0.279899 -0.077213 -0.347680 0.885186 -0.489146 -0.488081
10 0.001726 0.226967 -0.431316 0.204048 0.097756 -0.366054 -0.791926 -0.099592 0.171875 0.612239 0.583942 -0.368458 0.570490 -0.411697
12 0.299694 -0.288355 -0.153300 -0.267270 0.003979 -0.373688 -0.054795 0.322932 -0.276996 -0.105435 -0.246035 0.536956 0.273802 0.328512
13 -0.514555 -0.399521 0.056123 0.151655 -0.041767 -0.200505 -0.013005 -0.093309 -0.594384 -0.201894 0.244037 0.090474 1.153667 0.362984
10 -0.931523 -0.145548 -0.873479 -0.467480 0.194997 -0.380689 0.120629 -0.740470 -0.315522 1.943893 0.124282 0.941201 0.719340 -0.189631
5 -0.322192 -0.217865 -0.753072 0.734473 0.796415 -0.401676 -0.097741 0.234268 0.745256 -0.565383 0.146812 -0.532429 0.505427 -0.272294
3 -0.353908 -0.675335 1.774299 -0.282988 0.080508 -0.419151 0.425950 0.215941 -0.472966 -0.256199 0.014243 -0.543805 0.640689 -0.147280
4 -0.153949 -0.285907 -0.570258 0.951625 -0.073466 -0.517910 -0.252374 -0.533176 0.386169 -0.434768 0.841027 0.404797 0.234057 0.004132
7 -0.296339 -0.043136 0.393626 -0.162499 0.637638 -0.257445 1.389105 -0.619797 0.350063 -0.250863 -1.458850 -0.343216 0.078355 0.583358
10 0.040480 0.099402 0.111881 0.099286 0.292599 -0.709772 -0.012770 0.242340 -0.595809 0.600948 -0.333122 0.090469 0.213423 -0.139353
6 -0.535638 0.222902 -0.140364 0.209423 0.043371 0.706065 0.435712 -0.127641 0.368878 0.152676 -0.626402 -0.205863 -0.049233 -0.453886
10 -0.882882 -0.553260 -0.264624 0.788106 -0.078486 0.078305 0.422876 -0.378871 0.498225 1.368572 -0.315789 -0.231162 0.253009 -0.704019
8 0.261154 0.410229 -0.281312 0.846323 -0.505578 -0.316726 -0.024757 2.141575 -0.236855 -0.709006 -0.108181 -0.220319 -0.027577 -1.228972
8 -0.088911 0.003664 -0.140932 -0.304750 0.357782 -1.606526 0.602217 2.571250 -0.661538 0.036751 -0.135465 0.748741 0.094375 -1.476657
11 -0.120706 -0.101891 -0.062189 0.309141 -0.231895 -0.450543 -0.499896 -0.087637 -0.096412 -0.122802 0.799041 -0.100839 0.799041 -0.032413
10 0.147221 -0.260467 0.212576 0.286379 -0.395359 0.216965 -0.297656 -0.169990 0.243454 0.598039 -0.406725 0.069845 0.082319 -0.326602
1 0.601100 0.290136 -0.230267 0.082739 0.147284 -0.227525 -0.319971 0.263906 0.131681 -0.200227 -0.348085 0.364411 0.020151 -0.575334
11 0.294022 -0.054222 0.299786 -0.138259 -0.157415 0.216192 -0.037164 -0.026750 -0.083512 -0.024367 0.364489 -0.195136 -0.310384 -0.147279
13 0.286619 0.219193 -0.344210 -0.259551 0.039055 -0.423924 0.291559 -0.436121 -0.159422 0.239737 -0.509268 0.601133 0.686454 -0.231253
9 -0.586881 -1.197087 1.632123 -0.318471 -0.504702 0.045209 -0.775720 -0.290810 2.184071 0.178103 0.220048 -0.681689 0.013387 0.082418
14 -0.189316 -0.196483 -0.098582 0.378150 -0.103000 -0.221372 -0.614685 0.359650 0.459554 -0.050915 -0.231750 -0.272052 0.104223 0.676577
1 1.077254 0.692465 0.050936 -0.348513 -0.176381 -0.639777 0.074835 0.304042 -0.947283 -0.248086 -0.749378 -0.561042 0.976790 0.494137
1 3.468922 0.159398 -0.578709 0.095489 -0.301401 0.053664 -0.714152 -0.462179 -0.684614 0.001106 -0.522971 0.049916 -0.467747 -0.096721
13 1.305741 1.135801 1.009239 -0.137337 -0.607247 -1.640710 -1.517983 0.006243 -0.056356 -0.652245 0.436165 -0.802295 1.628034 -0.107051
1 1.492715 0.614183 -0.299932 -0.153163 -0.111476 -0.509059 -0.411359 -0.234522 -0.079916 1.062909 -0.473497 0.138121 -0.497144 -0.537859
4 0.025686 0.204701 -0.463395 1.026902 0.470112 0.692082 -1.043006 -0.533107 0.781751 -0.024863 -0.684982 -0.461544 -0.044657 0.054320
2 -0.052346 0.930235 -0.191702 -0.842326 0.322900 -0.242326 -0.072330 0.109187 0.239117 0.844804 -0.459013 0.538018 -0.144235 -0.979982
13 0.777973 -0.317520 -0.438827 -0.193020 0.524336 0.488303 0.557816 -0.191109 -0.315957 -0.461471 -0.650217 -0.348931 1.303761 -0.735136
13 -0.105421 -0.153095 -0.397118 0.482223 -0.522525 -0.182418 0.226301 -0.085458 0.054884 0.098817 -0.348788 0.338090 0.507628 0.086880
11 -0.563197 0.385260 -0.078977 1.101363 -0.882185 -0.854525 0.388339 1.196812 -0.084880 -0.977389 2.247348 -0.360403 -0.114690 -1.402875
7 -0.669458 -0.193100 -0.511227 -0.334163 0.229154 -0.672536 1.395700 -0.226722 0.967404 -0.267653 -0.360102 0.225492 0.274174 0.143036
4 -0.145183 -0.399382 -0.044646 0.763912 0.302993 -0.172726 0.362357 0.000000 -0.116778 -0.116666 -0.032867 -0.115471 0.399521 -0.685063
8 1.051578 0.318437 -0.291961 -0.008656 -0.141310 -1.116350 -0.202137 1.070466 0.032779 -0.460827 -0.188400 0.104904 0.230990 -0.399513
1 1.382747 0.057817 -0.393825 -0.046156 0.196349 -0.964833 -0.133429 0.134942 0.239521 -0.101076 -0.628032 0.650757 0.151977 -0.546758
7 -0.358839 -0.119268 -0.412610 0.041530 -0.216573 -0.460157 0.573450 0.223165 0.441117 0.138206 0.264867 -0.597095 0.499317 -0.017110
4 0.385965 -1.218415 -0.828573 1.673114 0.611276 -1.137203 0.613419 -0.045655 -0.919232 -0.394375 0.738507 -0.056196 0.152580 0.424786
8 -0.084187 0.039880 0.036012 0.115921 0.348835 -0.716821 0.014808 1.039246 -0.481310 0.028553 -0.416160 0.026962 0.168881 -0.120619
8 0.473539 -0.388480 0.293664 -0.272051 -0.187238 -0.426006 -0.148920 0.538330 0.472476 -0.165810 0.240464 -0.206487 0.035930 -0.259410
9 0.083405 0.292781 -0.083175 0.248700 -0.097566 -0.255545 0.138462 -0.070030 0.639771 -0.337945 0.612285 -0.152148 0.010851 -1.029846
2 0.449023 1.858021 -0.467839 -0.553756 0.196315 -1.058678 -0.417945 1.777816 0.014598 0.812771 -1.259617 0.254565 -0.602555 -1.002719
13 -0.298242 0.335925 -0.488916 0.161411 0.129856 -0.258141 -0.148688 -0.177069 -0.191252 0.146191 -0.047522 -0.106121 1.198562 -0.255994
1 1.836600 -0.550534 0.222106 0.076620 0.441768 -0.936121 0.715445 0.705060 -0.895010 -0.353012 -0.140603 0.187265 -0.192041 -1.117543
13 0.114046 -0.142955 -0.083800 0.512698 -0.252845 -0.591128 -0.814190 0.011222 -0.101415 -0.198991 -0.019463 0.386787 0.873998 0.306037
9 0.308082 -0.320913 -0.348402 -0.259946 -0.208107 0.182462 0.304422 -0.380501 0.595645 -0.189456 0.411168 -0.100201 0.523656 -0.517910
12 0.619799 0.253217 -0.119920 -0.460293 0.100231 -0.082008 -0.271033 -0.159006 -0.367092 -0.036463 0.015186 0.835075 0.023059 -0.350752
5 0.102036 0.605724 -0.128577 -0.102256 1.068811 -0.616363 -0.565573 -0.069633 0.020328 -0.104611 -0.022294 0.166751 0.191671 -0.546014
5 0.687359 0.290136 0.570193 -0.264676 0.729478 -0.738904 -0.197243 0.000000 -0.128783 -0.338825 -0.384868 -0.286544 0.223087 -0.160411
5 0.121656 -0.461802 -0.189644 0.320172 0.791761 -0.404307 0.408613 -0.180451 0.243215 -0.293534 0.056285 -0.195561 0.339252 -0.555655
4 0.567831 0.101058 -0.116100 1.071802 0.003090 -0.507926 0.378542 0.454004 -0.502525 0.130363 -0.006189 -0.375877 -0.065760 -1.132313
4 -1.253216 0.643079 -0.054752 1.535301 -0.621853 -0.418504 -0.603996 1.280203 0.400638 -0.618573 0.253049 -0.380254 0.622655 -0.783777
14 0.168227 0.187171 -0.120194 -0.102256 0.237369 -0.716019 -0.628432 0.375271 -0.200968 -0.165891 -0.526887 0.086484 0.055514 1.350611
1 1.433882 0.675631 -0.331911 -0.240840 0.350158 -0.088828 -0.248594 -0.141215 0.092348 0.476749 -0.151521 -0.242530 -0.481829 -1.101500
1 1.351748 0.094170 -0.503770 -0.312155 0.567630 -0.830959 0.461511 -0.062876 -0.616214 -0.227472 -0.419675 0.496010 0.399760 -0.397707
13 -0.778863 -0.469313 -0.103438 -0.117474 0.184944 0.728074 -0.465239 -0.379802 -0.500377 0.336647 0.223224 0.393880 0.749595 0.198144
13 0.132407 0.069518 -0.067716 0.230151 0.360361 -0.329956 -0.550397 0.007698 -0.477039 0.308602 0.126311 0.050693 0.637552 -0.498185
6 0.314687 0.000000 0.284483 -0.225915 -0.200414 0.724570 -0.085618 -0.083354 -0.038584 -0.043277 -0.204618 -0.312953 -0.293674 0.164666
13 -0.390078 -0.602003 -0.767391 -0.119407 0.447371 -0.373123 -0.407126 -1.369982 -0.713034 1.617520 -0.065184 0.038896 3.704205 -1.000665
13 -0.177940 -0.177023 0.265338 0.669987 0.021590 0.473222 -0.607763 -0.225762 -0.610976 0.340474 -0.427800 -0.075318 0.834594 -0.302622
8 -0.603757 -0.790861 0.002607 -0.559437 0.408094 -0.045164 -0.023000 1.926458 -0.401264 -0.655785 0.423683 -0.578528 0.950599 -0.053646
13 -1.665444 0.364901 0.069046 -0.564033 -0.383411 0.634703 -0.764939 0.594799 0.785779 0.231547 0.818439 -0.888526 1.001026 -0.233886
1 2.186919 -0.442148 -0.539522 0.456751 1.154134 -0.029947 -1.518716 -0.403315 0.055803 0.031616 0.199035 -0.260859 -0.023291 -0.866460
12 -0.065601 -0.259342 -0.221587 -0.098541 0.368493 -0.093622 -0.150243 -0.073496 -0.100177 0.376249 0.326672 0.386396 -0.019306 -0.375895
1 0.745724 0.614617 -0.802304 0.275093 -0.127922 -0.475480 0.233956 0.052460 -0.188465 -0.221934 -0.054296 -0.064717 0.024985 -0.011716
10 -0.489510 -0.284707 0.230320 0.666921 -0.732391 0.558579 -1.525561 -0.285040 0.244167 1.074643 -0.387893 -0.343006 0.567325 0.706155
5 -0.976853 -0.212553 0.358552 0.645797 1.065383 -0.320772 -0.567077 0.205878 1.029231 -0.573593 0.113502 -0.292792 -0.758932 0.284229
13 -0.327999 0.013673 0.120255 -0.185114 -0.605307 -0.357320 -0.203760 -0.282978 0.265569 0.516911 -0.113052 -0.274608 1.075072 0.358658
12 -0.360214 -0.158000 -0.224603 -0.126395 0.213123 -0.696595 0.302724 0.108136 -0.029936 -0.147083 -0.143251 0.842911 0.571716 -0.152532
1 0.733884 0.097369 0.282326 -0.189123 0.344450 -0.384956 -0.218894 0.345166 0.378723 -0.086530 -0.359747 -0.220788 -0.348712 -0.373168
9 -0.312421 -0.302227 0.479839 0.285159 0.509662 -0.913308 0.233536 -0.236977 0.668881 0.079668 0.131591 -0.094133 0.106166 -0.635438
7 0.150585 -0.123652 -0.075808 0.365886 0.078306 -0.453007 0.867709 -0.244911 -0.459959 -0.275410 0.313379 0.077154 0.095293 -0.315564
8 0.238397 -0.119492 -0.282031 -0.023308 -0.101659 0.173357 0.041225 0.630788 0.113590 -0.067263 0.001995 -0.450905 0.113464 -0.268158
8 0.073643 0.771564 -0.411606 -0.174701 -0.263534 0.061110 -0.471408 1.246572 -0.227573 -0.309919 0.330193 -0.396755 -0.121634 -0.105952
1 6.398136 -0.294689 -0.576210 -0.867212 -0.850730 -0.535199 -0.176298 0.057976 -0.737445 -0.518110 -0.288747 -0.596893 0.114429 -1.129007
8 0.165637 -0.060249 -0.519458 0.089529 -0.073215 -0.957958 -0.489677 1.037495 0.577735 0.445118 -0.315223 0.218991 -0.017254 -0.101472
6 -0.911391 -0.190394 -0.302333 -0.523129 2.093443 2.611306 -0.027534 -0.129987 -0.106033 -0.350522 -0.633437 -0.891114 -0.197192 -0.441683
10 -0.311871 -0.426404 -0.481990 -0.481202 -0.454902 -0.151414 0.265483 0.760650 0.284690 1.172666 0.226116 -0.210644 -0.060937 -0.130241
7 0.690871 0.268273 -0.454767 -0.333787 -0.795718 -1.084456 1.203581 0.300581 -0.569040 -0.089152 0.479782 -0.111861 0.439865 0.055828
5 -0.818171 -0.472725 -0.025203 -0.057871 0.782267 -0.443474 -0.480019 -0.235710 0.757217 0.619823 -0.143308 -0.054590 0.344125 0.227638
12 -0.322497 0.089537 0.062070 -0.078978 0.328441 0.510009 -0.537103 -0.281557 -0.343754 -0.218404 0.191000 0.775050 0.430804 -0.604618
13 -0.415804 -0.453241 -0.424344 -0.112782 0.307094 0.055870 -0.155474 -0.506364 -0.016189 0.435578 0.055568 -0.729609 2.403088 -0.443392
13 -0.197299 -0.197341 -0.143404 0.626863 -0.766453 -0.223547 0.112826 -0.169853 -0.270060 0.772422 -0.350482 0.113131 1.050385 -0.357187
14 -0.512506 -1.020395 1.234683 -0.195104 -1.466205 -1.102853 0.258222 -0.953787 -1.397268 -0.152414 -1.074646 -1.450343 0.330750 7.501864
6 -0.003093 -0.399521 0.000000 -0.062835 -0.070369 0.799041 -0.072747 -0.146920 -0.051447 0.000000 0.399521 -0.158404 -0.220541 -0.012685
5 -0.608313 0.290136 -0.147216 -0.371134 0.613933 -0.545279 -0.186842 0.338378 -0.325733 -0.241073 -0.187877 0.583119 0.249788 0.538113
8 -0.051372 0.863784 -1.084866 0.204562 0.653838 -0.399673 -0.940223 1.598523 -0.485734 0.637724 -0.334965 -0.604171 0.081872 -0.139299
3 -0.179317 -0.143197 0.394527 -0.031265 -0.265097 -0.020504 -0.232379 0.000000 -0.580915 0.000000 0.314904 -0.037135 0.391628 0.388750
10 0.156447 0.774224 -0.174276 0.855372 -0.494130 -0.201861 0.817357 -0.033080 -0.908938 1.479842 -0.566002 -0.930479 0.016204 -0.790680
1 0.605397 -0.058564 -0.035665 0.263710 0.175099 -0.260628 -0.180131 0.534488 -0.397856 -0.106098 -0.208825 -0.282568 0.108898 -0.157255
11 -0.330369 -0.191676 -0.099121 -0.229207 -0.529963 -0.274673 -0.285978 0.735241 0.317628 0.303228 0.816588 -0.523733 0.130716 0.161319
8 -0.559359 -0.182505 -0.070123 -0.148343 -0.182344 -0.196101 0.292545 0.545657 0.321099 -0.058176 -0.093299 -0.006615 0.516790 -0.179227
14 -0.307179 -0.324348 -0.113019 -0.432092 -0.176113 -0.511888 -0.210763 0.391896 -0.355917 -0.378274 1.098922 0.615050 -0.401312 1.105039
5 1.014094 -0.556652 -0.169683 -0.414288 1.045903 -1.572557 -0.772071 0.541935 0.394291 -0.020215 0.554677 0.769560 -0.017510 -0.797484
6 -0.880169 -0.676621 -1.019285 -0.329166 -0.489448 2.115101 -0.233188 1.025964 -0.180399 -0.255412 0.568068 0.387763 0.657037 -0.690245
4 0.296274 -0.426103 0.628251 0.874380 0.083253 -0.669967 -0.485746 0.066453 0.342886 0.616167 -0.071984 -0.281274 -0.179684 -0.792906
