7 -5.676336 -6.464628 -5.785554 -5.650954 -6.095145 -5.856004 46.451039 -5.811591 -5.432294 -5.974172 24.911195 -5.774755 -5.961544 -6.879255
8 0.176958 -0.678819 -0.850006 -0.281636 0.133467 -0.858915 0.018917 2.385901 1.725023 -0.320583 -0.382786 -0.680163 -0.562186 0.174827
9 -0.054603 -0.456929 -0.589892 -0.404367 -0.018153 -0.347538 -0.449918 -0.533500 3.268224 -0.070832 0.626603 -0.382803 0.051057 -0.637351
1 17.391730 -1.094710 -0.938874 -1.824009 -1.265576 -1.690606 -1.375877 -1.729245 -0.715436 -1.601604 -1.652685 -0.648802 -2.032584 -0.821722
3 -0.541432 0.306501 0.971782 0.227483 0.306240 0.904699 -0.419723 -0.418490 -1.145232 -0.778278 0.144716 0.193935 0.028431 0.219367
1 2.936285 -0.159301 -0.402996 -0.104952 -0.283919 -0.288400 -0.616312 -0.179468 0.171136 -0.217364 -0.288653 -0.134827 -0.166898 -0.264330
12 -0.835850 -0.522399 -0.282141 0.112733 0.838711 1.215506 -0.079810 -0.032021 -0.086175 -0.499965 -1.003298 1.657439 0.233201 -0.715931
2 -0.113130 0.607372 0.024218 0.279399 -0.129637 -0.034555 0.183511 -0.328240 -0.275072 -0.307280 0.468171 -0.003026 0.022478 -0.394208
5 -1.985201 -0.381965 -1.624815 -1.001212 13.768630 2.593439 -3.226860 -1.209793 -1.887626 -1.720167 -1.697576 2.604562 -2.387297 -1.844119
5 -0.372594 1.291430 0.859792 -1.106631 1.498910 -0.367076 0.228857 -1.304222 -0.936155 0.174652 -0.471428 0.014238 -0.054166 0.544393
13 -0.737322 0.194449 -0.515394 -0.269578 0.553483 0.120734 0.367203 0.043257 -1.507372 0.262056 -0.551655 0.400359 0.925540 0.714241
3 0.279575 -0.184353 4.063099 -1.420485 0.646968 -0.962207 -0.652720 -0.216338 -0.573762 0.535920 -0.490828 -0.587859 0.030167 -0.467176
3 -0.164870 -0.508887 7.244468 -1.261266 -0.912263 -0.439601 -1.013564 -0.873715 -0.137413 -0.736834 -0.576723 -1.596329 0.114162 0.862835
4 -0.698073 0.254268 -0.031847 1.202527 -0.056251 -0.383497 0.602944 -0.105116 -1.217439 0.230625 0.369092 0.082239 -0.614960 0.365488
1 40.556029 -3.116433 -3.011585 -3.411379 -3.500116 -3.298222 -3.701256 -3.358763 -2.906004 -3.623830 -3.281743 -2.589060 -3.742255 -1.015383
11 -2.190022 -0.399320 1.103289 -0.584412 -2.572311 -1.804890 -2.128087 -1.690375 -1.521200 -2.476565 18.456560 -0.971312 -1.291862 -1.929491
4 0.152902 -0.661674 -0.617411 3.184036 -0.513830 0.393284 0.504870 -0.429638 0.017038 -0.524240 -0.325527 -0.492636 0.018274 -0.705448
12 1.163743 -0.794353 0.216954 0.871984 0.262007 -2.382594 -1.151520 -0.721306 0.163600 0.305635 -0.870635 3.777270 -0.878033 0.037247
3 -0.120914 -0.639120 1.673739 -0.334248 0.084167 -0.066453 -0.049958 -0.582325 -0.397048 1.001088 -1.236921 -0.099087 -0.108672 0.875752
11 -0.948175 -1.698358 -1.971652 -1.596121 -1.194066 -1.615674 1.205533 -0.528508 -0.704760 -2.243586 15.039072 -0.905939 -1.700125 -1.137642
3 -0.428675 -0.708248 8.161686 -1.074306 -0.754811 -0.329820 -0.604420 0.039053 -0.531648 -0.939592 -0.428423 -0.273790 -0.914767 -1.212237
12 -0.650513 0.265128 0.884391 0.154297 -0.346819 -0.434159 -0.334015 -0.347199 -0.463916 0.335348 0.114288 1.461852 -0.324596 -0.314087
11 -1.418555 0.927872 -0.390197 -1.061807 0.626078 -0.088361 -0.558798 -0.463891 -0.287235 0.638867 1.320014 0.280730 -0.088263 0.563546
6 -0.535911 -0.593803 -0.928235 -0.703457 -0.266565 1.989120 -0.314944 -0.406828 1.646937 -0.216589 -0.141647 0.241953 -0.080626 0.310594
3 0.023203 0.181376 0.652043 -0.608083 0.271389 -0.190873 0.038541 -0.016684 0.064007 -0.352467 -0.047060 -0.630566 0.423238 0.191935
8 -1.846943 -0.193790 -0.466381 0.595978 -0.271014 -0.299230 0.280290 2.930519 0.185947 -0.813907 -0.249120 -0.528837 -0.328846 1.005333
14 -0.133917 0.933660 -0.752962 -0.016331 -0.038080 0.519964 -0.047190 -0.147303 -0.607571 -0.829459 -0.459514 -0.257064 0.241504 1.594265
2 -0.697088 7.732981 -1.375036 -0.251331 0.106134 0.140947 -0.579896 -1.579422 -0.770277 -0.778179 -0.732588 -0.850040 0.964332 -1.330538
1 32.745374 -3.660089 -2.924038 -2.893191 -1.707694 -0.255549 -3.026262 -2.366385 -3.174300 -2.549891 -1.918831 -2.697084 -3.400811 -2.171249
4 -0.142477 0.188105 0.139981 0.514912 0.031685 -0.719229 0.235207 -0.522631 -0.227962 0.166759 0.152917 0.105307 -0.119735 0.197161
5 -0.669506 -0.222457 -0.532041 -0.786916 7.799286 -0.832124 -0.377040 -0.650893 -0.446246 -0.874814 -0.500536 -0.517861 -0.704831 -0.684019
6 -0.157060 -0.090908 -0.113072 -0.251187 -0.045071 1.294696 -0.862279 0.210057 -0.460024 0.336303 -0.167490 -0.458945 0.240600 0.524381
6 -0.583991 -0.689402 -0.444150 -1.797592 -0.575543 6.424012 -0.363018 -0.485712 -0.789703 -1.452579 -0.197874 -0.523889 -0.556934 2.036374
14 -0.176775 0.431432 -0.623758 -0.748764 0.650289 -0.499443 -0.317764 0.129165 -0.242723 -0.592189 0.136166 0.693069 -0.270200 1.431496
7 -3.714087 -3.556388 -3.794686 -3.707237 -3.993126 -4.350129 50.395416 -4.075881 -4.554683 -3.666626 -3.507042 -3.365842 -4.519977 -3.589712
14 -1.011066 -2.745672 -1.025874 -0.263765 -0.900113 -1.018892 -0.166556 -0.229818 -0.656569 0.115539 -1.558327 0.633194 -1.391217 10.219135
13 -0.149150 1.414024 -0.664302 0.067454 0.109020 -0.707514 0.065420 -0.881622 -0.193161 -0.606140 -0.652204 -0.011161 2.930719 -0.721382
2 -2.525533 12.301022 -1.595999 -0.667950 -1.053234 -1.230191 -0.280735 -1.500730 -1.957449 -1.550105 5.477225 -1.659493 -2.213410 -1.543415
2 -1.944461 8.445040 -0.214085 0.217349 -0.351157 -0.492936 -0.383617 -0.864855 -1.502946 -0.612978 -0.837158 0.004729 -1.188796 -0.274129
1 1.558913 0.205725 -0.226964 -0.256633 -0.180071 -0.636971 0.270250 -0.008601 -0.536599 -0.212009 0.234519 0.069182 -1.032545 0.751803
7 -0.623427 -0.396721 0.041802 -0.585325 -0.100057 1.203141 2.757377 -0.247451 -1.270469 -0.192760 -0.113123 -0.642953 0.179826 -0.009861
3 -0.272657 -0.647761 2.839238 -0.494347 -0.257650 -2.239421 -0.083825 0.193721 0.347809 0.467685 0.689614 0.918778 -0.706982 -0.754202
13 0.189135 -0.794545 -0.296058 -0.545757 1.118454 -0.241661 -0.376622 -0.049133 -0.557537 -1.353063 0.284689 0.124914 3.055066 -0.557881
3 -1.799816 -1.570066 21.383062 -1.666971 -1.917089 -1.307340 -1.838802 -1.681328 -1.870451 -1.536445 -1.816419 -1.673520 -1.521132 -1.183683
6 -3.284183 -1.826243 -0.957144 0.938853 -2.063597 14.893226 -2.474396 -1.249045 -1.079766 -1.913052 -1.021566 -0.267436 1.767158 -1.462810
12 -1.367941 -0.200546 0.191848 -1.215233 0.970110 0.245787 -0.069468 -0.533574 -0.380223 0.402477 0.644623 1.524878 -0.418806 0.206070
14 -0.670589 -1.293216 0.720211 0.347051 0.167800 1.278045 -1.294421 -0.259571 -0.300810 0.398046 -0.226147 0.564037 -1.010013 1.579577
13 -0.617517 -0.541213 -0.319419 0.675009 0.066723 -0.130943 0.090048 -0.826261 -1.427841 0.597160 -0.606454 -0.390677 3.408636 0.022749
11 -1.695725 1.831930 -0.821556 -0.153018 -1.220552 -0.807091 -1.843777 -0.682225 -1.077957 -0.811119 9.873858 -0.933347 -0.816773 -0.842648
13 1.752935 -1.028584 -0.633169 -0.209195 0.302653 -1.779742 0.354196 0.134578 0.582489 -0.978593 -0.561818 -0.634998 2.662506 0.036745
14 -0.169089 -0.297731 -0.629591 -1.061866 0.094955 -0.563139 0.914213 -0.830333 -0.133181 -0.271197 -0.302419 -0.342132 -0.359505 3.951016
1 0.991252 0.166812 -0.370102 -0.649165 0.021419 0.424538 -0.047981 -0.274124 -0.058449 -0.099404 0.363856 0.084668 -0.312576 -0.240745
14 -0.464791 -1.108902 -0.398183 -1.066977 -0.683880 -0.083604 -1.454529 -0.733566 -0.358619 -1.727941 -0.901575 -0.533317 -0.218649 9.734534
11 -2.682228 -1.676098 -2.328112 -1.745446 -2.507363 -2.081140 -3.908069 -3.003590 -2.164341 -2.716036 32.829211 -1.827886 -3.140386 -3.048516
7 -0.052301 0.548903 -0.766468 -0.801527 -0.993295 0.243798 4.086380 -0.695797 -0.405581 -0.629610 0.509811 -0.683773 -0.799159 0.438619
6 -0.272769 -0.402972 -0.685830 -0.950963 -0.458850 6.549582 -0.531566 -0.451086 -0.170430 -0.699868 -0.361076 -0.069650 -1.116576 -0.377946
4 -2.753449 -2.787837 -3.104376 40.580019 -4.637785 -3.522633 -3.501853 -2.464450 -3.231881 -2.871794 -2.698651 -2.823095 -3.317058 -2.865157
4 -3.111822 -3.107194 -2.989221 41.160324 -3.911385 -3.415356 -2.465372 -2.701203 -3.453745 -3.194482 -2.826451 -3.383263 -3.301189 -3.299641
4 -2.286376 -1.170994 -1.841565 23.033835 -2.375884 -3.105205 -0.846256 -1.044501 -2.704103 -1.637910 -1.121973 -2.064443 -1.817056 -1.017567
7 -3.816254 -3.284347 -4.671248 -3.732287 -5.102972 -3.196624 52.855133 -4.415644 -3.573653 -4.452481 -4.840467 -4.233480 -3.970883 -3.564791
7 -4.742176 -3.498582 -5.160116 -5.108610 -4.605101 -4.683570 54.348362 -5.018753 -4.470971 -4.097772 -2.228385 -4.065442 -2.850480 -3.818403
7 1.080424 -0.503734 -0.023699 -0.371138 -0.801600 -0.375868 3.415325 -0.600506 -0.086872 -0.890841 -0.695533 0.007955 -0.275427 0.121514
7 -4.144121 -5.988344 -5.275836 -5.369332 -5.946558 -5.583680 66.935196 -4.679234 -5.030108 -4.971013 -4.168270 -5.103420 -5.015753 -5.659527
7 -3.469454 -4.094797 -4.271411 -4.548002 -4.380910 -4.760598 51.256319 -3.236215 -3.895974 -4.021132 -3.872036 -4.458109 -3.670853 -2.576825
6 -1.514519 -0.778685 -0.954270 -1.098739 -1.068247 12.390947 -0.872638 -0.479974 -1.358535 -1.050561 -0.884498 -0.886973 -0.868640 -0.574670
9 -0.718094 0.090958 -0.346466 -0.063490 -0.246883 -0.432306 -0.065629 -0.301042 2.012935 -0.242723 0.761708 0.017462 -0.785148 0.318717
2 -1.637926 1.941604 -0.201617 0.166671 0.653962 0.537536 0.086411 -0.655693 -1.089549 0.544212 0.213203 0.164554 -1.242545 0.519178
8 -0.097512 -0.051188 -0.642706 -0.949782 0.199918 0.838395 -0.140321 3.246464 0.434976 -0.786302 -0.460434 -0.672618 -0.019740 -0.899151
8 -1.187465 0.766820 -0.700955 0.954726 0.284610 -1.450519 -0.787694 3.052768 0.116896 -0.618633 0.415671 -0.100508 -0.601761 -0.143959
6 -0.209455 -0.754615 -0.716916 0.551319 -0.544610 2.464591 -1.740048 -0.537011 0.971415 -0.558287 -0.982690 -0.261992 0.121907 2.196393
4 -4.114627 -2.420112 -3.896278 41.501602 -4.735686 -3.368127 -1.023542 -2.860866 -2.427449 -3.804607 -4.025111 -3.840894 -1.016746 -3.967556
4 -3.358088 -4.003758 -2.896980 41.407841 -3.780663 -3.554216 -3.539718 -2.654976 -3.664911 -2.401267 -2.958912 -3.702981 -1.806907 -3.084465
4 -3.458511 -3.100210 -3.310075 41.374472 -3.554943 -3.891650 -3.612667 -2.806324 -1.341008 -3.362225 -3.054740 -2.889091 -3.717308 -3.275720
11 -1.003340 -1.193238 -0.981832 -1.944231 -1.247721 -0.775772 -1.683600 -1.479718 -0.703618 -1.833471 17.359618 -1.216143 -1.571686 -1.725245
2 0.164661 0.565469 -0.221195 -0.828470 0.329752 0.009658 0.520150 -0.194883 -0.116100 -0.420441 0.091712 -0.399836 0.167748 0.331776
12 -0.121720 -1.017065 -0.128142 -0.831119 0.344071 0.019739 -0.279775 -0.094336 -0.083467 0.584189 -0.247923 1.340977 0.739955 -0.225383
4 -3.573364 -2.720566 -2.758092 40.719424 -4.437474 -3.876046 -1.351093 -2.970377 -3.638500 -3.496875 -1.836517 -3.959460 -3.162385 -2.938674
5 -2.673893 -0.703066 -1.165135 -0.738589 17.996911 -1.960273 -1.842952 -1.240310 -2.425147 -0.952070 -0.796167 -0.817393 -1.859192 -0.822722
13 0.001371 0.224922 -0.595798 -0.335709 0.320646 1.293661 0.034240 -0.874790 -0.503280 -0.479819 -0.703328 -0.716833 1.503337 0.831381
13 0.002829 -0.225998 -0.325146 0.406164 0.002330 -0.313065 0.432821 -0.472627 0.001420 0.220422 -0.320043 0.107094 1.008276 -0.524478
11 -1.980580 -0.892889 -1.265542 -2.520363 -0.795913 -1.613938 -0.871219 -0.955845 -1.815759 -2.163237 19.178689 -0.574670 -1.897185 -1.831549
11 -3.888828 -2.296222 -3.267717 -2.839405 -2.911876 -3.043072 -3.491331 -2.588912 -3.221818 -3.656548 41.138645 -2.886893 -3.560604 -3.485419
11 -0.503981 -1.001567 -0.326990 0.438588 -1.480259 -1.030004 -2.594782 0.432493 -1.649582 -1.099575 10.062214 0.791723 -0.838870 -1.199407
6 -0.359531 0.710061 0.019878 -1.154545 0.115444 1.734145 -0.144578 0.225551 -0.942729 0.650090 -0.558401 -1.121919 0.287252 0.539282
1 27.814658 -1.106242 -1.967027 -3.111328 -1.756436 -2.598081 -2.178632 -2.206362 -2.942315 -2.841173 -2.271616 -2.370780 -2.001505 -0.463160
13 -1.045704 -1.191721 1.242170 -0.390828 -0.464902 -0.570889 0.079515 -1.192717 -1.555682 -0.606380 -0.178479 -1.293283 6.901318 0.267584
3 1.008643 -1.323236 2.834670 0.818189 -0.648204 -0.395111 -0.633232 -0.641707 0.161709 0.009268 -1.019814 -0.429041 -0.082054 0.339922
4 -2.402759 -3.410185 -3.152932 41.472097 -4.001671 -3.891368 -3.301034 -2.876424 -3.359512 -3.355425 -2.730919 -3.460045 -2.618295 -2.911527
4 -2.378858 -1.403175 -2.572953 40.469301 -3.977410 -3.155745 -3.187958 -3.266003 -4.197674 -3.022477 -2.207712 -3.267116 -4.461835 -3.370385
2 -1.869378 10.251861 -0.165626 0.347155 -1.082414 -0.921138 -1.641741 -1.031369 -1.958570 -0.938410 -0.290830 -1.050838 -0.513277 0.864575
10 -0.431629 0.582460 0.532452 0.517675 0.018928 -0.662191 -0.616809 -0.250633 -0.634756 1.052019 0.340141 0.301700 -0.982020 0.232665
1 0.000000 0.000000 0.000000 0.000000 0.000000 0.000000 0.000000 0.000000 0.000000 0.000000 0.000000 0.000000 0.000000 0.000000
2 -1.715295 11.476449 -0.591041 0.008017 -0.782970 -0.952092 -1.456192 -0.764521 -1.549090 -0.510928 -0.173412 -1.019368 -1.455623 -0.513933
3 -0.383534 0.207662 0.970045 -0.313473 0.380075 -0.553191 0.040925 -0.355178 -0.950401 0.549368 0.779589 -0.119204 -0.191486 -0.061196
1 28.300083 -2.845020 -1.236837 -1.760319 -1.381707 -1.661867 -0.529769 -2.724725 -2.945481 -3.476789 -2.016335 -1.903970 -3.202592 -2.614673
7 -5.115000 -4.909434 -4.875749 -5.138404 -5.267149 -5.321415 65.715028 -5.442442 -5.546005 -4.662808 -3.432668 -4.990159 -5.467578 -5.546217
6 -4.973396 -3.575763 -2.738673 -3.390126 -4.260610 47.241298 -4.091459 -3.470227 -3.006500 -3.610836 -3.838330 -3.374996 -3.604592 -3.305788
14 0.364670 -1.053658 0.088781 0.247907 0.258591 0.354068 -0.487619 -0.078962 -0.071892 0.123336 -0.136299 0.227872 -0.244288 0.407495
13 -0.984595 -1.180558 -0.645059 -0.922987 -0.325200 1.273088 -2.319920 -0.237837 0.876303 -0.098968 -0.795580 -0.267689 5.279423 0.349578
1 2.678004 -0.589336 -0.286746 -1.352932 -0.193713 1.004106 0.063097 -1.344897 -0.769284 -0.094935 0.140405 -0.252303 0.010543 0.987992
7 -1.240313 0.255881 0.194146 0.429647 -0.078093 -0.889831 1.878746 -0.202332 -1.146264 0.234100 0.435463 0.053165 -0.317155 0.392841
10 0.304814 -0.579731 1.281055 -1.203695 -0.793118 -0.123488 -0.130027 -0.572521 -0.777876 2.443419 -0.043081 -0.380396 -0.727376 1.302021
1 1.514487 0.658687 0.015160 -0.661109 0.304020 0.118463 -0.439591 0.100416 -0.685553 -0.534578 -0.226334 0.440945 -0.178992 -0.426021
5 -0.538974 -0.278845 -0.642168 -1.480291 1.930725 0.863587 0.697773 1.919987 -0.905128 0.772044 -0.319692 -0.918462 0.006627 -1.107181
7 -2.107120 -3.720714 -3.036597 -4.431771 -4.084250 -4.954078 50.266589 -3.744190 -4.360733 -4.547570 -3.067156 -3.894868 -3.963030 -4.354511
2 -0.031802 0.399521 0.000000 -0.045912 -0.003645 -0.146102 -0.037390 0.399521 -0.054810 -0.038726 -0.077767 -0.047956 -0.252563 -0.062368
11 -0.591850 -0.685913 -0.498953 -1.093420 -0.050186 -0.286694 -0.589032 -0.936580 -0.416223 -0.798122 7.524975 -0.596527 -0.827213 -0.154262
10 0.821764 -0.705046 -0.284111 -0.673065 -0.017937 -0.135490 -0.914551 -0.876156 0.273791 4.280739 -0.454411 0.125504 -1.412074 -0.028958
1 0.903000 0.441468 -0.874541 -0.833310 -0.069584 -0.295017 -0.109006 -0.771048 0.543090 -0.291215 0.041888 0.862245 -0.315335 0.767365
13 -0.290040 -0.587688 1.660564 -0.313777 -0.437263 -0.207359 -0.633463 -0.679024 -0.713247 -0.236353 -0.507789 -0.697528 4.026824 -0.383856
2 12.737729 15.325055 -2.843051 -2.866637 -2.031919 -1.414197 -2.268963 -2.428168 -2.062800 -2.684076 -1.456880 -2.398662 -2.529549 -3.077883
1 0.485516 -0.003870 -0.160555 -0.680902 -0.187536 -0.075326 0.323807 0.136020 0.455984 -0.405348 0.008846 0.066633 0.124047 -0.087313
2 -0.927647 8.871618 -1.070188 -1.127558 -0.827449 0.036936 0.020163 -0.955367 -0.153933 -0.516735 -0.881415 -0.852432 -1.118320 -0.497671
4 -0.657319 0.381357 0.048568 0.589544 0.119979 -0.344019 -0.091013 -0.033938 -0.888980 0.276078 0.443893 0.216560 -0.477756 0.417047
4 -4.007178 -3.366757 -4.242357 39.621880 -5.344586 10.959900 -4.797517 -3.792650 -4.860338 -4.548952 -4.182625 -4.223734 -2.789959 -4.425128
1 52.569543 -4.132954 -4.116405 -4.516533 -3.977509 -3.848517 -4.150857 -3.872128 -3.344899 -4.038729 -4.021478 -4.116721 -4.045993 -4.386819
1 51.677180 -3.548961 -3.200047 -4.176120 -4.444805 -4.126034 -5.705306 -3.710411 -3.701666 -3.105348 -3.628979 -3.905679 -4.920860 -3.502962
1 35.099872 -2.206798 -2.584111 -3.187768 -2.912467 -2.741491 -3.119298 -2.808114 -1.734797 -2.905239 -2.868903 -2.518944 -2.736449 -2.775492
9 -0.394579 0.846021 -0.528180 -1.142703 -0.380956 -0.055911 0.300237 -0.733550 1.626491 0.326955 1.339829 -1.249558 0.523558 -0.477655
4 -3.411813 -3.264698 -2.482571 43.464194 -4.034238 -3.255377 -3.955729 -3.377975 -3.696430 -3.110276 -2.726716 -3.625134 -3.944593 -2.578644
7 -1.067297 -0.846852 -0.481688 -0.246191 -0.215665 0.694553 2.241210 0.434604 -0.460248 -0.412851 -0.171358 -0.678184 1.464181 -0.254215
2 -0.412075 10.549964 -0.654511 -1.237066 -1.088069 -0.529144 -0.460606 -0.973278 -0.815210 -0.447241 -0.765791 -0.320513 -1.725150 -1.121309
1 4.363141 -0.790363 -0.331530 0.050964 0.411826 -0.666156 -0.098014 -0.723501 -0.573383 -0.410760 -0.527280 -0.168405 -0.176659 -0.359880
7 1.741043 -0.934726 -0.844855 -1.227843 -1.239334 1.425496 3.291676 -0.119739 0.165638 -1.039126 -0.723554 -0.068217 0.982590 -1.409047
13 0.484180 0.710709 -0.039580 -1.148556 -0.719547 -0.065476 -0.719811 -1.241729 0.587202 -0.625575 -0.289816 -0.043863 3.552857 -0.440994
9 0.520619 0.906089 -0.375679 -1.069465 0.869014 1.002101 -0.533255 -0.593914 1.446961 -0.407309 -0.463202 -0.071277 0.049402 -1.280085
9 -1.131729 0.239274 0.173718 -0.939542 -0.224762 0.595949 0.000903 0.064400 3.074421 -0.699739 0.010906 -0.730525 0.235669 -0.668943
5 -0.846802 -1.325702 1.431521 -0.440070 3.703077 0.421223 0.929952 0.831447 -0.654489 -0.558333 -1.050334 -0.573522 -0.908743 -0.959227
4 -2.114990 -3.111640 -3.030002 40.883054 -4.129164 -3.964114 -3.505043 -2.669020 -2.873782 -3.418681 -3.213029 -2.946113 -3.274792 -2.632683
4 -3.449982 -1.671508 -3.319514 41.809224 -2.640955 -3.995696 -3.357086 -2.161718 -3.027592 -3.490806 -3.882241 -3.360469 -3.856302 -3.595355
4 -3.608151 -3.126484 -2.470180 45.200107 -4.182634 -4.298171 -4.158093 -3.357602 -3.667927 -1.918775 -3.616424 -3.262587 -4.097291 -3.435789
4 -2.163720 -1.606272 -1.734832 23.662970 -1.723572 -2.477157 -2.297683 -1.049523 -2.294651 -1.524989 -1.594305 -1.374619 -2.212320 -1.609330
4 0.674419 -1.492110 -0.868626 3.421035 -1.253834 0.350737 -0.996041 1.655006 0.415550 -1.067751 -0.946601 0.174472 0.448253 -0.514508
1 26.567848 -2.292755 -2.170417 -3.074142 -2.066587 -1.888494 -2.078588 -1.416688 -2.317494 -2.032286 -2.086143 -0.967592 -1.757076 -2.419586
7 -0.159883 -0.638001 -0.885155 -0.957374 -0.615907 -0.175026 2.970071 1.004357 -0.476699 -0.052749 0.590218 -0.613846 0.019360 -0.009364
8 0.354605 -0.024886 -0.578696 -1.152130 0.070413 -0.289732 0.235997 1.715126 -0.642597 0.132272 0.249842 -0.633522 0.444844 0.118465
1 30.478698 -2.751967 -2.277950 -2.495781 -2.138417 -3.249694 -2.161523 -2.772594 -1.476027 -2.428216 -2.295778 -2.284539 -1.928204 -2.218007
1 31.672021 -2.880190 -2.544955 -2.099456 -2.913645 -1.780941 -1.424629 -2.470284 -2.960251 -2.727073 -2.321226 -2.087821 -3.007471 -2.454079
3 -0.438663 -0.917541 3.715650 -1.592438 -0.094336 -0.757766 -0.355333 -0.008131 -0.516362 0.025656 0.443872 0.464177 0.084313 -0.053098
3 -1.173921 -1.244494 6.560099 -1.290414 -1.251035 2.273784 0.064912 -0.160543 -0.343861 -1.024025 -1.216975 -0.843072 0.766803 -1.117259
1 21.648739 -1.727027 -1.930545 -1.199196 -2.027823 -1.920388 -1.941077 -0.423010 -1.745713 -1.868644 -2.046970 -1.352008 -1.587966 -1.878370
3 -1.478919 -1.544174 18.407478 -2.054396 -1.437635 -1.411504 -1.278791 -1.217511 -1.037867 -1.486172 -1.134559 -1.282824 -1.624371 -1.418755
14 -0.665968 -1.636017 -0.265467 -0.613463 0.586287 0.937752 -0.468605 0.056561 -0.331682 0.105536 0.744111 0.073761 0.084825 1.392370
14 -0.891477 -1.514905 0.084199 0.099764 -0.594657 -0.303117 -0.793599 -0.558130 -1.957574 -0.829208 0.581560 -0.387050 -0.867302 7.931497
8 -0.618135 -0.288638 -0.741543 -0.185675 -2.078323 -1.014146 3.144936 5.785286 -0.620903 0.140403 -0.694160 -0.749361 -0.987598 -1.092143
3 -0.502463 -0.344735 4.372196 -0.336052 -0.993583 -0.504118 0.408243 -0.001641 -0.267423 -1.024124 -0.513957 -0.058989 -0.485290 0.251937
6 -2.297998 -1.006069 -1.224074 -1.637898 -1.466418 16.619037 2.667116 -2.154363 -2.198019 -1.226530 -1.437939 -1.943649 -1.478330 -1.214866
13 -0.834209 -0.196847 0.617923 -0.811313 -0.613931 0.555741 0.473381 -0.761751 -0.199375 0.406079 -0.601131 0.388652 1.505456 0.071325
3 -1.068372 -1.229586 12.914780 -1.629058 -0.863980 -1.066861 -1.065953 -0.320610 -0.544888 -1.126097 -1.025550 -0.798784 -1.158816 -1.016225
1 0.000000 0.000000 0.000000 0.000000 0.000000 0.000000 0.000000 0.000000 0.000000 0.000000 0.000000 0.000000 0.000000 0.000000
11 -1.759072 -0.356056 -1.052759 -0.854302 -0.153798 -1.397455 1.863826 0.303677 -0.847383 -0.548588 3.473748 -0.536403 0.917597 0.946969
11 -0.967492 -0.487471 -0.406517 0.253641 -1.037433 -0.628555 0.640215 -0.016999 -0.234167 -0.288300 1.794575 0.942553 0.043561 0.392390
11 -2.501011 -2.467360 -2.632399 -1.269443 -2.566395 -3.174513 -2.558215 -1.786259 -1.992943 -2.595257 30.245522 -2.249545 -2.564010 -1.888170
11 -0.766935 -0.512130 0.304569 0.283059 -0.022110 -0.497704 -0.323809 -0.248440 -1.326720 -0.431163 3.508490 0.092153 -0.297310 0.238050
1 31.992197 -2.630262 -0.921715 -2.705519 -1.634541 -1.993049 -3.478429 -2.354227 -3.419933 -2.550050 -2.680152 -2.160131 -3.283717 -2.180472
5 -1.667291 0.803149 -0.550425 -0.008086 5.010736 0.467220 0.128835 -1.927463 -0.685420 -0.396221 0.017566 -0.090601 -0.623154 -0.478846
4 -4.090262 -1.887054 -3.457006 44.014744 -3.540486 -2.876798 -2.408471 -3.210184 -3.471198 -4.170516 -4.699119 -2.496632 -3.841637 -3.865381
7 -5.057491 -4.411655 -5.012241 -4.571145 -3.712780 -5.165808 62.379024 -4.520446 -4.998717 -4.440139 -7.514360 -4.460178 -4.047861 -4.466204
10 0.310922 -0.084777 0.086298 -0.910257 -0.351342 0.668070 -0.591673 -0.100635 -0.504001 1.795776 -0.625227 0.077408 -0.822115 1.051554
5 -1.577424 -0.357852 -1.384919 -1.231724 11.954967 0.213034 -1.124140 -0.515194 -1.011634 -0.778527 -0.722341 -0.785102 -2.178898 -0.500245
4 -3.013372 -2.393150 -3.553528 42.278774 -1.875983 -3.965488 -3.347063 -2.676775 -3.082755 -3.808749 -3.727767 -3.410415 -3.617969 -3.805760
6 -1.724737 -1.183948 -3.132811 -3.605810 -2.709419 30.815259 -3.210403 -1.632934 -2.193025 -1.884806 -3.541850 -1.732039 -2.196812 -2.066664
8 -1.289640 -0.085947 -0.535251 0.012570 -0.022497 1.109980 -0.399845 2.838224 -0.616579 -1.215055 -0.873019 1.405216 0.771972 -1.100127
6 -3.084785 -3.517442 -2.066614 -2.325711 -2.437460 31.899929 -2.607147 -2.111475 -2.091546 -2.109212 -2.250828 -2.230582 -2.374249 -2.692876
6 0.256792 -1.174017 -0.800813 -1.140817 -0.321356 5.498940 0.941610 -0.324428 0.425772 -0.886648 -0.879592 0.201705 -1.894984 0.097834
9 -0.142453 0.421163 0.033937 -0.202912 -0.336762 0.283088 -0.032116 0.938696 0.944367 -0.730585 0.035805 -0.338877 -0.532432 -0.340918
13 -0.681092 -0.163547 -0.251722 -0.426199 -0.118083 -0.565521 0.383550 -0.604453 0.475328 -0.723961 -0.204681 -0.394626 4.015437 -0.740429
13 0.361992 -0.127263 -0.387576 -0.351879 -0.288694 -0.134859 -0.009141 -0.433402 -0.143223 -0.441628 -0.254487 -0.504682 2.535755 0.179088
14 -0.303531 -0.002651 -0.372823 -0.849662 0.121449 1.135380 -0.439891 -0.086928 0.265599 -0.961875 0.134192 -0.562573 0.618658 1.304656
9 -0.583348 -0.864139 -1.081316 -1.338119 1.353084 0.214929 -0.148297 -0.366280 2.246175 -0.014831 -1.283328 -0.581586 1.145467 1.301589
12 -0.564605 -0.462303 -0.306132 0.134679 -0.705381 0.031895 -0.437703 -0.698791 -0.089061 -0.188308 -0.376214 2.891865 0.325210 0.444850
4 -3.112497 -3.544184 -3.534736 42.081106 -3.796611 -4.170671 -2.504477 -1.851683 -3.297329 -3.296647 -3.275643 -3.114488 -4.035596 -2.546545
14 0.002467 -0.611112 0.120308 -0.745003 0.467191 0.384693 -0.433143 0.209859 -0.270347 -0.821910 -0.211220 0.146997 0.241366 1.519852
4 -2.037272 -1.169128 -1.627515 27.429018 -2.715755 -3.198864 -2.707710 -1.831596 -2.575207 -1.932445 -1.642654 -2.294855 -1.622206 -2.073811
4 -3.273428 -2.943217 -3.564138 46.215189 -4.448819 -3.437518 -2.335232 -3.060872 -3.879120 -3.684925 -3.560780 -3.804436 -4.311927 -3.910778
3 -1.154975 -1.359607 26.753135 -1.618964 -2.767530 -1.903892 -2.775927 -1.200016 -1.441292 -2.324042 -2.317068 -2.603093 -2.394422 -2.892306
3 1.231228 0.428926 2.735767 1.272967 -1.062734 -0.709731 0.377723 -0.588929 -1.289751 0.020801 0.416136 -1.479546 -0.726406 -0.626449
9 0.554012 0.895150 -0.205326 -1.236823 -0.868234 -0.077716 -0.162946 0.422667 1.518653 -0.601297 -1.270386 0.960985 1.227111 -1.155849
11 -0.185259 -0.417850 -0.548790 -0.771602 -0.189778 0.665235 -0.952149 0.510006 -0.261641 0.186878 1.140959 0.404278 0.044846 0.374867
7 0.229289 -0.011017 -0.150113 -0.341378 -0.034958 0.144640 0.440151 -0.197260 0.126043 0.056110 -0.256468 -0.187595 -0.203730 0.386286
14 0.273072 0.091723 -0.136700 0.103256 -0.557520 -0.006052 0.461965 -0.440308 -0.804278 0.084587 0.543759 -0.523530 -1.074535 1.984562
7 -1.243074 -0.088855 0.055457 -1.398095 0.588101 -0.478955 2.303016 -0.224951 -0.854129 -0.077482 0.024104 0.284031 -0.844067 1.954899
4 0.289454 -0.035691 -0.259098 0.598511 -0.202282 -0.160560 0.356976 0.286987 -0.125811 -0.101195 -0.165499 -0.241789 -0.188379 -0.051623
14 0.889018 -0.862735 0.350567 -0.916225 -0.267656 0.939570 0.121090 -0.077800 0.270270 -0.050182 -0.520869 -1.162659 -0.036614 1.324228
4 -2.744108 -3.279333 -3.746739 40.097664 -3.208331 -3.801753 -2.226450 -1.719397 -1.414836 -4.086224 -3.129124 -3.537304 -3.274169 -3.929895
4 -3.191421 -3.152896 -3.207638 41.128317 -4.225230 -3.305851 -3.165035 -2.196008 -2.919159 -3.258518 -2.827686 -3.438497 -3.051978 -3.188398
1 2.571700 -0.368087 -0.638633 -0.428274 0.221308 0.128720 -0.512971 0.584068 -0.666872 -0.363938 -0.709136 0.297760 -0.459359 0.343713
6 0.572189 0.703886 -1.488426 -0.923805 -0.660718 1.772990 0.617563 0.947516 -0.445306 -0.800096 -0.439647 1.525776 -0.627127 -0.754793
1 16.917097 -1.418077 -0.593937 -1.151124 -1.351722 -1.656664 -0.634742 -1.787643 -1.597398 -1.463505 -1.450779 -1.823904 -0.915845 -1.071755
14 -0.406357 -0.518160 0.167842 0.121795 -0.358524 0.282623 0.140923 0.067144 0.662108 -0.886607 -0.516649 -0.048810 0.133195 1.159477
1 0.869038 0.561046 0.278146 -0.663264 0.385743 -1.238354 0.360984 -0.424575 0.074130 0.075665 0.868294 0.058158 -1.816139 0.611128
4 -2.949665 -2.092692 -2.141729 25.256433 -2.755721 -2.948280 -0.308857 -1.774153 -1.417375 -0.670508 -2.572946 -1.275735 -3.518384 -0.830389
5 -1.719653 -1.066922 -1.214654 -0.672479 11.146916 -0.947206 -0.307740 -1.118157 -0.485629 -1.211705 -0.849202 0.111326 -0.423764 -1.241130
4 -3.049764 -2.962536 -3.130242 43.173373 -3.700455 -3.751051 -4.084121 -3.074594 -3.844951 -2.851935 -3.199984 -2.621723 -4.114177 -2.787838
14 -0.071233 -0.867453 -0.715474 -1.168393 -0.363236 -0.516847 0.028414 -0.359238 -0.403543 -0.915783 -0.197692 -0.938862 -0.489404 6.978743
5 -0.465276 0.232654 0.083391 0.050309 0.449789 0.390911 -0.186608 -0.198834 -0.020510 -0.056479 -0.269903 0.005672 -0.171928 0.156812
13 -0.056080 -0.084081 -0.018230 -0.147008 -0.170113 0.084116 0.034399 -0.024812 -0.163405 0.175373 0.271243 -0.025015 0.300101 -0.176489
4 -3.259467 -3.507510 -3.779242 41.154354 -4.679738 -2.386225 -0.947243 -2.331491 -3.029004 -3.702094 -3.423921 -2.571887 -3.773601 -3.762929
10 0.232411 -2.143709 0.465459 -1.302230 -0.792062 -1.939358 -1.078585 -0.339223 -0.473122 4.825168 0.221047 2.192675 -1.009641 1.141169
14 0.259866 -0.584823 -0.739894 -1.409406 -0.687292 0.456555 -0.803135 -0.259989 0.350993 0.769107 0.531242 -0.563684 -0.458454 3.138914
6 -2.896503 -2.435266 -1.597721 -2.149572 -2.491423 26.499440 -3.074243 -2.309787 -0.918104 -1.811486 -1.447257 -0.466847 -2.358879 -2.542350
6 -0.393495 0.142225 -0.548285 -0.995819 0.989025 1.499847 -1.526090 -0.464535 0.900418 0.252176 -0.305184 0.472996 0.322023 -0.345301
7 -0.381089 0.223409 -0.094297 -0.124101 0.410451 -0.422276 1.148179 -0.114314 -0.768693 -0.021830 0.578500 -0.161734 -0.672241 0.400037
4 -3.836531 -3.245512 -3.386194 43.480560 -4.577931 -0.244738 -3.404962 -3.006629 -3.739826 -3.724563 -3.499236 -3.182453 -4.111738 -3.520247
10 3.003633 -0.620713 -0.768551 -1.176306 -0.410391 -1.824447 -2.156871 -0.212375 -0.258962 5.891030 0.187285 -0.109973 0.147403 -1.690762
8 -0.267872 0.990428 -0.593987 -1.322833 -1.404190 -0.371872 -1.087439 7.303468 -0.513588 0.764293 -0.872586 -0.577724 -1.170304 -0.875795
8 -0.085237 -0.311491 -0.207481 -1.042756 -0.932434 0.275667 0.030518 4.061425 -0.251665 0.085725 -0.726129 -0.371467 -0.360710 -0.163965
1 28.675101 -2.596023 -2.620009 -1.507983 -1.222232 -2.750926 -1.835588 -2.787337 -2.348639 -2.689540 -2.286106 -2.171707 -1.885943 -1.973069
4 -1.912238 -1.005551 -1.568530 23.495218 -2.879447 -2.806243 -2.585284 -1.719690 -2.425760 -1.407185 -1.025063 -1.752991 -1.311353 -1.095882
5 -0.484065 -0.214436 -0.515214 -1.859080 7.947722 -2.304925 -1.369957 1.257720 0.078530 -1.168827 -1.888122 -0.785449 1.458406 -0.152303
11 -1.538611 -1.688931 -2.339989 -1.983259 -0.817033 -2.054372 -2.892385 -2.142191 -1.507088 -1.201214 24.854980 -2.019411 -2.747499 -1.922995
14 -0.159000 0.130186 0.554938 0.128368 0.368310 -0.611629 0.068473 0.441916 -0.659922 -0.608075 0.538582 -0.448570 -0.902865 1.159289
8 0.753099 -0.785728 0.012822 -0.594523 0.309395 -0.348608 -0.335494 0.997880 0.594127 0.421380 -1.058094 0.464162 -0.213372 -0.217046
8 -0.316481 -0.895781 -0.545193 -0.714876 0.847694 1.674351 -1.074837 3.042786 0.684221 -0.460793 -0.300485 -0.244549 -1.238298 -0.457758
8 0.321749 1.111324 0.334670 0.182887 0.986457 -0.173042 -0.649632 1.237189 -0.710722 -0.748916 -1.317093 0.013902 0.066778 -0.655552
5 0.021671 -1.362729 -0.651052 1.432723 3.125146 0.906696 -0.682614 0.139602 0.280643 -1.013576 -0.876009 -0.474541 -0.564506 -0.281454
1 1.597242 0.611671 0.165692 0.333513 -0.012756 -0.768463 0.087172 -0.027585 -0.370649 0.559205 -1.239713 -0.219973 0.060891 -0.776247
4 -3.827597 -3.687124 -3.132350 42.122104 -4.313701 -3.750202 -2.920853 -1.974091 -3.234017 -3.629331 -2.028396 -2.889598 -3.437211 -3.297631
7 -0.852240 0.318739 -0.346045 0.694305 -0.257332 0.211821 1.923268 -0.136710 -0.835604 -0.060404 0.199580 0.124002 -0.876763 -0.106618
13 -0.530645 0.293673 0.386556 -0.842052 0.128965 -0.381962 -0.308935 -0.804644 0.114325 -0.094209 -0.566154 -0.672097 4.109878 -0.832700
1 17.250778 -1.990261 -1.686210 -0.912803 -1.366505 -3.171394 -0.405827 -1.916486 -2.529673 0.038304 -1.842014 0.401023 -1.595375 -0.273556
6 -1.162201 -2.314549 -1.751164 -1.562079 -2.089185 22.370454 -2.193260 -1.897491 -0.889862 -1.891440 -1.693909 -1.977450 -2.269779 -0.678085
3 -0.958528 0.044654 4.170019 -1.402961 -0.106453 -0.464683 -0.384506 -0.487485 -1.337996 -0.730121 0.825628 0.125749 0.503406 0.203280
2 -0.210916 3.535910 -2.047311 0.182656 2.568590 0.213611 -0.084774 1.819943 -0.457719 -1.326513 -1.888858 -1.296134 -0.271241 -0.737244
8 -1.630873 -1.207220 -0.757192 -0.199686 -0.549067 -0.247218 -1.979847 11.715218 -1.208041 -1.593199 -1.008509 -0.314111 -0.792462 -0.227792
5 -0.222433 0.029500 -0.446002 -0.241160 0.640960 -0.244451 -0.105999 0.041632 0.027165 0.594698 -0.047011 -0.141294 -0.113291 0.227687
1 1.959171 1.258376 -0.745942 -0.255131 -0.429517 -0.389418 0.027431 0.058118 0.112324 0.093768 -0.357306 -0.716910 0.026175 -0.641140
6 0.342042 -1.323546 -1.513012 -1.444994 -0.684335 13.010475 -0.985657 -1.294828 -0.355222 -0.948757 -1.453062 -1.125002 -1.112456 -1.111646
13 0.253935 -0.359416 0.029643 0.430881 -0.500474 0.445403 -0.712572 -0.170949 0.428549 -0.519452 -0.573978 -0.051201 0.916474 0.383157
3 -0.359665 -0.504036 6.711872 -1.158200 -0.798201 -0.606257 -0.182606 -1.024409 -0.632663 -0.199272 0.393038 -0.997158 -0.546652 -0.095791
9 -0.155777 -0.036985 -0.110827 -0.038229 -0.113059 -0.622075 0.541901 -0.204522 0.808914 -0.086043 -0.011555 0.224886 -0.041407 -0.155223
1 3.436043 -0.094521 -1.462954 -0.599300 -0.805295 -0.142955 -1.221072 -0.916323 0.524233 0.268858 -0.800762 0.270445 -0.210473 1.754075
6 -0.080988 0.763612 -0.302956 -0.561951 -0.462966 1.404131 -0.682450 -0.211872 -0.479254 -0.234278 0.167080 0.174344 -0.037704 0.545252
11 -0.465401 -1.156611 -1.014397 -1.287123 -0.924832 -0.759959 -1.827492 -0.963433 -0.617580 -1.062158 12.488202 -0.951647 -0.951125 -0.506444
13 0.128780 0.487087 0.076435 -0.555052 -0.442164 0.034209 -0.167288 -0.868286 0.496731 0.532725 -0.204809 -0.742250 1.130698 0.093183
14 0.649612 -0.027807 -0.421577 -0.466015 -0.559773 0.047520 -0.498525 -0.150807 0.984996 -0.023949 -0.542283 0.293602 -0.457000 1.172006
1 54.951064 -4.472574 -4.158434 -4.460515 -4.033877 -3.938760 -5.465504 -3.950539 -4.351235 -4.239120 -4.134991 -3.613323 -4.013373 -4.118819
7 -4.228408 -4.027814 -3.960925 -3.324319 -3.852474 -3.982601 49.521811 -4.148056 -3.735999 -3.160747 -4.199701 -3.340916 -4.017764 -3.542086
12 -1.884261 -0.178168 0.583511 0.653181 0.268547 -1.555530 -1.071100 0.770240 0.538074 -0.329965 0.725688 1.038556 0.071837 0.369390
7 -0.193655 -0.475605 0.236968 -1.766486 -0.047833 -0.210924 1.884057 0.159944 -0.333847 -1.238630 0.029208 0.329717 1.023661 0.603426
1 28.648042 -2.297135 -2.460708 -2.887455 -2.624961 -2.841603 -2.216181 -2.163468 -1.706646 -1.607282 -1.392653 -2.199117 -1.505435 -2.745397
1 18.151900 -0.988229 -1.255528 -1.288220 -1.377888 -1.212937 -2.249089 -0.512223 -1.394422 -0.890847 -1.382027 -2.090255 -2.028447 -1.481788
2 -0.624659 2.534124 -0.038258 -0.647545 -0.210679 -0.129969 0.547183 -0.687113 -0.709964 0.132422 0.287024 0.092044 -0.843862 0.299253
6 -1.295533 -0.204299 -0.283789 -1.449620 -0.490364 8.646601 -1.390705 -0.881825 -1.028287 -0.869322 -0.653763 -1.757147 2.010371 -0.352317
5 -1.512587 -0.736204 -0.251425 -0.580555 10.333182 -2.657433 -0.230424 -0.626932 -1.565160 0.629091 -1.153801 -1.034109 -1.259270 0.645627
6 -0.185984 -0.382546 -0.340282 -1.237021 -1.476076 7.606071 -0.885301 -0.706175 -1.071011 -0.530017 -0.861121 -0.331075 -1.289173 1.689710
3 0.209633 0.179791 1.201810 -0.523524 -0.087894 -0.372232 -0.001359 -0.398235 -0.207910 -0.186458 -0.055181 0.663263 -0.444039 0.022336
1 1.321529 -0.118146 0.158983 -0.567876 -0.866266 -0.224673 0.240571 -0.378979 -0.713187 0.598615 -1.095926 0.999941 -0.003976 0.649390
3 -1.098094 -1.206390 12.718999 -1.601261 -0.627411 -1.143315 -1.127091 -0.381404 -0.485448 -1.134404 -0.968637 -0.675729 -1.255597 -1.014217
14 0.228913 0.090545 0.384872 0.319697 -0.285373 -0.665838 -0.748539 0.064634 -0.786589 1.183882 -0.141145 -0.275003 -1.185727 1.815674
6 -0.069080 -0.119182 -0.341385 0.103715 -0.138133 1.055956 -0.311179 -0.117768 0.179692 -0.369299 -0.065483 -0.098903 0.178219 0.112832
3 -1.238211 0.208680 2.631102 0.218725 0.017834 1.765360 0.148972 0.110928 -1.416710 -0.524602 0.351237 -1.441790 -0.748385 -0.083141
10 -0.737888 0.555280 -1.066752 -1.012030 -0.659151 -0.775953 -0.987471 -0.495863 -0.407823 10.105591 -0.647497 -0.952639 -2.018338 -0.899466
10 -0.904329 -0.680729 0.356331 -0.119142 0.488816 -0.188747 -0.202780 -0.367968 -1.493212 2.413978 0.196178 0.397367 -0.966461 1.070697
7 -4.184912 -4.072072 -4.255053 -4.566073 -4.779254 -3.968637 55.573989 -4.328755 -3.774478 -4.061943 -4.982615 -4.175882 -4.112801 -4.311513
7 -0.277901 -0.246952 -0.828098 -0.351236 -0.706971 -0.196114 1.383041 0.652313 -0.192945 -0.727321 0.925337 1.088283 0.005201 -0.526636
12 -0.750607 -0.230536 0.221067 0.005354 -0.663873 -1.010157 1.016021 -0.974441 -1.128097 -0.617204 -0.481426 5.593974 -1.042198 0.062122
4 -0.657319 0.381357 0.048568 0.589544 0.119979 -0.344019 -0.091013 -0.033938 -0.888980 0.276078 0.443893 0.216560 -0.477756 0.417047
11 -2.483637 -2.249926 -2.098532 -2.658237 -0.865265 -2.007880 -2.711876 -2.107806 0.370087 -2.459289 25.738453 -1.270459 -2.888302 -2.307329
11 -4.128032 -2.460990 -2.699048 -2.510700 -2.607122 -2.632440 -3.678626 -2.330784 -2.857674 -2.590386 35.827960 -2.455720 -2.555787 -2.320649
8 -1.097316 0.390240 0.505333 -0.460320 -0.022040 0.186350 0.391506 0.665005 -1.473319 0.505718 0.347986 -0.116583 -0.237745 0.415185
3 -1.032094 -1.148311 11.970192 -1.616892 -0.526713 -1.089100 -0.725603 -0.308880 -0.454390 -1.062716 -1.012942 -0.597991 -1.318099 -1.076460
7 0.391438 0.836923 -0.518453 -0.492978 -0.837865 -0.455965 1.120293 -0.447434 -0.437208 0.154281 0.868162 -0.674459 -0.156043 0.649308
14 -0.863509 -0.687404 0.343159 -0.565838 0.226617 -0.300147 0.806023 -0.879873 -0.301794 -0.785953 0.214906 0.693453 0.532972 1.567388
11 -1.544309 0.270024 -0.415739 -0.280248 0.690862 -0.569660 -0.726262 -0.092047 -1.008708 0.199480 3.707849 0.472297 -0.156631 -0.546909
7 -0.294457 -0.581552 -0.575616 -0.141212 -0.323301 -0.699770 1.890919 0.169920 0.048208 -0.281963 0.914858 -0.564480 0.331940 0.106504
4 -0.717201 1.117342 -0.061348 1.980896 -0.393702 -0.529207 -0.200044 -0.290894 -0.829333 0.027982 0.184845 0.124583 -0.494360 0.080441
11 -0.588410 -0.302778 0.529329 -1.195034 -0.408759 -1.385477 0.143585 -0.544751 0.806179 1.593689 2.385032 0.034689 -0.341689 -0.725606
11 -2.959358 7.476040 -3.463849 -1.619976 -1.937167 -4.578519 -1.874034 -1.619589 -3.895048 -2.978557 24.294870 -3.179644 -1.908816 -1.756353
10 0.295553 -0.696180 -0.456633 -0.993193 -0.448973 -0.083964 -0.027286 -0.910241 -0.112697 5.257699 -0.573562 -0.387461 -0.036970 -0.826092
11 -1.851000 -2.425802 -2.860703 -2.023195 -2.255907 -2.847752 -2.932712 -1.757120 -2.739035 -2.710090 30.097726 -1.341606 -2.490368 -1.862435
11 -0.620179 -0.695407 -0.362999 -0.825458 -1.012832 -1.500788 -0.485623 -0.389636 -0.931930 -0.580296 9.264998 -0.628704 -0.793567 -0.437580
6 1.096517 0.374873 -0.950824 1.140649 -0.210910 2.526759 -0.280394 -0.556439 -0.288393 -0.527300 -0.501052 -0.460608 -0.126863 -1.236014
13 -0.286606 -0.278750 -0.761734 -0.582549 -0.163518 -1.621389 -0.803908 -0.027554 0.027864 -0.494846 -0.532644 -0.444353 6.578237 -0.608251
2 -0.236138 4.806218 -1.175647 -0.156358 2.095641 0.014574 -0.968738 0.874526 -0.686268 -1.276667 -0.758155 -1.294681 -0.447029 -0.791277
2 -0.383243 3.875269 -0.465740 -0.831475 -0.224488 -0.359625 0.467855 0.211739 -0.948853 -0.429835 -0.131267 -0.700569 -0.246222 0.166455
14 -0.373556 -0.195027 -0.285218 0.174554 0.584993 -0.376771 0.480351 0.203444 -1.144014 0.146975 0.831574 -0.115864 -0.791187 0.859745
14 -0.680471 0.237022 -0.723182 -0.244987 0.050152 -1.458040 -0.788530 -0.232058 -1.455284 -0.767977 3.782361 -0.820557 -0.929203 4.030753
11 -0.296465 -0.772493 0.046702 -0.369734 0.113061 0.746122 0.453829 -0.130697 -0.611262 -0.803043 0.850872 0.332828 -0.351710 0.791992
8 -1.800452 1.239939 -0.466776 0.533018 -0.369912 0.400580 0.003074 1.530923 -1.213267 1.465261 -0.221798 -0.304167 -1.345269 0.548845
5 -0.073621 -0.236893 -1.354894 -1.301193 8.783051 -0.913054 -1.375965 -0.201037 -0.331492 0.406698 -1.012154 -0.082869 -1.729793 -0.576785
1 2.697794 0.382404 -1.122636 -1.506419 -0.179508 -0.967620 -0.026383 0.744849 0.709674 -0.798542 0.040962 0.301872 0.026581 -0.303028
12 0.118193 0.362777 -0.316049 0.018607 -0.034607 -0.707384 -0.327607 -0.655257 -1.178707 1.252693 -0.319254 1.715403 0.281597 -0.210404
5 -0.890122 0.573560 0.040304 -0.376417 1.839582 -1.255634 0.092778 0.086282 -1.750358 -0.021403 0.043791 -0.548797 1.809027 0.357409
2 -1.099573 8.396338 -0.660301 -0.610373 -0.563257 -0.924029 -0.414299 -0.496374 -1.193279 -0.546110 -0.303215 -0.694766 -0.574359 -0.316401
13 -0.066533 -0.088458 -0.248368 -0.395275 -0.381493 -0.216818 0.623485 -0.296575 -0.353263 -0.124042 -0.370893 -0.314029 2.476996 -0.244733
14 -0.379499 -0.290385 -0.543633 -1.514470 -0.698368 -0.329582 -0.390037 -0.843053 -0.157376 -0.944453 -1.571637 -0.924069 0.471511 8.115053
8 -0.012457 -0.672617 -0.317926 -0.177926 -0.638880 -0.467070 0.724809 1.094569 0.642643 -0.287831 -0.010646 -0.074340 0.236494 -0.038822
3 -1.451218 0.290345 7.937150 -0.905550 -1.241607 -0.683459 -0.477113 -0.416971 -0.932343 0.151001 -0.085804 -0.604450 -0.975418 -0.604561
12 -1.597103 -0.339673 0.126387 0.778992 0.100333 0.023314 -0.076950 -0.706765 0.562013 -0.770403 -0.097622 2.944562 -0.410912 -0.536173
6 -0.237185 -1.168320 0.214809 -0.963595 -1.564059 12.113238 0.526338 -1.224552 -1.894366 -1.493004 -0.972464 -0.959649 -1.363474 -1.013715
6 -0.034346 -0.272512 -0.214481 0.133863 -0.837027 1.784857 -1.210524 1.259920 0.301694 -0.797505 -0.590695 -0.114968 1.211495 -0.619771
3 -0.078014 -0.193515 3.504364 -1.356691 0.013232 -0.164421 -0.246040 -0.209978 -0.461882 -1.086309 0.557665 0.295508 -0.668300 0.094382
1 12.667958 -0.775615 -0.743560 -1.715665 -1.230441 -1.823620 -1.903560 -0.044181 0.071863 -0.880389 -1.639657 0.398546 -1.439873 -0.941806
2 -0.255781 1.526497 0.385024 0.313620 -0.402624 0.110499 -0.310392 -0.191758 -0.093900 -0.281537 -0.418483 -0.279849 -0.340523 0.239208
1 1.746295 1.563695 -0.854874 -0.576821 -0.217921 -0.069773 1.477252 -0.739337 -0.504695 -1.094432 -0.888135 0.129349 0.126541 -0.097145
5 -0.563573 -0.042385 -0.237494 -0.029628 1.789030 0.902740 0.445531 -0.268297 -1.650903 -0.777295 0.863803 -0.428415 0.037058 -0.040171
6 -0.164108 0.069979 0.074134 -0.561619 0.560243 3.081781 -1.773434 0.392089 -1.232373 -0.482464 -0.151914 -0.209639 0.177097 0.220228
3 -0.867293 -0.112166 4.894025 0.037864 -0.766319 -0.236783 -0.587107 -0.804983 -0.809494 -0.241360 -0.322481 0.484210 -1.618121 0.950008
6 -0.677766 -0.965975 -0.819419 0.865296 -0.581535 6.336279 -2.314636 -0.234671 -1.832674 0.875005 -0.540540 0.667361 -1.527906 0.751183
1 27.110056 -1.362758 -2.775870 -2.500934 -1.919947 -1.798579 -0.489702 -2.992539 -1.912713 -1.812859 -2.412909 -1.797723 -3.005680 -2.327845
14 -0.717420 0.582808 -0.611057 -0.554373 -0.404921 -0.754136 -0.354607 0.008314 0.174748 0.432628 -0.278140 -0.428789 -0.004056 2.909002
11 -0.802961 0.228767 -0.158583 -0.267454 0.650994 -0.198745 0.385855 -0.273914 -0.725399 0.745015 0.953478 -0.292059 -0.226082 -0.018913
11 -0.431697 0.375246 -0.099741 -0.050621 -0.043324 0.195911 0.349138 -0.179188 -0.774131 -0.027305 0.907385 0.013614 -0.673571 0.438285
12 6.209601 -1.271805 -1.275731 -0.771303 -1.743258 0.006329 -0.913988 -1.365158 -0.907741 -1.425350 -1.781592 7.554905 -0.720656 -1.594254
1 15.507253 -2.202394 -1.230424 -1.412854 -0.673994 -1.936793 -0.111696 -1.434242 -1.210407 -2.434691 -0.474127 -1.261782 -2.760771 1.636923
9 -0.562035 -0.810361 -0.115325 -0.205979 -0.392151 -0.529256 -0.591156 0.071695 2.131532 -0.159456 -0.714559 -0.123622 1.850479 0.150194
13 0.578737 -1.079100 -1.289479 -1.554158 -1.314678 -0.169261 2.862139 -0.580310 0.346193 -0.471210 0.351941 -0.932779 4.029122 -0.777158
14 -0.425296 0.215430 -0.748717 -0.413123 0.380087 0.376542 1.315737 -0.057778 -2.055667 0.571689 0.160725 -0.016393 -0.690155 1.386920
9 -0.154190 0.423358 -0.299207 -0.033857 -1.148528 -0.469207 0.173143 0.123635 2.011055 -0.865790 -0.334205 0.093302 0.275336 0.205155
3 -1.667933 -1.491106 17.510436 -2.135643 -1.429772 -1.446776 -1.194134 -1.113018 -1.219919 -1.403854 -1.083568 -1.140820 -1.174667 -1.009223
7 -3.949528 -3.590486 -3.703921 -5.006019 -4.231952 -3.862406 49.312454 -4.409099 -3.081940 -4.076676 -4.829542 -4.164486 -1.496441 -2.909956
11 -1.326385 -1.190105 -1.274843 -0.888067 -0.607909 -1.858676 0.549637 0.103427 -1.607987 -0.805270 11.111480 -0.946721 -0.904730 -0.353849
8 0.227866 0.679813 0.511576 -1.579773 -1.433295 -1.042552 -0.949468 4.512218 -0.418869 1.089048 -0.879509 -0.305672 -0.312637 -0.098747
9 -0.106458 -0.214485 -0.523234 -0.854600 -1.081050 -0.981938 1.157475 -0.658248 3.309656 -0.768320 -0.052212 -0.550541 0.490270 0.833684
7 -0.673260 -0.623647 0.542290 0.110239 -1.055706 -0.394855 3.023222 -1.115123 0.579756 0.165892 -0.523170 0.711134 -0.236691 -0.510080
6 -2.198387 -1.917615 -1.481006 -1.271634 -1.744179 20.601901 -1.886662 -1.842685 -1.254332 -1.362744 -1.703623 -2.182967 -0.170049 -1.586017
1 15.598536 -1.072064 -1.124920 -0.867295 -1.516432 -0.875757 -2.338292 -1.007680 -1.398581 -1.526279 -1.297768 0.898483 -1.804717 -1.667233
1 0.859357 -0.100611 -0.163097 0.238795 -0.296575 -0.273662 -0.404754 -0.185924 -0.032798 0.037424 -0.059179 -0.167349 0.055934 0.492439
9 -0.232467 0.321406 -0.427214 -0.771770 0.170747 -0.343464 -0.535224 -0.118931 3.536869 -0.295615 -0.541584 0.321914 -0.533304 -0.551363
5 -0.181491 -0.999031 0.496789 -0.927958 7.928415 -0.486206 -0.810764 -0.575670 -1.249352 0.239702 -1.307317 -1.225793 -0.789991 -0.111332
5 0.507931 -1.220866 -0.426109 -1.189521 2.707271 0.578723 -0.794114 0.200898 -0.233204 -0.576796 -0.593254 -0.155975 1.800297 -0.605280
4 -0.941670 -0.246586 0.072871 1.234477 0.324461 0.524196 -0.777686 -0.090485 -1.636220 -0.140965 1.027001 0.671748 -0.423525 0.402382
1 20.937531 -1.348786 -1.957490 -1.864460 -0.737547 -2.531086 -1.569482 -1.238136 -1.750591 -1.457438 -1.780330 -1.671758 -1.443872 -1.586554
1 2.221012 -0.095228 -0.161588 -1.097670 -0.395599 1.249715 -0.338874 -1.085760 0.828304 -0.691847 -0.623965 -0.624732 0.207968 0.608262
12 -0.599570 -0.346110 -0.574884 -0.369677 -0.432861 0.808264 0.272042 -1.308286 0.192577 -0.832647 -0.042439 4.490371 -0.391475 -0.865307
1 2.936070 0.641366 -0.094942 -1.156913 -1.308327 1.875184 -0.130864 -1.216193 0.207170 -0.826757 -0.414762 -0.591108 -0.505769 0.585844
1 41.057482 -3.119041 -2.943572 -3.278864 -3.191916 -2.666148 -3.132539 -3.421406 -1.944102 -3.099117 -2.947387 -3.184656 -4.070602 -4.058134
1 15.430815 -1.073242 -1.078019 -1.648107 -1.625314 -1.464876 -1.212776 -0.999181 -1.391495 -1.275955 -0.957161 -1.401474 -1.255248 -0.047968
1 21.385425 -1.081839 -1.284020 -2.027220 -1.226222 -1.986994 -1.628704 -1.687865 -1.860227 -1.267990 -1.709074 -1.989011 -1.986784 -1.649473
1 37.107682 -2.656450 -2.534113 -3.960614 -3.259404 -2.331147 -2.927431 -2.954882 -2.723544 -3.643409 -3.324325 -2.512953 -0.826054 -3.453357
1 32.722140 -2.470093 -2.622918 -2.112572 -2.539800 -2.562538 -3.351293 -2.133566 -2.524879 -2.147759 -3.111995 -2.037392 -2.644025 -2.463310
1 28.336222 -2.903536 -2.501283 -2.573504 -2.057443 -2.269162 -1.631712 -2.283206 -1.591566 -2.665060 -2.236732 -1.394732 -1.413276 -2.815012
1 30.316393 -2.113077 -2.274657 -1.488262 -2.362879 -2.373334 -2.853432 -1.929793 -1.254933 -2.280963 -3.011245 -2.404085 -2.906364 -3.063368
1 28.978866 -2.759084 -2.144919 -1.825546 -2.452388 -2.889111 -2.385089 -2.308634 -2.224238 -1.191256 -1.978329 -2.317385 -2.215428 -2.287460
1 31.082215 -2.841572 -2.654115 -3.093904 -2.222887 -2.517221 -1.957568 -2.227143 -1.659407 -2.491720 -2.298440 -2.530830 -2.702179 -1.885230
1 20.283688 -1.194767 -1.789066 -2.507112 -2.124899 -1.912774 -1.473403 -1.285372 0.868592 -2.539348 -1.656213 -1.897827 -0.482548 -2.288952
1 20.708812 -1.650650 -1.912124 -2.072698 -1.809439 -1.544576 -1.259271 -1.090862 -1.292573 -1.940294 -1.737634 -1.264935 -1.719407 -1.414347
1 0.880101 0.762692 -0.045270 0.380024 0.050047 0.008196 -0.311457 -0.373178 -1.377271 -0.042020 0.368175 0.063892 -0.471529 0.107598
1 18.034996 -1.979299 -1.047131 -1.594817 -1.691516 -1.304289 -2.132218 -0.797601 -1.028014 -1.069421 -1.561299 -1.759891 -1.038042 -1.031457
13 0.308480 -0.069490 -0.040724 -0.149150 -0.180472 0.000000 -0.039304 -0.029847 -0.213468 0.000000 -0.173077 -0.091902 0.721029 -0.042078
1 30.777397 -2.771905 -2.043946 -2.460580 -2.897436 -2.903180 -2.640055 -2.464067 -1.580025 -2.010967 -2.326513 -1.311605 -3.047797 -2.319322
1 21.646398 -1.723627 -2.303034 -2.335175 -2.049513 -1.722209 -1.520200 -1.088531 -0.558671 -1.979586 -1.979060 -1.139020 -1.416177 -1.831594
1 16.735235 -1.138916 -1.185968 -0.376937 -1.245302 -2.434477 -0.872667 -1.058123 -2.354718 -1.594161 -0.752650 -0.994928 -1.485585 -1.240803
1 27.488512 -1.914236 -1.721808 -2.876449 -2.601673 -1.255508 -1.153724 -2.625638 -3.441431 -2.765003 -1.947210 -2.308657 -0.558184 -2.318990
1 6.834639 -0.184748 0.112649 -1.040764 -0.071466 0.945019 -1.866296 -0.613226 -1.309521 -0.540423 -0.001117 -0.769559 -0.961204 -0.533984
5 -0.176162 0.030281 -0.018533 -1.029152 1.698486 0.417578 1.342026 -0.859781 0.193023 -0.268828 -0.249730 -0.188440 -0.730255 -0.160512
10 -1.261649 0.953811 0.374486 -0.122041 -1.670435 0.408841 2.805019 -1.188504 -1.271770 3.985343 0.828589 -0.820945 -2.851672 -0.169074
13 0.551682 -0.562648 0.796505 -1.008010 -0.279452 -0.291648 -0.216104 0.028562 0.561452 -0.103703 -0.183563 0.482611 1.010245 -0.785930
7 0.021811 -0.139406 -0.253200 -0.583930 -0.497484 -0.188266 1.642401 0.217856 0.929020 -0.462638 -0.212804 0.138009 -0.769972 0.158605
12 -1.106812 -0.829060 0.767934 -1.623152 -0.293676 -0.532985 -0.299927 0.186794 -0.941805 1.082907 0.869103 1.264898 0.224150 1.231631
10 -0.446252 0.070014 0.014924 -0.880393 -0.247603 -0.459658 0.465366 0.608815 -0.923221 2.247939 0.069750 -0.214016 -0.211177 -0.094489
7 0.088018 -0.159695 -0.178857 -0.584298 -0.249125 -0.179640 0.731961 -0.100541 0.597340 0.446946 0.080577 -0.163246 -0.226367 -0.103072
10 -1.630258 -1.821447 -1.990665 -1.676144 -1.797164 -1.613762 -1.562627 -1.525270 -1.906647 21.804945 -1.346873 -1.759200 -1.447675 -1.727212
11 0.990451 0.210788 -1.392419 -0.725102 -1.254481 1.243145 0.323209 -0.145626 -1.550023 -0.234691 3.165231 -1.613492 -0.542265 1.525277
6 -1.629421 -0.406045 -0.094736 -1.092351 0.246156 3.785609 0.204624 -0.374410 -1.005642 0.673455 -0.349526 -0.177121 -0.112402 0.331811
10 -1.458888 -0.452783 -1.289950 -1.073653 -0.380934 -0.718750 -0.053496 -0.843499 -2.097091 11.202326 -1.130346 -0.254523 -0.680747 -0.767666
8 -0.104250 -0.860130 -0.410117 -0.586115 0.375215 -0.586515 0.146455 1.462412 -0.327160 0.535350 0.098039 0.554250 0.524771 -0.822206
13 -0.259127 0.416971 0.135757 -0.386866 0.146098 -0.815210 -0.083840 -0.175041 -0.947099 0.225957 0.446104 0.332742 0.524794 0.438761
10 -0.746975 0.288465 0.224482 -0.066538 -0.391081 -1.404368 -0.889851 -0.075919 -1.316591 5.332626 -0.228288 -0.270469 -0.295819 -0.159676
7 -0.613222 -0.152845 -0.918177 -0.716828 0.232231 -0.899861 1.272684 0.462640 0.558339 0.023739 1.125276 -0.695059 0.026657 0.294426
10 -0.438015 -0.980018 -0.000644 -1.920355 -0.765750 -0.901463 -0.486600 0.430868 -0.433958 7.317369 0.057079 -1.017631 0.053304 -0.914187
10 -0.038092 -0.433369 -0.989844 0.390907 0.004128 -0.061026 -0.133024 -0.621441 -1.147420 4.362966 -0.323515 -0.395758 -0.796110 0.181600
4 -0.766656 -0.038244 0.304522 3.847083 -0.641879 -0.334919 -0.428788 -0.705958 -0.948767 1.239764 0.155773 -0.460727 -1.018221 -0.202982
13 1.025882 0.763532 -0.240428 0.320904 -0.826801 -0.559396 -0.208614 0.185560 1.324491 -0.289273 -1.113254 -0.547840 1.397006 -1.231767
2 -0.884049 9.434518 -0.725193 -0.880219 -0.324809 -0.891509 -0.495808 -0.752342 -1.129051 -0.535838 0.205894 -1.032567 -1.612934 -0.376090
7 -0.244468 0.299217 -0.070387 -0.521769 0.219835 0.352707 0.366393 -0.393027 0.246647 -0.221379 0.289760 0.134544 -0.357022 -0.101051
2 -1.173118 11.843874 -0.858724 -2.138037 3.404537 -2.350462 -1.293370 0.895783 -1.311182 -1.762950 -1.518031 -0.862085 -1.376751 -1.499483
2 -0.682896 1.580728 -0.367442 -1.325744 -0.230458 -0.372797 0.120141 -0.151186 -0.820664 0.921235 0.274222 1.152182 -0.326410 0.229090
7 0.262845 0.430895 -0.122205 -0.625750 -0.013597 0.157253 0.440151 -0.047839 0.190908 -0.275554 0.089710 -0.137758 -0.346804 -0.002255
2 -0.855272 12.434953 -0.952755 -0.746647 -0.606548 -0.450107 -0.753111 -0.534673 -0.989604 -1.336808 -1.245181 -1.254070 -1.527535 -1.182642
2 -1.202159 13.354110 -0.702420 -0.673228 -2.561578 -2.794628 -0.999350 1.327102 -1.722486 -1.064615 -0.977684 -0.304113 -1.119637 -0.559314
2 -1.342027 2.846507 -1.005808 -0.588042 0.241026 -0.632501 -0.630090 0.588992 -0.886122 0.328916 1.263370 -0.566572 -0.378316 0.760665
10 -1.639710 1.278946 0.341226 0.617369 -0.413189 -1.426164 1.123239 -0.094553 -1.332914 1.485241 0.166071 -0.460224 -0.647106 1.001767
2 -0.581889 9.847692 -0.719421 -1.183844 0.039157 0.209376 -0.965158 -1.010485 -0.601178 -1.097843 -0.817498 -0.991981 -1.408580 -0.718347
2 0.634252 10.356261 -0.722383 -1.584903 -1.076240 -0.112116 -1.151913 -0.725150 -0.571824 -1.265683 -0.833127 -0.580691 -1.415451 -0.951031
2 -0.049105 12.840258 -0.593626 -0.949781 -3.401809 -1.070165 -0.793025 0.418884 -0.973267 -1.377423 -1.165925 -0.733675 -1.188020 -0.963319
8 -0.447535 -0.440510 -0.014497 -0.378582 -0.496060 0.442776 -0.337539 0.904731 -0.085436 -0.123051 -0.110027 0.892959 -0.378985 0.571756
2 0.387098 4.444980 -1.320179 -0.192513 1.161674 -1.104797 -2.270198 -0.026348 0.554804 -0.033106 -1.055127 -0.297806 -0.032531 -0.215951
2 0.079995 2.650780 -0.710282 0.078253 0.036099 -1.294500 0.501191 0.192434 -0.922765 0.380559 0.502547 -0.521409 -0.509004 -0.463897
2 -0.158443 9.848568 -1.026405 -1.033603 -0.957929 -0.399168 -0.931431 -0.790200 -0.322425 -0.726185 -0.979178 -0.883199 -1.061525 -0.578875
2 0.158673 2.139564 -0.817977 -0.762126 1.644502 -0.164656 -1.577631 0.119073 -1.363323 0.220693 0.253827 0.669369 -0.442652 -0.077337
2 -0.396839 5.984180 -0.155225 -0.283798 1.761742 0.196536 -1.162382 -0.753084 -0.956354 -0.997924 -0.408597 -1.095079 -1.147903 -0.585272
7 -0.383503 -0.367130 -0.725201 -0.673470 0.183618 1.266390 1.439717 0.248208 -1.317825 0.317102 0.322264 -1.262501 0.973173 -0.020844
13 -1.202206 0.152089 -0.421184 -0.707008 0.303944 1.126978 -0.829388 0.618420 -0.440550 -0.098158 0.042474 -0.124516 1.238653 0.340452
7 -0.094987 -0.748887 -0.830045 -0.534516 -0.280391 1.206386 1.627653 0.155745 -0.599807 -0.899263 -0.350252 0.048903 0.415699 0.883762
5 -0.844105 -0.179647 0.369699 -1.024010 2.722789 -0.216040 0.495858 -0.381623 -0.864665 -0.438589 0.131861 -0.183641 -0.209941 0.622053
5 -0.483040 0.515681 0.022075 0.568812 1.202176 0.198659 -0.784178 -0.273614 -0.692382 -0.265777 0.527390 -0.030117 -0.354848 -0.150836
5 -0.251342 -0.184988 0.355908 -0.413818 2.028097 -0.704178 -0.118340 -0.372524 -1.101716 0.181682 -0.213253 -0.091037 -0.397857 1.283366
5 -0.594708 -0.786840 -0.610057 -1.041845 8.123534 -0.479729 -0.894524 -0.474410 -0.261988 0.016279 -0.885365 -0.805687 -1.848196 0.543535
12 0.328288 -0.731087 -0.162723 1.572411 0.379887 1.009911 -1.917043 0.588098 -1.697256 -0.708853 -0.146443 1.791447 -1.612961 1.306326
5 -0.230130 0.391449 -0.064010 0.158764 1.915946 -0.428200 0.310489 -0.098823 -1.118334 -0.743925 -0.033239 0.139750 -0.853301 0.653562
5 -0.192915 -1.504850 -1.201487 0.033497 3.380271 1.098467 -0.759994 0.510442 -0.692398 -0.192656 -1.089385 0.433282 -0.580398 0.758124
14 -0.087772 0.289749 -0.431168 0.237364 -0.527880 -0.330302 0.079503 0.127518 -0.532639 0.454646 -0.399343 -0.595074 -0.223335 1.938732
1 0.784804 0.003617 0.408569 -0.560029 -0.388558 0.109019 0.229667 0.296622 0.201036 -0.301329 0.130413 -0.090140 -0.422728 -0.400964
5 -0.366795 0.692665 -0.374536 0.013477 3.365379 1.093345 -0.619754 -0.565750 0.204252 -1.072327 -0.778266 -1.523701 1.253680 -1.321670
5 -2.761346 -2.219513 -2.367369 -1.143983 26.196683 -2.909555 -2.609847 -1.395029 -1.879025 -2.349305 -0.731137 -0.500298 -3.042365 -2.287910
5 -1.275065 -0.941513 0.068486 0.507836 7.565589 -0.992441 0.192442 -0.474386 -0.782877 -0.829962 -1.383809 -0.392831 -1.108187 -0.153281
5 -1.644536 -0.583497 -0.942544 -1.138209 17.895299 -2.137237 -0.962594 -1.600032 -0.890467 -1.991953 -1.115433 -1.450403 -1.292699 -2.145695
5 -1.095916 -0.971046 -0.713695 -0.158697 8.355390 -0.964731 -0.738227 -0.861649 -0.133666 0.257147 -0.738900 -0.253318 -1.235313 -0.747378
5 -1.586267 -1.304097 -1.788625 -0.670065 18.797977 -1.878021 -1.328408 -1.638430 -0.274155 -1.681645 -1.517660 -1.912843 -1.286683 -1.931079
5 -0.794631 0.645637 -0.726866 0.122379 1.978012 0.166087 -0.208336 -0.191039 -1.033968 -0.145033 0.857473 -0.729205 -1.237420 1.296910
5 0.159832 -0.860554 -0.712920 -1.787862 7.903323 -1.401872 -0.272464 -0.883379 -1.140064 -0.562768 -0.464433 -0.656658 1.279029 -0.599211
5 0.026720 0.149080 -0.341863 0.125597 2.118810 1.123566 -0.553148 -0.344941 -0.911060 0.366528 0.154388 -0.292845 -0.661173 -0.959660
11 -0.243344 -0.852479 -0.598753 -0.893050 -0.726042 -0.451897 -1.053261 -0.715398 -0.237905 -0.843009 8.524538 -0.621725 -0.761937 -0.525738
11 -1.278980 -2.242225 -2.262458 -2.837397 -1.169588 -1.176597 -4.751380 -1.680659 -3.245684 -2.025270 28.416617 -2.071268 -2.602127 -1.072984
7 0.589599 -0.783811 -0.292781 -0.847203 -0.028078 -0.172348 3.693155 0.221460 -0.158516 -1.233426 0.270429 -0.505973 -1.097125 0.344620
11 -1.200509 -1.390414 -1.623615 -1.622949 -1.433690 -0.901578 -2.302540 -1.074862 -1.038726 -1.684528 19.202475 -1.509484 -1.267580 -2.152000
11 -0.590618 -1.067710 -1.722931 -1.423669 -1.053922 -1.318050 0.485204 -0.050171 -0.672972 -0.905685 10.322544 -1.115325 -0.297411 -0.589283
11 -0.936654 0.001053 -0.332728 0.126964 0.094275 -0.470771 -0.165677 -0.527226 -1.183637 -0.201953 4.145813 -0.218807 -0.605505 0.274853
11 0.698576 0.386916 -0.625813 -0.443483 -1.016945 0.022954 0.187555 -0.217573 -0.276309 0.155002 2.643629 -0.792901 -0.859817 0.138210
1 1.563276 0.384114 -0.312794 0.073368 -0.459303 -0.637854 -0.261177 0.238805 -0.355813 -0.556830 1.095218 -0.486876 0.178658 -0.462791
11 0.486458 -1.246142 -1.119138 -1.148625 -1.616530 -0.749037 -1.288216 -1.157903 -1.524094 -1.981339 14.670755 -1.015440 -0.998070 -1.312680
11 -1.722318 -2.528224 -1.430977 -1.763994 -2.053385 -1.404279 -3.608668 -2.352407 -1.613787 -2.822112 27.721527 -1.953215 -2.701400 -1.766758
11 -0.988441 -2.040811 -1.455788 -1.157909 -0.989554 -1.211961 -2.432500 -0.761521 -1.090241 -1.836769 17.549235 -0.666034 -1.487244 -1.430461
11 -1.337631 -1.785333 -1.007818 -1.635769 -0.998836 0.551475 -1.933064 -1.040840 -0.619271 -1.363567 14.343595 -1.438114 -0.356693 -1.378135
11 -0.595169 -0.959491 -0.612412 -0.596184 -0.810511 -0.638190 -1.357567 -0.275063 -0.125890 -1.012163 8.521084 -0.440294 -0.486009 -0.612139
11 -0.693652 -0.409725 -0.514788 0.501555 0.234597 -1.493224 -1.689644 -0.329860 -0.891837 0.222660 5.666080 0.655627 -1.171005 -0.086784
11 -0.840794 -0.509748 -0.906715 -1.468203 -1.222744 -0.413283 -1.582202 -1.025099 -0.930418 -0.937079 12.633089 -0.936561 -0.959045 -0.901198
11 -1.691881 -2.340564 -1.854290 -1.778312 -2.277471 -2.485401 -4.474860 -2.382939 -1.653704 -2.845547 30.278965 -2.054460 -1.716363 -2.723172
11 -1.265515 -1.836608 -1.278275 -2.042329 -1.539807 -1.516610 1.224383 -1.586821 -1.051060 -1.733414 17.978686 -1.522703 -1.712367 -2.117560
11 -0.863821 -1.192812 -1.233159 -1.986848 -0.929518 -0.705931 -1.304876 -1.020131 -0.957620 -1.902743 15.663057 -0.934121 -1.290103 -1.341375
11 -0.255166 -0.411926 -0.761421 -0.558774 -1.368017 -0.581978 -0.779337 -0.921386 -0.653535 -0.719943 9.246980 -0.611965 -0.793514 -0.830018
9 -0.109346 -0.122821 -0.121883 0.000000 -0.089837 -0.049007 0.666187 -0.043072 0.692535 -0.090708 -0.173008 -0.046861 -0.117025 -0.395153
11 -0.788114 -1.265375 -0.301700 -1.138950 -1.817267 -0.295456 -0.033716 -0.398378 0.266914 -1.309910 9.747609 -0.805840 -1.431578 -0.428240
5 0.793248 -0.360568 -0.271065 -0.415869 1.310822 0.646534 -0.601727 -0.353451 0.464677 -0.394227 -0.591377 0.650654 -0.475264 -0.402387
14 -0.158076 -0.020850 -0.258883 1.296306 -0.119900 -0.679818 0.811820 -0.551760 -0.202537 -0.877556 0.255704 0.028864 -0.990506 1.467192
7 -4.246178 -2.879222 -3.325246 -3.065685 -4.383061 -4.593544 50.424421 -4.755479 -1.729130 -3.181675 -5.129891 -4.214140 -4.071719 -4.849451
11 -0.247145 -0.146425 -1.046753 0.990446 -0.179420 -0.197590 -0.320163 -0.684696 -0.265605 -0.292803 1.444310 0.630763 -0.388380 0.703459
7 -0.076627 -0.238470 -0.530647 -0.047668 -0.279455 -0.701666 1.720634 0.014867 -0.173988 -0.234371 0.980568 -0.358706 -0.403425 0.328955
7 -5.421452 -5.450520 -5.504488 15.546125 -2.247660 -5.746741 48.906952 -5.318630 -5.285007 -5.571649 -6.123636 -5.879091 -6.076441 -5.827760
1 3.709682 -0.280927 -0.679155 -1.168016 -0.940107 -0.422963 -0.621022 0.113824 -0.472191 -0.490776 -0.258949 0.143816 0.130070 1.236715
4 -0.648902 -0.177724 0.347868 4.006861 -0.790908 -1.003126 -1.354402 -0.185897 0.180766 -0.371939 -0.361137 0.047087 -0.075166 0.386620
5 -0.677936 -1.181139 -0.367427 1.055528 8.986025 -0.765236 -1.012680 -1.438803 -0.601624 -0.317026 -0.896545 -0.495572 -0.827200 -1.460366
4 -1.103427 0.545057 0.053721 1.202049 -0.165103 -0.119169 -0.296853 -0.229813 0.754805 -0.529424 0.128537 -0.078240 -0.569081 0.406939
4 -0.345396 -0.041234 0.163178 3.676082 -0.570284 1.149907 -0.339820 -0.721198 -0.502954 -0.776414 -0.293522 -1.147729 0.606266 -0.856881
8 0.784805 -1.246645 -0.949288 -0.971145 -0.717013 0.151700 -0.798437 5.315919 0.423584 0.056146 -1.544533 -0.491039 -0.193726 0.179671
4 -0.424925 -0.910272 -0.692371 5.314304 -0.536584 0.058452 0.242479 -0.958246 -0.448145 -0.321453 -0.158147 -0.729091 -0.795301 0.359300
4 -0.758737 -0.415018 -0.792738 4.054951 1.119750 -1.117819 -0.300821 0.341748 -0.281135 0.000180 0.283525 -0.515812 0.205701 -1.823775
1 0.761114 -0.135927 -0.391827 0.231914 0.315679 0.597751 -0.693637 0.175924 -0.107050 -0.546987 0.499677 0.144499 -0.866697 0.015568
4 0.077424 -0.477557 -0.803823 1.642690 -0.016042 -0.441751 1.294181 -0.330868 0.144166 -0.511840 -0.492155 -0.149501 0.023994 0.041083
7 -5.035006 -3.340103 -3.521257 -3.485267 -3.871930 -4.918025 49.050167 -4.232577 -0.767193 -3.365196 -4.064260 -4.194288 -4.156328 -4.098735
4 0.026969 -1.016129 -0.073535 3.117597 0.015092 -0.276913 -0.683975 -0.065834 -0.423078 -0.517966 -0.472776 -0.437935 1.147730 -0.339247
1 1.066988 -0.156096 -0.394892 0.019135 -0.602026 0.316958 0.329122 0.585223 0.440619 -0.252358 -0.526417 -0.041718 -0.401671 -0.382866
1 1.161236 -0.144193 -0.568333 0.147641 -0.617184 0.090060 -0.060131 0.924514 -0.310874 -0.110685 -0.403631 -0.557199 -0.141844 0.590622
7 -0.006929 -0.485092 -0.295775 -0.449201 -0.074607 -0.339914 0.391129 -0.139569 0.301406 0.149378 0.278477 0.205284 0.333868 0.131543
4 -0.046819 -0.063003 -0.022127 0.301266 -0.199304 0.300172 -0.096637 0.134724 0.239548 -0.117343 -0.122250 -0.121569 -0.173689 -0.012970
12 -0.171929 0.084487 0.037282 0.550529 0.258777 0.534817 -0.944113 -0.583351 0.614121 -0.437237 -0.795386 0.759233 -0.426051 0.518820
3 -1.223758 -0.822540 8.948531 -1.178987 -1.260124 -0.474595 -0.399981 -0.559456 0.209509 -1.061166 -0.803278 0.746828 -1.152160 -0.968823
3 -1.100592 -0.260165 4.930206 0.152986 -0.642054 -1.025036 -0.345984 -0.847878 -0.430110 0.777849 -0.550491 -0.622820 -0.213102 0.177190
6 -0.074076 0.840736 -0.627504 -0.792683 -0.154471 1.297266 0.194812 0.048797 -1.200431 -0.083007 0.924822 1.045635 -1.142632 -0.277262
3 -1.122602 -0.159086 3.857020 -0.881896 -1.431439 -0.085497 2.058779 0.557608 -0.384476 -1.053028 -0.107962 -1.318307 0.283276 -0.212388
3 -0.176937 -0.161060 3.473480 -0.876002 -0.365510 -0.326184 0.186721 -0.237328 0.588761 -0.860003 0.024011 -0.122067 -0.773712 -0.374169
1 0.000000 0.000000 0.000000 0.000000 0.000000 0.000000 0.000000 0.000000 0.000000 0.000000 0.000000 0.000000 0.000000 0.000000
10 -0.187809 -0.768231 1.086397 -0.278829 -1.132683 -1.824187 -1.005469 2.662355 -0.098029 2.888915 0.054593 -0.200973 -1.174509 -0.021543
3 0.206610 -0.424419 0.835111 -0.351707 0.765204 0.465344 -0.968225 0.254568 -1.396568 -0.589270 -0.129601 0.637211 0.190282 0.505463
3 -0.519391 -0.802148 5.650476 -0.861232 -0.434035 -0.007627 -2.139260 -0.171908 -1.426840 1.186068 0.439184 0.125866 -0.835746 -0.203406
3 -0.122955 0.164762 2.525650 -0.582737 -0.327454 -0.049299 -0.193515 0.008117 -0.638883 -0.063447 -0.102341 0.551012 -0.973225 -0.195684
3 -1.260836 -0.880555 6.201991 0.848011 -0.659191 -1.006630 -0.796006 -0.289247 -1.329020 -0.819930 0.400676 0.499180 -1.400111 0.491668
7 -0.313678 0.402929 0.035746 -0.703837 -0.197456 0.126541 1.425971 -0.301448 -0.189607 -0.131284 -0.176141 -0.212750 -0.532576 0.767591
3 0.650838 -0.653874 3.191098 -0.936112 -0.288254 -0.396381 -0.101667 -0.361664 0.370852 -1.619553 -0.357951 0.629484 0.322551 -0.449367
3 -0.740281 -0.012732 3.147280 -1.069237 -0.235223 0.337407 -0.089764 -0.324372 1.082836 -0.612644 -0.447477 -0.159144 -0.457232 -0.419416
6 -0.572422 -1.879962 -1.735388 -0.423795 -1.052885 13.922573 -0.405987 -1.846555 -1.157359 -1.347188 -0.763256 -0.311272 -1.215105 -1.211399
6 -0.174944 -0.660483 -0.317110 -0.266134 -0.705478 2.899042 -0.100716 0.460669 0.234505 -0.194272 -0.645546 -0.667671 0.480945 -0.342808
1 3.734811 -0.908974 -1.278199 -0.698765 0.426197 2.149266 -0.200091 -0.408315 -1.057897 -0.490109 -0.205642 -1.159261 -0.006981 0.103958
6 -5.032833 -4.219703 -4.243753 -4.604652 -2.842395 55.060394 -4.459611 -4.923381 -4.555911 -4.620161 -4.531460 -2.340016 -4.496413 -4.190103
6 -1.637879 -0.580660 -0.738842 0.147515 0.054308 7.059634 -0.555419 -0.360412 -1.116536 -0.650082 -0.981876 -0.128332 -0.340664 -0.170753
6 -2.750241 -2.340705 -2.368637 -2.362145 -2.479035 33.600789 -3.206209 -2.299287 -2.749418 -2.441376 -2.378091 -2.299851 -3.873850 -2.051942
6 -0.512075 -1.287138 -1.381846 -1.069545 0.397619 7.424991 -1.162297 0.027625 -1.672618 -0.810552 -0.098605 -1.106438 2.943862 -1.692981
6 -2.067333 -2.012216 -1.496566 -1.763254 -1.980033 24.528007 -2.231205 -1.839949 -1.325341 -1.904078 -1.564834 -2.006849 -2.431631 -1.904719
6 -5.032833 -4.219703 -4.243753 -4.604652 -2.842395 55.060394 -4.459611 -4.923381 -4.555911 -4.620161 -4.531460 -2.340016 -4.496413 -4.190103
6 -0.523133 -0.058964 -0.792205 -0.458394 0.098730 2.769229 0.065636 0.143312 -0.147479 -0.125734 -0.941443 -0.287271 0.190045 0.067671
9 -0.020757 -0.908212 0.090616 -0.721540 -0.311883 0.206434 0.177180 -0.001552 0.864242 -0.593765 0.049074 0.383507 0.795795 -0.009137
6 -0.583810 -0.473433 -1.302374 -1.572240 -0.194801 6.222139 -0.242472 0.640238 -1.222746 0.061315 -0.161079 -0.441680 -0.436229 -0.292830
6 0.468599 -2.503544 -2.930424 -3.265614 -2.954389 27.611098 -1.776466 -1.029191 -2.290420 -2.618271 -2.828892 -2.319037 -1.894896 -1.668552
6 -4.202622 -3.202672 -2.349467 -2.312634 -3.200427 39.944432 -3.993512 -2.922861 -2.927724 -2.311054 -3.316586 -3.186288 -3.536198 -2.482387
5 -0.409945 0.051013 0.341631 0.058085 0.796908 0.291216 0.639467 -0.836023 -0.814583 0.151961 0.455911 -0.200739 -0.466886 -0.058017
6 -2.172519 -2.829824 -0.677283 -2.879345 1.281291 16.406754 -2.202338 -1.696586 -1.885109 -1.239238 0.554169 -2.328109 -0.808672 0.476811
7 -0.386611 0.626777 0.120139 -0.570048 0.242844 0.014181 0.663363 -0.269064 0.540914 -0.215914 0.209351 -0.269474 -0.596062 -0.110394
6 -0.850803 -1.348157 -0.404877 -0.776024 -0.552343 4.316523 -1.220803 -0.316640 -0.667713 0.889185 -0.194651 -0.454239 -1.208738 2.789278
6 -5.032833 -4.219703 -4.243753 -4.604652 -2.842395 55.060394 -4.459611 -4.923381 -4.555911 -4.620161 -4.531460 -2.340016 -4.496413 -4.190103
7 -0.104808 0.517329 -0.247669 0.103292 -0.155179 0.579654 0.697083 0.042245 -0.014205 -1.149846 0.320990 -0.185768 -0.218714 -0.184403
6 0.596846 -1.981025 -0.378507 -0.935803 0.575198 4.310754 -1.706518 0.790284 -0.332505 -1.892209 -0.458807 -0.334345 0.690444 1.056193
6 -5.032833 -4.219703 -4.243753 -4.604652 -2.842395 55.060394 -4.459611 -4.923381 -4.555911 -4.620161 -4.531460 -2.340016 -4.496413 -4.190103
6 -0.708710 0.384605 -0.601104 0.057426 -0.621818 2.424948 -0.062955 -0.433688 -0.413704 -0.186587 0.355963 0.417660 -1.275221 0.663185
6 -0.517163 -1.142892 -0.704153 -1.134750 -0.966122 8.147664 -0.451515 -0.703765 0.126480 -0.382648 -0.347251 -0.776186 -0.593279 -0.554420
3 -0.332058 -0.334483 2.449635 -0.196673 -0.136073 2.040816 -0.468510 -0.561946 -0.242996 0.454012 0.247129 -1.345046 -1.095455 -0.478352
13 0.481604 -0.682168 -1.004464 -0.582955 -0.279011 -1.271940 -2.652519 -0.661318 -0.296492 -1.177629 -1.262522 -0.678162 9.337311 0.730266
1 1.267893 -0.254827 -0.354275 -0.856494 0.165972 -0.300594 0.910353 -0.211647 0.107402 -0.815220 -0.157168 -0.174431 0.871238 -0.198202
14 0.019105 0.384637 0.709291 -0.962883 0.080954 -0.261469 -1.175900 0.044231 -1.336588 1.109305 0.055208 -0.593787 -0.001623 1.929517
8 -0.174254 0.187258 -0.245532 -0.354062 -0.576461 0.458711 -0.453961 0.842400 0.246469 0.086069 0.766446 0.093502 -0.998127 0.121542
4 0.273610 -1.109322 -0.575586 1.487813 -0.881362 -0.693702 -0.336215 0.031587 0.977400 -0.326257 0.522260 0.444069 0.522674 -0.336967
13 -1.471891 -0.735009 -0.634831 -0.509875 0.270618 0.297578 -0.789518 -0.464556 -0.656878 0.307984 0.046829 -1.364799 5.892510 -0.188161
13 0.400596 -1.362490 -0.225060 0.505869 0.386529 -0.401768 -0.388550 1.029020 0.524658 -0.161967 -1.211041 0.415489 1.225920 -0.737205
13 0.410951 0.526676 0.317412 -0.235384 -0.341756 0.528190 -1.004829 -0.135653 -0.230163 0.355353 -0.382375 -0.726125 1.642422 -0.724719
13 -0.657569 0.022880 -0.320145 -0.581910 0.311905 0.184014 -0.064266 -0.435815 0.348947 0.308046 -0.438883 -0.469025 2.505858 -0.714037
13 -1.553285 -0.152595 -0.691100 0.049786 0.090975 -0.831665 -0.873089 0.577884 -0.897415 -0.347512 -0.179779 -0.558462 6.103567 -0.737310
13 -0.905979 -0.599789 -0.378763 0.656452 -1.706161 -0.123287 0.530931 0.047360 1.754443 -0.016360 -0.876262 -1.015239 2.899308 -0.266655
13 -0.394465 -1.055204 -0.784963 -1.277591 -0.125817 0.040756 0.654936 0.328334 1.449044 -1.116888 -0.588732 0.085008 3.150372 -0.364792
13 -0.041873 -0.886109 -0.405013 -0.299746 0.020596 -0.063045 -1.159131 -0.407189 0.726085 0.207769 -1.393266 0.069492 3.781381 -0.149951
13 0.180393 -0.383726 0.148977 -0.582867 -0.369662 -0.325146 -0.033134 0.665381 0.596580 -0.457992 -0.454448 -0.189121 1.513266 -0.308500
13 2.571224 -0.982681 -0.386803 -0.693927 -0.663402 -1.352460 -0.910893 -0.895521 -0.921270 -1.527528 -0.338614 1.025660 5.926803 -0.850588
13 -1.528628 -0.678479 0.159526 3.926581 0.001302 -0.763069 -1.827587 -0.455896 -0.675619 -0.779693 -0.733086 -0.961584 5.600632 -1.284399
13 0.910803 -0.043175 -0.006298 -0.705470 -0.275218 -0.018732 -1.365154 -0.918724 0.837579 -1.092253 -0.350694 -0.922561 5.023368 -1.073472
8 -0.806413 1.915942 -0.349218 -0.124443 -1.592412 -1.024700 -0.402959 4.534086 -1.226285 0.392162 0.044461 0.044792 -1.290386 -0.114627
1 0.823957 0.182012 0.054707 -0.119502 -0.152016 -0.519497 -0.582413 0.820363 -0.090319 -0.048619 -0.736413 -0.008591 0.786995 -0.410663
12 0.031577 -0.175111 -0.446376 -0.040320 -0.194386 0.066862 0.352211 -0.069691 0.385024 -0.114151 -0.119112 0.778425 -0.147121 -0.307830
13 -0.754792 -0.863401 0.027893 -0.663117 -1.527540 -1.319100 0.340185 -0.288305 -0.603219 -1.466724 -1.609651 0.741528 7.695567 0.290677
7 0.371908 -0.075877 -0.313600 -0.564082 -0.477192 0.649730 0.705457 0.382443 0.035226 -0.584496 -0.166020 -0.213147 0.207244 0.042406
13 -0.266131 -0.109422 -0.506111 0.011376 -0.660932 -0.588169 0.621952 -0.235165 -0.235505 -0.519880 -0.899576 -0.735507 4.927712 -0.804642
1 1.336599 -0.368984 -0.067487 -0.936726 -0.389673 0.504305 0.407512 0.750735 -0.270726 -0.512193 -0.160685 -0.515256 0.779596 -0.557017
13 -0.063940 0.402576 -0.079183 -0.043045 -0.934608 -0.340469 -0.157758 0.032829 0.437890 -0.988751 -0.924023 0.330589 2.833207 -0.505316
13 0.458106 -0.715583 -0.914222 -0.851962 -0.221598 -0.310635 -0.328940 0.122153 0.034655 -0.722391 -0.013462 -0.114795 3.959085 -0.380411
7 -3.913396 -4.754077 -4.921060 -4.707218 -4.944932 -4.531783 52.274228 -3.597806 -3.387895 -4.434919 -3.255657 -4.058294 -2.964634 -2.802557
7 -0.500066 0.468054 -0.367337 -1.103182 -0.162872 -0.656396 3.554117 0.071395 -1.237275 0.072840 0.795543 0.184577 -0.708262 -0.411134
7 -4.302197 -4.646376 -4.970373 -4.785588 -4.181010 -3.544861 51.269895 -3.696291 -3.632656 -4.056826 -2.407768 -4.345708 -2.361662 -4.338579
5 -0.259853 0.073867 -0.271447 -1.142881 2.199086 -0.082994 1.032814 1.183897 -1.229639 -0.086247 -0.646858 -0.449584 -0.526450 0.206290
7 -0.203516 -2.008808 -1.914008 -4.086904 -0.583107 -2.487925 20.188679 -0.787926 -1.136214 -1.730215 -1.131365 -2.001286 -1.379920 -0.737485
7 -0.940306 -0.059827 -0.134235 -0.467976 -0.107454 1.558514 2.235488 -1.014912 -1.517253 -0.058693 -0.648052 -0.447224 -0.273650 1.875581
7 -4.275996 -3.945597 -4.116857 -4.644904 -4.094842 -3.910684 55.745780 -4.265833 -4.102226 -4.142136 -4.919046 -4.673521 -4.279922 -4.374216
7 -0.836424 -0.260626 -0.073111 0.017826 1.010806 0.055280 3.556540 -0.546036 -0.519171 -0.138202 -1.531054 0.333946 -1.300234 0.230459
7 -4.475530 -4.806877 -4.377852 -4.840216 -3.797054 -4.574111 58.391818 -3.382634 -4.576370 -4.701825 -5.186367 -4.124433 -4.784848 -4.763701
7 -0.561293 0.331571 -0.059369 -1.121306 -0.355592 0.652855 2.333902 -0.555296 -0.006885 -0.630607 -0.692091 -0.388491 0.614601 0.438001
7 -4.177711 -4.187874 -4.796117 -4.528030 -4.158434 -4.529535 53.064596 -4.697017 -3.825629 -3.840096 -4.848430 -3.789132 -0.892083 -4.794507
7 -4.164007 -3.444127 -3.997003 -4.375403 -3.503403 -4.549296 49.506193 -4.375863 -4.253442 -2.552750 -3.691687 -4.228237 -4.422276 -1.948699
7 -4.852769 -5.801301 -5.128748 -6.292120 -5.714762 -4.671255 67.117271 -4.422611 -4.689234 -5.505593 -5.552207 -4.221094 -3.995014 -6.270562
7 -3.796002 -3.821267 -3.910271 -4.770709 -3.446033 -4.520464 54.291906 -4.225925 -4.311542 -4.351064 -4.850925 -4.400851 -3.848742 -4.038110
12 -0.200751 -0.607613 0.207009 -0.486990 0.072157 -0.157703 -0.875674 -0.004146 -0.319887 -0.115442 0.139731 1.916218 0.153682 0.279409
7 -4.120049 -3.849810 -3.864587 -4.218646 -3.887458 -3.825081 53.386437 -4.057334 -3.727300 -3.977351 -5.282198 -4.076855 -4.168311 -4.331455
7 -6.341176 -5.056175 -5.473839 -5.167471 -5.668269 -5.896895 70.463396 -4.616297 -4.807808 -6.065400 -6.239758 -4.288167 -5.284100 -5.558039
7 -0.236212 -0.085100 -0.574216 -0.666104 0.183660 -0.632562 3.685770 -0.348516 -0.435325 -0.454069 -0.376068 0.514046 -0.451351 -0.123954
7 -5.542459 -3.685539 -3.657206 -3.888318 -2.980155 -3.843106 51.104125 -4.153647 -4.576801 -3.866563 -3.343537 -3.744725 -3.937002 -3.885065
11 -0.415994 -1.115009 0.092597 -0.995676 -0.249881 -0.466747 -2.030512 -0.845936 -1.043052 -0.240233 8.747450 -0.073175 -0.903643 -0.460189
7 -4.177818 -4.040995 -4.077945 -4.508224 -3.910399 -4.392037 55.089102 -4.521280 -4.489153 -4.656553 -3.919209 -4.112073 -4.739540 -3.543874
7 -3.500482 -3.954657 -4.147858 -4.654073 -4.062433 -4.506958 53.322637 -4.099047 -3.911381 -3.922445 -4.872076 -4.264141 -4.592027 -2.835057
7 -3.793967 -4.893689 -5.196429 -5.532661 -4.902130 -5.029178 61.131909 -4.919123 -4.358614 -4.644342 -4.676548 -5.040703 -3.791422 -4.353102
7 -1.223276 -2.712811 -4.349258 -4.384919 -4.419513 -4.980668 51.720913 -3.411852 -4.849923 -3.609081 -4.457138 -4.468103 -4.009404 -4.844965
7 -4.786232 -4.393996 -3.036375 -4.349821 -3.161842 -4.495882 50.951410 -4.153807 -4.205129 -3.886710 -3.413983 -4.693673 -3.794955 -2.579003
12 -0.918718 -0.081074 0.181902 -0.774218 -0.404812 -0.450097 0.390439 0.113065 -0.086386 0.128547 0.649797 2.017426 -0.390214 -0.375656
13 -0.442332 -0.478355 1.296569 -0.038482 -0.950284 -0.514983 -1.553801 -0.777131 -0.503166 0.144202 -0.164785 0.837199 3.449309 -0.303960
12 -1.023341 -0.323650 0.461483 0.472628 -0.413189 0.442107 -0.209503 0.310752 -0.818857 0.195412 -0.209725 0.783773 0.675704 -0.343594
12 -0.056303 -0.794828 -0.733589 -0.145259 -0.648857 0.827240 0.669720 0.187244 0.236265 -0.254943 -0.540152 1.139141 0.475645 -0.361324
9 -0.391538 0.367503 -0.241284 0.147698 -0.807376 -1.063374 -0.968750 -0.512794 2.214495 -0.178856 -0.286905 1.297316 0.034971 0.388893
14 0.210370 -0.222192 -0.245569 -0.700583 -0.204164 0.188846 0.313571 -0.129920 0.461777 0.168574 -0.093344 -0.080118 -0.281240 0.613993
12 -2.287630 0.779469 1.689563 -0.430014 0.463482 -0.854572 -1.047455 -0.525361 -1.207812 0.344023 0.067215 2.245677 -0.071291 0.834706
8 0.153774 -0.036099 -0.219368 -0.699099 -0.116673 0.125946 0.285197 0.724745 0.112022 -0.274466 -0.010322 -0.137758 0.225955 -0.133854
12 -0.809038 -0.292307 0.020723 -0.503518 -0.368864 -0.543711 1.533684 -0.929169 0.023547 -1.174408 -0.461313 4.917416 -0.327878 -1.085164
7 0.459749 0.220686 -0.349120 0.058101 0.021039 -0.846403 0.572782 -0.067533 -0.962563 0.246980 0.288114 -0.124019 -0.039435 0.521624
10 0.234184 0.378302 0.162901 -0.996923 -0.218800 -0.248325 -0.050552 -0.254677 0.231765 1.232481 -0.322815 -0.052270 -0.024026 -0.071244
5 -0.443391 -0.743089 0.124335 -1.147228 1.445774 0.100647 0.545173 -0.093803 -0.173482 0.136802 -0.431964 -0.017907 0.518514 0.179619
12 -1.732019 -0.803055 2.239991 -1.345342 -0.820449 -0.793950 -1.209886 -0.479122 -0.001096 -1.449709 -0.894917 8.509265 -0.561840 -0.657870
12 0.115267 -0.002410 -0.292816 -0.709856 -0.169426 -0.007824 0.339991 -0.177361 -0.239958 0.146261 0.396357 0.978518 -0.382957 0.006214
12 -0.322614 0.382170 -0.886073 -0.183793 -0.069773 -0.239166 -0.654323 -0.086124 0.581272 0.261812 -0.063190 1.442391 -0.011555 -0.151034
12 -0.879359 0.063143 -0.356343 0.696218 -0.201696 -0.701744 1.564011 -0.706583 -1.651956 0.022405 0.106185 2.295821 -0.271124 0.021022
5 -0.692562 -0.356790 -1.442613 -1.353779 7.874826 -0.960577 -0.773149 -1.344441 0.390669 -0.148195 -0.917132 1.737283 -1.086291 -0.927251
12 -0.483466 -0.216912 0.769859 0.156856 -0.001788 -0.341096 -0.111741 -0.187000 -0.480658 -0.110874 0.387913 0.781284 -0.938888 0.776511
12 -1.393626 -0.973882 -0.501191 -0.121265 0.003188 -1.090026 -0.451000 0.198452 -0.830593 2.229309 -0.900633 3.957538 -0.093399 -0.032872
12 0.025076 1.297344 0.362499 -0.247769 -0.805659 -1.122358 -1.122764 -0.578580 -0.840939 1.557490 -0.124329 1.612980 0.072749 -0.085740
14 0.240539 -0.634591 -0.799342 -1.041991 -0.683426 -0.054601 -0.451848 -0.161183 -0.060202 -0.576562 -0.710608 2.024280 -0.258944 3.168480
12 -0.625845 0.065032 -0.193821 0.014020 -0.563959 0.074161 0.405840 -1.016146 -0.446150 -1.370179 0.087824 5.451653 -1.244394 -0.638036
6 -0.016832 0.344259 -0.051034 -0.839786 -0.634761 0.640760 0.227200 0.330918 0.171564 -0.282672 0.577303 0.259475 -0.432017 -0.294377
14 -1.023996 -0.624072 -1.015225 -1.015062 -1.567009 -0.426364 -0.725523 -0.969470 -0.560242 0.148706 -0.540779 0.312530 -1.808594 9.815101
1 1.302399 0.886428 -0.031318 -0.721196 -1.412128 -0.189271 -0.063954 -0.688463 0.722681 -0.617503 -0.262348 -0.026714 0.242556 0.858832
14 -1.352917 -0.955262 0.104063 -1.413938 -1.750699 -1.956878 0.039110 -1.044662 -1.472020 0.910495 0.491107 -0.972726 -0.668872 10.043199
14 -1.494364 -0.997897 -1.042191 -1.037972 -0.605421 -0.497213 -0.648325 -1.064612 -0.307773 -0.964965 -1.023047 -1.843500 -0.315113 11.842394
2 -0.861341 1.724578 -0.537772 -0.057469 -0.701560 -0.235695 0.152991 0.110263 -0.036111 -0.274270 -0.415958 -0.197508 1.359544 -0.029691
14 -0.147311 -0.054995 -0.835538 0.428891 -1.056393 -0.243552 -0.728600 0.331869 -0.973900 0.274730 0.111354 -0.265045 0.486025 2.672466
2 -0.480295 1.037173 -0.420037 -0.769563 -0.282291 0.318686 0.025438 -0.040543 -0.125361 -0.457999 0.265630 -0.284464 0.503375 0.710250
14 0.302875 -0.234537 -0.056180 -0.066860 -0.155311 -0.348847 -0.078793 -0.101066 -0.026189 -0.197670 -0.144663 -0.106464 -0.223888 1.437593
14 0.603633 -0.609344 -0.454023 -1.961249 -1.333111 -1.067533 -0.393975 -1.004160 -0.301182 -0.419565 -1.119841 0.264417 0.127349 7.668584
14 -0.753524 -0.731980 -0.461589 -0.791949 -0.585192 -1.195542 -0.565528 -0.423544 -0.917548 -0.560481 -0.465028 -0.927480 -0.525323 8.904709
7 -0.601336 -0.018029 -0.463982 -1.379815 -0.480603 0.180721 2.199287 0.325145 0.898011 -1.251362 -0.368613 0.070131 0.261733 0.628712
10 0.429313 0.785475 -0.811339 -0.285029 0.235321 -0.618715 -0.093415 -0.019696 -1.060031 0.789471 0.194045 -0.305486 0.597305 0.162781
10 -0.224085 -0.593312 0.077356 -0.648967 0.817068 0.126323 -0.972940 -0.301981 0.197576 0.994057 0.456313 -0.016458 -0.359703 0.448753
9 0.349526 -0.448381 -0.578026 -0.773685 -0.044193 0.389329 -0.097305 0.604885 1.069827 -0.605506 0.283447 -0.440938 -0.562977 0.853996
5 -0.009888 0.419586 0.004047 0.081930 1.722683 0.002747 0.042657 -0.570280 -0.643076 -0.490716 0.303001 0.200892 -1.175811 0.112228
14 -0.889973 -0.321884 -0.038245 -0.168267 -0.263909 -0.437329 0.365805 -0.241628 -0.601571 0.014616 0.911697 0.008251 -1.295035 2.957471
14 -0.927127 -0.020147 -0.116166 -0.791757 -0.303717 -0.885188 0.308469 0.151824 -1.085025 -0.481940 0.102894 -0.098118 -0.698478 4.844474
14 1.544686 -0.319423 -0.407435 -0.633679 -0.152718 -0.375874 -0.065234 0.150059 -0.409937 -0.473336 -0.266526 -0.011869 -0.352736 1.774023
14 0.264660 -0.114393 -0.130734 -1.002472 -1.161126 -1.599847 -1.167917 -0.739347 0.464534 -0.942329 -1.251906 -0.870638 0.656102 7.595413
14 -0.076601 -0.943946 -0.443585 -1.267471 -0.352452 0.506646 -0.447091 -0.565345 -0.345327 -0.025231 0.175093 0.494693 0.108816 3.181801
14 0.386000 0.079432 -0.281737 -0.179822 0.492029 -0.551008 0.235488 -0.139484 -0.988713 0.709209 0.365311 -0.391846 -0.872313 1.137454
14 -0.072623 0.055807 -0.160018 0.248798 0.525420 -0.102010 -1.274311 0.348986 -0.289860 -0.225556 -0.216525 -0.617022 0.826783 0.952132
8 -0.549044 0.569498 -0.601304 -0.429689 0.062210 0.723266 0.370362 2.077697 -0.825061 -0.768350 0.031840 -0.359246 -0.435009 0.132830
8 0.305736 -0.940281 -0.894549 -0.604674 -0.354102 0.244850 -0.166841 8.025000 -0.431962 -1.494422 -1.278845 -0.195797 -0.329833 -1.884280
5 -0.572788 -0.321631 -1.563043 -2.488325 12.715267 -0.161695 -1.755023 0.117534 -1.556426 -0.865772 -1.005448 -0.555492 -0.839155 -1.148001
8 -0.840798 -1.542377 -1.112805 -0.776854 -1.008194 -1.257919 -0.527076 12.418315 -0.759151 -0.765131 -1.832031 -0.661911 0.093603 -1.427671
8 1.334723 0.091843 -0.305758 -0.857477 -0.466660 -0.716493 -1.157923 3.561710 -0.514314 1.252638 -0.875222 -0.275379 -0.416680 -0.655008
10 0.414752 -0.124215 -0.051966 0.761081 -0.369802 -0.128959 -0.112368 -0.937050 0.401989 0.991428 0.427100 -0.521578 -1.228888 0.478477
8 -0.546674 -0.747980 0.129323 -1.977940 -1.036739 0.988624 0.059328 5.381485 -0.233741 -0.644144 -1.223612 -0.653828 1.280924 -0.775026
8 -0.475466 -0.627651 -1.006736 -0.371912 -1.424278 -0.303059 -0.941876 7.098202 -0.837411 -0.862003 -0.490317 0.834123 0.375212 -0.966825
8 0.033550 -0.670304 -0.924234 -0.836007 0.328910 -0.819327 -1.656564 8.872841 -1.188251 -0.810077 -0.722551 0.371669 -1.617598 -0.362054
1 1.162570 0.287771 -0.560021 -0.155830 -0.072972 0.231230 -0.219597 0.570093 0.022067 -0.518124 -0.329450 0.566043 -0.809040 -0.174739
8 -0.868888 0.294113 -0.396602 -0.564268 -0.076540 -0.049752 -0.363540 1.687968 -0.515634 -0.007809 0.075342 0.249212 -0.922764 1.459164
8 -1.152044 -0.819797 -0.095173 -0.481598 0.278118 0.176206 -0.782887 7.705497 -0.431083 -0.890474 -0.950262 -1.204429 -0.819574 -0.532500
2 -1.247821 0.981595 -0.082162 -0.236112 0.038360 -0.282441 -0.550439 0.133452 -0.499997 0.342061 -0.500043 0.972708 0.122932 0.807907
7 0.414821 0.070098 -0.328616 -0.853561 -0.047150 0.115408 1.062247 -0.106417 0.350556 -0.243668 0.149417 -0.248118 -0.014804 -0.320213
8 -0.909880 0.853519 -0.565953 -1.241353 0.007046 0.645505 -0.437441 2.118359 0.886124 -0.308613 -0.211673 -0.745842 -0.819851 0.730053
5 -0.636494 0.920940 -0.197518 0.374510 1.507292 -0.204984 -0.587382 -0.012120 -1.108950 0.278312 -0.712112 0.432867 -0.061322 0.006963
9 -0.026509 -0.528083 -0.556651 -1.322251 -1.338940 0.025533 1.114852 0.604254 2.287485 -0.987258 -0.063715 -0.529345 1.504684 -0.184057
8 -0.590203 0.542380 -1.399681 -0.345473 -0.512569 -1.088865 1.161601 3.138184 0.207461 -0.778854 0.532981 -0.614765 -0.266394 0.014197
6 -0.025747 0.203810 -1.372914 -0.719011 -0.535597 1.846205 -0.158523 -0.315439 -0.809005 0.794810 -0.118286 0.558872 0.122835 0.527990
8 -0.628116 -0.618681 -0.980715 -1.198046 -0.675194 1.405142 1.033080 5.182190 -1.113908 -0.839270 -0.516314 -0.352535 -0.631565 -0.066071
2 0.764025 1.382595 -0.170635 -0.674995 -1.390458 -0.090458 -0.214523 1.294798 -0.062714 0.753171 -0.918645 -0.153494 -0.311164 -0.207503
8 -0.636525 -0.631062 0.186754 0.445729 -0.843984 0.906185 -0.304891 2.541558 -0.148064 -0.958886 -0.318108 -0.462875 -0.048937 0.273105
2 -1.334979 2.344269 -1.047694 -0.070610 0.175339 0.173270 0.406204 -0.768805 -0.834536 0.229201 0.982405 0.216414 -1.001003 0.530524
7 0.482884 -0.843728 0.272163 0.187226 1.194396 -0.418540 1.290180 -0.317108 0.334818 -0.519273 -0.384089 0.346155 -1.351318 -0.273767
9 0.098192 0.276513 -0.420468 -0.671945 -0.029396 -0.425769 0.441736 -0.398020 2.639517 -0.685416 -0.270347 0.192260 -0.559153 -0.187704
9 -0.338430 -0.565057 -0.176152 -0.180665 0.518331 0.292026 0.974890 -0.162052 1.091104 -0.589688 -0.255085 0.017013 -0.261475 -0.364758
10 1.349504 -0.501670 -0.552516 -0.325779 -0.255557 -0.606188 0.252126 -0.548168 0.541136 1.458331 -1.004125 0.434598 1.053095 -1.294786
9 0.953954 -0.950763 -0.084348 -1.097363 0.516927 0.119515 0.403341 -0.496969 2.966096 -0.652724 -0.031558 -0.926905 -0.476752 -0.242450
13 0.076900 -0.440653 0.628306 -1.229234 -0.770256 -0.584337 -0.223462 -0.433214 1.518247 -0.703107 -0.566536 -0.221734 3.215936 -0.266855
13 0.517425 -0.313508 0.219139 -0.427290 0.065697 -0.457981 -0.010726 -0.363678 0.176658 -0.571422 0.118619 -0.373822 1.662620 -0.241731
9 0.000000 0.000000 0.000000 -0.008774 -0.067685 0.000000 -0.006008 -0.063616 0.399521 -0.060784 -0.030914 0.000000 -0.090328 -0.071412
14 -0.173144 0.425001 -0.250950 -0.022109 -0.379291 1.137379 -1.007094 -0.488856 0.158819 0.006755 -0.276795 0.491961 -0.942902 1.321224
9 -0.114543 -0.431565 -0.278512 -0.903751 -0.009676 -0.039841 0.039257 0.049454 1.504604 0.133105 0.218128 -0.644726 0.771676 -0.293610
9 0.438486 -0.224694 -0.131548 0.572572 -0.186708 -0.192912 -0.367341 -0.193589 0.824996 -0.214681 -0.096615 -0.205585 0.005776 -0.028157
9 -1.068800 -0.598462 0.587563 -0.890421 -0.221485 -0.901367 -0.381818 -0.077396 2.638219 0.581202 -0.672904 0.390587 -0.178798 0.793881
3 -0.348861 -0.441167 0.740473 -0.535330 0.722270 -0.000967 -1.059245 0.694615 0.724198 0.257013 -0.074247 -0.221311 -0.474167 0.016724
9 0.641896 -0.507338 -0.085681 0.663476 0.431267 0.200757 -0.504413 -0.326331 1.024671 -0.109300 -0.317709 -0.547651 -0.301091 -0.262551
14 -0.066840 -0.215654 0.714836 -0.315046 -0.506372 -0.105438 0.041831 -0.387562 0.333720 0.215445 -0.239801 -0.676799 -0.115689 1.323368
10 0.480041 -0.381031 -0.300096 -0.890470 0.526021 0.083827 0.313798 -0.216851 -0.000736 0.683200 -0.897990 -0.071860 0.441405 0.230743
14 0.052480 -0.315720 -0.758754 0.389808 0.216658 -1.051019 0.064133 -0.667650 0.056622 0.101874 0.025767 -0.230370 0.061833 2.054338
4 0.407411 -1.011982 -0.239995 2.261086 0.132329 -1.284353 -0.777202 -0.289934 1.445834 -0.268270 -0.927335 0.307432 0.789114 -0.544135
6 -0.187498 0.023087 -0.284776 -0.918506 -0.122077 1.081804 -0.429249 0.143744 0.505491 0.165183 -0.550019 -0.415969 0.679786 0.309000
