7 -5.186646 -7.765918 -5.914947 -5.206797 -5.739312 -5.326200 45.889634 -6.820162 -4.748146 -6.130867 25.003782 -5.341697 -5.824158 -6.888565
8 -0.011174 -1.098894 -0.383037 -1.147747 0.325787 -0.494886 -0.333075 2.105872 1.819126 -0.290447 -1.044325 -0.367086 -0.940583 1.860470
9 -0.268189 -1.976593 0.202346 -0.003993 0.520500 -1.355784 -2.135179 -0.815089 4.287442 0.314566 0.246413 -0.753305 1.964298 -0.227433
1 19.310524 -1.062829 -2.308586 -1.699062 -1.718183 -1.571472 -1.898281 -1.287976 -0.713062 -1.793529 -1.748142 -0.511858 -1.647707 -1.349836
4 0.010315 0.711512 0.101666 1.304608 0.053650 1.153531 -1.034389 -0.816596 -1.382596 -0.584531 0.468556 0.147897 -0.993442 0.859821
1 2.918591 -0.232605 -0.426275 -0.052537 -0.280439 -0.273252 -0.656361 -0.157846 0.149126 -0.208272 -0.248631 -0.129031 -0.110721 -0.291748
6 -1.253131 -0.224221 -0.569113 0.055038 0.800458 2.035686 -0.176353 -0.191539 -0.069652 -0.741422 -1.131276 1.682452 0.358935 -0.575864
4 -1.011224 0.311984 0.718554 0.908303 0.503504 -0.015936 0.448460 -0.870500 -0.259566 -0.387894 0.535044 -0.255046 -0.118978 -0.506705
5 -2.330892 -0.205453 -1.884727 -0.712387 14.004729 2.827351 -2.891460 -1.506554 -2.106391 -2.112032 -1.908713 2.723939 -2.395737 -1.501672
5 0.717782 0.892554 1.030679 -0.980051 2.625473 -0.263484 -1.930113 -1.071237 -1.396396 0.479010 -1.205767 0.823833 -1.226732 1.504448
10 -0.543480 0.020640 -0.537739 -0.969502 0.303833 0.749456 0.231812 -0.716267 -2.350517 1.997667 -0.483054 0.771709 0.056045 1.469397
3 0.694491 -1.498972 3.999859 -0.649375 0.445337 -0.664657 -0.499400 -0.675292 -0.368272 0.455082 -0.699895 -0.470815 0.164999 -0.233090
3 0.013955 -0.441181 7.092196 -1.635680 -0.805360 -0.349599 -0.350805 -0.542521 -0.021247 -0.862825 -0.548808 -1.898652 -0.122143 0.472669
4 -1.894083 0.456227 0.016438 1.127214 0.598460 -0.131688 -0.004282 0.191360 -1.730792 -0.262862 0.764421 0.487799 -0.633645 1.015433
1 67.857686 -4.838946 -5.050934 -5.108796 -5.710207 -5.550929 -5.476667 -5.537327 -5.035419 -5.381343 -5.142423 -4.964604 -6.468456 -3.591631
11 -2.570991 -1.398781 1.222519 -0.713817 -1.451297 -1.759065 -2.281411 -2.535817 -0.029898 -3.487644 18.889032 -1.754190 -0.751348 -1.377290
4 0.151173 -0.914291 0.107439 3.905033 -1.368258 0.594685 1.354321 -1.031613 -0.033541 -0.370736 -0.775315 -0.634667 -0.110026 -0.874204
12 1.060750 -0.949860 -0.011410 0.733477 0.141575 -1.797212 -0.926111 -1.470621 0.569372 0.203959 -1.265468 4.553113 -1.182372 0.340807
3 -0.412092 -0.811173 2.246912 -0.152451 -0.939570 0.537853 -0.644923 -1.031362 -0.571800 1.046959 0.528308 0.203484 -0.288458 0.288312
11 -0.569936 -2.128102 -2.009882 -2.129833 -0.831030 -1.060086 0.827425 -0.716615 -0.659490 -2.517943 15.316700 -0.675426 -1.489372 -1.356408
3 0.044836 -1.561331 8.516246 -1.045408 -0.760114 -0.424460 -1.123178 -0.325721 0.048936 -0.860956 -0.552137 -0.397183 -0.855635 -0.703895
12 0.040826 -0.222942 1.048008 -0.192876 -0.168164 -0.363102 -1.336089 -0.626184 -0.240677 0.647066 -0.559561 1.770999 0.063790 0.138907
14 -1.191757 -0.556024 0.053779 -0.041563 0.474051 0.917813 -0.127041 -2.268289 -0.884914 0.301408 0.886697 0.390409 -0.120719 2.166148
6 -0.759889 -0.904366 -0.829979 -1.176239 0.009235 2.312744 -0.024970 -0.420359 1.959796 0.335226 -0.399694 -0.003274 -0.280710 0.182480
2 -0.885469 1.604205 -0.528173 -0.835795 0.817017 -0.090116 0.183712 0.543126 -1.338022 -0.568568 -0.439721 -0.178552 0.804147 0.912209
8 -2.099539 -0.017685 -0.776094 0.974137 -0.093355 -0.405197 0.845869 2.879840 -0.363174 -0.576816 -0.077489 -0.551966 -0.646967 0.908437
14 0.453661 0.293065 -1.201456 -0.535603 0.021870 0.540849 0.088997 -0.588607 0.123965 -0.441561 -0.012115 -0.178267 0.293035 1.142166
2 -0.246453 7.329680 -1.332776 -0.595069 0.011484 0.568257 -0.734382 -2.565172 -0.297682 0.625642 -1.835270 -0.921408 1.239389 -1.246238
1 33.907747 -3.877170 -3.054861 -3.463171 -1.924204 0.057692 -4.254569 -1.930107 -4.092507 -2.645386 -1.240349 -2.457358 -3.215622 -1.810133
14 0.136971 0.524486 -0.283870 -0.006818 -0.123284 -0.412945 -1.548430 0.187294 -0.748031 1.336228 -1.054999 0.508706 0.109957 1.374736
5 -0.556290 -0.004535 -0.830829 -0.844175 8.349901 -0.833939 0.109185 -0.814120 -0.514915 -0.965831 -0.402360 -0.817259 -0.896789 -0.978042
6 -0.421213 -0.271618 0.212233 -0.540738 -0.152049 1.124942 -1.038946 0.460175 -0.505235 0.485104 0.139534 -0.804140 0.240560 1.071391
6 -0.447144 -1.608884 0.051042 -2.042146 -0.186197 6.420290 -1.274659 -0.919003 -0.210397 -0.793794 -0.961641 -0.386361 0.165920 2.192974
14 0.690900 1.101236 -1.331160 -0.110635 1.068808 -0.240810 -1.164553 -0.076578 -0.650370 -1.245625 -0.170521 0.208446 0.131440 1.789422
7 -3.831143 -3.468886 -4.011265 -3.749462 -3.843250 -4.404563 51.082230 -4.160664 -5.092257 -3.312046 -3.304423 -3.509652 -4.876748 -3.517872
14 -0.017805 -4.230246 -2.005725 0.676781 -0.908558 -0.899223 -0.123164 0.257178 -1.278238 0.018022 -1.679194 0.083220 -0.936052 11.043003
13 -0.119775 1.319637 -0.738207 -0.184079 0.383494 -0.976841 0.618732 -1.058842 -0.372943 -0.937117 -0.470407 -0.128582 3.557727 -0.892797
2 -2.508777 11.706488 -1.586823 -0.700166 -1.336939 -1.043637 0.172631 -1.731725 -1.614793 -1.467804 5.464731 -1.825273 -2.299246 -1.228667
2 -1.384294 9.201954 -0.143310 0.570713 -0.276024 -0.451457 -0.321536 -1.995073 -1.429562 -0.754714 -0.933832 -0.123300 -1.164345 -0.795221
1 2.480129 -0.543376 -0.738135 -0.036473 -0.559022 -0.946987 -0.299956 -0.326931 -1.011623 -0.028626 -0.051775 0.494721 -0.278048 1.846102
7 -0.977096 -1.060036 -1.019777 -0.622504 0.473849 1.477259 2.854761 0.310769 -2.043239 -0.455063 0.806547 -0.724804 0.055366 0.923969
3 1.626252 0.469941 3.199201 -0.370372 -1.377250 -2.821402 -0.126814 0.682400 -1.119762 0.090663 1.427125 0.731229 -1.258182 -1.153029
13 0.484777 -0.685589 -0.767473 -0.850292 1.601797 -0.193534 -0.038903 -0.250964 -0.335144 -1.403644 0.086830 -0.219836 3.111985 -0.540010
3 -1.614208 -2.022267 23.379192 -1.635527 -1.825697 -1.552012 -1.837069 -1.739288 -1.837496 -1.690058 -2.292657 -1.719904 -2.084942 -1.528065
6 -3.863942 -2.551691 -0.147777 1.406394 -2.146588 14.675965 -2.787803 -1.337811 -0.570272 -1.993287 -1.633433 -0.199639 2.061527 -0.911644
12 -0.532420 -1.335571 0.546218 -1.670930 1.146501 0.399062 -1.078012 -0.590739 0.500174 1.218369 0.815371 1.670314 -0.155749 -0.932588
6 -0.470342 -1.733308 1.167955 0.089606 0.289134 1.887014 -2.490232 -0.534940 0.021478 1.705418 -1.153440 0.838128 -1.485246 1.868775
13 -0.984296 -0.775027 -0.007061 1.240603 -0.154484 0.182711 1.332818 -1.993172 -1.519361 0.858761 -1.086016 -0.146902 3.224082 -0.172654
11 -2.160801 1.929131 -0.687266 0.269852 -1.266854 -0.857493 -1.847477 -0.777415 -1.150672 -0.816651 9.704813 -0.768278 -0.865819 -0.705069
1 2.133856 0.215345 -0.886638 -1.113830 -0.068107 -1.257408 -0.420621 1.282781 0.425627 -1.278710 -1.100152 0.065087 2.084607 -0.081836
14 -0.337910 -1.794210 -0.293554 -1.589981 0.472448 -0.387997 0.534588 -1.278473 -0.229885 0.500695 -0.932631 -0.156445 -0.549719 6.043075
1 0.855432 -0.218312 0.380439 -0.447820 -0.672154 0.805080 0.345162 -1.343482 0.033265 -0.323790 -0.395786 0.342193 0.815196 -0.175422
14 0.443313 -2.453573 0.068708 -0.757051 -0.693116 0.377835 -2.654361 -1.440361 0.077937 -0.273538 -1.309219 -0.173272 -1.488262 10.274959
11 -1.712429 -2.125038 -3.048311 -2.213132 -1.424883 -3.354537 -6.064064 -3.967807 -1.983688 -3.383941 32.345723 -0.364746 -1.088941 -1.614203
7 0.629090 -0.211838 -0.981763 -0.675441 -0.970755 0.459545 4.417365 -1.444136 -0.094861 -1.063216 -0.226252 -0.214867 -0.469834 0.846963
6 -0.989658 -0.088194 -1.077068 -1.009876 0.178627 6.915225 -0.802046 0.327295 -0.817623 -1.062675 0.080885 0.130177 -1.377315 -0.407753
4 -3.128802 -3.957496 -2.170478 40.624486 -4.328375 -3.659409 -3.721998 -2.624322 -2.566166 -2.566408 -2.946272 -2.933232 -3.336495 -2.685033
4 -3.026965 -4.077387 -2.906016 41.717989 -3.921877 -3.361381 -2.484655 -3.114345 -3.316583 -2.928149 -3.226829 -2.973516 -3.678504 -2.701783
4 -3.040171 -0.441395 -2.184578 23.172191 -1.701003 -2.557504 -1.293179 -0.513976 -3.497104 -0.992818 -1.298094 -2.848927 -2.982016 0.178574
7 -3.716181 -3.038670 -4.198731 -4.129070 -4.962685 -2.960426 53.931492 -5.928163 -3.954406 -4.352051 -5.365729 -3.931139 -4.221810 -3.172432
7 -5.048181 -3.156440 -5.690770 -5.552837 -4.691511 -4.932757 57.761356 -4.708445 -5.207428 -4.102772 -3.415783 -4.387320 -2.698468 -4.168642
7 1.971980 -1.348873 0.906212 -0.799067 -0.973471 -0.606734 4.406296 -1.315675 -0.631420 -0.366056 -0.878445 0.396856 -0.292875 -0.468730
7 -4.490107 -6.028250 -5.550214 -5.798427 -5.909297 -6.004840 69.327832 -4.548170 -5.310332 -5.112379 -4.376181 -5.468546 -5.023909 -5.707179
7 -3.326471 -4.381292 -4.732601 -4.644856 -4.192978 -4.775536 51.991380 -3.249222 -4.036661 -3.867806 -3.794877 -4.762996 -3.687042 -2.539042
6 -1.910500 -0.804534 -0.869453 -1.107206 -1.013622 13.707018 -0.166093 -0.585244 -1.702847 -1.036164 -1.300557 -1.329990 -1.298721 -0.582087
9 -1.066385 0.135835 -0.040766 0.479979 -0.390059 -0.221375 0.296861 -0.147949 1.760734 -0.291210 0.699770 -0.386079 -1.133934 0.304578
10 -0.444140 0.325332 1.537547 0.228522 0.855647 0.269396 -0.995002 -1.668669 -0.897373 2.623114 -0.292638 0.908196 -2.207292 -0.242639
8 -0.330346 -0.650038 -0.801464 -1.016018 0.321077 1.936455 0.352217 2.574288 1.134505 -1.169415 -0.805490 -0.780047 -0.204934 -0.560790
8 -1.574672 2.003893 -1.177285 1.450982 0.347634 -0.830586 -0.775211 3.224763 -0.396408 -0.757794 0.680132 -0.886031 -0.964040 -0.345379
6 -0.374397 -1.795690 0.316688 0.132964 -0.539309 2.550379 -2.069909 -0.756543 1.672404 0.326643 -1.909698 -0.327279 0.601840 2.171907
4 -4.583610 -3.159937 -3.646133 41.237093 -4.420107 -3.817898 -0.905826 -2.733160 -1.980570 -3.601456 -4.176809 -3.474994 -1.205889 -3.530705
4 -3.814499 -4.808883 -1.898674 40.824215 -3.172227 -4.085966 -3.965890 -3.299069 -3.357167 -1.269462 -3.394719 -3.148230 -1.068240 -3.541192
4 -3.970563 -4.146230 -2.317309 41.655731 -3.867466 -3.734145 -3.062371 -4.109834 -0.824557 -3.261221 -3.625423 -2.365096 -3.768908 -2.602608
11 -0.193467 -1.183581 -1.263623 -1.889307 -0.774853 -1.072963 -3.207156 -1.575911 -0.660880 -2.393877 17.147404 -1.016196 -0.417007 -1.498583
7 0.079725 0.065235 -1.050664 -1.183524 0.305729 -0.810667 2.623915 0.335927 -0.560060 -0.452240 0.860018 -0.917329 0.551333 0.152602
13 -0.403288 -0.346565 -0.792087 0.215915 -0.091054 0.150780 -1.040913 -0.202850 0.882194 -0.376189 0.376516 0.170450 1.239022 0.218070
4 -3.671364 -2.451563 -2.703886 41.176718 -4.185536 -3.503248 -0.956996 -2.745395 -3.768787 -3.493539 -1.613783 -4.636932 -3.846184 -3.599505
5 -2.689746 -0.679996 -0.890458 -0.573852 18.965722 -1.972823 -1.537493 -1.361108 -2.579686 -1.529640 -1.190654 -0.906062 -2.445117 -0.609086
13 -0.728912 -0.124427 -0.145455 1.055673 -0.151654 1.362899 -0.210100 -1.883272 -0.613805 -0.325382 -0.647168 -0.877630 2.857244 0.431990
13 -0.132743 -0.611206 0.108380 0.357181 -0.009602 -0.487266 0.191184 -0.669749 0.514656 0.026703 -0.332187 -0.148667 1.314844 -0.121530
11 -1.743300 -0.642634 -0.875604 -3.264512 -1.246163 -1.793485 -0.479223 -1.365626 -1.979579 -2.677836 20.071709 0.032310 -2.008425 -2.027630
11 -4.314569 -2.267916 -3.547451 -2.455854 -2.882597 -3.046065 -3.091861 -2.804812 -3.100094 -3.944984 41.174712 -3.054582 -3.392424 -3.271499
11 -0.291814 -0.766203 -0.856192 1.112445 -1.633781 -0.285406 -3.665875 1.232487 -2.633879 -1.647217 10.364924 0.060693 -0.829704 -0.160478
6 0.425284 -0.052064 1.159776 -2.342808 0.558844 2.765291 -0.715702 -0.787502 -1.116753 1.588548 -1.704026 -0.054581 -0.641748 0.917441
1 28.523445 -0.810399 -2.128677 -2.943804 -2.036696 -2.224905 -2.028848 -2.712870 -3.262091 -3.214654 -2.359555 -2.540446 -1.421633 -0.838865
13 -0.846611 -1.282147 0.961237 -0.417381 -0.774017 -0.665167 0.707705 -0.633363 -1.812478 -0.727992 -0.033241 -1.461224 7.350781 -0.366102
3 0.860136 -0.923758 2.759394 0.314634 -0.667306 -1.191669 -1.104146 -0.756558 1.714262 -0.443302 -1.784293 0.051243 0.600829 0.570534
4 -2.591305 -3.481813 -3.066306 41.679039 -3.983138 -3.973288 -2.953195 -2.813281 -3.597235 -3.136615 -2.679398 -3.416781 -2.930581 -3.056104
4 -2.252241 -0.101244 -2.242237 41.330537 -3.151625 -3.333347 -4.329550 -2.798611 -5.062918 -4.135379 -2.202876 -3.775426 -4.458348 -3.486733
2 -1.630060 9.811136 0.172716 0.348122 -0.637686 -0.103464 -1.613319 -1.177748 -1.576352 -0.984688 -1.112874 -1.175924 -0.942014 0.622154
3 -0.570746 -0.191120 1.082829 0.778237 0.054640 -1.017689 -0.740830 -0.874470 -0.046919 1.024742 0.157674 0.307633 -0.738096 0.774114
1 0.000000 0.000000 0.000000 0.000000 0.000000 0.000000 0.000000 0.000000 0.000000 0.000000 0.000000 0.000000 0.000000 0.000000
2 -3.577219 14.689638 -0.645421 -0.175265 -0.591818 -0.978968 -1.044484 -0.869122 -1.845886 -0.882226 -0.702798 -1.418141 -1.377275 -0.581014
3 -0.121053 -0.497133 1.253900 -0.014275 0.344320 -0.630763 -0.512882 -0.614741 -0.685751 0.901734 -0.307601 -0.074303 0.427557 0.530991
1 28.456143 -3.427223 -1.822669 -1.650948 -1.999469 -1.586826 -0.351645 -1.755370 -2.782060 -4.022444 -1.181344 -2.684258 -2.683239 -2.508648
7 -5.717378 -4.518074 -4.788041 -5.109278 -5.381392 -5.456605 67.906095 -5.472217 -6.087864 -4.703445 -3.915579 -5.198157 -5.823655 -5.734409
6 -5.097338 -3.638867 -3.061073 -3.549208 -4.109695 47.625667 -3.771247 -3.359686 -3.055101 -3.789349 -3.859491 -3.363770 -3.345158 -3.625684
4 0.914117 -1.976888 -0.769087 1.284034 -0.159496 0.315517 -0.207324 0.255056 -0.513831 0.011920 0.240230 0.036986 -0.210565 0.779332
13 -0.788330 -0.745648 -0.316829 -0.888467 1.163289 1.768965 -5.863666 -1.181876 0.594400 2.098340 -0.783459 -1.097828 5.136191 0.904918
1 3.185018 -0.344809 -1.003710 -1.558259 -0.152064 1.090366 0.147645 -1.460676 -0.686894 -0.000694 -0.181991 -0.350169 0.034844 1.281395
3 -1.485398 0.017808 2.007069 0.445092 -0.043976 -0.775245 1.710069 -0.484126 -1.539615 0.012642 0.154105 -0.094005 -0.636165 0.711743
10 0.579256 -0.500609 0.947492 -1.460864 -0.311062 -0.191564 -1.227474 -0.775067 -0.166076 2.209231 -0.492055 0.100409 -0.499783 1.788166
1 3.182905 0.785187 -0.792905 0.277219 0.376834 0.285701 -0.973501 -0.891219 -0.839603 -0.631216 -0.724887 -0.206390 0.373255 -0.221379
5 -0.441614 -0.534097 -0.703570 -1.930796 2.960302 1.174780 0.736780 1.688384 -0.731222 0.997320 -0.482097 -0.934982 -0.362238 -1.436948
7 -2.519552 -3.580704 -3.188962 -4.031726 -4.108585 -4.692599 50.739434 -3.770688 -4.741354 -4.571500 -3.210375 -4.091204 -4.023290 -4.208896
2 0.000000 0.399521 0.000000 -0.044023 -0.015789 -0.158653 -0.142257 0.399521 -0.024531 -0.061289 -0.137262 0.000000 -0.183800 -0.031437
11 -0.305436 0.620153 -0.346672 -1.563526 -0.293052 0.199851 -0.667195 -1.245970 -0.513278 -1.362916 7.924736 -0.743164 -1.095573 -0.607958
10 1.050383 -1.415777 0.297923 -0.392933 0.007600 -0.482207 -3.217881 -0.874046 0.232396 5.461866 0.004470 0.367077 -1.182429 0.143557
1 1.679920 0.797684 -0.292682 -1.467049 0.077512 -0.746351 0.594760 -1.030551 0.412299 -1.008923 -0.211851 0.930398 -1.144176 1.409009
13 -0.514182 -0.481879 1.872116 -0.361087 -0.289553 -0.325275 -0.823506 -0.503711 -1.188548 -0.135704 -0.402580 -0.425746 4.452556 -0.872901
2 11.495285 15.822734 -4.043512 -2.816259 -1.325146 -0.651677 -3.661321 -2.389343 -1.993638 -3.316887 -0.805227 -2.458668 -1.881359 -1.974984
7 0.499462 0.055193 -0.302756 -0.854056 0.055682 0.082598 0.847302 0.144676 0.083741 -0.405341 0.133468 -0.064050 -0.024773 -0.251146
2 -0.786166 10.216000 -1.558206 -1.412228 -0.399961 0.155086 0.682357 0.259234 -0.132581 -1.455779 -2.106104 -2.235527 -0.995566 -0.230557
4 -1.008075 0.447348 0.200108 0.894455 0.137592 -0.210787 0.007809 -0.206749 -1.161418 0.330891 0.355675 0.250505 -0.620894 0.583539
4 -3.935988 -4.456655 -3.833500 39.610038 -4.826248 10.872231 -5.283959 -4.227212 -4.367204 -4.153696 -5.057863 -3.745404 -2.341385 -4.253156
1 52.785422 -4.050528 -4.112637 -4.470815 -3.849129 -3.897162 -4.055948 -4.051153 -3.128071 -4.009099 -3.993533 -4.307593 -4.187511 -4.672241
1 52.026072 -2.326167 -3.937026 -4.347340 -4.191396 -3.955414 -5.559582 -3.438330 -3.916957 -3.181087 -3.534653 -4.737175 -5.229142 -3.671799
1 35.387782 -2.063817 -2.859968 -3.395421 -3.004199 -2.992197 -2.479473 -2.427455 -1.855819 -2.755027 -2.239280 -2.921015 -3.282743 -3.111367
8 -0.405532 1.646329 0.129219 -1.501083 0.245720 -0.774042 -0.046191 2.110295 1.285124 0.005372 -0.068486 -2.017223 0.548214 -1.157716
4 -3.227493 -3.796383 -2.632796 43.863204 -3.644462 -2.984620 -3.781719 -3.806396 -4.045699 -3.120583 -3.069365 -3.196229 -4.488497 -2.068963
7 -1.083502 -1.680543 -0.550036 -0.628443 0.169060 0.211413 1.911568 0.350548 -0.158213 -0.445003 0.237594 -0.776424 1.819199 0.622781
2 -1.772824 12.628149 -1.367540 -0.689745 -1.684735 -0.058138 0.511064 -1.407821 -1.006460 -1.285717 -0.816272 -0.624108 -0.558932 -1.866921
1 4.272143 -0.851686 -0.345885 0.393690 0.377999 -0.810848 -0.023973 -0.848114 -0.726537 -0.510213 -0.649519 -0.164019 0.110180 -0.223218
7 1.622434 -0.843235 -0.662875 -2.128331 -0.972020 1.885729 2.820448 0.565551 -0.033946 1.437808 -0.715867 -0.968230 -0.376535 -1.630930
13 0.478530 0.379717 0.157431 -1.762457 -1.028903 -0.818144 -0.446706 -1.389641 0.962298 -0.906156 0.389082 0.456219 3.480326 0.048405
9 0.219695 0.211190 0.090131 -1.380460 0.815073 0.893984 -0.614284 -0.589695 1.491032 -0.354598 -0.098296 -0.179439 0.740825 -1.245156
9 -1.008545 -0.503411 0.579607 -1.486063 0.150829 -0.083380 -0.202362 0.639522 3.543524 -0.387349 -0.614304 -1.014693 0.717137 -0.330511
5 0.520712 -1.669854 2.897010 -0.358961 4.775159 1.578141 0.203093 0.495746 -1.704280 -1.481268 -1.670110 -0.221514 -2.328770 -1.035104
4 -2.852776 -3.406732 -2.772632 42.038466 -3.901679 -4.279608 -3.697357 -2.739093 -3.124973 -3.468287 -2.995607 -3.152963 -2.530157 -3.116602
4 -3.686805 -1.870756 -1.976664 41.701897 -3.054081 -3.953542 -3.029300 -3.180393 -2.514502 -3.362485 -4.694770 -2.770132 -4.155387 -3.453081
4 -3.307694 -4.044998 -1.609968 45.537512 -4.522927 -4.568650 -3.868789 -3.278612 -4.067809 -1.794986 -3.835408 -2.880294 -4.784314 -2.973064
4 -2.635538 -1.587232 -1.468774 24.466167 -2.089639 -2.169605 -2.193378 -1.677427 -2.517415 -1.382040 -1.484787 -1.575330 -2.359620 -1.325383
4 1.570275 -1.871444 -0.877928 3.741413 -1.000607 0.898331 -2.693770 1.672271 0.969925 -0.449848 -1.706550 0.514711 -0.349149 -0.417630
1 27.236697 -3.015550 -2.199591 -2.671343 -1.727667 -1.559830 -3.272022 -1.843985 -1.809205 -0.804200 -2.542523 -0.741760 -2.482853 -2.566168
7 0.351044 -2.370647 -0.171691 -1.242193 -1.177867 -0.269951 4.461567 0.219756 -0.456118 -0.133046 0.101457 0.242661 0.365136 0.079892
8 0.872574 -0.993113 -1.188685 -0.296164 0.420444 -0.113177 0.228873 1.617443 -0.980503 0.040979 0.161601 -0.641626 0.546383 0.324970
1 31.310510 -2.827664 -2.520804 -2.678549 -1.785517 -3.425717 -2.647458 -2.660230 -1.339229 -2.989366 -2.289339 -2.268449 -1.279328 -2.598860
1 31.525336 -2.382023 -2.724329 -0.286511 -3.525268 -2.410671 -1.507400 -3.444030 -1.898015 -3.203742 -3.122119 -2.139129 -2.059824 -2.822275
3 -0.246641 -1.458732 3.780382 -1.483239 -0.660991 -0.526852 0.108725 -0.506035 -0.740573 -0.659299 0.941301 0.785414 0.483631 0.182910
3 -1.347165 -0.666307 6.754132 -1.909245 -1.214803 1.531147 0.202166 0.440170 0.281477 -0.768983 -1.234034 -0.739897 0.343424 -1.672082
1 23.716391 -2.377347 -2.372496 -1.011734 -2.179560 -1.674666 -2.719178 -0.639635 -1.690620 -2.707764 -1.828764 -1.687730 -1.695316 -1.131580
3 -1.096869 -0.772034 20.224601 -2.482465 -1.053418 -1.898348 -1.016790 -0.918155 -1.602611 -1.573785 -1.019719 -1.587317 -2.646991 -2.556099
14 0.022258 -2.305909 -0.170715 -0.614134 0.612308 1.001312 -2.260889 -0.021279 0.168039 0.279437 -0.000422 0.472000 0.658935 2.159058
14 -1.070554 -2.107547 0.072144 -0.180067 0.099470 -0.338350 -0.764177 -0.545149 -1.765375 -0.669144 0.497644 -1.125435 -0.961111 8.857652
8 -0.741614 -0.140653 -0.764975 0.207181 -2.467051 -0.920457 3.345183 6.209424 -0.681947 0.209663 -0.963564 -0.865109 -1.148728 -1.277354
3 -0.196637 -0.821145 5.937019 0.996518 -1.053523 -0.672064 -0.360006 -1.252977 0.215169 -0.724474 -0.947459 -0.070381 -1.443598 0.393555
6 -2.705261 -0.482096 -1.420329 -1.564621 -1.413393 16.520899 2.522561 -2.158926 -2.361954 -1.308200 -1.337730 -1.918225 -1.188343 -1.184380
3 -1.581165 -1.003129 2.183931 -0.705067 -0.291606 0.855409 -1.779602 -1.765456 1.279293 0.799526 0.504075 0.803664 0.651432 0.048699
3 -0.389738 -1.312877 15.141544 -2.814721 -1.771108 -0.957227 -2.347105 -1.645123 -0.758646 -0.738589 -0.856300 0.472507 -1.458933 -0.563685
14 0.197606 -0.186308 0.404998 0.078130 -0.080008 -0.280614 -0.766443 -0.203350 0.281386 -0.587667 0.086664 0.331355 0.227612 0.496640
11 -1.979372 -1.418804 -1.810646 -0.949578 0.209315 -1.385398 2.123500 0.413466 -0.623726 -0.234157 4.144601 -0.260586 0.961516 0.809871
11 -1.849010 -0.335287 -0.274103 0.974662 -0.242617 -0.392453 0.584799 0.172855 -1.719922 -0.097380 2.760085 0.635091 -0.337821 0.121102
11 -2.836214 -3.084236 -3.114910 -1.221882 -2.279493 -3.104927 -2.084555 -1.982688 -1.933699 -3.046840 31.113691 -2.606889 -2.359117 -1.458240
11 -0.917740 0.226972 -0.713441 0.444472 1.114158 -0.092661 -1.233123 0.020478 -2.426786 -1.405631 3.715763 0.572288 0.155790 0.539461
1 32.185893 -2.609534 -1.509061 -3.017206 -1.295762 -1.963481 -3.183072 -2.340372 -2.895450 -2.882036 -2.887264 -2.072566 -3.130870 -2.399218
5 -2.289383 0.500899 -0.544093 0.352143 6.386741 0.230818 0.532217 -1.498435 -1.534007 -0.321991 0.078155 -0.268402 -0.981209 -0.643453
4 -3.456374 -2.681969 -3.727590 44.885279 -3.147065 -2.860947 -3.363076 -3.485135 -3.440147 -2.895677 -4.979465 -2.023868 -4.786799 -4.037166
7 -4.544616 -4.389620 -5.461522 -4.582291 -4.136945 -4.985266 63.529785 -5.751068 -5.380175 -4.244950 -7.821115 -4.339321 -3.677116 -4.215779
3 0.920239 -0.290065 2.067034 -0.628667 0.361869 0.179427 0.629056 -0.205782 -0.555911 1.514668 -0.721193 0.072100 -3.937648 0.594873
5 -1.679421 -0.207243 -1.036708 -0.887273 12.049707 0.100109 -0.862449 -0.536482 -1.285129 -1.165007 -1.129753 -0.974504 -1.995345 -0.390500
4 -3.328400 -3.087452 -2.793399 42.543527 -1.709286 -4.134639 -3.477080 -2.764635 -2.979430 -3.116128 -4.402970 -3.206660 -3.603009 -3.940439
6 -1.858397 -1.723873 -3.753596 -3.323149 -2.203083 32.056925 -3.087445 -1.953925 -1.966171 -2.026022 -3.772707 -2.017845 -2.319309 -2.051400
8 -1.307973 -1.057913 -0.782541 -0.013802 0.046860 2.064088 -0.408604 2.675956 -0.213320 -1.002608 -1.258459 1.202885 0.964028 -0.908597
6 -2.981045 -3.111914 -2.316068 -2.366012 -2.401146 32.517164 -2.253579 -2.199111 -2.197426 -2.117205 -2.263172 -2.818953 -2.526217 -2.965315
6 0.343753 -1.467960 -0.607804 -1.092313 -0.312092 5.377881 0.771673 -0.497421 0.569369 -1.228595 -0.679514 0.233859 -1.826304 0.415470
3 0.959337 0.512047 1.310288 -0.166888 -0.861999 0.025373 0.443248 0.682002 1.146269 -0.989879 1.038773 -1.292121 -1.717384 -1.089065
13 -0.276908 -1.037978 -0.054521 0.243015 -0.053532 -1.152083 -0.772916 -1.394357 2.420639 -1.395924 -0.915213 -0.445115 4.890854 -0.055960
13 1.310430 0.243135 -0.165314 -0.974836 -0.669906 0.343130 -0.161829 -1.276324 -0.375658 -0.726636 0.375571 -0.234249 2.748503 -0.436017
6 -0.185999 -0.047387 -0.501715 -0.863928 0.176015 1.283621 0.058457 -0.262541 0.399663 -1.017598 0.184319 -0.821771 0.540356 1.058507
9 -0.974642 -1.031624 -0.634878 -1.370742 1.251378 0.114070 0.509413 -0.607222 2.690074 0.033174 -1.401634 -0.802692 1.203266 1.022058
12 -0.005819 -1.462920 0.555795 -0.337145 -0.773128 -0.253139 -1.118106 -0.286377 0.153666 0.468688 -0.999459 3.323608 0.580639 0.153696
4 -3.165178 -4.237320 -3.065178 42.265147 -3.646195 -4.445136 -2.684728 -1.984996 -3.038423 -3.471614 -3.273726 -3.201428 -3.994982 -2.056242
14 1.272726 -1.399204 -0.197574 -0.878054 0.064477 -0.028033 -0.375111 -0.212609 -0.253375 -0.786644 -0.422173 0.281123 0.655132 2.279319
4 -2.344894 -1.936049 -1.866157 27.324841 -3.371452 -3.074342 -3.359048 -2.441591 -2.861569 -1.498375 -1.680877 -1.463230 0.026140 -1.453398
4 -3.830396 -2.880501 -3.829843 48.063983 -4.458331 -2.925800 -2.100415 -3.449564 -4.144539 -4.200090 -3.549655 -4.238212 -4.672083 -3.784554
3 -2.136599 -0.086051 28.018024 -2.768847 -3.203288 -0.363177 -2.322974 -1.933120 -1.273934 -3.300776 -1.606547 -2.703568 -1.941384 -4.377758
3 0.766849 0.022275 3.191777 1.534934 -1.113871 -0.953740 0.308472 -0.506402 -1.233577 0.339331 -0.131358 -1.265170 -0.458099 -0.501420
1 1.159256 0.642616 -0.399630 -1.216649 -0.844043 -0.112880 0.065318 1.025830 1.041249 -0.197482 -1.361091 0.518369 1.043985 -1.364849
14 -0.231469 0.394102 0.055772 0.200818 0.334420 0.564339 -1.678599 -0.182740 -0.835444 0.035328 0.652441 -0.258996 0.069716 0.880314
13 -0.920576 -0.848763 0.184847 0.771505 -0.283675 -0.286456 1.002636 -0.430968 0.051745 -0.585134 -0.108105 -0.308244 1.861153 -0.099964
14 -0.307974 0.753111 -0.226086 -0.282967 -0.248299 0.196281 -0.333704 -0.389278 -0.564826 0.879627 0.552700 -1.232930 -1.232825 2.437170
7 -2.092980 0.643044 0.063237 -1.293022 1.479410 0.542882 2.767576 -0.154341 -2.032631 -1.157296 0.925990 -0.298748 -1.358905 1.965783
13 0.797406 -1.768097 -0.371218 1.241498 -0.040069 -0.108673 -0.777408 -0.358856 0.210733 -0.401581 -0.749054 0.493046 1.252225 0.580047
14 1.216136 -1.446882 0.747579 -1.034913 -0.018775 1.014088 0.077843 -0.600123 0.779204 0.089532 -0.895398 -1.476958 -0.041276 1.589945
4 -2.899527 -3.849976 -3.507127 40.717645 -3.622924 -3.544248 -2.590900 -1.928550 -1.349844 -4.731795 -2.593251 -3.931490 -3.374807 -2.793207
4 -2.949799 -3.839720 -3.064839 41.205081 -4.149792 -3.442640 -2.824956 -2.171296 -3.163117 -2.886732 -3.106597 -3.058934 -3.269783 -3.276875
1 3.178459 -0.672684 -0.771946 -0.269137 0.124030 0.196763 -0.424182 0.651512 -0.993599 -0.592942 -0.922583 0.444184 -0.440273 0.492396
12 1.635631 1.518730 -1.182551 -1.709090 0.206708 1.642213 -1.609424 1.202808 -1.383306 -1.425302 -1.368874 2.710447 0.544229 -0.782219
1 17.159652 -0.946694 -1.505326 -1.766871 -1.593133 -0.941801 -1.452595 -1.462305 -1.544692 -1.268264 -1.897139 -0.967980 -1.025488 -0.787364
14 0.379697 -1.339985 0.367594 -0.207722 0.114444 0.645795 0.291526 -0.358726 1.080375 -1.116816 -1.376039 0.576689 -1.043933 1.987100
1 2.305691 1.535250 0.505626 -0.748710 0.056490 -0.558199 -0.050677 -1.403580 -1.343893 0.632567 0.752496 0.170858 -2.688895 0.834976
4 -2.741160 -3.289032 -2.163609 25.702432 -2.632729 -2.302276 -0.692039 -1.976123 -1.723977 -0.301426 -2.786938 -0.602923 -3.739008 -0.751192
5 -1.222015 -0.596435 -1.590991 -0.776595 11.705305 -0.774876 -0.869091 -1.780010 -0.242462 -1.007778 -0.316723 0.374251 -0.408867 -2.493713
4 -2.638088 -3.597895 -3.495697 43.490604 -2.912672 -3.028266 -4.902138 -3.217486 -3.730868 -1.738382 -3.572375 -2.486734 -5.407302 -2.762701
14 0.285321 -1.265470 -0.617893 -1.528738 0.015166 -0.213168 -0.180588 -0.648898 -0.272512 -0.477964 -0.300100 -1.175953 -0.307666 6.688462
2 -0.358065 0.759838 0.065163 -0.038448 0.654761 0.390976 -0.557697 -0.425417 0.073047 -0.121859 -0.482656 0.027487 0.052162 -0.039292
8 -0.163312 -0.028834 -0.436024 -0.694142 0.055514 0.334375 0.305006 0.506912 -0.021091 0.071348 -0.050777 0.052199 0.090249 -0.021424
4 -3.545244 -4.190502 -3.170011 41.273999 -4.688315 -2.536455 -0.760483 -1.995119 -3.067343 -3.118015 -3.928717 -2.454583 -4.036317 -3.782895
10 0.853479 -3.028036 2.149199 -1.774859 -1.769082 -2.155883 -1.348204 -1.966223 -0.857805 6.114615 -0.048722 3.578830 -1.334323 1.587014
14 -0.074365 -0.603803 -0.450101 -1.685798 -0.057399 0.437662 -0.777719 -0.719937 -0.180507 0.840222 0.154191 -0.940662 0.542943 3.515275
6 -3.345311 -2.329822 -1.947120 -2.375564 -2.169785 26.788474 -2.909811 -2.299451 -0.881593 -2.110743 -1.234523 -0.570464 -1.866758 -2.747528
6 -0.364409 0.152587 -0.869261 -1.152992 0.964416 1.346000 -0.505078 -0.424317 0.838507 0.078308 0.118995 0.210796 0.369620 -0.763170
7 -0.262332 -0.472159 -0.077024 0.666549 0.390791 0.220128 0.803574 -1.032115 -0.258403 0.151595 0.259980 -0.528485 0.051705 0.086196
4 -4.539749 -3.689981 -3.676550 43.329643 -4.515716 -0.430415 -2.923288 -2.569713 -3.929406 -3.989396 -3.301564 -2.931056 -3.540531 -3.292276
10 2.429562 -0.747875 -1.136627 -1.387795 -0.164837 -2.191830 -2.517635 -0.420934 1.327541 6.825465 -0.072724 -0.332387 0.506926 -2.116849
8 0.083189 0.794560 -0.677509 -1.568300 -1.789423 -0.470385 -0.921344 7.635196 0.028120 0.776600 -1.046505 -0.760330 -1.119685 -0.964185
8 -0.674981 -0.316132 0.145519 -1.361264 -1.263219 0.424571 -0.514246 4.353255 0.258587 0.447724 -0.980664 -0.459122 0.719672 -0.779701
1 28.012980 -3.424642 -1.716990 -0.807755 -0.789723 -3.531714 -2.467522 -3.001794 -1.769287 -2.470387 -2.140593 -3.086964 -0.763510 -2.042098
4 -1.948206 -0.276103 -1.590307 24.343873 -2.727323 -2.800490 -3.808573 -1.628132 -2.688265 -1.572885 -1.525479 -1.928556 -0.862611 -0.986945
5 -0.240877 -0.284319 -0.679082 -1.868568 8.355907 -2.353655 -1.100045 1.344645 -0.025382 -1.391093 -1.938979 -1.388162 2.103338 -0.533727
11 -2.977756 -0.773854 -2.739651 -1.009428 -1.322604 -3.304631 -2.210677 -2.957064 -2.946629 -1.289177 31.214459 -3.151169 -3.309144 -3.222673
7 -0.659805 0.240221 1.132571 0.617332 -0.062444 -0.180077 1.181119 -0.573535 -1.036829 -0.560910 0.054357 -0.457241 -0.870982 1.176223
1 1.255368 -2.031892 0.416912 -1.084331 0.536084 0.086586 -0.250278 0.961530 1.086017 0.992116 -1.772088 0.601210 -0.475689 -0.321545
8 -0.097525 -0.852973 -0.873227 -0.732850 0.570771 1.557167 -0.690057 3.218178 0.825409 -0.668812 -0.577249 -0.348916 -1.286100 -0.043816
8 1.204815 0.363216 0.629070 0.681010 0.995681 -0.112316 -1.463264 1.356034 -0.776430 -0.850597 -2.103545 0.009875 0.447693 -0.381244
5 -0.631179 -2.653773 -0.275663 3.248121 3.572008 0.771179 -1.857366 0.267470 0.819135 -1.394690 -0.892143 -0.193604 0.211519 -0.991014
1 2.524508 0.134335 0.439846 0.074945 0.662001 -1.281624 -1.609589 0.046008 -0.407909 0.789610 -1.718771 0.022575 1.060907 -0.736844
4 -4.021625 -4.416411 -2.127956 42.065494 -4.161792 -3.716761 -3.527386 -1.752896 -2.875827 -3.472110 -2.579006 -2.645745 -3.621425 -3.146552
7 -2.190260 -0.224817 -1.467880 0.809987 0.852328 0.703968 1.428392 0.879375 -1.735446 0.038499 0.804920 0.478847 -1.234113 0.856199
13 0.284024 0.796932 -0.210504 -0.491019 0.119172 -0.011121 -1.781376 -1.162364 0.047801 1.238220 -0.920700 -0.584363 2.916599 -0.241301
1 20.004039 -3.639026 -0.474518 -0.442403 -2.115387 -3.414004 -1.362340 -2.996956 -2.939311 0.952130 -3.128443 2.024158 -2.670187 0.202250
6 -1.475605 -1.819366 -2.396862 -1.895476 -1.066231 22.697589 -1.653292 -1.716691 -1.165063 -2.487023 -1.115397 -2.713501 -2.246406 -0.946675
3 -1.684213 -1.094581 4.797822 -2.547965 0.653218 -0.183624 0.464052 -0.683369 -1.728473 -0.524097 0.224771 1.201841 0.729557 0.375061
5 0.022322 2.688945 -2.111081 0.059037 2.706949 -0.253715 -0.492976 2.216554 0.048047 -1.255801 -2.124109 -1.000322 -0.054026 -0.449824
8 -1.866838 -1.458825 -0.909896 0.484186 -0.874819 0.619715 -1.884571 11.283505 -1.593961 -1.862624 -1.280834 0.062017 -0.943604 0.226547
10 -0.367417 -0.467695 0.067744 -0.545399 0.667619 -0.483481 -0.370709 0.172137 0.252300 0.690698 -0.490806 -0.025720 0.373236 0.527494
1 2.984629 1.701951 -0.219852 -0.721886 -0.249924 -0.670802 0.457606 0.056544 -0.769860 0.091240 -0.116875 -0.681131 -0.760902 -1.100738
6 1.561420 -1.666793 -2.192463 -1.273458 -0.334477 13.244167 -1.945249 -1.430251 -0.484440 -1.450287 -1.553436 -0.913787 -0.327175 -1.233770
8 -0.658868 -0.119081 -0.698529 1.207958 -0.626721 0.541248 -0.954034 1.305982 0.192339 -1.976946 -0.342825 0.856828 1.037988 0.234663
3 -0.029613 -0.997107 6.972381 -0.719072 -0.747048 -0.613063 0.120520 -0.981171 -0.506805 -0.345422 0.077487 -1.332276 -0.626766 -0.272044
9 -0.413200 0.202855 0.450577 -0.021032 -0.034823 -0.739671 0.983750 -0.499654 1.019246 -0.454625 -0.159682 0.164292 -0.088003 -0.410031
1 3.310602 0.049744 -1.753292 -0.265843 -2.095975 0.876803 -1.914640 -0.985919 0.688908 0.932932 -1.711765 0.466363 0.647369 1.754714
6 -0.005723 0.059204 0.060779 -0.801647 -0.016093 1.324490 -1.008057 -0.411484 -0.202091 0.005429 0.094342 -0.235580 -0.040004 1.176434
11 -0.467935 -0.478339 -1.650846 -1.721589 -0.817134 -2.298430 -1.746175 -0.486183 -0.863743 -0.343702 13.093987 -0.977208 -1.438109 0.195408
13 0.267156 0.573923 -0.159489 -0.707844 -0.539320 0.063367 0.401545 -0.666442 0.503589 0.492757 -0.202161 -0.918125 1.103243 -0.212200
14 0.713866 0.273794 -0.735740 -0.856442 -0.306977 0.260997 -0.959756 -0.384970 0.650094 0.781936 -0.449929 0.697781 -0.997520 1.312866
1 55.192890 -4.560287 -4.127512 -4.678011 -3.995568 -4.100621 -5.286482 -4.065628 -4.206949 -4.129450 -4.231881 -3.632170 -3.958777 -4.219551
7 -3.689223 -4.334229 -3.748726 -3.374124 -3.366983 -4.136579 48.186382 -5.177119 -3.660209 -3.576969 -4.783923 -1.628699 -3.538747 -3.170852
12 -2.277938 -1.320391 1.326281 0.712890 0.417137 -1.353231 -1.125349 0.520584 0.567154 0.318914 0.149041 1.370300 0.172860 0.521747
7 -0.205241 -0.665275 0.128377 -1.872579 -0.032272 0.266931 2.326088 0.013806 -0.607367 -1.395857 0.175808 0.299215 1.083908 0.484457
1 28.732768 -2.518580 -2.333140 -2.932552 -2.560943 -2.899692 -1.909719 -2.079877 -1.579478 -1.993863 -1.081446 -2.852298 -1.446148 -2.545031
1 20.987916 -1.744298 -0.696753 -2.151076 -1.327655 -1.517494 -3.106477 -0.423714 -1.258887 -0.705146 -1.818258 -2.276433 -2.387387 -1.574336
2 -1.212043 2.002492 -0.638927 -1.167785 0.122622 -0.339509 0.942729 -1.372018 -1.064578 -0.276813 0.022124 1.088672 0.526518 1.366515
6 -1.317988 -0.183803 -1.035150 -1.810726 -0.222306 13.983861 -3.251676 -1.534282 -1.742558 -1.795648 -0.664559 -2.173451 2.525618 -0.777332
5 -2.823729 -0.847732 -0.323367 -1.210039 11.620032 -1.781880 -0.176291 0.168612 -2.072617 0.208197 -1.981113 -1.050867 -1.569166 1.839960
6 0.265442 -0.078331 -1.921120 -0.445055 -1.820185 11.362784 -2.679123 -0.375865 -1.035000 -0.923610 -2.422576 -1.040252 -1.138723 2.251613
3 0.308349 -1.526694 2.790543 -0.350909 -1.092664 -0.528084 -1.716407 -0.476958 -0.121726 -0.173750 1.734137 1.975722 0.082205 -0.903764
2 -0.033330 3.021473 -0.210947 -0.992917 -0.857770 0.385038 -0.475867 -0.043468 -2.445288 0.033198 -2.187291 2.360908 0.850945 0.595318
3 -0.545196 -1.176881 15.005058 -2.769735 -1.393649 -0.970920 -2.413000 -1.594126 -0.928695 -0.698346 -0.772523 0.458245 -1.652835 -0.547398
10 -0.623780 -0.286793 0.898007 -0.652898 0.547100 0.431018 -2.927516 -0.658782 0.595257 3.156885 -0.984496 -0.532938 -1.452383 2.491319
6 0.333239 -0.302235 0.234711 0.253008 -0.198132 0.563926 -0.028294 -0.201395 -0.220680 -0.137455 -0.109229 -0.082816 -0.085080 -0.019568
3 -2.300779 -0.054601 2.974036 0.103563 0.618070 2.337355 0.365294 -0.249175 -1.056249 0.664469 0.104493 -1.795109 -1.298322 -0.413045
10 -1.661324 0.780349 -0.611570 -0.162434 -0.271513 -0.482505 -1.825314 -1.524520 0.067356 10.941154 -1.695578 -0.302244 -2.335541 -0.916316
10 -0.378771 -2.526840 0.863517 -0.177386 1.800495 0.258743 -1.036436 -1.029501 -1.129803 2.833768 -0.059019 1.109536 -1.551959 1.023656
7 -4.560047 -3.074133 -4.410873 -4.777846 -4.628007 -4.037909 57.421481 -3.470128 -4.205656 -4.303217 -6.407296 -4.703867 -4.140535 -4.701966
11 -0.797880 -0.002641 -0.193222 0.736448 -0.604780 0.253060 0.614917 1.067311 -1.522516 -0.889087 2.001640 0.081735 0.204636 -0.949619
12 -1.229395 -1.329810 0.451285 0.012355 -0.257975 -0.471602 1.277318 -1.397871 -0.912721 -0.404074 -0.081042 5.596002 -1.322826 0.070356
4 -1.008075 0.447348 0.200108 0.894455 0.137592 -0.210787 0.007809 -0.206749 -1.161418 0.330891 0.355675 0.250505 -0.620894 0.583539
11 -3.061710 -3.333598 -1.339634 -1.701541 -0.281336 -2.253959 -4.048845 -2.863788 0.877290 -2.814570 25.526811 -1.559418 -1.321734 -1.823967
11 -4.440294 -2.542647 -2.452520 -2.504466 -2.465925 -2.664350 -3.151396 -2.654177 -2.772251 -2.554848 35.792754 -2.505711 -2.686831 -2.397337
2 -0.796107 2.023650 1.294909 -0.416816 0.530793 0.170151 -0.948235 1.117280 -2.226268 -0.342312 -0.254943 0.048818 -0.712907 0.511986
3 -0.416818 -1.095779 14.138310 -2.769735 -1.290670 -1.013037 -2.011494 -1.468701 -0.903575 -0.627725 -0.836900 0.597114 -1.634148 -0.666841
11 -0.564354 1.232610 -0.984539 -0.958296 -0.371204 -0.704431 0.947980 0.338966 -1.281459 0.190591 1.984450 -0.534359 -0.156521 0.860566
7 -1.306763 -0.463191 0.430359 -0.325579 0.312783 -0.054503 1.468512 -1.202227 -0.579711 -0.705362 -0.126202 0.777869 0.347399 1.426616
11 -1.832970 0.191698 -0.000062 -0.019861 0.792108 -1.291504 -1.759483 -0.638538 -1.334100 0.797868 3.507714 1.003377 0.352684 0.231069
7 -0.010522 0.280691 -1.605600 0.140199 -0.103034 -0.469739 1.588956 0.187581 0.090275 -0.676883 0.988102 -0.833057 0.043433 0.379597
4 -0.663941 1.263163 0.018766 2.298668 -0.414865 -0.471409 -0.237506 -0.500372 -1.135329 0.112541 0.122161 0.150464 -0.667160 0.124818
11 0.009993 -0.900061 0.862622 -1.380834 -0.294624 -1.721734 0.443802 -0.781749 0.555977 2.221393 2.616038 0.208132 -0.654306 -1.184650
11 -4.716461 7.679138 -4.383334 -2.014877 -1.225620 -2.903275 -1.020729 -1.002774 -4.100243 -3.990200 24.276109 -3.555700 -1.866333 -1.175699
10 0.290368 -0.704579 -0.543210 -1.002570 -0.132290 -0.555329 0.013090 -0.771546 -0.048854 5.027306 -0.471595 -0.274573 0.114095 -0.940314
11 -1.448704 -2.302509 -3.701660 -1.447953 -1.674635 -1.874789 -4.792976 -2.524935 -3.353985 -1.511576 30.495795 -1.385513 -3.513045 -0.963517
11 -1.548277 -0.575360 -0.749765 -0.636333 -1.113786 -1.196843 -1.610122 -0.348087 -2.123392 -0.147995 11.109496 -0.256261 -0.707543 -0.095733
6 1.033989 -1.524874 -1.633535 1.333077 -0.783089 10.279937 -0.472456 -1.611991 -0.945889 -1.889596 -1.971738 -0.295203 -0.666124 -0.852509
13 -0.672326 -1.854714 -0.547903 -1.199120 -0.014801 -2.057301 -1.306071 0.038610 0.843682 -0.966588 -0.476091 0.094819 8.055891 0.061911
2 0.411050 4.854855 -0.849489 -0.535248 2.269924 0.019039 -0.991996 0.364677 -0.488152 -1.233061 -1.061804 -1.065263 -0.596191 -1.098342
2 -1.338084 5.998816 -1.947211 -1.035551 0.104813 -0.027594 0.027992 0.535789 -2.913044 0.344944 0.163282 0.007727 -1.413754 1.491877
14 -0.564168 -0.347346 -0.149860 0.201896 0.638794 -0.556477 0.573633 0.246145 -1.231353 0.004575 1.080940 -0.463979 -0.793479 1.360679
14 -0.500438 0.353270 -1.152404 -0.207106 0.611998 -1.564047 -1.314948 -0.275424 -1.895635 -1.560375 3.609010 -0.683238 -0.130471 4.709806
11 -1.404100 -0.258432 -0.329187 -0.451798 0.704964 1.415018 0.719747 0.221699 -1.281217 -1.547333 1.569297 0.538830 -0.736241 0.838755
4 -2.363153 1.016863 -0.883522 1.594649 0.466468 0.887830 0.524146 1.396812 -1.596248 0.783501 0.072014 -0.906108 -1.697347 0.704096
5 -0.615615 0.302564 -0.877789 -1.596895 8.627875 -0.936096 -2.527317 0.741149 -1.664181 1.198194 0.696181 -1.024323 -1.752908 -0.570837
1 3.377989 0.820075 -1.291108 -1.453223 0.199020 -1.017856 -0.356330 0.595507 0.316754 -1.499553 0.282251 0.209101 0.510445 -0.693071
12 -0.150128 0.291744 -0.246786 0.263270 0.335653 -0.958420 -0.336502 -0.952988 -1.301925 1.413248 -0.917194 1.663226 0.077938 0.818865
5 -0.812512 -0.146488 -0.105114 -0.723594 2.579589 -1.246691 0.582432 -0.280052 -2.567224 0.787829 0.159812 -0.695461 2.089852 0.377623
2 -1.132964 8.496830 -0.741685 -0.493499 -0.148071 -0.879830 -0.477587 -0.551602 -1.484147 -0.984775 -0.350661 -0.721287 -0.344708 -0.186013
13 -0.150162 -0.538720 0.026935 0.152958 -0.559836 -0.100451 -0.330321 -0.636802 -0.188930 -0.772943 0.037652 -0.959595 3.458180 0.562034
14 0.188911 -0.686327 -0.185212 -1.496251 0.351555 -0.495910 -0.921532 -1.437087 -0.190529 -1.063814 -2.738867 -0.608438 0.569058 8.714444
8 -0.596525 -0.932371 -0.744203 -0.498997 -0.380007 -0.323758 1.565977 1.745131 0.390367 -0.866653 0.318462 -0.005380 0.397228 -0.069273
3 -1.900122 0.228481 8.357100 -0.567878 -1.261942 -0.820921 -0.170300 -0.651855 -0.966822 -0.032701 0.122470 -0.953625 -1.217707 -0.164178
12 -1.908827 -0.463812 -0.032535 0.906950 -0.021769 -0.022522 -0.018208 -0.430137 0.491781 -0.715046 -0.107250 3.801830 -0.512279 -0.968176
6 -0.153566 1.511795 -0.241698 -1.209950 -1.955233 13.940519 -0.860221 -1.513501 -3.550414 -3.184855 -1.215656 -1.455851 -1.122072 1.010704
6 -0.210482 -0.079654 -0.266698 0.165891 -1.024723 2.018892 -1.239325 1.454846 0.280021 -0.907119 -0.490587 -0.278498 1.173103 -0.595666
3 0.599623 -0.945540 3.477117 -1.330901 0.626389 -0.188512 -0.936643 -0.233504 -0.335299 -1.318117 0.891367 0.325551 -0.246421 -0.385111
1 11.286717 -0.895530 0.181841 -2.755982 -1.633060 -2.008159 -1.048596 -0.220437 0.721014 -0.744122 -2.103583 1.054793 -0.970335 -0.864560
2 -1.065291 1.905897 0.318896 -0.132214 0.150830 -0.062204 -1.080246 0.302261 -0.542139 -0.143378 -0.624578 0.258450 0.143444 0.570272
1 1.755916 1.462225 -0.651409 0.072239 -0.607829 0.150238 1.610616 -0.820341 -0.231178 -1.241018 -1.534554 -0.594834 0.683179 -0.053249
5 -0.939137 0.502637 -0.921966 0.174999 2.250753 1.580544 0.599417 0.102647 -2.510896 -1.110575 1.177111 -0.641736 -0.296439 0.032641
6 -0.631668 0.375968 -0.346169 -0.343950 0.972501 4.253266 -1.682886 0.637103 -2.087214 -0.995425 -0.054735 -0.110039 -0.233261 0.246510
3 -1.022920 0.121501 4.879172 0.326019 -0.423595 -0.177272 -0.036546 -1.158504 -1.213165 -0.070545 -0.153918 0.356234 -2.334304 0.907842
6 -0.060866 -0.120569 -1.393456 1.434379 -0.296781 6.057245 -3.566597 -0.293528 -2.754063 0.557258 0.075140 0.441098 -0.710699 0.631439
1 27.791650 -2.337477 -2.211896 -2.326092 -1.501476 -1.848804 -0.849586 -3.907938 -0.510987 -1.739763 -2.672609 -1.763783 -3.913863 -2.207376
14 -0.579016 0.326304 -0.430552 -0.436879 -0.285379 -0.954093 -0.525436 -0.120152 0.322964 -0.273686 0.000415 -0.849570 0.380460 3.424620
5 -1.226838 -0.565068 0.482129 -0.164952 1.014287 -0.074455 0.369788 -0.652477 -0.277755 0.678218 0.785460 -0.451926 -0.039234 0.122823
11 -0.722662 0.360334 -0.118729 0.085085 0.193805 0.369856 0.847282 -0.290907 -0.948642 -0.000341 0.965798 -0.166736 -1.003500 0.429357
12 6.101506 -1.630223 -1.443191 -0.781214 -1.959183 1.213037 0.289615 -2.053540 -0.530862 -1.938369 -2.054140 8.162076 -1.813147 -1.562364
1 14.271964 -3.080779 -0.855590 -1.998936 -0.289914 -1.278308 -0.018649 -2.144808 -0.534672 -0.627043 -0.819359 -1.821000 -3.059407 2.256500
9 -0.617994 -0.866593 -0.072530 -0.303022 -0.380357 -0.607778 -0.467332 0.135357 2.076631 -0.032017 -0.739999 -0.140631 1.812849 0.203414
13 0.520464 -1.239357 -1.349559 -1.915049 -1.206050 0.026319 3.405213 -0.607646 0.392096 -0.405694 0.347030 -1.066730 3.949547 -0.850585
12 -1.534912 -1.103721 -0.154562 -0.451628 0.830829 -0.430103 1.177343 -0.208325 -1.475890 0.143343 0.767070 1.512710 -0.392819 1.320664
9 -0.140094 0.433568 -0.418159 -0.134466 -1.027388 -0.369483 0.579853 0.158388 2.120862 -0.979981 -0.181725 -0.057775 0.002892 0.013508
3 -1.332801 -0.702710 19.279314 -2.575516 -0.999933 -1.984947 -0.984485 -0.794160 -1.746088 -1.556121 -0.885960 -1.503287 -2.058867 -2.154439
7 -4.589184 -3.819183 -3.785812 -5.182718 -4.371242 -4.499708 48.975659 -3.214260 -2.456820 -4.892262 -4.979075 -3.911158 -0.830806 -2.443431
11 -1.555042 -1.742256 -1.260095 -0.794849 -0.546510 -2.045159 0.937593 0.110357 -1.999299 -1.233829 10.517742 -0.552722 0.285478 -0.121409
8 0.112139 1.127875 0.453910 -1.892984 -1.786238 -0.801195 -0.908447 4.734639 -0.447633 2.197940 -0.808625 -0.527841 -0.888282 -0.565259
9 -0.540562 -1.051859 -0.526126 -0.888523 -1.004674 -1.317310 1.397359 -1.224354 4.341170 -1.226000 -0.038465 -0.718314 1.456879 1.340778
7 -0.532871 0.040721 2.129292 -0.646154 0.069204 -0.679742 3.013670 -0.062915 -0.298352 0.059539 -1.134796 0.361555 -1.065385 -1.253766
6 -2.015437 -2.082678 -1.864669 -1.344106 -1.605746 20.725693 -1.634518 -1.740008 -1.571615 -1.449977 -1.734193 -2.137796 0.088034 -1.632983
1 16.739099 -1.089514 -0.083554 -1.409972 -1.352722 -0.840839 -1.517114 -2.352736 -0.976790 -1.094844 -1.730305 1.778680 -4.375596 -1.693790
13 0.278771 -0.573143 -0.626165 -0.223307 -0.148663 -0.503865 -0.092603 0.130130 0.683342 -0.473361 0.191705 0.108206 0.725996 0.522956
9 -1.297871 -0.139639 -0.377757 0.488142 0.394479 -0.292299 -0.822265 -0.995723 4.152621 -0.679247 -0.843038 0.384289 0.568073 -0.539766
5 1.536074 -0.617783 0.872758 -0.599625 7.381053 -0.499324 -0.237197 -0.674704 -2.354303 0.282551 -1.220606 -1.884919 -1.517338 -0.466638
5 0.732023 -1.388000 -0.421220 -1.163308 3.214119 0.689724 -0.574370 0.231265 -0.494095 -0.880017 -0.642057 -0.291991 1.752600 -0.764671
3 -1.708732 -0.506613 1.318023 0.969240 0.459979 0.655780 -0.814491 -0.899409 -1.179727 -0.293664 0.738297 0.729045 -0.412820 0.945091
1 22.586877 -1.562465 -2.194996 -2.342466 -0.807812 -3.045134 -1.277219 -1.377947 -1.567685 -1.576536 -1.668000 -1.689246 -1.718943 -1.758426
1 3.492564 1.050762 -0.364003 -1.860844 -0.425887 1.251440 -1.498565 -1.756927 1.050217 -1.842816 -0.928889 -0.129094 1.227587 0.734455
12 -0.517686 -0.706466 -0.343461 -0.691113 -0.153674 0.769423 0.437924 -1.417604 0.568800 -0.970989 -0.024035 4.087180 -0.510192 -0.528107
1 2.951312 1.083580 -0.105507 -1.338781 -1.520427 1.683799 -0.011746 -1.290838 -0.048160 -0.964188 -0.304025 -0.743754 -0.077788 0.686523
1 40.050747 -3.548941 -3.847249 -3.526132 -3.471104 -2.861860 -1.806189 -2.951035 -1.879535 -3.155495 -2.380840 -3.109537 -3.450109 -4.062720
1 17.032989 -1.346136 -1.082994 -1.749135 -1.359855 -2.041864 -1.913254 -1.247479 -1.322997 -0.950617 -1.547528 -1.445945 -1.166492 0.141308
1 24.093120 -2.738067 -2.406440 -2.148050 0.033704 -2.090854 -2.333034 -2.792465 -2.856449 -0.741134 -1.510666 -1.621543 -1.456237 -1.431881
1 37.269480 -2.802519 -3.026905 -4.449088 -2.697347 -2.371055 -3.172558 -2.915715 -2.472832 -3.639646 -3.077729 -2.690978 -0.491973 -3.461133
1 33.527467 -2.520157 -3.059099 -1.950320 -2.511680 -2.492345 -3.147987 -1.986044 -2.910040 -2.220690 -3.483375 -1.954713 -2.805808 -2.485209
1 28.120364 -3.666752 -2.674872 -3.026853 -2.411712 -2.248760 -1.248440 -1.969970 -1.865745 -1.773765 -2.225776 -1.263043 -0.982814 -2.761860
1 32.053593 -1.659156 -3.133759 -1.454282 -1.650317 -2.083433 -3.601280 -1.794668 -1.999614 -3.220591 -2.863850 -2.717773 -3.251242 -2.623627
1 29.597479 -3.136146 -1.562563 -1.280709 -2.134834 -2.750770 -2.476026 -2.792985 -1.354882 -1.158571 -1.779605 -2.889517 -3.676819 -2.604052
1 31.062101 -3.099775 -2.369023 -3.138797 -2.206949 -2.684960 -1.696186 -2.221518 -1.204893 -2.821470 -2.231918 -2.872287 -2.679016 -1.835308
1 20.391804 -1.494735 -1.286310 -3.274399 -2.166884 -1.613767 -0.915236 -1.192086 1.235372 -2.526141 -2.682388 -0.831403 -1.496876 -2.146951
1 22.017206 -1.949997 -1.740990 -1.938212 -2.178975 -1.429052 -0.306336 -1.748174 -1.051948 -2.059740 -2.049337 -1.382819 -2.217269 -1.964354
2 0.117714 2.120836 0.503482 0.746509 0.821141 -0.452566 -0.485958 0.392843 -1.867311 -0.545022 -0.944418 -0.077936 -1.177278 0.847963
1 20.265660 -2.319027 -0.385056 -2.609543 -1.344815 -1.290615 -2.248419 -1.481056 -0.716128 -1.580137 -3.096678 -0.811871 -1.963055 -0.419258
13 0.437197 -0.132520 -0.505922 -0.304740 -0.500174 -0.386107 -0.366685 -0.362321 -0.203041 -0.044395 -0.196882 0.433199 1.569691 0.562700
1 31.967134 -3.365003 -2.597336 -2.258283 -2.554389 -2.574412 -3.160271 -2.310933 -1.220326 -2.521168 -2.216258 -1.980445 -3.498298 -1.710012
1 23.070690 -1.942688 -2.470036 -2.345562 -1.994400 -1.745510 -1.045595 -0.884049 -0.511453 -2.235101 -1.917904 -1.509250 -2.054319 -2.414821
1 18.082006 -1.820768 -1.309565 -0.479800 -1.184966 -1.965313 -0.718120 -1.606457 -2.246118 -1.347136 -0.915940 -1.033857 -2.057013 -1.396953
1 28.043784 -2.941026 -1.943154 -2.629996 -2.986503 -0.246257 -0.301299 -3.735549 -3.154235 -2.739753 -2.343397 -2.233833 -0.651687 -2.137097
1 7.263963 -1.299676 0.570426 -0.599794 0.137722 0.434933 -1.628473 -0.152003 -1.196726 -1.371457 -0.272693 -0.602839 -1.396911 0.113528
7 -0.215834 0.130764 -0.014865 -0.971687 1.129321 0.316204 1.708401 -0.656591 0.072378 -0.070302 -0.105278 -0.308163 -0.652082 -0.362266
10 -2.656768 0.862289 1.144261 -0.395461 -0.336803 0.281046 2.983483 -0.505224 -1.639024 4.178062 1.112549 -1.800504 -3.001213 -0.226691
13 -0.320351 -1.480873 1.330715 -0.723290 0.285709 0.371556 -3.147769 1.400676 -0.406041 -0.290910 0.188824 0.588883 2.851665 -0.648794
7 -0.003156 0.128606 -0.501162 -0.500831 -0.306639 -0.642520 1.974823 0.287181 0.941489 -0.574719 -0.155575 0.119878 -0.797089 0.029714
10 -1.543668 -1.221199 1.121410 -2.033377 -0.333761 -0.632044 -0.492256 0.320056 -0.969392 2.093625 0.323516 1.354184 0.869702 1.143203
10 -0.408779 -1.127346 0.670185 -1.032540 0.231395 -0.740704 0.018133 0.338070 -0.772348 3.250023 -0.811237 -0.064502 0.079650 0.370003
9 -0.106215 -0.794852 -0.094107 -0.912192 0.075330 0.035190 0.802702 -0.392884 1.647687 0.460153 0.294325 -0.261987 -0.055809 -0.697340
10 -2.092260 -1.793825 -1.723879 -1.980719 -1.345748 -2.367657 -1.551554 -2.046053 -1.480532 23.602203 -1.707484 -1.863914 -1.873176 -1.775402
11 2.873623 0.548384 -0.700556 -1.998963 -1.230760 1.215865 -0.393815 -0.519232 -2.357425 -0.430404 3.473257 -1.871609 -0.182344 1.573978
6 -1.903262 -1.085727 -0.066015 -0.899079 0.041541 3.565870 0.343353 -0.716649 -0.449859 0.670558 -0.386950 -0.427147 0.881480 0.431885
10 -2.051981 -1.099216 -1.211868 -1.658959 -0.030545 -1.573313 0.200136 -1.406823 -1.009673 12.107132 -2.215108 0.520709 0.024473 -0.594964
8 -0.134504 -1.450872 -0.302435 -0.737429 0.668727 -0.456362 0.253078 1.436349 -0.081530 0.961665 -0.017464 0.425048 0.584821 -1.149094
14 -0.896951 -0.470576 0.734447 -0.784129 0.155177 -1.312058 -0.672563 0.651205 -0.596706 0.395269 -0.036223 0.898536 0.728572 1.206002
10 -1.077381 -0.098613 0.920781 -0.238345 -0.069576 -1.272621 -0.981938 -0.470765 -1.363843 5.896250 -0.458688 -0.319550 -0.315760 -0.149950
7 -1.448147 1.393379 -1.243788 -0.726922 0.832136 -0.902026 1.866542 0.852183 0.158825 -0.338494 1.586240 -1.817928 -0.296904 0.084903
10 -0.210616 -1.702463 -0.200436 -2.618560 0.083635 -1.023742 0.056694 0.485077 -1.411140 9.084130 -0.459472 -0.950089 0.033516 -1.166535
10 0.307707 -0.938211 -0.571220 0.043086 0.673857 0.265688 -0.389300 -1.524120 -1.023419 5.645236 -0.683016 -0.652476 -1.969795 0.815983
4 -0.905806 -0.511882 0.201958 3.997016 -0.350863 -0.300489 -0.163213 -0.976317 -0.993866 1.527231 0.065049 -0.559905 -1.023200 -0.005713
9 1.012633 0.096310 -0.904187 1.010166 -0.895109 -0.239599 0.232432 0.699203 1.423911 -0.681305 -1.063960 -0.818442 1.195009 -1.067061
2 -0.888914 8.424001 -0.414131 -1.121121 0.196099 -0.286340 -0.503517 -1.438919 -0.702640 -0.598947 -0.352148 -0.335007 -1.786341 -0.192073
7 0.005735 0.969203 -0.578404 -0.471119 0.575497 0.519028 1.904594 0.103239 0.042048 -0.280186 -1.401510 -0.958517 -0.290674 -0.138935
2 -1.891686 11.622592 -0.772698 -2.668725 3.934348 -3.038695 -1.532681 1.669898 -1.153904 -1.059609 -1.824758 -0.878829 -1.864109 -0.541143
2 -0.208033 1.739106 -0.392316 -0.943159 -0.186413 -0.547708 0.288214 -0.047593 -1.313421 0.699494 0.114140 1.020804 -0.716952 0.493837
7 0.379745 0.454714 -0.300083 -0.719745 0.094113 0.181122 0.842346 -0.041757 0.230153 -0.308016 0.073341 -0.280998 -0.441089 -0.163845
2 -0.654760 12.076539 -0.990696 -1.261019 -0.527500 -0.252208 -0.655409 -0.519753 -0.472037 -1.354795 -1.137352 -1.456325 -1.607523 -1.187160
2 -1.044938 14.574726 -0.655080 -0.142608 -3.907724 -2.630242 -0.924886 0.831769 -2.031645 -1.436771 -0.841471 -0.196012 -1.387030 -0.208085
2 -2.635870 3.600944 -1.244575 -0.651152 0.245440 0.759823 0.063438 1.360196 -1.176869 0.045194 1.285376 -1.437723 -0.629798 0.415577
10 -3.239813 -0.253714 0.905115 0.246582 0.061124 -0.773719 0.582521 -0.498098 -0.820699 2.459082 -0.130366 1.200575 -1.116448 1.377856
2 -0.310294 9.659944 -0.909530 -1.444666 0.091784 0.281654 -0.624257 -1.112794 -0.060219 -1.362879 -0.818765 -1.313747 -1.372350 -0.703880
2 -0.646335 11.006247 -0.765801 -1.736702 -0.969208 1.194547 -2.050657 0.689203 -1.080590 -1.127805 -2.226474 0.391507 -2.346703 -0.331228
2 -0.598673 12.866670 -1.198896 -1.639583 4.118685 -1.529445 -0.284861 1.452436 -1.739280 -2.930898 -3.236127 -1.861499 -1.994514 -1.424014
3 -2.548425 -2.403420 1.862575 -1.140494 -0.139243 0.806510 -0.908058 0.491605 1.503949 -0.323817 -1.534238 1.502308 1.622225 1.208522
2 0.741333 4.993752 -1.723504 -0.024773 1.129779 -1.128892 -1.854358 -0.218275 0.554495 -0.392014 -1.304597 -0.399952 -0.250315 -0.122682
2 1.524663 4.265897 -1.343774 -0.557939 0.818755 -1.632709 0.399240 0.223871 -2.356264 -0.530061 0.515984 -0.087871 -1.050078 -0.189714
2 0.015365 9.579584 -1.201195 -1.404925 -0.722547 -0.725851 -0.561898 -0.574076 0.046240 -0.840781 -0.697425 -1.121627 -1.145088 -0.645773
2 0.613950 2.044756 -1.177834 -0.539353 1.824658 -0.176985 -1.360188 0.131248 -1.539062 -0.021262 0.092112 0.583865 -0.506721 0.030817
2 -1.218748 5.898504 -0.469936 -0.369319 2.639474 0.482128 -0.903455 -0.318800 -1.841288 -1.654091 0.143211 -0.787555 -1.078418 -0.521709
7 -1.794085 -1.244895 -1.594916 -1.824024 0.836377 2.138088 2.711177 0.795804 -1.841003 0.105115 0.658192 -0.729267 1.218126 0.565311
13 -1.038549 0.294743 -0.354950 -0.745474 0.655859 0.938908 -1.793201 0.557821 -0.541803 -0.199686 -0.252507 -0.073308 2.182780 0.369365
7 -0.083929 -2.426405 -0.391238 -0.267100 0.182505 1.352830 1.495876 0.676104 -0.212965 -1.391772 -1.367886 0.037447 1.481095 0.915437
5 -1.105797 -1.090285 0.121635 -0.159705 2.356827 0.553188 1.573291 -1.275090 -1.086948 -0.693940 -0.272055 -0.051055 -0.252525 1.382458
4 -0.232912 -0.869341 -0.440106 1.865247 0.964803 0.336034 0.078005 -0.220785 -1.109841 -0.820950 0.656575 0.125862 -0.742161 0.409572
5 -0.542178 0.276392 0.245983 -0.479936 2.402040 -0.682733 0.076275 -0.135601 -1.327365 0.086013 -0.232590 -0.288090 -0.778973 1.380763
5 0.594129 -1.241741 -1.036825 -0.882134 8.285469 -0.725146 -2.464670 -0.335829 -0.006419 2.421523 -1.154346 -0.640541 -3.677660 0.864189
4 0.472240 -0.964516 -0.186516 2.094555 0.178824 1.284559 -1.271206 0.546658 -2.137941 -0.843770 -0.086953 1.456138 -2.003016 1.460943
5 0.159298 0.001487 -0.150286 0.508488 2.203437 -0.385139 0.083544 -0.315078 -1.222020 -0.699738 -0.549427 0.535129 -1.047114 0.877419
5 0.082241 -1.770707 -1.350445 -0.013146 3.227776 1.247533 -0.352499 0.621353 -0.736693 0.054486 -1.578482 0.506420 -0.765413 0.827576
14 0.152045 -0.487420 -0.907496 0.298162 -0.360948 -0.751202 -0.152466 -0.147637 -0.212497 0.230874 -0.720038 0.457855 0.130477 2.470290
3 0.698191 -0.198237 1.996940 -0.088953 -0.501466 0.152103 -1.035595 0.018411 0.321015 0.329445 -1.275492 0.095675 -0.051258 -0.460779
5 -0.575283 0.851894 -0.417802 -0.540241 3.638125 1.002365 -0.254117 -0.592229 0.524325 -1.375655 -0.858902 -1.808451 1.926493 -1.520521
5 -2.941597 -2.338029 -2.985736 0.767435 26.663434 -2.971889 -2.724131 -1.898902 -2.279508 -2.356787 -0.789059 -1.440365 -1.964804 -2.740061
5 -0.854349 -2.133253 -0.213377 1.318666 7.945911 -1.227972 0.261979 -0.740842 -0.967073 -0.691489 -1.913806 -0.390652 -0.990225 0.596484
5 -1.035209 -0.723607 -1.301436 -0.782877 18.232045 -2.612406 -1.178033 -1.511664 -0.799220 -2.269371 -0.937178 -1.242414 -1.393375 -2.445254
5 -0.573081 -1.659116 -0.394709 -0.835654 9.095154 -1.209034 -1.563953 -0.818339 -0.124031 0.021772 -0.976753 0.139920 -0.153709 -0.948466
5 -1.449390 -1.477318 -1.756876 -0.538235 19.355213 -2.229353 -1.559761 -1.859592 0.093132 -1.829514 -1.464866 -2.366768 -0.978966 -1.937705
5 -0.877771 1.607193 -0.378492 -0.076712 2.143892 1.009263 -0.296714 -1.759295 -1.334145 0.267204 0.921181 -0.619636 -2.273748 1.667780
5 -0.011270 -0.521246 -0.720805 -1.949591 8.032025 -1.462860 0.389186 -0.860942 -1.372917 -0.337897 -0.714386 -0.985286 1.418155 -0.902166
5 -0.275599 0.055923 -0.229722 0.302954 1.950735 1.399180 -0.143905 -0.184527 -1.413913 0.486517 0.148795 -0.226727 -0.947795 -0.921915
11 -0.101355 -0.864191 -0.786343 -0.778818 -0.513513 -0.343964 -0.836403 -0.776723 -0.150669 -0.773208 8.201013 -0.832353 -0.832620 -0.610854
11 -1.196207 -3.721474 -1.484430 -2.499923 -0.813544 -1.101070 -5.318533 -2.403881 -3.058217 -1.619978 28.109574 -2.115339 -2.073119 -0.703859
7 0.169320 -1.387634 -0.487589 -1.082120 0.221988 -0.069919 4.419553 -0.271903 -0.101928 -0.982850 0.661718 -0.878260 -0.703709 0.493334
11 -1.143897 -1.527431 -1.906811 -1.613403 -1.434656 -0.918160 -2.015906 -0.883346 -0.744602 -1.842478 18.899522 -1.694215 -1.135175 -2.039443
11 -0.544865 -2.005844 -1.759148 -1.787068 -0.573976 -1.305636 1.018519 -0.170339 -0.198570 -0.596119 9.884154 -1.374226 0.032269 -0.619151
11 -0.499770 0.399670 -0.908703 0.392885 0.222093 0.135228 0.498818 -0.253854 -1.695351 -0.164953 4.084500 -1.086379 -1.471335 0.347151
11 0.261869 1.259910 -0.529262 0.108971 -1.444954 -0.010179 1.059605 -0.767218 -0.433103 0.231875 2.691985 -1.599618 -0.869163 0.039282
1 1.769760 -0.070661 0.136863 -0.643266 -0.923788 -0.054739 -0.005015 -0.962351 -0.643415 0.264927 0.372906 0.218701 0.935528 -0.395448
11 0.032668 -2.198012 -1.333033 -1.660505 -1.492285 -1.083781 -1.968391 -0.431043 -1.006042 -1.946912 14.839648 -0.468964 -0.406139 -0.877211
11 -0.958763 -2.880925 -0.989508 -2.138901 -2.100638 -1.404632 -3.256359 -2.790983 -1.996346 -3.438184 29.386866 -1.315825 -3.212877 -2.902923
11 -0.839288 -1.983250 -1.943904 -1.288813 -0.916673 -1.311097 -1.743198 -0.659750 -0.876074 -2.349697 17.760088 -0.980170 -1.783456 -1.084717
11 -2.084286 -1.200364 -1.903262 -2.214740 -0.154861 1.032286 -2.173422 -0.552865 -1.216083 -1.812922 15.432977 -1.176956 -0.543760 -1.431741
11 -0.101045 -1.568140 -0.601232 -0.690621 -0.226413 -0.544624 -1.392865 -0.673738 0.159447 -0.644661 7.689468 -0.581850 -0.386755 -0.436971
11 -1.115605 -0.956825 -0.303322 0.483510 0.724323 -1.713644 -2.502348 -0.408219 -0.390697 -0.405315 5.875088 1.074168 -0.130774 -0.230342
11 -0.980086 -0.787571 -0.928864 -1.887586 -0.851371 -0.517724 -1.041006 -0.961811 -0.944540 -1.150516 12.623869 -0.883808 -0.695537 -0.993450
11 -2.065375 -1.826255 -1.810126 -2.483760 -1.370365 -2.904292 -5.218131 -2.383026 -2.058929 -2.214312 30.939030 -1.678245 -1.854072 -3.072141
11 -1.909919 -2.006422 -1.553636 -0.574968 -1.413605 -1.786317 0.836513 -1.995193 -0.594169 -1.758275 18.106170 -2.103498 -0.645535 -2.601145
11 -1.516596 -1.369100 -1.278719 -1.309006 -0.706385 -0.984938 -1.520038 -0.836066 -0.981754 -2.279969 16.368333 -1.393769 -0.221230 -1.970762
11 -0.526890 -0.674732 -0.927842 -0.994478 -1.005631 -0.704334 -0.072018 -0.782160 -0.676193 -0.994160 9.347414 -0.567482 -0.497405 -0.924090
9 -0.172763 -0.503408 0.207453 0.334340 -0.178999 0.177063 0.618388 -0.222099 0.758178 -0.238310 -0.443482 0.083614 -0.153317 -0.266658
11 -0.616860 -0.792928 -0.766680 -2.369783 0.078935 -0.366350 -0.821907 -0.396014 -0.976331 -1.986943 10.929402 -0.108890 -0.896135 -0.909515
5 0.911175 -0.443697 -0.183290 -0.365207 1.225799 0.638993 -0.600542 -0.170606 0.278841 -0.462801 -0.559508 0.589500 -0.482246 -0.376413
4 -0.214871 -1.005275 -1.090910 3.092835 -0.212043 -0.270558 0.124339 -1.254638 0.327122 -1.009915 0.379327 0.275661 -1.184472 2.043398
7 -3.170831 -1.698013 -4.136442 -3.391534 -3.856941 -4.461068 49.258600 -4.739964 -2.354530 -3.581664 -5.202629 -4.266171 -3.706247 -4.692564
4 -0.341367 -0.024071 -1.802294 1.135832 0.137484 -0.417669 -0.799258 -0.539936 0.768733 -0.566240 1.122568 0.487523 -0.188134 1.026830
7 -0.311733 -0.983774 -0.382134 -0.021610 -0.166836 -0.962866 2.032911 -0.023212 0.088199 0.135930 0.547831 -0.602305 0.185575 0.464023
7 -5.801948 -5.426854 -4.947455 15.775148 -1.232086 -5.676188 48.984057 -5.904801 -6.206108 -5.609176 -6.220146 -5.740286 -5.869861 -6.124294
1 3.868809 -0.221334 -1.052468 -1.219986 -0.738586 -0.481418 -0.134519 0.319108 -0.822906 -0.434816 -0.169291 0.136982 0.114353 0.836072
4 -0.458235 -0.779794 1.337670 4.722969 -1.900938 -0.860999 -0.300393 -1.526370 -0.669415 -0.665535 -0.104997 0.160928 0.900183 0.144926
5 -0.875086 -1.287032 -0.275177 1.065545 8.877006 -1.045334 -1.273672 -1.489383 -0.043040 -0.479742 -0.925066 -0.585097 -0.467704 -1.196218
4 -1.672098 0.108343 0.523868 2.301031 0.152768 -0.175813 -0.687779 -0.923978 0.186930 -0.139355 1.244152 -0.751458 -0.748444 0.581832
4 0.180026 -1.020178 -0.291446 4.831930 -0.193438 2.098684 0.275841 -0.634607 -0.408026 -1.558354 -0.596729 -1.915253 0.196682 -0.965132
8 0.885958 -1.793296 -1.099804 -1.198655 -0.662362 0.849359 -0.562001 5.293145 0.737501 0.109086 -1.851768 -0.291813 -0.703480 0.288132
4 -0.046077 -1.023881 -1.677116 7.311078 -0.278913 0.313738 0.211103 -1.153434 -1.127039 -1.388759 -0.166083 -0.880083 -0.993906 0.899373
4 -1.415573 -0.492901 -1.348060 4.213920 0.752519 0.414055 -0.555757 -0.308498 -0.348039 0.314661 0.300290 -0.050601 0.128641 -1.604658
11 0.245930 0.468952 -0.195544 0.463931 0.325233 1.019994 -2.862122 0.632591 -1.608148 0.424785 1.790250 0.326765 -1.210596 0.177980
4 -0.225298 -0.321109 -0.868946 1.435617 0.479430 -0.309839 0.930921 -0.637053 -0.036414 0.067993 -0.373535 0.223686 -0.362864 -0.002591
7 -5.303668 -3.830951 -1.931300 -3.710674 -3.228332 -5.208981 48.191132 -5.206974 0.840443 -3.393368 -4.695835 -4.666470 -4.811199 -3.043825
4 -0.152214 -0.530516 -1.012334 4.767687 0.117661 0.103405 -3.003150 -0.758843 0.225540 0.128169 -0.525885 -0.164722 0.678392 0.126810
4 0.367826 -0.581531 -0.382072 1.639231 -0.793638 0.421128 -0.165588 0.753274 0.514184 -0.918760 0.064500 -1.003102 0.594960 -0.510412
1 1.316827 -0.121349 -0.966258 -0.132670 -0.193070 0.520784 0.050807 1.116418 -0.702261 1.135792 -0.145723 -1.132148 -1.264983 0.517834
1 1.257797 -1.512096 -0.870349 -0.757447 1.014769 -0.248793 0.723702 -0.085471 -0.324378 0.113946 0.499717 -0.195228 0.528668 -0.144837
13 -0.251640 -0.374466 -0.109580 0.195378 -0.261633 -0.134482 -0.187458 0.126600 0.688614 -0.360735 0.295343 -0.276831 0.796938 -0.146047
12 -1.344519 -0.802954 -0.190233 -0.172771 0.417374 0.541035 0.022448 -0.195891 0.876249 -0.479118 -0.457693 1.717097 -0.735766 0.804742
3 -1.007901 -0.763053 9.021731 -1.318447 -1.049428 -0.541919 -0.353494 -0.032780 0.098964 -1.088225 -0.709012 0.380012 -1.273456 -1.362992
3 -1.444511 -0.428254 3.783200 0.697004 -0.741780 -1.018192 -0.093140 -1.435390 0.019579 1.299198 -0.166678 0.053587 -0.557247 0.032624
7 -0.648802 -0.707939 -0.738949 -1.388025 -0.392902 1.597180 1.819884 0.548560 -1.275253 -0.305659 1.250633 1.716683 -1.266901 -0.208510
3 -1.309226 -0.696973 4.585909 -1.345923 -0.870388 0.136176 2.358256 -0.092141 0.280445 0.043669 -0.058466 -2.025672 -0.726804 -0.278863
3 0.531960 0.109760 3.096892 -0.748772 -0.276095 -0.404597 0.125221 -0.255289 0.286400 -0.910627 -0.117724 -0.288626 -0.936360 -0.212143
1 0.964686 0.821036 0.120323 0.049414 -0.625030 0.342605 -0.378923 -0.588605 -0.964097 0.540518 0.358688 -0.102647 -0.637256 0.099288
8 -0.316914 -0.691564 1.371794 0.197769 -1.045973 -1.871152 -0.798560 3.193342 -0.295034 2.699383 -0.167402 -0.552351 -1.622179 -0.101159
3 -0.465407 -1.975962 1.956260 -0.618099 1.025141 1.363097 -1.668921 -0.265547 -0.115040 0.217329 -0.879997 0.973000 -0.346684 0.800831
3 -0.470807 -0.597577 5.711286 -0.512310 -0.142738 0.151886 -1.858327 -0.540278 -1.341443 0.496794 0.139177 -0.029759 -1.270123 0.264219
3 -0.055263 0.400211 2.558159 -0.621237 -0.255161 -0.077139 0.206893 0.118673 -1.007030 -0.129947 0.033629 0.508052 -1.072328 -0.607512
3 -0.979532 -2.253770 6.581451 1.313580 -0.239978 -1.038731 -1.513983 -1.003078 -1.482684 -0.135592 -0.223457 1.021991 -1.359475 1.313259
14 -0.927470 -0.055592 -0.942818 -1.123218 0.891252 0.315715 0.243566 0.827858 -0.493638 -0.963182 -0.105802 0.980404 -0.052168 1.405093
3 1.015281 -0.571396 2.974266 -1.142786 -0.323261 -0.502833 0.531579 -0.168755 -0.093882 -1.513664 -0.169112 0.098152 0.446107 -0.579697
3 -0.785447 -0.393033 3.721668 -1.104637 -0.134952 -0.660885 0.125582 -0.876101 3.097928 -0.603734 -0.427494 -0.281531 -0.856918 -0.820447
6 0.197414 -0.819119 -3.039195 0.428692 -0.865642 13.726713 -1.259521 -2.117373 -1.735213 -1.974145 -0.331986 -0.695477 0.447810 -1.962957
6 0.464600 -0.552721 -0.731654 -0.162229 -0.558330 2.933819 0.067379 0.585893 -0.011872 -0.317887 -0.823906 -1.033341 0.571816 -0.431566
1 4.002888 -1.706365 -0.334944 -1.100064 0.863293 2.557454 -0.436776 -1.525542 -0.717758 -0.420030 -0.705035 -0.917662 0.113804 0.326736
6 -5.446878 -3.090755 -3.688247 -5.063486 -4.678610 56.974838 -4.444260 -5.238048 -4.604595 -4.934918 -4.549805 -3.637817 -4.489193 -3.108224
6 -1.276689 -1.588321 -1.020302 0.123114 0.102826 7.105032 -0.678620 -0.675056 -1.184601 -0.328950 -1.039217 0.187706 0.092668 0.180410
6 -3.236712 -3.353617 -2.035240 -2.418659 -2.385684 35.790227 -2.847710 -2.642812 -2.810216 -2.380684 -2.685700 -2.387408 -4.344609 -2.261177
6 0.136155 -2.057185 -1.843294 -1.093838 0.592486 7.754974 -1.917941 -0.112549 -1.409233 -1.078551 -0.124385 -1.275082 3.738596 -1.310152
6 -3.539735 -1.804143 -2.368286 -2.613810 -1.412300 30.081670 -3.160555 -1.974826 -2.411837 -2.648033 -1.274780 -1.781395 -2.861909 -2.230060
6 -5.446878 -3.090755 -3.688247 -5.063486 -4.678610 56.974838 -4.444260 -5.238048 -4.604595 -4.934918 -4.549805 -3.637817 -4.489193 -3.108224
6 -0.274698 -0.961559 -0.552795 -0.584804 -0.038473 2.374592 0.671364 0.685059 0.019185 0.581549 -0.981192 -0.804041 0.299436 -0.433624
9 0.106031 -0.907930 0.033129 -0.742736 -0.281933 0.313766 0.063462 -0.199910 1.280698 -0.685606 0.146709 0.239767 0.861051 -0.226497
6 -0.510696 -0.845517 -1.488246 -1.990468 0.353453 6.929854 -0.469741 -0.104335 -1.272228 1.707667 -0.837580 -0.707765 -1.014413 0.250014
6 0.828279 -2.599463 -3.461389 -3.089644 -2.791686 27.958411 -1.551061 -0.833016 -2.586153 -2.545612 -3.070443 -2.347114 -2.186714 -1.724393
6 -4.165382 -3.366230 -2.271693 -1.720109 -3.159717 40.178351 -3.714464 -3.081436 -3.278750 -2.553047 -3.558031 -2.944563 -4.059391 -2.305537
7 -0.398421 -0.718070 0.419935 0.271122 0.928943 0.445236 1.305223 -1.251986 -0.613976 0.381911 0.073973 -0.361126 -0.537201 0.054439
6 -2.418000 -2.266264 -0.813924 -3.697262 1.688719 17.030242 -1.639113 -1.992713 -2.530005 -0.328076 1.280523 -2.733233 -2.130377 0.549482
7 -0.490170 1.022590 -0.042946 -0.664637 0.098058 0.044983 1.367342 -0.234712 0.635575 -0.364459 0.382038 -0.645087 -0.669102 -0.439475
14 -0.280479 -0.133215 -1.094808 -0.265603 0.783058 2.370779 -3.113200 -0.327880 -1.050643 1.513568 -0.003947 0.119095 -1.497730 2.981003
6 -5.446878 -3.090755 -3.688247 -5.063486 -4.678610 56.974838 -4.444260 -5.238048 -4.604595 -4.934918 -4.549805 -3.637817 -4.489193 -3.108224
7 -1.394488 0.914313 -0.343430 0.279926 0.385157 1.704411 2.409444 1.022207 -0.116915 -1.731530 -1.262930 -0.979120 -0.466009 -0.421036
6 -0.077142 -2.556386 -1.119926 -0.742197 2.364427 6.594308 -1.991956 1.863203 -1.654965 -2.972089 -1.083722 -0.932698 0.040990 2.268151
6 -5.446878 -3.090755 -3.688247 -5.063486 -4.678610 56.974838 -4.444260 -5.238048 -4.604595 -4.934918 -4.549805 -3.637817 -4.489193 -3.108224
6 -1.558014 -1.295023 1.101519 -0.508156 -0.909274 6.460150 -0.854076 -0.921682 -0.979030 -0.515519 0.159305 1.385287 -2.313463 0.747976
6 -0.149480 -1.697015 -0.890976 -1.462187 -1.052366 8.938752 -0.220398 -1.071425 0.516162 -0.394913 -0.329239 -0.793560 -0.568907 -0.824446
3 -0.061163 -0.619770 2.710145 -0.725575 0.291762 2.315042 -0.902642 -0.661370 -0.034180 0.673574 0.040440 -1.292218 -1.423204 -0.310841
13 0.710265 -1.095194 -1.158703 -0.538381 -0.244027 -1.095232 -2.288044 -1.059858 -0.220209 -1.624527 -1.564840 -0.467013 9.758912 0.886850
1 1.383364 -0.227958 -0.645868 -0.832932 0.231576 -0.239349 1.022248 -0.143550 0.123944 -0.973384 -0.041927 -0.469932 1.132478 -0.318710
14 -1.511447 0.260466 1.107740 -0.979953 0.648652 -0.443253 -1.404929 -0.581382 -0.669482 1.669191 -0.141925 0.016974 -0.200344 2.229691
8 -0.556248 -0.496407 0.295469 -0.400513 -0.723454 0.320546 -0.836617 0.948246 0.548577 0.535043 0.288166 0.180627 -0.302684 0.199251
4 -0.579928 -1.487793 -0.137846 2.526010 -0.751712 -0.613424 -1.039538 -1.436747 1.508649 -0.343391 0.070025 1.229212 1.432552 -0.376069
13 -1.722930 -0.656851 -0.659534 -0.542084 0.493329 0.361526 -0.296380 -0.547932 -0.779532 0.532444 0.027301 -1.272465 5.410440 -0.347332
12 0.626182 -1.524892 0.600172 -0.197873 -0.303846 -0.090330 0.205687 0.587524 0.852004 -0.382096 -1.976834 1.080709 0.970795 -0.447203
1 1.885718 0.087911 0.173271 0.277461 -0.225847 0.928427 -3.579280 -0.508015 -0.190098 1.474261 -0.853702 -0.137723 0.871459 -0.203843
13 -0.463646 -0.829918 -0.402842 -0.718083 0.431765 0.141207 0.061519 -0.716719 0.483487 0.341807 -0.692969 -0.260539 3.450790 -0.825860
13 -1.762689 0.115810 -0.838559 0.113437 0.286162 -0.616578 -0.317771 0.701053 -1.793223 -0.250328 0.030900 -0.817906 5.925571 -0.775879
13 -1.258936 -2.180366 -0.545996 1.899998 -1.787194 -1.190157 -0.556341 -0.717807 2.976913 -0.096884 -0.983780 -0.835670 5.622930 -0.346710
13 -0.504878 -0.424589 -1.504223 -0.155750 0.902232 0.010652 -0.736017 -0.444982 0.656585 -1.293407 0.165974 0.095980 3.404319 -0.171897
13 -0.119580 -0.858397 -0.434465 -0.271343 0.202896 0.148444 -0.514640 -0.538983 0.492999 0.270608 -1.348903 -0.098364 3.462242 -0.392514
13 0.183062 -1.086590 0.742190 -1.028797 0.012423 -0.222680 -1.337501 0.330210 1.103219 -0.812021 -1.539844 0.697159 3.154398 -0.195229
13 2.557337 -0.920688 -0.553681 -1.160056 -0.524997 -1.335059 -0.617539 -0.755491 -1.108455 -1.521893 -0.463423 1.490650 5.788395 -0.875100
13 -1.847478 -1.062442 0.637226 4.096969 -0.022233 -1.198129 -1.909667 -0.345347 -0.378474 -1.077808 -0.806176 -0.837164 5.716435 -0.965712
13 1.394745 -0.647339 -0.376644 0.320040 -0.361228 -0.199923 -1.567371 -1.321602 2.212203 -1.386796 -0.698533 -1.213074 5.059522 -1.214002
8 -1.123128 2.439509 -0.213577 -0.032081 -1.390556 -0.656711 -1.860992 3.906776 -1.110615 0.649652 0.103601 0.360488 -1.190251 0.117887
13 1.140782 -0.225483 0.281739 -0.226729 -0.120108 -0.705184 -1.439435 0.832989 0.083562 0.323004 -1.575713 0.125827 1.469645 0.035103
12 0.494634 -0.930275 -0.380726 -0.005518 -0.192876 0.249045 -0.011438 -0.354249 0.578537 0.138460 -0.508315 0.959913 0.056183 -0.093374
13 -1.013162 -0.824386 0.009905 -0.904252 -1.191687 -1.416291 0.306553 0.027609 -0.548039 -1.365520 -1.590660 0.672882 7.798094 0.038956
13 0.816167 0.975525 -1.078785 -2.012388 -0.953077 -0.392889 0.269482 -0.647909 -0.004053 0.834541 0.401692 0.322445 1.637543 -0.168294
13 -0.206155 -1.431477 0.552078 -0.240608 0.059271 -0.827548 0.551879 -0.149747 0.156559 -0.825674 -1.228847 -0.998003 5.385071 -0.796799
13 2.062609 -0.588452 0.301025 -1.006847 0.020366 0.010450 -1.099967 0.499358 0.187456 -1.041648 -0.938335 -0.523138 2.230660 -0.113538
13 -1.388831 1.418514 0.013707 0.471574 -0.518680 -1.157752 -1.128497 -0.639090 1.260849 -1.127869 -1.092319 0.879934 4.058778 -1.050318
13 0.481335 -0.530882 -1.604924 -1.157720 -0.423688 -0.449100 0.584286 0.383288 0.142653 -1.168262 0.954747 -0.412159 3.578372 -0.377945
7 -3.692187 -5.458837 -4.878702 -4.698585 -4.927430 -4.482926 52.606342 -3.623727 -3.226466 -4.452617 -3.211953 -4.590190 -3.007815 -2.354906
7 -0.612531 0.616378 -0.440904 -1.075213 -0.064142 -0.513381 4.019018 0.097825 -1.463437 0.103986 0.946106 -0.152270 -0.771556 -0.689878
7 -4.142535 -5.611847 -4.735518 -4.973284 -4.242605 -3.716924 51.668689 -4.141378 -3.093035 -4.180288 -2.330959 -4.434098 -2.127524 -3.938692
5 -0.286683 1.506030 -0.594623 -0.993616 1.842938 1.283558 0.010472 1.126295 -1.292760 -0.532130 -0.101858 -0.424153 -1.557782 0.014313
7 0.047222 -2.255225 -2.039086 -4.476598 -0.012935 -2.392934 20.236436 -0.539854 -1.403617 -2.213326 -1.361408 -1.637847 -1.470117 -0.480709
7 -1.011390 -0.185518 0.339727 0.018939 -0.037036 2.074554 3.106710 -2.065473 -0.966153 -0.178109 -1.640669 -0.804687 0.283055 1.066050
7 -4.134845 -3.664147 -4.468881 -4.773969 -4.096572 -3.851347 56.131292 -4.425997 -4.399848 -3.846219 -4.860281 -4.841824 -4.226866 -4.540495
7 -1.859303 -0.986300 -0.196201 0.485261 0.815541 -0.327227 3.623661 -0.168331 -0.387103 0.055824 -1.653880 0.686225 -0.285917 0.197750
7 -4.458925 -4.830318 -4.609909 -4.936010 -3.807274 -4.388487 59.514422 -3.636053 -4.399738 -4.914300 -5.634119 -4.021430 -4.934869 -4.942989
13 0.185556 0.554014 -0.892041 -0.804859 -0.478843 0.686324 1.553111 -0.891328 -0.222887 -1.488993 0.055058 -0.734264 1.673086 0.806067
7 -4.005959 -4.207029 -4.903111 -4.567163 -4.080629 -4.463583 53.795872 -4.824491 -4.068194 -3.816776 -4.765097 -4.099827 -1.000940 -4.993073
7 -4.282604 -3.208621 -4.172493 -4.449903 -3.305104 -4.329558 50.061484 -4.356869 -4.801983 -2.436492 -3.704107 -4.387812 -4.666331 -1.959605
7 -4.911546 -5.977723 -5.230744 -6.502014 -5.436198 -4.486772 67.807155 -4.146664 -4.676798 -5.677469 -5.708984 -4.270378 -4.125191 -6.656672
7 -3.540051 -4.518674 -3.704364 -4.909720 -3.081584 -4.393362 54.159565 -4.261860 -4.604290 -4.490738 -4.357593 -4.477171 -3.677317 -4.142840
12 -0.274849 -1.173453 1.585198 -1.063682 0.038895 -0.329780 -2.273916 -0.541598 -0.372713 1.439240 -0.656416 2.948255 0.138361 0.536459
7 -4.133402 -4.422043 -3.803901 -4.028565 -3.613725 -3.799474 53.538383 -4.819981 -2.973500 -4.239269 -5.438648 -3.987389 -4.350880 -3.927607
7 -6.272691 -5.273608 -5.434541 -5.414604 -5.716947 -6.181535 72.320492 -4.600776 -5.104883 -6.116945 -6.505123 -4.427933 -5.480635 -5.790271
7 0.256997 -1.266567 0.172738 -0.676438 0.703019 -0.986763 3.684729 -0.569715 0.147341 0.277075 -1.087280 0.433705 -0.098395 -0.990445
7 -5.804624 -3.420361 -3.773961 -3.663349 -2.991098 -3.738923 51.968832 -4.295720 -5.019601 -4.057367 -3.496307 -3.780959 -4.189278 -3.737284
11 -0.922974 -1.746779 -0.296690 -1.187125 0.116582 -0.516101 -1.591083 -0.534202 -1.100011 -0.359925 8.656231 -0.041406 -0.235634 -0.240884
7 -4.059329 -4.373527 -4.087084 -4.306353 -3.867901 -4.397895 55.784727 -4.788379 -4.445951 -4.588902 -4.097114 -4.171372 -4.874328 -3.726591
7 -2.931521 -4.983666 -3.946762 -4.774101 -3.619973 -4.637246 53.212882 -4.580496 -3.541489 -3.428090 -5.486860 -4.080962 -4.250045 -2.951672
7 -3.772160 -4.980726 -5.251653 -5.465350 -4.745237 -4.798219 61.287853 -5.090801 -4.454564 -4.785864 -4.659225 -5.228053 -3.727217 -4.328785
7 -1.456736 -2.670123 -4.969706 -4.611224 -3.879936 -5.239153 51.695512 -3.195131 -5.434011 -4.515480 -4.032487 -3.987350 -2.775904 -4.928271
7 -4.674967 -4.092709 -3.048423 -4.347090 -3.433066 -4.382823 51.558394 -4.164228 -4.572238 -3.814015 -3.501053 -4.832062 -3.876846 -2.818872
12 -0.844179 0.348795 0.225122 -0.893736 -0.126767 -0.230338 0.224706 -0.287039 -0.845238 0.445536 0.915854 2.468991 -0.673761 -0.727946
13 -0.105047 -0.341490 1.844862 0.201523 -1.067523 -0.594803 -2.118968 -1.521260 -0.436418 -0.513470 -0.292578 0.810509 4.163284 -0.028620
8 -1.044005 -0.225608 0.435385 0.351390 -0.509137 0.564688 0.054996 0.639477 -1.378229 0.532330 0.083070 0.574411 0.268961 -0.347729
12 0.268701 -1.342961 -0.091083 -0.067112 -0.575009 0.506887 -0.457400 0.054998 0.808536 -0.270269 -1.214354 1.069928 0.915966 0.393172
9 -0.252992 0.326131 -0.195763 0.067507 -0.680758 -1.370470 -1.511381 -0.524134 2.480192 -0.298849 -0.429996 1.117972 0.296494 0.976047
9 -0.037807 -1.171033 0.043103 -0.242344 0.449380 0.259277 -0.370237 -1.589475 2.643445 -0.133887 0.209106 0.421494 -1.090651 0.609630
12 -2.575100 0.597904 2.488546 -0.652053 0.629612 -0.993580 -0.923419 -1.586554 -0.733529 -0.202930 0.460552 2.588271 -0.583148 1.485427
1 0.706801 0.189179 -0.594802 -0.655892 0.051196 0.104878 0.154896 0.627532 -0.123592 -0.467485 -0.265535 0.104165 0.159056 0.009604
12 -0.931381 -0.190513 -0.130582 -0.812772 -0.201351 -0.318167 2.303274 -0.976400 0.001144 -1.370409 -0.497890 5.249490 -0.715679 -1.408763
4 0.591260 0.483479 -0.236672 1.159582 -0.359159 -0.162351 0.666488 -0.490282 -1.274180 -0.156401 -0.210230 -0.604210 -0.389982 0.982658
10 0.439728 0.556580 -0.061063 -1.112992 -0.134989 -0.389697 0.493809 -0.337012 0.245484 1.207738 -0.039911 -0.108989 -0.320939 -0.437745
7 -0.279625 -0.647213 0.074441 -1.300385 0.695328 0.039186 3.657685 -0.371421 -0.362201 0.198843 -0.902139 -0.522216 -0.003746 -0.276537
12 -1.574902 -0.792447 1.909718 -1.482531 -0.734283 -0.819790 -1.193392 0.596561 -0.317966 -1.616950 -0.774544 8.089059 -0.610842 -0.677691
12 -0.194134 -0.529522 0.197046 -0.656214 -0.588022 -0.086150 0.675489 -0.905709 0.248478 0.565543 -0.207652 1.137828 0.324553 0.018466
12 -0.772201 -0.817052 -0.650771 -0.465918 1.161946 -0.803808 -0.115419 0.573896 0.803287 0.142383 -1.058553 2.858760 -1.454959 0.598409
12 -0.898592 -0.272423 -0.063470 0.941432 0.159964 -0.573204 1.276426 -1.281254 -1.652223 0.138323 -0.350506 2.487582 -0.377077 0.465021
5 -2.133317 2.800804 -2.922631 -0.653171 8.647269 -1.603038 0.138712 1.368097 -1.714280 -0.988005 -3.745091 1.951459 -0.520373 -0.626436
3 -0.214435 0.110994 0.899193 0.411775 -0.093248 0.229754 -0.463448 -0.577157 -0.467879 0.065378 0.007384 0.589647 -1.352965 0.855006
12 -1.431457 -1.826823 -0.413029 -0.831515 -0.197776 -0.931411 -1.248799 0.856966 -1.014589 2.895730 -1.523925 5.392575 -0.100236 0.374288
12 -0.030907 1.685994 0.501942 -0.298803 -1.213045 -0.965360 -1.007051 -0.712564 -1.260173 1.542439 0.002556 1.750311 -0.209979 0.214639
14 0.280584 -1.663376 -0.301333 -1.236786 -0.594738 0.061476 0.042602 -0.945539 0.624256 -0.045592 -1.436707 2.416371 -0.468230 3.267011
12 -2.093453 -0.310621 -0.184167 -1.448761 -0.796567 0.539719 1.789991 -0.259554 -0.440526 -2.172177 0.239977 7.195078 -1.531005 -0.527934
9 0.106370 -0.538518 0.413269 -0.377442 -0.264105 0.810452 0.876458 -0.618953 1.227775 -0.357911 0.799660 0.328723 -1.689770 -0.716007
14 -1.177221 -1.716786 -0.828617 -1.547607 -1.458730 -1.050022 -1.038650 -0.996516 -0.182813 0.584261 -0.441795 0.013001 -1.168889 11.010385
1 1.649031 0.826651 0.229359 -1.132225 -1.680821 -0.247985 0.085452 -0.847826 0.962898 -0.980448 -0.200818 -0.163399 0.343321 1.156811
14 -2.422154 -1.658884 -0.889163 -1.645158 -1.093227 -1.393236 0.072549 -0.848820 -1.948952 1.190422 1.013335 -0.486906 -0.314110 10.424304
14 -1.548124 -0.923878 -1.287463 -0.672363 -0.297476 -0.431808 -0.739425 -1.259079 -0.145560 -1.300114 -0.877917 -2.285193 -0.096015 11.864415
2 -0.344750 2.471659 -0.724674 0.847366 -0.533235 -0.962897 -0.681982 -0.433880 0.187770 -0.822507 -0.623914 -0.503635 1.787699 0.336980
14 -1.194900 0.017995 -0.720028 0.591390 -0.380642 -0.176908 -0.985047 -0.494828 -1.557864 1.032728 0.359741 0.512725 -0.096406 3.092044
2 0.478839 0.820842 -0.186306 -0.690308 -0.118947 0.299356 -1.306959 -0.598999 0.645890 -0.888707 0.108470 0.036470 0.593840 0.806520
14 -1.569489 -0.515552 -0.336030 0.194075 -0.066533 -1.029701 0.420131 0.943266 0.890851 -1.500439 -0.894773 1.058166 0.449788 1.956240
14 0.482106 -1.377707 0.333144 -1.924691 -1.795859 -1.146043 -1.430871 -0.905726 0.262811 -0.646482 -0.113505 -0.175057 0.899755 7.538125
14 -0.798608 -0.951498 0.025042 -0.029242 -0.427752 -0.985114 -1.208334 -0.628075 -2.325191 -0.141828 -0.517343 -1.306396 -0.031996 9.326334
7 -0.219786 -0.380167 -0.447920 -1.373446 -0.232918 0.320845 1.684978 -0.022379 1.128091 -1.506443 -0.447797 -0.048921 0.278447 1.267417
14 -0.487711 -0.945095 0.851842 -0.425822 0.063140 -0.626467 -0.354028 -0.896114 -1.191953 0.064968 -0.448852 0.536854 1.177902 2.681335
5 -0.384251 -0.793120 0.132755 -0.977692 1.363677 0.023592 -0.189713 -0.834375 0.011766 1.256705 0.552158 -0.392888 -0.577878 0.809262
9 -0.678687 -1.584895 -0.624317 -1.335328 0.075639 0.496826 0.803893 1.323732 1.505229 -0.852468 -0.122040 0.363098 -0.359960 0.989281
5 -0.383257 0.618448 -0.345797 0.387593 1.865529 0.098415 0.678765 -0.974215 -0.777388 -0.496975 0.470733 0.599055 -1.787639 0.046732
14 -0.919329 -0.698721 0.212425 -0.011307 -0.426098 -0.577624 0.753528 -0.653723 -0.622964 0.297197 0.603979 0.162452 -1.355828 3.236012
14 -1.231114 -0.260283 0.276191 -0.916649 -0.273429 -1.067381 0.053461 -0.004739 -0.930875 -0.464572 0.285809 -0.350339 -0.754800 5.638720
14 2.011938 -1.368210 -0.156366 -0.663173 -0.202359 -0.628469 -0.255608 -0.134594 0.139057 -0.695384 -0.574887 0.198057 0.109131 2.220868
14 0.204263 -1.170492 -0.426334 -1.783739 -0.603435 -1.101424 -1.199912 -0.960380 0.665238 -1.255540 -0.869096 -0.207616 0.910288 7.798179
14 0.244287 -0.921820 0.044860 -2.104939 -0.201126 0.638519 -1.758253 -1.026556 0.507974 -0.309481 0.391380 0.487635 0.466471 3.541050
14 -0.485466 0.750105 0.135442 0.589564 0.794902 -0.831198 0.861922 0.079663 -1.673055 0.606601 0.725854 -0.998949 -1.452882 0.897497
14 -0.214520 -0.981116 0.194829 0.063458 0.037076 0.162601 -1.478609 -0.171407 -0.136127 -0.308189 -0.351118 -1.066289 0.950437 3.298973
8 -1.108874 0.707298 -0.341179 0.210704 0.007564 0.951682 0.633702 2.501457 -1.232726 -0.910860 0.335730 -0.718385 -1.097947 0.061832
8 0.783089 -0.587171 -1.527621 -0.512015 -0.320070 0.583160 0.040195 8.512003 -0.862836 -2.063243 -1.698482 0.156861 -0.523119 -1.980749
5 -0.008213 -0.387944 -1.532719 -2.281619 13.340281 0.013695 -1.584860 -0.317449 -1.834896 -0.748536 -1.413149 -0.872734 -1.259686 -1.112170
8 -0.781632 -1.998690 -1.117094 -0.885725 -1.136346 -1.252257 -0.436147 12.960683 -0.814076 -0.667761 -1.661707 -0.902251 0.217077 -1.524073
8 1.280957 -2.034586 1.115774 -1.154973 -0.322854 -0.950999 -2.188498 3.046544 0.992915 2.316057 -2.164571 -0.110776 0.321978 -0.146969
1 1.189315 -0.557893 0.100157 0.603656 -0.599416 -0.081426 -0.815162 -1.016353 -0.016790 0.090642 0.689465 0.841455 -0.994964 0.567315
8 -1.179181 -0.362849 0.338286 -2.368612 -0.528071 0.206454 1.926852 6.352161 -0.309289 -0.841670 -2.390774 -1.260489 1.818656 -1.401474
8 -0.973053 -0.045294 -2.446560 -0.752370 -1.783822 -0.429555 0.398393 9.013734 -1.907835 -1.096565 -1.401950 1.506470 0.262948 -0.344541
8 -0.179613 -0.603131 -1.362002 -0.877086 0.351638 -0.316938 -2.430986 9.297809 -1.073286 -2.008748 0.016135 0.919281 -1.367652 -0.365420
1 1.540933 0.032598 -0.515189 -0.005983 -0.165450 0.273813 -0.552257 0.565066 -0.031241 -0.528735 -0.324223 0.674291 -0.867660 -0.095963
8 -0.343228 0.384690 -0.484816 0.201588 0.128388 0.177655 -0.725295 1.644864 -0.743581 -0.256757 -0.103290 -0.283281 -1.141109 1.544172
8 -0.914013 0.411075 1.683654 -0.861514 1.387599 -0.327990 -0.336695 7.502251 -1.158212 -1.349877 -1.981453 -1.102081 -3.062017 0.109272
14 -0.671135 0.974549 -1.449414 -0.015747 -0.184566 -0.338616 -2.029331 0.161936 -0.311978 -0.162974 -0.827576 1.162892 1.730442 1.961519
7 0.519313 0.137973 -0.556809 -0.913904 0.033247 0.162810 1.424798 -0.181445 0.309273 -0.105692 0.193198 -0.460334 -0.130064 -0.432364
8 -0.735864 1.326906 -0.684011 -0.821108 0.075260 0.521623 -0.022437 2.454707 0.779038 -0.513545 -0.578429 -0.981376 -1.204592 0.383829
2 -1.433915 1.478087 0.444436 0.733254 1.086774 -0.124615 1.349584 0.469972 -1.774981 0.046893 -2.455206 0.239830 0.154337 -0.214451
9 0.269896 -0.545796 -0.541370 -1.199947 -1.128322 -0.144732 0.898478 0.763870 2.810389 -1.528478 -0.275249 -1.156938 1.293790 0.484410
8 -0.097212 -0.305327 -1.709180 -0.352799 -0.330576 -1.176246 1.156787 2.344757 0.637067 -1.039657 0.297493 -0.587768 0.221116 0.941545
6 0.112181 0.835886 -1.812795 -0.193731 -0.604396 2.370962 -0.377198 -0.286761 -0.671532 0.304384 0.225394 -0.159862 -0.590114 0.847583
8 -1.004488 -0.628990 0.196127 -2.209821 -0.617820 1.776522 0.039872 5.066216 -1.372260 1.023861 -1.234903 -0.250136 -0.683277 -0.100904
2 -0.073578 1.986101 -0.443636 -1.496549 -0.866269 -0.551660 -0.054373 1.769897 -0.528059 1.042224 -0.759269 0.053689 0.159562 -0.238079
8 -0.979111 -0.206745 0.625298 0.151332 -1.129653 0.590729 -1.201951 4.140236 0.006967 -0.318244 -0.451754 -0.069306 -0.785770 -0.372028
2 -1.464786 3.240831 -1.208491 -0.427146 -0.353215 -0.024047 1.570954 -1.676655 -0.981249 1.065087 1.628596 -0.354078 -0.666869 -0.348933
3 0.704253 -2.013822 1.078522 0.108780 0.832898 -0.718047 0.621827 -0.558437 1.023963 -0.237637 -1.001918 0.739039 -0.641112 0.061692
9 -0.175518 -1.489738 -1.010731 -0.368498 0.153533 -0.569073 0.699451 -0.032292 3.042840 -0.769161 -0.714735 1.351415 -0.661983 0.544489
9 0.071225 -0.236644 -0.437279 -0.073027 0.756364 0.226489 0.315656 -0.260245 0.830355 -1.143527 -0.170037 0.293848 0.327042 -0.500220
9 1.121699 -0.082515 0.086299 -1.364265 -0.177378 -1.517352 0.164291 -1.014315 1.634537 1.377602 -1.178507 0.946815 1.524996 -1.521907
9 1.557383 -2.007443 -0.416424 -1.371220 0.290639 0.123792 0.559658 -0.848064 3.617636 -0.626035 0.409342 -0.088625 -0.558831 -0.641807
13 -0.153212 -0.901087 0.836699 -1.397377 -0.404342 -0.422541 0.336001 -0.641257 1.720556 -0.353620 -0.602580 -0.389605 3.129795 -0.757429
13 1.000659 -0.254334 0.371128 -1.145867 0.573905 -0.533224 0.021330 -1.024667 0.156223 0.187202 -0.281991 -0.248274 1.836632 -0.658724
9 0.254547 -0.640428 0.123700 -0.118419 -0.109610 -0.015316 -0.329523 -0.271066 0.713207 0.139751 -0.250642 0.269448 0.125763 0.108587
14 0.160808 -0.373680 0.101411 -0.218973 0.003477 0.459150 -1.130772 -0.823245 0.461056 0.565966 -0.165195 0.429512 -1.106796 1.637281
9 -0.250797 -0.898679 0.189972 -0.744295 -0.165180 -0.319659 0.130182 0.089384 2.990711 0.507517 0.491243 -1.068984 -0.362570 -0.588845
9 0.318988 -0.855405 0.235623 0.297836 0.118546 -0.077978 -0.508590 -0.462626 1.201606 -0.065811 -0.381153 0.279230 0.094679 -0.194946
9 -0.596041 -1.550566 0.543612 -1.188157 0.067845 -0.644066 -0.056484 -0.234473 2.530821 1.032712 -0.953843 0.443358 -0.559060 1.164340
3 -0.162664 -0.256300 0.902408 -0.608039 0.843069 -0.139342 -0.816422 0.847954 0.613940 0.273780 -0.531831 -0.177175 -0.680066 -0.109311
1 1.453104 -2.169446 -0.474526 0.503878 0.838787 0.148857 -0.874550 -0.761517 1.434288 0.173525 -0.460340 0.324466 0.503298 -0.639822
14 -0.080907 -0.250628 0.835268 0.090228 -0.568516 0.067800 0.324101 -0.106116 0.396927 0.081753 -0.106032 -1.103401 -0.629377 1.048900
5 -0.371880 -0.016880 -0.182213 -1.147093 0.934220 -0.127306 0.437535 0.294025 0.419108 0.612669 -0.977594 -0.511756 0.474358 0.162806
14 0.200631 -1.057301 -0.172474 1.116967 -0.054800 -0.954422 -0.121118 -0.534849 -0.213868 0.638338 0.039171 -0.380923 0.047071 1.447579
4 0.699339 -2.153683 -1.035669 3.169994 -0.152983 -0.919416 -0.955332 -0.157931 1.703079 -0.819972 -1.032568 0.714195 1.225299 -0.284350
6 -0.090570 -0.812569 -0.006437 -1.355296 -0.221332 1.203391 -0.457926 -0.030999 0.777170 0.778231 -1.175401 -0.021637 0.990527 0.422848
