1 1.094634 0.218478 0.135742 -0.007942 -0.252439 -0.587599 0.066471 -0.321500 -0.109701 0.186283 -0.679410 -0.489794 0.509612 0.237165
13 -0.660595 -0.085849 0.119800 0.253141 -0.127259 -0.652375 0.056072 0.545495 -0.503357 0.385163 -0.175693 0.024179 0.694065 0.127214
5 -0.978440 -0.154222 0.721739 1.082590 1.348223 -0.354416 -1.280072 -0.162520 -0.647392 0.204603 0.141821 -0.319227 0.170326 0.226989
4 -0.299417 -0.343039 0.206625 1.298539 0.077175 0.087127 -1.424152 -0.823777 0.476053 0.334003 0.050104 -0.192537 0.261876 0.291421
4 0.539965 -0.052716 0.342378 1.541894 0.073910 -0.649004 -0.730472 -0.894404 0.145762 -0.301693 -0.296101 -0.262863 -0.026251 0.569595
1 0.799041 -0.041045 -0.079842 -0.159772 0.000000 -0.007124 -0.060750 0.000000 -0.087901 -0.084316 0.000000 0.000000 0.000000 -0.278291
9 -0.368874 -0.081061 -0.459420 -0.084321 0.297052 0.233971 -0.192219 -0.118650 0.697897 -0.146548 -0.131617 0.260023 0.149143 -0.055377
7 -0.269245 -0.306208 -0.195439 1.021380 -0.342456 -0.707615 1.722253 0.220073 -0.348254 0.460062 -0.980137 -0.210592 -0.598074 0.534252
13 1.273007 0.478676 -0.509633 0.109544 -0.497291 0.040840 -1.217258 -0.272359 0.068997 -0.757299 0.181602 0.429464 1.514909 -0.843200
1 1.083343 0.768637 -0.197509 0.496922 0.206608 -0.151748 -0.605174 -0.660342 -0.107839 -0.779720 -0.407893 -0.357496 0.098299 0.613911
1 1.886738 -0.110818 -0.607946 -0.252724 -0.004124 -0.442336 -0.613612 0.244689 -0.093760 0.501114 0.034800 0.001638 -0.280989 -0.262670
8 0.650291 -0.111197 -0.232949 -0.137893 -0.281771 0.184861 -1.116344 0.691976 -0.148417 0.197450 -0.207635 0.243422 0.457222 -0.189016
4 -0.344400 0.254675 0.614598 1.008810 -0.469149 -0.550256 -0.309701 -0.371895 0.217843 -0.181774 0.239751 -0.102014 -0.038106 0.031618
2 0.379028 1.829642 -0.229487 -0.099731 0.104949 -0.449937 -0.390500 -0.641454 -0.090796 0.253330 -0.861608 0.117976 0.289328 -0.210740
9 -0.077756 0.204615 -0.289662 0.325683 -0.289621 0.059463 -0.695615 0.199355 1.459431 0.133415 -0.274709 -0.950166 -0.011796 0.207364
9 -0.011984 -0.331803 -0.790784 -0.729188 0.082574 -0.321033 -0.426769 -0.700512 2.599665 -1.049232 0.330617 1.101361 0.217044 0.030043
2 0.550984 1.065841 0.066103 0.418194 -1.042656 -0.504318 -1.021058 -0.337788 -0.095215 0.028537 -0.462601 0.701729 0.147417 0.484830
7 -0.388753 -0.509745 -1.003808 0.232725 -0.858373 -0.922295 3.513456 -0.324955 0.728832 0.767200 -2.592105 -0.156362 0.967374 0.546809
1 2.589783 0.180588 -0.541864 -0.385349 -0.460541 0.021264 -0.184594 -0.299260 0.131352 0.007048 -0.284629 0.573131 -0.640599 -0.706330
14 -0.144892 -0.117948 -0.301651 0.294805 -0.075331 0.136005 -0.658423 -0.053077 -0.062011 0.350074 -0.297943 -0.205337 0.399521 0.736208
13 0.324820 0.199975 -0.128477 0.310324 -0.232335 -0.457366 0.501704 -0.502110 -0.314492 0.009581 -0.194386 -0.304288 0.567151 0.219900
10 0.265745 0.389606 -0.516139 -0.369856 0.203061 -0.794268 -0.174671 -0.878894 0.371476 1.488743 0.410055 0.321986 -0.050435 -0.666406
13 -0.595490 -0.471995 -0.172871 0.837677 0.099193 -1.129097 0.948562 -0.093135 -0.526657 0.530547 -0.633768 -0.535764 1.112622 0.630176
3 -0.222372 -0.279510 1.433393 0.678082 -0.292276 -0.611332 0.798455 -0.371749 -0.618496 -0.030419 -0.123286 -0.182660 0.269585 -0.447415
2 -0.177688 2.209641 -0.239572 0.433252 0.129474 -0.817732 -0.655959 -0.433022 -0.507138 0.325892 -0.844058 -0.457108 1.462935 -0.428917
1 1.459933 -0.611944 -0.331675 0.206923 -0.258093 0.242368 -1.260997 -0.114821 0.258914 0.540412 -0.872595 1.013321 -0.460806 0.189061
1 1.545793 -0.564160 -0.590786 0.176804 0.062401 -0.320908 -0.667865 0.238527 -0.355183 1.073709 0.314493 -0.278990 -0.338868 -0.294967
10 -0.530063 -0.141512 -0.890777 0.090401 -0.624031 -0.753850 -0.327875 1.107404 -0.429688 1.294897 0.207289 0.464203 0.378391 0.155213
3 -0.565228 -0.139984 2.517900 0.837234 0.834194 -1.055112 -0.745950 -0.273687 -0.246697 0.483311 -0.256192 0.167774 -1.098562 -0.459001
2 0.048593 0.781979 -0.158898 -0.032906 -0.201916 -0.389898 0.037794 0.079777 0.101225 0.402804 -0.241014 0.392969 -0.403180 -0.417329
13 0.276423 0.000000 -0.057186 0.287877 -0.245489 -0.605081 -0.307737 -0.151629 -0.022386 -0.060064 -0.303207 0.173801 1.090660 -0.075982
7 -0.122315 -0.231208 -0.091642 -0.183578 0.250274 -0.128824 1.101082 -0.289526 -0.101793 -0.064593 -0.191072 -0.197020 0.399521 -0.149307
4 -1.147150 -0.303330 -0.192074 1.260188 0.108236 -0.426258 -0.000716 -0.071280 -0.178641 0.158457 -0.283795 0.272799 0.307442 0.496121
5 -0.902093 0.142019 0.510945 0.354925 0.990261 -0.922968 0.243753 0.766070 -0.385346 -0.323557 -0.623445 0.121441 -0.096621 0.124617
7 -0.193922 -0.100713 0.145987 0.179177 0.067709 -0.469011 0.341288 -0.302398 0.253312 0.242707 0.055938 0.097458 -0.152216 -0.165317
12 -0.346519 -0.159020 -0.716344 0.104510 0.162465 0.306907 -0.194681 -0.384164 -0.581411 0.279641 0.010392 0.675355 0.453882 0.388986
6 -0.671225 -0.401680 -0.072344 0.664009 -0.221939 1.062976 -0.402556 -0.363223 -0.002935 -0.130364 -0.155465 -0.153796 0.690682 0.157861
4 0.250989 -0.170877 -0.293036 0.676078 -0.274410 0.432308 -0.928882 0.261771 -0.040392 -0.175226 -0.233561 0.652564 0.040923 -0.198249
7 0.437299 -0.359571 -0.658313 0.599515 -0.529809 0.718898 0.938622 -0.245608 0.073318 0.227796 0.204981 -0.015960 -0.988218 -0.402950
9 -0.403448 0.077963 -0.386164 0.365394 0.594423 -0.339047 -0.282075 0.041418 1.177657 0.162672 -0.272906 0.268785 -0.703292 -0.301380
2 -0.092512 1.929281 0.275857 0.264896 0.474423 -0.641206 -0.997315 -0.211994 0.269368 -0.250413 -0.802933 -0.118191 0.644166 -0.743427
4 0.305702 0.468249 -0.508542 1.471424 0.514992 -0.465856 -0.920932 -0.766357 0.964185 -0.553550 0.474178 -0.101966 -0.106013 -0.775514
14 -0.478592 -0.091110 -0.202644 -0.432394 0.452220 0.453822 -0.527515 0.126700 0.307224 -0.444320 0.070060 0.174074 0.013982 0.578493
13 0.437617 0.432658 -0.287165 0.246062 -0.317406 -0.500635 -0.393196 0.374257 -0.490765 0.066622 -0.734331 -0.367777 0.877409 0.656651
11 -0.079930 -0.199855 -0.512675 -0.157136 -0.453112 -0.712376 -1.147176 1.407889 0.418158 -1.165494 1.563679 0.432254 0.339750 0.266023
4 -1.134762 -0.077662 0.794781 1.641340 1.021225 -0.386349 0.081677 -0.098425 -0.634372 -0.274518 0.576276 -0.273473 -0.389137 -0.846598
7 -0.092081 -0.289865 -0.332347 -0.361044 0.381122 0.123471 1.454348 0.038918 -0.498707 0.613081 -0.324450 -0.207595 0.267832 -0.772683
1 1.381253 -0.141921 -0.927310 1.139122 0.604936 -0.194053 -0.739972 -0.300298 -0.913925 0.165872 0.096953 -0.022100 -0.179297 0.030741
4 0.774085 -0.079280 0.183723 0.784792 -0.152486 0.149336 -0.536541 -0.415774 -0.176591 -0.286545 -0.170913 0.173541 -0.448551 0.201204
2 -0.274306 0.935431 0.328319 0.642959 -0.520720 0.202991 -0.692954 -0.515003 0.557525 -0.063737 -0.151185 -0.434493 0.189098 -0.203924
10 -0.489305 -0.325328 0.224562 0.046406 -0.213083 0.149275 0.518394 -0.295888 -0.117761 0.891433 -0.239158 -0.436185 -0.348219 0.634857
14 -0.000000 0.303785 -0.536016 0.337820 0.000000 -0.079850 -0.707258 -0.077227 0.251575 0.289587 0.000000 -0.110550 -0.052860 0.380992
7 -0.211372 -0.001634 -0.103873 0.447387 0.068908 -0.340173 0.739863 -0.297480 -0.269203 0.310610 -0.379688 -0.674580 0.181337 0.529900
5 -0.086989 -0.472180 0.513946 0.151426 1.432149 0.674394 -1.537517 0.235583 -0.458498 0.103843 -0.145346 -0.384761 0.490214 -0.516263
2 -0.389615 0.764896 -0.568118 0.738623 -0.163070 -0.579533 -0.554496 0.231553 0.319077 0.229487 -0.114100 0.006752 -0.212755 0.291299
4 -0.085534 1.578493 0.199289 2.174491 -0.547745 0.081670 -0.537010 -0.724375 0.154389 0.072933 -0.764592 -0.627364 -0.069336 -0.905307
14 0.498902 -0.164256 0.459123 0.102528 -0.271324 -0.629034 -0.241169 -0.467590 -0.213472 0.001213 -1.134462 0.528285 0.112277 1.418979
12 -0.137521 -0.108556 -0.335627 0.333946 -0.201781 -0.243794 0.203872 -0.199930 0.102224 -0.037369 -0.828036 1.482689 -0.456152 0.426036
12 -0.113732 -0.019184 0.467224 -0.088797 -0.331008 -0.243330 0.302102 -0.328533 -0.141334 0.262591 -0.975383 0.839389 0.013849 0.356146
13 -0.113986 -0.715258 -0.450614 -0.343829 -0.608635 -0.780870 -0.091523 0.667505 0.356922 0.631395 -0.702415 0.289496 2.067493 -0.205681
3 0.746093 0.224448 1.419625 0.218479 -0.547162 -0.338714 -0.050166 -0.340055 0.708826 0.346423 0.124521 -1.057857 -0.489133 -0.965328
10 0.176457 0.335882 -0.178869 0.665042 0.170825 0.260862 -0.570710 0.054312 -0.436041 0.694508 0.250784 -0.468646 -0.658414 -0.295992
5 -0.188318 0.247413 0.269501 0.271297 0.719547 0.411095 -0.073218 -0.238557 -0.141403 0.565840 -0.613268 -0.350242 -0.397993 -0.481693
14 -0.151438 0.081822 0.240191 0.559750 -0.522781 -0.362119 0.358393 -0.191866 0.209240 0.697239 -0.629639 -0.618577 -0.825346 1.155131
12 0.133250 -0.254406 -0.305220 0.799041 0.203137 -0.165131 -0.620620 -0.303143 0.283310 -0.294945 -0.547044 1.057149 0.255056 -0.240432
4 0.211397 -0.306737 -0.307513 0.930651 -0.452031 0.199976 0.676655 -0.450903 0.122069 -0.242253 -0.176913 -0.001908 0.309323 -0.511814
7 -0.185433 0.061104 -0.028931 0.243996 -0.371896 -0.597763 0.950813 0.037974 -0.551109 0.520579 0.325808 0.241731 0.076906 -0.723780
10 -0.139414 -0.785830 -0.129029 0.756447 -0.039673 0.330695 -0.687267 -0.298837 1.063105 1.101259 -0.612771 -0.057700 -0.798450 0.297465
4 -0.754818 0.792300 -0.312093 1.306957 -0.686102 -0.632222 -0.041110 -0.582046 0.664217 0.186014 -0.423616 0.365668 0.467445 -0.350594
12 -0.007759 0.515445 -0.446940 -0.001110 0.822467 -0.564670 0.463261 -0.459063 -0.189009 0.222373 -0.694447 0.833486 -0.428021 -0.066015
14 0.072994 -0.769003 0.235772 0.056312 -0.305496 0.341118 -0.039763 0.602298 -0.476663 -0.043282 -0.963429 0.186342 0.219747 0.883053
14 0.489435 -0.105674 0.081412 0.450866 -0.468525 -0.138875 -0.474769 -0.405911 0.095635 0.236089 -0.962379 0.491554 -0.108957 0.820100
10 0.152885 0.295302 -0.533462 0.491732 -0.244682 -0.250432 -0.677468 -0.429444 -0.100682 1.234694 -0.714484 -0.162440 0.160723 0.777757
13 -0.021044 0.294564 -0.271141 -0.055907 0.306398 0.056028 -1.041383 0.377271 0.119118 -0.000000 -0.225263 -0.055220 0.384091 0.132488
2 -0.012153 0.399521 0.309932 0.328034 -0.175523 0.000000 -0.410836 -0.047765 -0.127901 0.346542 -0.132480 -0.237361 -0.158303 -0.081707
13 -0.673708 -0.341117 0.233570 -0.108970 0.525469 0.218144 -0.622122 -0.254673 -0.322033 0.284324 -0.366825 -0.084141 1.047162 0.464923
14 0.754796 -0.335389 -0.104273 0.369579 -0.486843 -0.490523 0.073156 -0.332584 -0.497280 0.156709 -0.166809 0.053363 -0.304225 1.310324
13 1.324317 0.314127 -0.039903 0.197960 -0.350802 -0.756716 -1.095130 0.005919 0.298161 -0.503718 -0.807395 -0.010093 1.581881 -0.158607
6 -0.532597 -0.226451 0.720258 0.136988 0.220695 1.272396 -0.644778 -0.211590 0.224653 0.273272 0.085942 -0.692708 -0.467229 -0.158852
5 0.244348 -0.306976 -0.074727 -0.055625 1.664389 -0.307217 -0.157859 -0.171120 -0.264682 -0.229478 -0.285187 -0.302354 0.334938 -0.088450
9 0.149505 -0.489903 0.128660 0.208554 0.013291 0.466597 -0.731474 -0.537030 2.171998 -0.274281 -0.193305 -0.546019 0.009456 -0.376050
6 0.392397 -0.083446 -0.312874 0.178845 -0.246616 1.115662 -1.078098 -0.139503 -0.272167 -0.245563 -0.004180 0.262917 0.174780 0.257847
11 -0.056299 -0.703981 0.346683 0.320687 0.325761 0.400970 -0.907097 -0.647809 -0.381398 -0.910712 2.095511 -0.034055 -0.099023 0.250762
10 0.230451 -0.068447 -0.291468 0.570331 -0.105908 0.488156 -0.316382 -0.113339 -0.253494 1.218621 -0.835690 -0.406656 -0.538341 0.422165
5 -0.240646 0.145633 -0.548045 -0.041871 1.454379 -0.443506 -1.102971 -0.217539 0.359662 0.529189 -0.273297 0.100016 0.182764 0.096230
3 0.477407 -0.254164 1.513238 -0.476460 -0.916065 0.403351 -0.496318 0.384801 -0.199063 0.978197 -0.235619 -0.217519 -1.129521 0.167736
9 -0.066015 0.945967 -0.408603 0.248074 0.122620 -1.409708 -1.070803 -0.588084 1.276264 1.076305 -0.307086 0.186208 0.167673 -0.172813
6 -0.431032 -0.446355 -1.100034 0.645508 -0.593227 3.187860 -0.374976 -0.825833 -0.818564 -0.410942 -0.806718 0.239982 1.323228 0.411103
4 -0.387257 -0.041025 0.100090 0.920012 -0.794585 0.798462 -0.310926 -0.381759 0.386981 0.104280 -0.809863 0.381082 -0.228403 0.262911
4 -0.465647 -0.690474 -0.337110 0.916784 -0.522024 -0.469883 -0.900512 0.638659 0.568572 0.347269 -0.026510 0.206159 0.717303 0.017414
8 -0.024745 -0.131188 -0.361996 0.341073 -0.308440 -0.300007 -0.655715 0.922578 0.678679 0.167853 -0.270952 0.233346 -0.398232 0.107745
1 0.000000 0.000000 0.000000 0.000000 0.000000 0.000000 0.000000 0.000000 0.000000 0.000000 0.000000 0.000000 0.000000 0.000000
2 0.009235 2.043672 -0.650382 -1.095608 -0.306636 -0.840371 -0.231976 -0.135408 1.179823 1.408976 -1.251284 0.281037 -0.743675 0.332596
9 -0.216837 0.167396 -0.353581 0.399521 -0.114339 -0.791300 -0.759684 0.236015 0.666106 0.659734 -0.094333 0.267060 -0.277580 0.211825
6 -0.338494 -0.936293 -0.762992 1.753948 -0.005513 5.531570 -1.066352 -1.399816 -0.749404 0.020817 -0.800287 0.391045 -0.883824 -0.754405
5 0.418826 0.205525 -0.264811 0.132177 0.922036 -0.087930 -0.609922 -0.455430 -0.134289 -0.416268 -0.257269 0.088450 0.100501 0.358404
4 -0.748433 0.067872 0.558816 1.803740 -0.529704 -0.072326 0.337097 0.151672 0.582460 -0.042909 -0.988133 0.117021 -0.626952 -0.610222
14 -1.265661 -0.934943 -0.518868 -0.380873 0.024629 -0.467582 -0.962359 -0.161563 -0.787766 -0.383342 -0.454715 -0.842454 -0.320596 7.456093
11 -0.954553 -0.112726 -0.158634 0.378720 0.292210 -0.339239 -1.302360 0.629574 0.116638 0.454512 0.962083 0.334936 -0.407327 0.106167
4 0.244870 0.155146 -0.258827 0.504326 -0.431758 -0.536955 0.390454 -0.142675 0.322023 0.236864 -0.032251 0.035714 -0.309778 -0.177154
5 0.292258 -0.387899 -0.273039 -0.047903 1.814547 -0.204760 -0.418262 -0.171905 -0.339502 0.282434 -0.098411 0.148603 -0.112917 -0.483244
14 -0.157194 0.117226 -0.091262 0.065677 -0.042202 -0.547355 -0.558636 -0.961330 -0.189493 1.008852 -0.216733 -0.399515 0.171278 1.800687
4 -0.059221 0.135865 -0.555258 0.551116 0.163749 0.307407 -0.635102 -0.316842 -0.252157 0.184921 0.526640 0.309022 0.043791 -0.403931
4 0.146828 -0.516774 0.073763 0.645196 0.199231 -0.036472 -0.551649 0.351066 -0.151836 0.252228 -0.166318 0.178381 -0.072913 -0.350732
9 0.295654 -0.201029 0.333313 0.238950 -0.324731 -0.495579 0.723092 -0.139233 1.090168 0.118947 -0.270212 -0.143337 -0.601740 -0.624262
7 0.000000 0.000000 -0.014742 -0.006860 -0.044168 0.000000 0.399521 -0.169976 0.000000 -0.012741 -0.000000 -0.034943 -0.053608 -0.062482
4 0.234684 -0.402601 0.451955 0.683420 -0.262980 -0.419724 -0.012151 -0.555260 0.680306 0.100562 -0.374552 -0.191709 0.272529 -0.204479
6 -0.453940 0.127510 -0.296787 -0.055802 0.220039 1.819098 -0.224179 -0.399863 -0.647955 1.713857 -0.208991 -0.343783 -1.122090 -0.127113
6 0.399521 -0.307981 0.124914 0.295675 -0.476331 1.228394 -0.017102 -0.330969 -0.387186 -0.017585 -0.553690 0.193093 0.200853 -0.351604
1 0.753431 -0.058612 -0.213276 -0.306937 -0.091007 -0.198268 -0.228197 -0.158237 -0.138786 -0.104953 -0.060444 0.642130 -0.220743 0.383900
2 -0.412840 2.040202 1.915269 0.007333 0.218014 -0.734560 -0.270963 -0.521109 0.333879 -0.251340 -1.043326 -0.302568 -0.223162 -0.754830
10 0.263072 -0.189369 -0.160213 0.182759 -0.064282 -0.230999 -0.395014 -0.183264 -0.080114 0.791917 -0.192050 -0.061475 0.399521 -0.080489
3 -1.149732 0.122280 0.890905 0.268534 0.501807 -0.227254 -0.600177 -0.442339 0.032417 0.320993 -0.377021 0.547592 0.152109 -0.040114
1 0.399521 0.000000 -0.163127 0.000000 -0.042428 -0.033582 -0.150016 -0.123835 -0.020904 -0.085605 -0.058965 0.394913 -0.053844 -0.062127
9 0.457754 0.263805 -0.178688 0.472638 -0.214744 -0.360656 -0.535516 0.089209 0.534580 0.341446 -0.141740 -0.570121 -0.521212 0.363247
4 0.182703 0.312612 -0.286805 0.789987 0.235645 -0.798954 0.058172 -0.490854 0.267266 -0.231881 -0.065002 0.339028 -0.194458 -0.117458
11 -0.694011 -0.209559 -0.262604 0.058417 -0.319320 -0.317456 -1.323379 -0.630702 0.906154 -0.252501 4.674285 -0.632256 -1.244032 0.246964
5 -0.639802 -0.347398 -0.170109 0.216497 0.688159 -0.082139 -0.411814 -0.127382 0.292773 0.218010 0.364352 0.194669 -0.161498 -0.034320
14 -0.859134 0.068463 0.169128 0.303434 0.492054 0.001549 -0.891576 -0.795377 0.893685 0.115680 0.354530 -0.610658 -0.266636 1.024860
14 0.197265 0.775715 -0.220313 0.337425 -0.335458 -0.979536 -0.179499 0.143993 -0.200729 0.225751 -0.911028 0.284754 0.047326 0.814335
13 0.266101 -0.112587 0.335595 -0.139795 -0.176167 -0.272603 -0.273145 -0.174164 -0.471916 0.041486 -0.188579 -0.054442 0.861310 0.358907
2 1.071931 1.255283 0.561802 0.485814 -0.183425 0.290282 -1.432450 -0.494544 -0.218352 -0.035231 0.289401 -0.061980 -1.290276 -0.238253
11 -0.250499 0.245134 0.033771 0.107679 0.153673 0.239707 -0.435185 -0.127038 0.478041 0.079272 0.594018 0.302012 -0.994799 -0.425785
4 -1.202332 -0.558849 -0.407174 1.102387 0.014049 0.239266 -0.395852 0.460807 -0.204725 -0.088988 0.469972 0.220580 0.385152 -0.034292
13 0.082175 -0.405061 -0.155616 0.393626 0.566802 -0.231471 -1.028157 -0.130378 0.112284 0.137445 0.101921 -0.360199 1.092789 -0.176159
13 0.602540 -0.827017 -0.234422 0.190254 0.424962 -0.054237 -1.044774 -0.453000 0.471951 0.612037 -0.443604 -0.426744 1.482732 -0.300678
5 -0.094826 0.071546 -0.360221 0.024209 0.809268 -0.336509 -0.877363 0.622385 -0.059756 0.592349 -0.042986 -0.206164 -0.167796 0.025862
6 -0.553525 0.182176 -2.030607 0.609402 -0.134447 6.886094 -1.005039 -0.324698 -0.815891 0.728269 -0.896698 -0.723740 -1.297189 -0.624109
5 0.172791 -0.207229 0.135820 0.002608 1.048271 -0.546281 0.344567 0.150961 -0.291088 0.306790 -0.943570 0.139429 -0.806483 0.493413
14 0.072513 -0.132651 -0.602914 0.241663 -0.282291 0.057927 -0.277367 -0.726346 -0.177032 0.242890 -0.543916 0.137346 0.861852 1.128328
12 0.240025 -0.237681 -0.256420 0.610952 -0.451360 1.139205 -0.717563 -0.157661 -0.591471 0.124912 -1.310913 1.447498 -0.115212 0.275688
12 0.157289 -0.186886 -0.171454 0.000000 -0.215831 -0.168967 0.179375 -0.149799 0.588753 -0.147180 -0.060828 0.610693 -0.336993 -0.098172
4 -0.692910 0.336024 0.054997 1.090021 0.268969 -0.124461 -1.003391 -0.454144 -0.232451 0.262791 0.173045 -0.533905 0.987321 -0.131906
3 -0.505985 -0.202353 4.314078 -0.125675 -0.168538 -0.740971 -0.868134 0.351869 -0.339608 0.312600 -0.598291 -0.594029 -0.155144 -0.679818
13 0.272844 -0.013345 0.020337 0.482034 -0.466475 -0.375169 -0.908606 -0.537586 -0.236918 1.305270 -0.212943 -0.607493 1.411221 -0.133170
7 0.088533 -0.198497 -0.372061 0.052560 0.420103 -0.310752 2.010158 -0.398396 0.070957 -0.166377 -0.372288 -0.348066 -0.004596 -0.471279
6 -0.102807 0.257411 -0.547130 -0.054255 0.524978 0.751545 -0.906317 -0.275063 0.158347 0.621737 0.195666 -0.283673 -0.020586 -0.319853
12 -0.798967 0.746128 -0.356302 0.221024 0.069930 -0.013055 -0.133263 -0.428203 0.126794 0.452416 0.468115 0.797154 -1.110772 -0.040999
13 0.606112 0.000000 -0.162909 0.605123 -0.076925 -0.214660 -0.698351 -0.053802 -0.203489 -0.176898 -0.193087 -0.138633 0.787308 -0.079790
13 -0.032119 -0.203585 -0.636145 -0.045124 0.833161 -0.164032 -0.681290 -0.438164 -0.078059 0.242649 -0.189341 0.209010 1.652962 -0.469923
6 -0.550702 0.968450 -0.524195 0.955508 0.597381 0.978482 -0.437133 -0.615589 -0.348153 -0.490713 0.309035 -0.632109 0.475060 -0.685322
4 0.245176 0.328567 -0.588328 0.932465 -0.617832 0.276062 -0.926332 0.307087 -0.226345 -0.162773 -0.060663 -0.269334 0.740356 0.021894
13 -0.298396 0.234003 -0.130864 -0.458490 -0.185964 0.285898 -1.033885 0.814384 -0.832738 0.432027 -0.223372 -0.193280 1.085790 0.504888
6 -0.700198 -0.139972 -0.114626 -0.348416 0.309540 6.318394 -1.216874 -1.866773 -0.378359 -1.714492 -1.680390 0.375910 -0.509369 1.665626
1 0.837761 -0.139032 -0.054168 0.399450 0.023208 -0.034695 -1.371456 0.536088 -0.385803 0.625216 0.195103 -0.284966 0.330942 -0.677650
2 -0.140215 0.749556 0.018538 0.725083 0.527301 -0.440049 -0.781289 -0.270264 -0.346078 0.287039 -0.151940 0.322396 -0.490100 -0.009978
4 -0.301980 -0.492419 -0.551842 1.365048 0.379293 -0.483301 0.141556 0.162591 0.113835 -0.366231 -0.796433 1.151057 0.219228 -0.540402
6 -0.602255 -0.396336 0.183917 0.313700 -0.033324 1.014231 -1.120339 -0.420341 -0.248110 -0.383258 0.242634 0.204210 0.414321 0.830949
4 0.426648 -0.168555 -0.613584 0.679937 -0.137113 -0.390528 -0.844089 -0.432846 0.175702 0.455511 0.395490 -0.046217 0.408281 0.091362
4 -0.230753 0.372821 -0.045566 0.399521 -0.144181 -0.180775 -0.026599 -0.422750 -0.050491 -0.000000 0.000000 -0.020622 0.399521 -0.050125
12 0.090575 -0.089663 0.151197 -0.358594 0.189563 0.065051 -1.793929 0.786958 -0.761326 -0.409449 0.012995 1.369101 0.732978 0.014543
2 -0.041534 1.583945 -0.113958 0.457502 -0.554174 0.550498 -0.541736 -0.548096 0.081883 -0.050198 -1.030499 0.554553 0.443792 -0.791978
6 0.418047 0.522728 -0.449147 0.137516 -0.594299 0.862512 -0.430509 -0.783775 0.077554 0.036186 -0.384521 0.143264 -0.075693 0.520139
2 -0.442079 3.122980 -0.381926 0.500010 0.091764 0.428999 -1.392365 -0.559691 -0.386113 -0.009031 -0.327694 0.163168 -0.359766 -0.448255
6 -0.151042 0.641348 0.164773 0.528442 -0.561654 0.938960 -0.821408 0.025794 -0.318548 0.439011 0.414226 -0.066011 -0.303707 -0.930185
8 -0.030795 -0.135275 -0.114444 -0.166161 -0.132480 -1.144864 -0.363264 1.235221 -0.002757 -0.476441 -0.209311 0.402336 0.310874 0.827362
14 -0.567177 -0.294962 -0.392818 0.241854 0.206785 -0.415546 -0.861693 1.348835 -0.246097 -0.230933 -0.874942 0.048678 0.265193 1.772823
2 -0.512378 1.499696 0.127254 1.197084 -0.542663 -0.868914 0.430410 -0.088172 0.581697 0.475711 -0.615265 -1.043680 -0.385300 -0.255478
4 0.077833 0.392539 -0.394509 0.515899 0.225434 0.172338 0.240141 -0.081147 -0.214084 -0.059815 -0.494117 -0.068661 0.163914 -0.475764
9 0.301008 -0.191727 0.430822 0.441021 0.014712 -0.463251 -0.026286 -0.786234 0.652413 -0.155339 0.329713 0.031580 -0.067852 -0.510580
14 -0.103772 0.246569 -0.393518 0.353849 -0.353459 0.446792 -0.197558 0.065446 0.144248 -0.233811 -0.734244 0.213369 -0.422754 0.968843
3 -0.719496 -0.635179 2.246339 -0.038778 -0.407078 -0.757557 -0.801807 0.621892 -0.491309 0.701557 0.026374 -0.588363 0.683649 0.159757
9 0.255048 -0.188764 -0.970747 0.005405 -0.566160 0.130142 -0.818659 -0.516316 0.978213 0.863914 -0.645116 0.683263 0.108374 0.681402
4 -0.300895 0.079289 -0.477717 0.671418 -0.340163 -0.351760 0.621581 0.274363 -0.070287 0.139431 0.075496 -0.484923 0.527345 -0.363179
4 -0.299333 -0.853447 -0.175370 1.287446 0.730527 -0.245945 -0.289596 -0.511686 0.210095 -0.384095 0.237784 0.160492 0.303094 -0.169966
4 -0.425727 0.161803 -0.244791 1.470256 0.503916 -0.280648 -0.565328 -0.436495 0.310186 -0.096044 -0.203828 -0.180980 -0.098060 0.085739
9 -0.846778 0.348153 -0.469952 0.249126 -0.254091 0.587340 -0.974518 -0.369965 0.749739 0.174120 -0.087058 0.457389 0.259039 0.177456
5 0.434217 0.551288 -0.340708 0.319023 1.184008 0.299175 -1.327040 -0.392185 -0.018116 -0.339698 -0.343946 -0.315800 -0.602905 0.892686
3 0.119492 -0.013883 0.575351 0.039671 0.206116 -0.500521 -0.638810 -0.026340 0.209245 -0.077656 0.086334 0.107842 0.003627 -0.090466
10 0.273526 -0.265933 -0.249815 0.219055 0.278853 -0.129682 -0.459591 -0.255624 0.167210 0.799041 0.156207 -0.315041 0.381911 -0.600117
12 0.143100 -0.334458 -0.361577 0.192353 0.442298 -0.695162 -0.418673 -0.569814 -0.429765 -0.358865 -0.286165 1.806137 0.387906 0.482687
14 0.138795 -0.050026 -0.398418 0.399521 -0.399809 -0.276307 -0.160469 -0.509425 0.337400 0.282629 -0.277152 0.330964 -0.078960 0.661256
6 -0.414722 -0.042114 -0.211976 0.021216 -1.141251 5.585249 -1.236179 -0.903770 -0.371353 0.199770 -0.283940 0.175525 -1.342011 -0.034444
1 0.936482 0.552736 -0.438350 0.393753 0.135560 0.377922 -0.762052 0.099415 -0.584450 0.042783 -0.415657 0.277974 -1.072407 0.456290
5 0.190185 0.113817 -0.446043 0.259861 0.792707 -0.467173 -0.436366 0.223651 0.203851 -0.053649 -0.532434 0.740488 -1.183745 0.594850
14 -0.938916 -0.247551 -0.409078 0.950434 0.579557 -0.497627 0.908806 -0.653810 -0.220317 0.622533 -0.564570 -0.380894 -0.912816 1.764249
14 0.277383 0.408740 0.051694 0.120507 -0.436463 -0.289717 -0.695011 -0.192575 0.146972 -0.109437 -0.460479 0.580756 -0.294485 0.892114
4 -0.848100 -0.084335 -0.232054 1.382497 0.173232 0.066140 -0.036867 0.234400 -0.093203 0.158897 -0.228519 -0.207328 -0.277377 -0.007384
4 1.239552 0.265367 -0.297463 1.284199 1.110765 -0.417800 -1.129824 -0.730879 -0.054187 -0.478685 -0.952972 0.418667 -0.358817 0.102078
2 -0.442210 0.639646 -0.530860 0.552314 0.594581 0.071805 -0.355099 -0.636769 -0.147390 0.625961 -0.120902 -0.235675 0.138434 -0.153838
13 -0.438750 -0.305855 -0.035411 0.313833 -0.029419 0.438548 -0.240840 -0.591478 -0.419695 0.706311 -0.658502 -0.017472 0.892327 0.386404
2 0.317330 1.723197 -0.087972 0.547646 -0.514563 -1.290012 -0.140538 -0.192406 -0.073046 0.517714 -1.398397 0.070978 0.327442 0.192626
13 -0.381691 -0.382094 -0.036026 0.212009 -0.388317 0.343998 -0.526078 -0.397958 0.585802 0.297506 -0.219452 -0.015776 0.841395 0.066682
7 0.267148 -0.113052 -0.356478 0.342175 0.030782 -0.639090 1.509805 -0.055208 -0.460247 0.297030 -0.213854 -0.067426 -0.189361 -0.352224
5 0.255884 0.069169 -0.263542 -0.044651 0.820819 -0.363697 0.087868 -0.591016 0.316535 -0.187179 -1.048816 0.098469 0.225388 0.624770
9 0.385628 -0.182897 -0.260209 0.315343 -0.210437 -0.252501 0.135997 -0.547458 1.137066 -0.165223 -1.037493 0.154484 -0.393175 0.920876
1 0.399521 -0.107287 -0.294841 -0.073118 0.000000 -0.039277 -0.032679 0.399521 -0.016153 -0.137397 -0.081296 -0.038578 0.045573 -0.023989
5 -0.516409 0.689072 -0.603877 0.279204 1.035560 -0.036708 -0.665991 0.767621 0.570319 -0.092025 0.366226 -0.794061 -0.251491 -0.747439
12 0.078301 0.392068 -0.301723 0.053726 0.852225 -0.104832 -0.136853 -0.675657 0.567940 0.380788 -0.482335 0.882686 -1.107932 -0.398403
9 0.788501 0.289670 -0.168533 0.368077 -0.140325 -0.797062 0.880098 -0.705875 1.101393 0.204071 -0.916808 -1.023143 0.366583 -0.246649
6 -0.224849 0.079156 -1.122632 1.148600 -0.206524 5.520339 -1.563654 -1.305610 -0.230948 -0.532278 -1.000669 -0.052382 -0.788210 0.279662
5 -1.401956 0.656028 0.232454 0.280249 1.202409 0.572860 0.279144 -0.796470 -0.266460 0.037947 -1.140573 0.386154 -0.036694 -0.005092
13 -0.012003 -0.083472 -0.155685 0.524824 -0.686395 -1.035881 -0.175837 0.028614 -0.207427 0.971847 -0.824803 0.883261 1.115299 -0.342342
14 -0.271379 -0.385797 -0.384997 -0.134805 0.247093 -0.476359 -0.374980 0.333240 0.497947 -0.161708 -0.749262 0.878424 0.026254 0.956330
9 -0.361880 0.609453 -0.117659 0.453831 -0.367810 -0.165404 -0.193192 -0.731222 0.971334 0.297812 -0.105958 0.082015 0.224360 -0.595681
11 0.002938 -0.093572 -0.033189 -0.188517 -0.496341 0.943568 -0.042466 -0.270035 -0.180577 -0.364436 1.057447 0.202424 0.068069 -0.605312
14 -0.011057 -0.148745 -0.002744 -0.163157 -0.122402 -0.092746 0.075355 0.000000 -0.027208 -0.016043 -0.148035 0.000000 0.309063 0.347720
14 0.065252 -0.340875 -0.342885 0.299681 0.089957 0.079237 -0.147607 0.155931 0.217729 -0.085605 -0.758982 -0.064152 -0.233673 1.065991
10 0.216690 0.459099 -0.314843 0.518653 0.434752 0.273765 -1.019842 -0.120431 -0.005143 1.653574 0.102166 -0.825321 -0.393816 -0.979305
10 0.513711 0.132593 -0.346800 -0.019344 0.155829 -0.630686 -0.028577 -0.285674 -0.243087 0.634683 0.512811 0.108050 0.245445 -0.748955
13 -0.390938 -0.118777 0.055654 0.997402 0.213719 -0.715872 -0.395236 0.238819 -0.319076 -0.471383 0.124113 0.024711 1.155698 -0.398833
9 0.090648 0.736234 -0.314882 0.167108 -0.642507 0.200488 -0.529660 -0.087745 1.114393 -0.304817 -0.024455 -0.441271 -0.195477 0.231943
6 0.136328 -0.366950 -0.426269 0.410098 0.597972 0.749250 -0.906102 -0.360603 -0.154351 0.449885 0.474376 0.073878 -0.425955 -0.251556
7 -0.076595 0.559064 -0.614659 -0.099326 -0.577554 -0.736093 2.212595 -0.424133 -0.372078 -0.457448 -0.972155 0.070469 1.204689 0.283226
10 -0.555798 -0.849467 0.908958 0.212199 -0.419422 0.259413 0.241370 0.110625 -0.569764 1.090695 -0.819249 0.365615 0.010995 0.013832
7 -0.223896 -0.296951 -0.401124 0.160973 0.127904 0.183802 0.353281 -0.194511 0.308539 0.260515 -0.078555 -0.275722 0.021012 0.054733
8 -0.001531 -0.714638 -0.743032 0.296166 0.278404 0.824057 -1.458907 1.841627 0.487565 -0.031148 -0.171700 -0.432898 -0.181941 0.007974
11 -0.758945 -0.387051 -0.150746 -0.283611 -0.555218 -1.082501 0.545332 -1.266843 -0.072405 0.091313 6.408105 -0.911460 -0.399297 -1.176674
14 0.650891 -0.347284 -0.399119 -0.158839 -0.030612 -0.210944 -0.503240 -0.167658 -0.241600 0.665503 -0.327140 0.102374 0.235538 0.732131
13 0.096167 0.008387 -0.405415 1.221864 0.048226 -0.941286 -0.865284 0.091376 -0.080899 -0.650637 0.070454 0.508642 1.276734 -0.378330
10 -0.488785 -0.823322 -0.494236 0.950501 -0.884944 0.620612 -1.722704 -0.433788 0.802036 2.923296 -0.374715 0.709759 -0.317442 -0.466267
10 -0.173088 0.665988 -0.778596 0.365729 -0.105745 0.350888 -0.475278 -0.236964 -0.342245 0.713171 -0.511434 0.591279 -0.272234 0.208529
10 -0.352517 0.388621 -0.289109 0.576647 -0.028884 -0.129651 -0.432277 -0.544541 0.010321 0.726400 0.443958 0.190323 -0.067321 -0.491969
14 0.359504 -0.299344 0.512215 0.225834 -0.268003 -0.089410 -0.810309 -0.146109 -0.423078 0.065152 -0.084785 -0.301789 0.486216 0.773907
10 0.342547 0.202785 -0.049096 0.284346 0.648395 0.054411 -0.811850 0.654651 -0.204617 0.702844 -0.125542 -0.275998 -0.617885 -0.804991
6 -0.149083 -0.387033 -0.472665 0.167200 0.626092 0.750092 -0.948691 -0.199680 0.280755 0.297501 0.257288 0.289297 -0.259213 -0.251859
5 -0.576516 0.083513 -0.211530 -0.236328 1.838732 -0.005033 -0.313129 -0.193610 -0.061964 0.438902 0.169670 -0.218012 -0.658049 -0.056648
2 0.164793 1.874138 -0.459108 0.763096 -0.336762 -0.594755 0.092492 -0.743388 0.349147 -0.339642 -1.060197 0.098312 0.022531 0.169345
4 0.623333 1.695783 0.090854 1.730295 -0.530134 -0.497881 -0.641073 -0.734153 -0.345823 -0.041081 -0.611860 0.296805 -0.419010 -0.616055
5 -0.668447 -0.283701 0.095984 0.301097 1.979862 0.212904 -0.380217 -0.654725 -0.211067 -0.027599 -0.056664 -0.185121 0.447412 -0.569718
10 -0.399924 0.323878 -0.067169 0.335550 -0.134036 0.234083 -0.403645 -0.288756 -0.313120 0.564311 0.199819 -0.394755 0.318734 0.025031
4 -0.822056 -0.321938 0.934560 1.745061 -0.492180 0.152689 -0.541270 0.773611 0.509668 -0.104388 -0.013823 -0.897592 -0.415879 -0.506463
4 0.443981 -0.394906 -0.748597 0.799576 -0.066983 -0.383440 -0.787156 -0.122915 0.419665 0.712370 0.451560 -0.458227 0.719392 -0.584319
5 -0.430100 0.162618 -0.567459 0.504434 1.912363 -1.132987 -0.538377 -0.726502 0.120741 1.685448 -0.970132 0.373455 -0.585641 0.192139
6 0.888243 1.306608 -0.928085 0.191599 -0.758960 1.857434 -1.590565 -1.047145 0.939302 -0.260217 0.317834 -0.929988 -0.155435 0.169374
14 -0.155550 -0.104957 -0.053149 -0.072947 -0.026061 -0.339499 -0.066537 -0.095731 -0.167705 -0.063127 0.000000 -0.037870 0.384091 0.799041
9 -0.667149 0.385719 0.312355 0.367821 -0.027367 -0.162119 -0.538098 -0.077776 0.799041 -0.209264 0.399521 -0.088039 -0.244462 -0.250183
14 -0.078587 -0.403323 -0.177682 0.676367 1.038906 -0.282498 -1.229419 0.206379 -0.237347 0.358334 -0.237261 -0.193104 -0.504704 1.063940
2 -0.344785 1.655249 -0.417171 0.940710 0.496600 -0.386974 -0.592755 -0.020266 0.268733 0.946371 -1.352875 -0.855083 0.145313 -0.483066
2 -0.260655 1.465543 -0.138461 0.518526 -0.351529 -0.232877 -0.142612 -0.195839 -0.309713 0.284266 0.190406 -0.393783 -0.343599 -0.089672
7 0.334268 -0.140673 -0.143582 -0.015244 -0.195938 -0.049383 0.689096 -0.164008 -0.119388 0.109166 -0.069671 -0.555200 -0.005067 0.325624
10 -0.300107 -0.405032 -0.905391 0.323294 -0.013789 0.541438 0.649739 -0.530359 0.008599 0.929449 0.275505 0.053994 0.008267 -0.635608
13 -0.725741 -0.096883 0.032052 0.727753 0.555948 -0.310870 0.547138 -1.005891 -0.222843 -0.057025 -0.369268 -0.069504 1.481983 -0.486849
4 -0.308500 -0.225587 -0.459400 0.748915 0.259555 0.277581 -0.482774 -0.254363 -0.018895 0.365294 -0.366786 0.630417 -0.069462 -0.095993
4 -0.269985 0.175756 -0.563340 0.733513 0.291369 -0.087589 -0.446874 0.665337 -0.116311 0.382576 -0.301048 0.220198 -0.493197 -0.190405
6 0.056588 0.000000 -0.567139 0.019383 -0.217363 0.399521 -0.314245 -0.013915 0.191229 0.364820 -0.041388 -0.095921 0.274226 -0.055795
9 0.031438 0.236777 -0.460696 0.279931 0.527781 -0.685779 -0.403969 -0.245163 2.391904 -0.362657 -0.056802 -0.238081 -0.871630 -0.143056
14 -0.556209 0.246942 -0.070369 -0.211276 0.238261 -0.537571 0.434338 0.355281 0.027673 0.334126 -0.427857 -0.214654 -0.244882 0.626199
10 -0.213692 -0.109807 -0.751397 0.750094 -0.380810 -1.075407 -0.640980 0.029520 0.914169 1.703591 0.009725 0.127947 0.243880 -0.606833
12 0.019460 0.251906 0.016285 -0.395307 -0.730821 -0.240617 0.010885 -0.641852 0.082261 -0.485352 0.223902 1.220333 -0.014759 0.683676
3 0.181258 0.355625 1.055089 0.123776 -0.052903 -0.447625 -0.725061 -0.796387 -0.328351 0.952705 -0.302764 -0.630055 -0.186374 0.801066
4 -1.345078 0.990595 -0.091242 1.390343 0.142704 -0.955010 -0.226963 -0.752708 -0.033505 -0.150343 -0.218151 -0.171582 0.794506 0.626434
12 0.679573 0.108380 -0.301168 0.291344 -0.000632 -0.201438 -1.431876 0.102942 -0.078860 -0.449681 0.002451 1.381284 -0.300030 0.197711
1 2.057736 0.473083 -0.314159 1.179199 -0.242991 -0.305119 -0.432697 -0.748036 -0.396243 -0.751817 -0.574191 -0.239177 0.883578 -0.589166
2 0.321651 2.533138 -0.586779 -0.351741 0.983580 -1.588250 0.246355 -0.304231 -0.334807 -0.758886 -1.290346 0.173097 1.011539 -0.054319
4 -0.525791 -0.173414 -0.879176 1.555729 -0.427645 0.285031 -0.516594 0.415986 -0.141107 -0.064121 0.355927 1.148944 -0.601894 -0.431876
4 0.896217 -0.366122 -0.438941 1.344117 -0.087036 1.165217 -0.457247 -0.192963 -0.392952 0.293759 -0.859348 -0.208427 -0.473200 -0.223073
12 -0.714716 1.167926 0.103613 -0.240035 0.609190 0.074039 -1.036623 -0.067530 -0.254785 -0.584335 -0.327454 1.271266 0.294664 -0.295219
4 0.027128 -0.026700 -0.613584 0.713492 -0.140048 -0.312178 -0.867529 0.036214 0.175702 0.521123 -0.011633 -0.008180 0.355126 0.151067
14 0.504410 -0.366015 -0.387778 0.384437 -0.329259 0.033736 -0.105711 -0.565418 0.007731 -0.021979 0.142108 0.062405 -0.001789 0.643123
3 -0.077691 0.000000 0.399521 0.000000 0.000000 -0.062690 0.000000 0.000000 -0.014386 -0.148727 0.000000 0.000000 0.000000 -0.096026
12 0.379162 0.157203 -0.086950 -0.088234 -0.296168 -0.145828 -0.360389 0.493559 -0.661001 0.577190 -0.683135 0.686866 0.550721 -0.522996
13 0.309065 0.660151 -0.419803 -0.211906 -0.265444 0.589393 -1.427918 -0.196418 0.070865 0.714422 -0.486139 -0.377211 0.914732 0.126211
1 0.971509 -0.238110 -0.398834 -0.129080 -0.083431 -0.093525 -0.668083 -0.289214 -0.028890 0.804368 -0.013601 0.134710 0.043655 -0.011475
7 -0.118181 -0.184988 -0.063556 0.125800 -0.087632 -0.684191 2.015831 -0.118048 0.111752 0.531386 -0.258211 -0.510587 -0.368087 -0.391288
4 -0.708459 0.081316 0.580339 2.379383 -0.506026 0.396201 0.618804 -0.729841 -0.582952 0.179849 -0.376967 -0.503385 -0.323889 -0.504373
12 -0.094335 -0.502511 -0.539965 0.077792 -0.404842 0.071630 -0.059873 -0.097707 -0.569189 0.575321 -0.788046 1.081161 0.313370 0.937194
1 0.399521 0.000000 -0.163127 0.000000 -0.042428 -0.033582 -0.150016 -0.123835 -0.020904 -0.085605 -0.058965 0.394913 -0.053844 -0.062127
11 0.525324 -0.133665 -0.392353 0.267189 -0.001071 0.518300 -1.205003 -0.604597 0.116259 -0.454591 0.634935 0.344904 0.305761 0.078608
13 0.150204 -0.704494 0.380791 0.667595 -0.514445 0.283901 -1.440653 -0.541524 -0.746843 0.093016 -0.087901 0.916052 1.242642 0.301661
7 -0.228999 -0.226562 -0.319396 0.308683 -0.443483 -0.692077 3.570647 -0.444836 0.577781 -0.018152 -0.674723 -0.454849 -1.047636 0.093603
5 -0.031169 -0.122103 -0.668225 0.672550 1.061449 -0.277513 -0.844089 -0.433222 0.175702 0.353521 -0.031034 0.049281 0.099833 -0.004980
2 -0.071164 1.816895 -0.363707 1.107701 -0.039289 -0.447857 -0.529106 -0.289551 -0.069892 0.016615 -0.162946 -0.240989 -0.306304 -0.420406
13 0.300495 -0.659690 -0.429381 0.505294 0.055967 -0.897544 -0.157992 -0.274324 -0.352280 0.287495 -0.248493 1.058015 1.729751 -0.917313
13 -0.576474 1.091097 0.375412 0.848682 -0.578642 -0.736892 -0.312510 -0.571200 -0.322251 -0.197393 0.475841 -0.142305 1.380775 -0.734140
9 -0.622600 0.131282 0.700347 -0.349453 -0.296470 -0.187565 0.105568 -0.098618 1.026545 0.600966 -0.365638 -0.465563 -0.365087 0.186288
8 -0.127803 -0.015764 -0.289773 -0.317698 0.156665 -0.513642 -0.362558 0.891072 0.213903 -0.380194 -0.249005 0.622176 0.157812 0.214807
4 0.305199 -0.108732 0.205340 0.395896 -0.165616 -0.249175 -0.194360 -0.229527 -0.082127 0.117578 0.137900 0.057401 -0.367837 0.178062
2 0.218589 1.705775 0.590296 0.273977 -1.287695 -0.181685 -0.874206 -0.584549 -0.610095 0.400172 0.421626 0.573276 -0.617609 -0.027872
4 0.184875 0.085791 -0.678726 1.307651 0.108108 -0.363164 0.154600 -0.514952 0.288710 0.341936 0.039106 -0.006375 -0.979610 0.032050
1 1.102990 -0.555204 0.285338 0.150277 -0.304452 -0.170772 -0.945784 -0.457364 0.888708 -0.022224 -0.026489 0.005845 0.678271 -0.629138
7 -0.639830 -0.488833 0.372796 0.322070 0.293037 -0.125850 1.337717 -0.174074 0.077997 -0.151676 -0.416147 0.308213 -0.445291 -0.270129
6 -0.482532 0.132042 -0.022915 0.370126 0.446157 0.750039 -0.767323 -0.304913 0.308965 -0.036225 -0.350168 -0.449901 0.389619 0.017031
13 0.553888 0.551525 -0.364246 -0.343717 -0.531179 -0.003083 -0.663259 -0.483018 0.314265 0.087890 -0.059546 0.001050 1.264517 -0.325087
10 -0.721340 -0.670739 -0.635829 0.637963 1.271541 -0.587494 -1.184375 -0.188678 0.451120 1.319312 -0.320707 0.267246 0.753491 -0.391512
9 -0.116701 1.508136 -0.031451 0.960432 0.508042 -1.132778 -0.971704 -0.185305 1.900456 -0.066128 -0.988999 -0.276989 -0.397876 -0.709134
5 -0.136382 0.328083 0.179208 -0.178039 1.064320 -0.088196 -0.590587 -0.167844 -0.020904 -0.192234 -0.212320 0.326224 0.263748 -0.575077
7 -0.393199 -0.380255 -0.510257 -0.000194 0.126472 0.760093 1.878391 -0.597789 -0.374432 -1.055699 -0.182898 -0.073517 0.938411 -0.135125
2 -0.019313 1.906656 0.176534 0.735203 -0.330704 -0.086371 -0.600812 -0.360344 -0.365856 -0.192801 -0.832412 0.171629 0.093188 -0.294597
12 -0.252935 0.179577 -0.406509 0.710262 -0.140216 -0.412862 -0.615327 0.010698 0.185747 -0.070766 -0.303690 0.772211 0.019482 0.324326
4 -0.339673 -0.024498 -0.203203 0.763596 0.211494 0.311324 -0.140709 -0.846245 -0.122321 -0.233748 -0.131397 0.759836 0.146114 -0.150570
4 0.057739 -0.056099 0.029103 0.594397 0.010709 -0.256344 -0.439878 -0.254485 -0.390666 0.134423 -0.083944 0.494513 0.310855 -0.150323
10 0.330664 0.181025 -0.071697 0.341915 -0.254485 0.173661 -0.772108 -0.399403 0.311336 0.550585 -0.280343 0.169213 -0.214095 -0.066268
8 -0.020794 -0.347345 -0.285086 -0.166867 0.846848 -0.629649 -0.800960 1.550278 -0.067799 0.253823 -0.740599 -0.727762 1.137712 -0.001798
2 0.963761 2.587704 -0.841083 0.575548 -0.349783 -0.802034 0.179047 -1.076281 0.715444 -0.495446 -0.957307 -0.024870 0.081579 -0.556277
13 -0.262037 -0.062727 -0.423374 0.705338 0.321731 -0.249293 -0.766325 -0.445903 0.241223 -0.046544 -0.175523 -0.183857 1.149329 0.197962
14 -0.483843 -0.061184 -0.438831 0.280090 -0.469253 0.769062 0.234073 -0.257381 0.055875 -0.518291 -0.050335 0.097756 -0.561226 1.403488
11 0.290358 0.251627 -0.133562 0.010333 -0.203742 0.149899 -0.005696 -0.182989 -0.083558 -0.153204 0.355531 -0.204154 0.342055 -0.432898
1 0.731742 0.113877 -0.296188 0.277141 -0.161004 -0.437021 0.207287 -0.313886 -0.231616 0.228107 -0.368116 0.170997 0.301560 -0.222880
12 -0.470193 0.120650 -0.317246 1.114841 -0.111781 -1.420940 -0.001353 -0.357594 -0.120775 0.961413 0.046109 1.215395 0.559687 -1.218212
5 0.098671 -0.366264 -0.596864 0.618041 1.262296 -0.631129 -1.356417 0.396433 -0.149253 -0.107892 -0.468890 1.088963 -0.301318 0.513623
7 0.155339 -0.900514 -0.432792 0.070531 -0.142116 -0.126165 1.097119 0.256091 -0.230884 -0.079971 -0.147083 0.076247 0.254606 0.149591
4 -0.056120 0.520892 -0.196044 0.683069 0.119476 -0.417213 -0.610230 -0.070235 -0.067695 0.359982 0.098067 0.156395 -0.081309 -0.439036
9 0.591118 0.605542 -0.411615 -0.207540 -0.547915 -0.412095 -0.384274 0.501192 1.217527 0.045223 -0.298944 -0.375930 -0.041426 -0.280862
2 -0.077787 1.802523 -0.022185 -0.132883 -0.240876 -0.433872 -0.163527 -0.278640 -0.371703 -0.160601 -0.732989 -0.062451 0.732484 0.142507
4 0.521754 -0.313648 -0.398110 1.481984 0.358135 -0.528734 -0.579232 -0.643306 -0.487528 -0.185992 0.246213 -0.154279 0.539378 0.143366
2 0.778549 2.202769 -0.332112 0.465733 -0.393233 -0.668355 -0.757837 -0.714785 -0.150717 -0.309230 -0.082142 0.169713 -0.192567 -0.015788
2 1.036525 1.633061 -0.282933 1.191945 -0.647864 -0.696822 -0.863611 -0.777496 0.032473 -0.535439 -0.207121 -0.435783 0.357006 0.196060
5 -0.576217 0.066846 -0.953165 -0.141429 8.035859 -1.007201 0.946386 -0.975269 -0.656383 -1.115575 -1.810707 -0.341769 -0.445131 -1.026244
2 -0.333238 1.085509 -0.635280 0.834748 0.614751 -1.312589 -0.686959 0.677936 -0.183752 0.311851 -0.234713 0.836192 -0.740274 -0.234180
6 -0.641434 -0.234198 -0.298047 -0.385656 -0.176529 1.343871 -0.018295 0.371017 0.450354 0.207962 -0.041949 0.210174 -0.411816 -0.375452
13 0.557351 -0.742295 -0.246163 0.382059 -0.307573 0.288037 1.009489 -0.781024 -0.180387 -0.044146 -0.934042 0.410075 1.241701 -0.653082
12 0.313671 -0.146670 -0.325425 0.234827 -0.347822 -0.240406 -0.183087 -0.411537 -0.299458 0.129218 -0.230274 1.122013 0.220399 0.164551
4 0.399521 -0.043127 -0.291853 0.399521 -0.172377 -0.033582 -0.457753 -0.206707 -0.020904 -0.085605 -0.058965 0.288283 0.345676 -0.062127
10 -0.425043 0.032726 -1.121034 0.250709 -0.557913 -0.473210 -0.103554 -0.512753 0.641198 1.444255 0.027036 0.359293 0.109517 0.328771
13 -0.434945 0.374688 -0.328824 0.111083 -0.478052 -0.977311 -0.453840 0.020674 0.473972 0.829370 0.510166 -0.237428 1.163690 -0.573243
2 -0.520258 0.475355 -0.041481 0.236790 0.139849 -0.076591 -0.115180 -0.284274 0.343350 -0.029704 -0.179167 0.318634 -0.169625 -0.097699
11 -1.309165 -0.831544 -0.415125 -0.653451 -0.282422 -1.539576 -2.053059 0.233336 -0.772828 -0.282304 8.289292 -0.603722 0.629989 -0.409419
7 1.525055 0.264400 -0.553307 0.635560 -0.374682 -1.490401 1.628320 -0.726303 -0.689437 -0.417969 0.035436 0.168176 -0.192837 0.187988
9 -0.243608 -0.047932 0.272528 0.380781 -0.125957 -0.016091 -0.402631 -0.563399 1.175336 -0.055430 -0.070120 -0.157380 -0.027731 -0.118365
4 0.109208 0.347814 -0.711740 1.028064 -0.549011 -0.123459 -0.926332 0.296770 -0.226345 -0.125594 -0.090520 0.130187 0.819065 0.021894
14 -0.233933 -0.748762 0.048963 -0.247269 -0.661556 -0.406987 0.397785 0.294323 0.737026 -0.597385 -0.242118 -0.724140 1.078409 1.305644
4 0.342092 -0.454372 0.061413 0.795690 -0.261160 -0.139800 -0.237248 -0.299443 -0.309743 0.230626 0.212172 0.557072 -0.295640 -0.201660
6 0.500619 -0.402252 -0.539162 -0.014841 0.099569 0.642348 -0.038418 0.303283 -0.104663 -0.451603 -0.147553 0.446283 -0.474460 0.180850
7 0.476270 -0.270098 -0.225437 -0.046135 -0.038957 -0.366347 1.023579 -0.705629 0.080580 -0.217861 0.571265 -0.915059 0.032309 0.601522
4 -0.325064 0.266435 -0.365496 0.692371 -0.251594 -0.724212 -0.431403 0.416943 -0.309816 0.477848 0.132456 0.449715 0.007314 -0.035497
12 -0.248096 -0.538713 -0.195593 0.676367 -0.004496 -0.363725 0.151405 -0.213870 0.703448 0.742926 -0.670165 0.792466 -0.414518 -0.417435
9 -0.507951 0.334673 -0.877278 0.773037 1.058696 -0.008964 0.362105 -0.567127 1.179820 0.070227 -0.715806 -0.206558 -0.389586 -0.505287
2 0.160591 0.394453 -0.029352 0.319314 -0.188347 -0.243592 -0.128437 0.128456 -0.055612 -0.277224 0.000000 -0.088503 0.248026 -0.239772
10 -0.791567 -0.698384 0.356434 0.276102 0.083957 -0.098397 0.540123 -0.421614 0.194287 0.932892 -0.875020 -0.030103 -0.247162 0.778452
4 0.049286 0.428083 -0.518855 0.572540 0.395974 0.148889 -0.075712 -0.581837 0.060405 0.255343 -0.237493 -0.158370 0.160878 -0.499131
13 0.353910 -0.269676 -0.297570 0.690831 -0.184291 0.295019 -0.777490 -0.450794 -0.102305 -0.090973 -0.053125 0.230994 0.795216 -0.139747
13 0.319743 0.447137 -0.286686 -0.298401 -0.006228 -0.588667 -0.806945 -0.730394 0.662209 0.067541 0.172498 0.095594 0.911581 0.041018
4 -0.071579 0.724349 -0.274086 1.059570 -0.272247 0.176058 -0.855547 -0.077501 -0.340494 0.226267 -0.103907 -0.185067 0.141624 -0.147441
12 0.045096 0.089499 -0.627497 0.453073 0.512098 -0.578256 -0.716696 0.091928 0.056215 0.101562 0.406579 0.593282 -0.510859 0.083977
13 -0.651089 -0.372334 0.304761 0.177029 -0.369036 -0.439553 -0.112973 -0.535568 0.679201 -0.246652 0.091686 0.776755 1.203438 -0.505665
5 1.665258 -0.423848 -0.412809 0.568614 2.121950 -0.401687 -0.887709 -0.700656 -0.133750 -0.255509 -0.132418 -0.288574 -0.226407 -0.492457
9 -0.272542 -0.026791 -0.168511 0.885347 -0.410601 -1.083267 -0.678447 -0.276986 2.274829 -0.017718 0.605483 -0.636986 -0.048445 -0.145366
4 0.109666 0.163212 -0.059930 0.790657 -0.090258 0.222519 -0.596229 -0.398036 -0.197251 -0.101253 -0.208099 -0.270080 0.337494 0.297589
9 0.921885 -0.463903 -0.309241 0.236877 -0.593381 0.368121 -0.204964 -0.473671 0.946691 -0.010830 -0.170326 -0.261749 0.740205 -0.725714
9 0.401333 -0.500011 0.048935 0.059183 0.096159 -0.152621 -0.843989 0.118295 0.640833 -0.670417 0.537637 -0.289883 0.192593 0.361954
6 0.543565 0.337854 -0.225356 0.110764 -0.114535 0.626479 -0.414599 0.213955 -0.112167 0.189680 -0.081296 -0.233284 -0.469901 -0.371160
14 0.981684 -0.175315 -0.651432 0.124042 -0.451697 0.702550 -1.128274 -0.747435 -0.374354 0.726290 -0.062235 -0.782973 0.695304 1.143845
3 -0.950934 0.289465 4.780446 0.071851 1.143835 0.053112 0.365265 -0.950400 -1.213807 -0.434360 -1.150379 -1.015816 -0.967846 -0.020432
4 -1.278432 0.121014 -0.231925 1.168954 0.509184 0.609835 -0.470148 -0.363263 0.170072 0.611276 -0.231325 -0.505960 0.476854 -0.586136
13 -0.000000 -0.125791 -0.119493 0.206803 0.210383 -0.606988 -0.796757 -0.832861 -0.143628 0.392132 -0.061830 0.289499 1.865266 -0.276735
9 0.075948 -0.053497 -0.250946 0.295832 0.116257 0.174539 -0.160162 -0.431810 1.004538 0.559738 -0.567069 -0.804757 0.272344 -0.230955
13 -0.349234 -0.221248 -0.611180 0.724804 -0.115253 0.350277 -0.213444 -0.054729 0.698998 0.243730 -0.607234 -0.861523 1.088802 -0.072766
1 0.798291 -0.051363 -0.584464 0.353727 -0.207351 0.262098 -0.285595 -0.169770 0.367828 0.219865 -0.327096 0.346854 -0.228911 -0.494113
5 -0.198206 0.064764 -0.636065 0.371119 1.457429 -0.257674 -0.295870 -0.224021 -0.213242 0.265292 -0.793494 -0.339834 0.856819 -0.057016
13 -0.488342 -0.386265 -0.240163 0.277701 0.192779 -0.269639 -0.336920 -0.179377 -0.191938 0.474314 -0.158388 0.240819 1.242061 -0.176643
13 0.165169 0.224190 -0.498258 0.170897 0.455874 -0.596698 -0.283569 -0.607161 -0.235640 0.495688 0.298386 -0.375919 0.737653 0.049389
13 0.686607 -0.102259 -0.139772 0.634541 -0.065619 0.380114 -0.200025 -0.002256 -0.125716 -0.097538 -0.861857 -0.587805 0.775215 -0.293628
11 0.204994 0.409044 -0.376040 0.555976 -0.413800 0.426042 -1.176159 -0.527020 -0.289741 0.603499 0.951739 0.308059 0.087046 -0.763638
10 -0.123949 0.799041 -0.629470 0.023610 -0.026679 -0.160727 -0.757979 -0.448856 0.026895 0.968532 -0.163802 0.054961 0.276980 0.161441
14 -0.667925 0.333869 -0.592002 0.731558 -0.196866 -0.251678 -0.979043 0.441728 0.441353 -0.287372 -0.817623 0.321100 0.355377 1.167525
1 0.790657 -0.057616 -0.184901 0.396776 0.204806 -0.069872 -0.292588 -0.100044 -0.140846 -0.007125 -0.080556 -0.407782 0.286608 -0.337516
4 -0.271936 0.709997 -1.059382 2.072035 -0.004320 -1.123234 -0.036125 0.043447 -0.322746 1.891771 -0.863407 0.589386 -0.670765 -0.954720
13 -0.892832 -0.374715 -0.314046 0.214395 -0.275943 1.210340 -0.328487 -0.003727 0.329307 -0.841829 -0.008350 0.195004 1.754082 -0.663198
2 -0.000000 1.121810 -0.264845 0.265491 -0.199803 0.176058 -0.373615 0.155117 -0.182232 0.255673 -0.219525 -0.304969 -0.236075 -0.193085
13 0.024189 -0.293756 -0.281088 0.092488 0.514730 -0.225294 -0.206393 -0.212368 -0.455795 -0.481966 0.107451 -0.347273 1.622710 0.142366
4 -0.196441 0.137452 -0.377964 1.029975 0.248270 -0.577490 -0.528346 0.288998 -0.332461 0.704695 -0.162537 -0.571804 -0.204442 0.542095
9 -0.311385 -0.324236 0.597952 0.099031 -0.364028 -0.339761 0.029099 0.225215 0.769796 -0.086453 -0.140667 0.078659 0.009262 -0.242483
4 0.220277 0.178126 -0.209694 0.999330 -0.494119 -0.687898 0.229257 0.424729 -0.477962 -0.470908 0.541880 -0.304799 0.524939 -0.473158
13 -0.724650 -0.420004 -0.463724 0.346687 0.272612 -0.529056 0.289269 -0.215822 -0.456724 -0.332031 0.951860 -0.086267 1.495816 -0.127966
1 1.837913 0.192366 -0.912322 0.932323 -0.350458 -0.435945 -0.930051 0.491367 -0.672163 0.247463 -0.074959 0.902467 -0.937024 -0.290977
1 1.062753 -0.090847 -0.377623 0.297393 -0.331943 -0.399479 -0.508188 -0.112757 0.891239 0.433360 0.175215 -0.772001 -0.347114 0.079991
10 -0.114485 -0.242576 0.094865 0.683069 -0.092911 -0.270293 0.236074 -0.147232 -0.099814 0.701534 -0.276285 -0.299725 -0.040065 -0.132156
7 0.175356 -0.232501 -0.276834 0.263110 -0.627587 -0.094897 1.393832 -0.231566 -0.422504 0.142728 -0.356908 0.483174 0.303295 -0.518697
6 0.007577 0.233080 -0.646259 0.107019 0.228949 0.831363 -0.659789 -0.978308 -0.362874 0.309099 0.471233 0.470165 -0.509905 0.498648
4 -0.288997 -0.328195 0.436789 0.799041 -0.401371 -0.082285 -0.515213 -0.151068 -0.177325 0.642515 0.517547 -0.028400 -0.396957 -0.026080
6 -0.940930 -0.525104 -0.956598 -0.398165 0.052051 5.994604 -0.343002 -0.025711 -0.796960 0.128570 -0.994702 -0.591603 -0.083407 -0.519043
13 -0.547941 0.780333 0.246737 0.641617 -0.148766 -0.215647 -1.324417 -1.000366 -0.550419 -0.090850 0.075521 0.628416 0.855530 0.650252
3 0.176154 -0.164637 0.747692 0.337425 0.148897 -0.305442 -1.028827 -0.019533 -0.264685 0.134341 0.221957 0.502760 0.091462 -0.577563
2 -0.579433 0.704993 -0.248480 0.093146 -0.186457 0.310867 -0.168908 0.620024 -0.108181 -0.339830 -0.313802 0.082685 0.389905 -0.256529
12 0.246976 -0.034868 0.085232 0.283247 -0.365770 -0.219723 -0.763714 -0.210406 -0.188332 0.193589 0.188973 0.633751 0.059797 0.091248
13 -0.048392 0.289235 -0.275241 0.605477 0.758738 -0.638536 -0.200741 -0.513664 -0.357245 0.203401 -0.233647 -0.380432 0.988833 -0.197785
13 -0.798801 0.103088 -0.162656 -0.076728 0.010855 -0.368586 -0.031888 -0.203508 -0.209172 0.573730 0.207958 0.457440 1.111795 -0.613527
2 -0.288226 1.011236 -0.435682 0.624796 -0.201466 -0.598873 -0.496559 -0.241689 -0.300401 -0.168768 -0.323148 1.004984 0.688439 -0.274645
4 -0.264281 -0.070838 -0.131821 0.723410 -0.055229 0.000000 -0.625316 -0.084717 0.677991 -0.199438 -0.072059 -0.194074 0.296371 0.000000
3 -0.251527 -0.101539 0.595924 0.341964 -0.179558 -0.244734 0.232064 0.379661 0.151800 -0.151041 -0.101997 -0.123281 -0.274340 -0.273396
1 0.988842 -0.074522 0.320263 -0.282148 -0.029670 0.355827 -0.660481 -0.348971 -0.304465 -0.119393 -0.219289 -0.016638 0.852389 -0.461743
2 -1.067378 1.809032 0.660983 0.968625 -1.022721 -0.789038 0.027322 -0.319002 -0.352408 -0.171590 0.004331 0.155394 0.058071 0.038380
6 0.012458 -0.637891 -0.785985 -0.530890 -0.077208 3.011674 -0.318256 -0.627321 0.019972 0.518562 -0.548554 0.410954 -0.070113 -0.377403
13 -0.151535 -0.036977 0.176251 0.368976 -0.061571 -0.113762 -0.079531 0.000000 -0.099814 -0.066077 -0.101048 -0.188637 0.399521 -0.045796
2 -0.609594 1.708782 0.311733 0.754845 0.080176 -1.232407 -1.280110 -0.616806 0.129655 0.151483 -1.122716 0.939877 0.636663 0.148419
13 -0.259650 -0.090460 -0.229298 0.018801 0.376468 -0.338746 -0.462818 -0.289095 0.157411 0.262882 -0.020334 -0.113606 1.579600 -0.591155
14 -0.381346 -0.444359 -0.345006 0.646470 0.175614 -0.956101 -0.471347 -0.114524 0.026792 0.170629 -0.383650 0.924278 0.191389 0.961161
6 0.487843 0.412711 -0.359619 0.674959 0.454382 0.712826 -1.155073 0.672860 0.524055 -0.258896 -0.137083 -0.763299 -0.485845 -0.779820
5 -0.594428 0.346412 -0.890229 0.316496 0.626762 -0.408396 -0.319014 0.209010 0.153305 0.213070 0.082718 0.157403 0.219122 -0.112232
3 -0.114070 -0.013802 0.741855 0.355266 -0.167013 -0.116718 -0.641268 -0.030027 -0.151866 -0.153559 -0.195974 0.319928 -0.152033 0.319279
6 0.898260 0.502878 -0.171326 0.417852 0.272047 0.999608 -0.980889 0.204228 0.209474 -0.175674 -0.268059 -0.573331 -0.667588 -0.667481
2 0.645946 2.113521 -0.425106 0.118859 0.234129 -0.484399 -1.428630 -0.001415 0.157400 -0.479883 -0.848116 0.145754 0.341358 -0.089417
2 0.221798 1.962527 1.291189 0.333230 -0.529934 -0.481858 -1.033740 -0.001122 -0.233083 -0.040302 -0.944943 0.305532 -0.413439 -0.435856
4 0.058399 -0.489498 -0.667790 1.333300 0.944578 0.818863 -1.375685 0.279517 -0.384888 0.002902 -0.333746 -0.792216 0.642077 -0.035814
4 0.002729 -0.482736 -0.545506 0.985200 -0.413668 0.260881 -0.513450 -0.892010 0.014929 0.250629 0.116010 0.421488 0.128472 0.667032
10 0.223942 -0.167558 -0.121665 0.309927 -0.206410 -0.712692 -0.249739 -0.081931 0.650831 0.680196 -0.331504 0.195228 0.187707 -0.376334
12 -0.019853 0.556465 -0.345387 0.060787 -0.134604 0.446761 -0.760193 0.427715 -0.195967 -0.307571 -0.564455 0.681390 0.283406 -0.128493
12 0.710535 -0.142125 -0.158071 0.213920 -0.075959 0.130976 -0.096977 -0.055396 -0.353909 -0.125712 -0.142434 0.895905 -0.221025 -0.579726
14 -0.437977 0.564756 -0.365703 0.446022 -0.668193 0.589063 -0.270501 -0.805962 0.330886 -0.522009 0.413554 0.227237 -0.495595 0.994421
5 0.353928 -0.449500 -0.612861 0.289749 0.945932 -0.193352 -0.867910 -0.008100 -0.410804 0.561498 0.544660 0.117142 -0.635827 0.365445
8 0.515727 0.048414 -0.619833 0.283003 0.573626 -0.103107 -0.705087 0.581555 0.061370 0.537170 -0.174650 0.401732 -0.331897 -1.068022
1 1.059924 -0.542554 0.271842 0.285069 0.157600 0.104501 0.032512 -0.252842 -0.026602 -0.237416 -0.174473 -0.566355 0.212599 -0.323805
2 0.131770 1.759518 -0.536881 0.055667 -0.412480 -0.320097 0.119361 -0.710940 0.512601 0.192690 -0.647477 -0.170247 -0.404589 0.431104
4 -0.148050 0.287582 0.309624 0.714092 -0.188908 -0.278049 -0.529785 -0.287097 -0.401937 0.387787 -0.119276 -0.129939 0.267923 0.116031
1 0.942093 0.007178 -0.183079 0.219713 0.230969 -0.187807 -0.590970 0.311975 -0.362846 -0.047919 -0.299527 0.302979 0.011851 -0.354611
4 -0.086432 0.243415 -0.364365 1.872442 0.265733 -1.186618 -0.992863 -1.106201 -0.209079 0.569717 -0.207834 0.007406 0.893677 0.301003
5 0.144652 0.644533 -0.036386 -0.039488 0.764544 -0.308964 -0.416886 -0.688961 -0.085471 0.312326 -0.314162 -0.067682 0.276010 -0.184065
13 -0.504302 0.272303 -0.147635 1.400896 -0.357679 -1.317987 -0.369080 -0.142959 0.253950 0.047077 -0.595709 -0.095171 1.408692 0.147604
10 -1.192596 -0.272935 -0.467868 -0.160966 -0.074853 0.700673 -0.473583 -1.340662 0.728271 2.700298 0.316492 -0.566949 0.526030 -0.421351
13 -0.263619 0.323756 0.289194 1.052761 -0.586716 -0.355518 -0.758589 -0.584063 -0.107197 -0.290260 -0.608343 0.148835 1.495400 0.244359
14 0.197919 -0.336307 0.057129 0.156547 0.281051 -0.136440 -0.060606 -0.332351 -0.231126 -0.194875 -0.698266 -0.264102 0.447801 1.113624
9 0.375313 0.319593 -0.234678 0.588610 -0.143855 -0.037007 -0.608865 -1.017974 1.518476 -0.450148 0.447107 -0.692293 0.298770 -0.363049
1 0.377626 0.357197 -0.342708 0.262647 -0.176220 0.191480 -0.543509 -0.130817 -0.058263 0.203299 0.030824 0.314789 -0.193799 -0.292545
2 -0.000000 0.399521 -0.057186 0.399521 0.000000 -0.202409 -0.373449 0.000000 0.000000 0.000000 -0.030085 -0.034598 -0.009560 -0.091755
14 0.309602 0.401923 -0.355186 0.393255 -0.361052 -0.530285 -0.490611 -0.191291 0.319701 -0.271629 -0.616223 0.609280 -0.096632 0.879148
2 -0.528928 2.767527 -0.834776 0.416021 0.200005 -0.324819 -0.027332 -0.286223 -0.092055 0.152238 -0.525625 -0.877015 -0.119358 0.080341
4 -0.000000 -0.346330 0.342335 0.399521 -0.008762 -0.003598 -0.449240 -0.030868 -0.021870 -0.004625 0.232943 -0.148103 -0.321119 0.359717
10 -0.127465 -0.424985 0.318192 0.275165 -0.080242 -0.236515 -0.427236 -0.054357 0.271620 0.752602 0.312740 -0.253800 -0.158303 -0.167415
13 -0.124577 -0.081887 -0.432899 0.349941 0.198528 -0.033582 -0.678912 -0.212772 -0.166529 0.227987 -0.058965 0.346066 0.745197 -0.077595
4 -0.083001 -0.092891 -0.321762 1.147922 -0.187903 -0.267806 -0.530335 -0.449555 -0.215388 1.095769 0.602543 -0.118036 -0.321768 -0.257790
13 0.138132 -0.378224 -0.652679 -0.434445 -0.136584 -0.366013 -0.386363 -0.141133 0.870596 0.101273 -0.361515 -0.459971 1.658035 0.548889
10 -0.185500 -0.448200 -0.080526 -0.260086 -0.253953 -0.268907 0.040509 -0.067678 -0.088574 1.150392 -0.469752 1.069629 0.186284 -0.323638
12 0.274530 0.305954 -0.206229 0.281028 -0.216390 -0.245246 -0.859100 0.201323 0.098838 -0.135415 0.366342 0.697942 -0.392521 -0.171056
4 -0.092663 -0.085176 -0.207723 1.076030 -0.348989 -0.454796 -0.346894 -0.125826 1.046762 -0.036281 0.234331 0.064026 -0.353326 -0.369475
2 0.068722 1.794873 0.212117 0.652893 -0.521972 -0.417378 -0.506011 -0.524993 -0.099508 -0.599013 -0.920484 -0.262398 1.345961 -0.222809
2 -0.254603 0.630147 -0.100021 0.283549 0.000000 -0.412866 -0.438154 -0.067524 0.000000 0.399521 -0.182641 -0.100944 0.389961 -0.146423
7 0.474310 -0.189426 -0.735478 -0.091285 0.860282 -0.295451 1.763715 -0.559422 0.081404 0.337716 -1.312995 -0.175107 0.495435 -0.653697
13 -0.191857 -0.098189 -0.098715 0.169363 -0.215075 -0.417101 -0.414013 -0.327779 -0.665672 -0.158625 -0.112076 -0.146095 2.350065 0.325772
9 -0.296910 0.251518 -0.245701 0.967914 0.181913 -0.611664 -0.311532 -0.368480 1.173975 -0.089339 -0.020097 -0.232511 -0.035025 -0.364062
13 -0.574127 0.276111 -0.715917 0.473248 0.612646 -0.403580 -0.852958 -0.508094 -0.845412 -0.251564 -0.641206 0.828000 3.308177 -0.705324
6 -0.100404 -0.057062 -0.247383 0.358079 0.265299 0.392397 -0.690710 -0.030840 0.000000 0.307289 -0.127766 0.329426 -0.148404 -0.249921
13 -0.285397 -0.098189 -0.203470 0.178073 -0.166082 -0.203274 0.042381 -0.044510 -0.279176 -0.216323 -0.125407 -0.391250 1.151503 0.641120
14 -0.292003 -0.048785 0.000000 0.648660 -0.082762 -0.184440 -0.031148 -0.044884 -0.097709 -0.011733 -0.032391 -0.129607 -0.389700 0.696503
2 -0.670607 2.576967 -0.787326 2.115623 0.192745 -0.223001 -0.297183 -0.787887 -0.806636 0.310068 -1.409789 -0.375937 0.410388 -0.247426
1 1.574894 -0.175592 -0.174274 -0.062997 -0.218234 -0.303347 -0.188355 0.000000 0.034671 -0.154796 -0.018024 0.343913 -0.320577 -0.337281
14 0.293081 -0.328051 -0.316050 0.324390 -0.245079 0.519904 -1.186938 -0.683587 0.084382 0.050742 0.430039 0.566143 -0.228126 0.719150
5 0.013971 0.205367 -0.313451 0.615251 1.728674 -0.671708 0.094545 -0.835328 0.864010 -0.590542 -0.331471 -0.178557 -0.056375 -0.544388
2 -0.611399 0.648517 -0.356492 -0.101111 0.546850 0.142093 -0.200021 -0.387880 0.100170 0.491534 -0.185572 -0.090022 0.365334 -0.361999
4 -0.164285 -0.104957 0.237579 0.399521 -0.113749 -0.142716 -0.605225 -0.386888 0.122463 0.313202 -0.049573 0.030720 0.150617 0.313292
4 -0.435309 -0.331027 0.258310 2.109860 -0.559105 -0.550173 0.039119 -0.433573 -0.072809 -0.122976 -0.150858 -0.206123 -0.337821 0.792485
7 -0.475744 -0.372582 -0.153380 0.287942 0.376928 0.238870 0.491304 -0.105603 -0.049933 -0.104971 -0.166888 0.320335 0.000000 -0.286278
5 -0.505474 0.345038 -0.730548 0.855846 1.074178 -0.837143 -0.728831 0.056497 0.217287 0.653308 -0.851357 -0.264537 0.861658 -0.145922
10 -0.018931 0.703676 -0.201165 -0.244908 -0.071554 -0.724430 -0.411284 -0.850069 0.381780 1.190178 0.319613 -0.429463 0.250400 0.106156
9 -0.289000 -1.169559 -0.493491 1.415997 -0.399418 -0.888274 -0.399233 0.484994 1.725024 0.590923 -0.368014 0.175640 -0.501077 0.115489
13 -0.788077 -0.190191 -0.261931 0.304150 -0.259592 -0.238200 0.702937 0.536525 0.091673 -0.333845 -0.466967 -0.200961 1.399998 -0.295518
7 -0.818435 -0.177899 -0.266278 0.619594 0.004978 0.496866 1.095406 -0.284211 -0.215967 0.192040 -0.500935 -0.203702 0.129171 -0.070629
9 -0.353213 0.145801 -0.173012 -0.122605 -0.107620 -0.283442 -0.384283 0.123916 1.088656 0.026369 -0.305241 -0.164450 0.179277 0.329849
13 0.472456 0.658405 -0.216784 -0.276839 -0.272541 -0.475910 -0.620325 -0.334456 -0.306120 0.004366 -0.416300 0.634519 0.946964 0.202565
12 0.119782 -0.236379 -0.208089 -0.003007 0.220501 0.302701 -0.320919 -0.194282 0.386966 -0.235681 -0.034784 0.788794 -0.499351 -0.086252
4 -0.832996 -0.246068 -0.473245 4.193834 -0.359076 0.157791 -0.859948 0.155201 0.052081 0.092914 -0.425249 -0.204670 -0.077387 -1.173181
2 -0.381736 0.816749 -0.288968 0.317739 -0.106457 -1.450554 0.665999 0.723467 0.175452 -0.206547 0.040860 -0.650657 0.358753 -0.014099
9 0.114296 -0.140038 -0.675668 -0.504791 -0.449348 0.080096 -0.026698 -0.737758 0.959065 0.713395 0.081022 -0.200478 0.847341 -0.060436
4 0.030162 0.426818 -0.144973 0.966358 0.605852 0.414283 -0.687364 -0.508578 -0.197723 -0.237655 -0.152768 -0.495829 0.410885 -0.429468
1 0.907747 -0.142632 -0.191351 0.786217 -0.588847 -0.412723 -0.427993 -0.163244 -0.304424 -0.348812 0.642592 -0.279942 -0.049754 0.573168
10 -0.457008 -0.347352 0.106331 1.479678 -0.365847 -0.493928 -0.434679 -0.701478 -0.374902 1.564025 -0.054445 -0.379166 1.361739 -0.902967
7 0.000000 0.000000 -0.012516 -0.216200 -0.034038 -0.024063 0.399521 0.000000 0.000000 -0.044386 0.383861 -0.165596 -0.076650 -0.209933
13 -0.408771 -0.593759 0.214269 0.627995 -0.395071 -0.232409 -0.006592 0.015477 -0.375235 0.292863 -0.014130 0.025583 1.082121 -0.232340
14 -0.370303 -0.039281 -0.202341 0.319143 0.367937 -0.356305 -1.118898 0.341392 -0.328597 -0.091362 -0.465232 -0.246715 1.050529 1.140032
2 0.707174 1.704612 -0.397569 0.229135 -0.910522 0.117718 -0.563196 -0.919986 -0.419647 -0.617879 -0.065694 1.344961 -0.456710 0.247603
1 1.010876 -0.187836 0.024398 0.208656 0.583779 -0.146716 -0.199681 -0.285278 0.076420 0.024201 -0.662270 -0.155611 0.051948 -0.342886
6 0.427041 -0.978783 -0.796508 -0.060243 -0.123031 1.627368 -1.113404 -0.074893 0.124379 0.556458 0.056519 0.495497 -0.013184 -0.127217
2 -0.303655 0.760871 0.586231 0.112577 -0.046091 -0.371187 -0.386794 -0.085893 -0.091935 -0.333941 -0.089982 -0.168065 0.739273 -0.321409
2 0.132989 0.399521 -0.143569 0.369008 -0.075132 -0.073667 -0.281091 -0.446957 0.339600 -0.095667 0.108361 -0.082035 -0.079701 -0.071659
12 -0.319233 0.359714 -0.175467 0.084196 0.325911 -1.155795 0.411683 0.186024 0.217192 -0.419521 0.146309 0.622163 0.220171 -0.503346
7 1.085745 -0.221762 -0.184164 0.385497 -0.614943 -0.399962 1.477353 -0.989970 -0.163348 -0.306203 -0.943249 0.077878 0.734866 0.062264
1 1.409368 0.041616 -0.511084 0.178914 -0.108835 -0.448846 1.371148 -0.047027 -0.360994 -0.345446 -0.692673 -0.130873 0.137520 -0.492788
3 -0.467786 -0.343528 1.247065 0.389128 0.478710 0.272157 -0.220122 -0.182965 0.453561 -0.325562 -0.503377 -0.297240 -0.489622 -0.010419
10 -0.726489 0.500677 -0.258825 -0.198180 0.929225 -0.534755 -0.740818 -0.309286 -0.151996 1.013135 -0.231500 0.894546 -0.167585 -0.018149
2 -0.393069 2.235325 -0.337885 1.069761 0.074415 -0.920236 -0.371316 -0.542834 0.160169 0.286054 -0.920243 0.101982 -0.456682 0.014558
1 0.738641 0.610516 -0.144884 0.388783 -0.141740 -0.354238 -0.307737 0.311018 -0.372891 -0.124436 -0.025053 -0.208817 -0.211254 -0.157909
10 -0.305655 -0.462128 -0.301330 0.306738 0.038204 0.232617 -0.126982 -0.378055 0.255609 0.704572 0.027123 0.150469 -0.762645 0.621463
5 -0.021817 -0.745001 -0.650064 0.360957 1.670458 0.090439 0.435747 -0.102054 -0.536355 0.629740 -0.120929 0.145189 -0.736321 -0.419988
4 -0.354106 -0.242250 -0.220735 1.166107 0.177884 -0.513368 -0.335563 -0.142880 0.676223 -0.350027 -0.353934 -0.299421 0.384019 0.408051
2 -0.057024 0.608161 0.418306 -0.153450 -0.203155 -0.933000 -0.281184 -0.573343 0.295122 0.503786 -0.507573 0.174183 0.587270 0.121900
7 -0.054629 -0.058169 -0.423397 0.788635 -0.617897 -0.869199 0.844945 0.751650 -0.155457 0.479094 -0.461135 0.528497 -0.423816 -0.329124
1 2.354135 -0.422287 -0.499719 0.051469 0.930395 -0.328518 -0.578538 -0.284263 -0.265717 0.570002 -0.410825 -0.351733 -0.578857 -0.185544
4 0.578481 -0.748776 -0.102998 1.647991 -0.525684 0.091167 0.172950 0.146717 0.498723 0.044301 -0.146137 -0.096615 -0.765321 -0.794799
5 -0.844844 0.485244 0.264280 0.271016 0.842416 -0.396724 -0.369477 0.144029 0.285825 0.715675 -0.178087 -0.266059 -0.478191 -0.475102
2 -0.163921 1.851979 -0.162596 1.489810 -0.366288 -0.686639 -0.193810 0.028057 -0.237435 -0.241933 -1.022188 0.191289 -0.127778 -0.358547
7 -0.054629 -0.058169 -0.423397 0.788635 -0.617897 -0.869199 0.844945 0.751650 -0.155457 0.479094 -0.461135 0.528497 -0.423816 -0.329124
13 -1.465814 -0.269048 0.264624 0.743962 0.116855 0.394912 -0.826906 -0.057830 0.093219 -0.272536 -0.210767 -0.196867 1.582653 0.103544
1 0.536366 0.027010 -0.155761 0.340174 -0.004154 -0.251708 -0.408731 0.211683 0.283806 -0.165584 -0.103632 -0.181277 -0.025426 -0.102766
4 -0.207381 0.034737 -0.248874 0.947051 -0.533036 -0.458902 -0.740651 0.707948 -0.389705 0.223658 0.174201 -0.173223 -0.191752 0.855929
1 1.114891 -0.875050 -0.257829 0.548506 0.157021 0.337784 0.224807 0.093133 0.287314 -0.004107 -0.628538 0.401703 -0.455669 -0.943966
4 -0.152484 -1.226420 0.331489 2.211209 -0.066588 0.715073 0.031240 -0.410876 -0.660136 -0.321414 -0.907304 0.766647 -1.196694 0.886259
5 0.105547 -0.198140 -0.440893 0.670650 2.215424 0.417126 -1.080900 -0.332646 -0.435074 0.268380 -0.689419 0.636247 -1.048343 -0.087959
8 -0.561353 -0.229842 -0.329147 0.696955 -0.465641 -0.674770 -1.193326 1.369965 0.630537 0.250068 0.172584 -0.303353 0.497576 0.139747
4 -0.493229 -0.086685 -0.140704 0.393817 0.377173 -0.047731 -0.367825 -0.027351 0.189234 -0.021141 0.312266 -0.406505 0.318679 0.000000
8 0.158404 -0.215669 -0.915584 1.196640 -0.358835 0.421653 -0.938977 1.208942 -0.015593 -1.002548 -0.241025 0.870219 -0.497255 0.329627
7 -0.054629 -0.058169 -0.423397 0.788635 -0.617897 -0.869199 0.844945 0.751650 -0.155457 0.479094 -0.461135 0.528497 -0.423816 -0.329124
4 -0.201478 -0.048785 -0.205083 1.567075 0.348391 -0.194569 -0.391305 -0.227446 -0.369686 -0.056238 -0.179637 -0.194901 0.426934 -0.273272
14 -0.099769 1.577569 0.763223 0.241691 -0.096617 -0.702872 -1.082140 -0.752318 -0.208077 -1.006063 -1.157127 -1.138348 1.382545 2.278304
7 -0.054629 -0.058169 -0.423397 0.788635 -0.617897 -0.869199 0.844945 0.751650 -0.155457 0.479094 -0.461135 0.528497 -0.423816 -0.329124
1 0.767269 0.104978 0.025040 0.359831 -0.245631 -0.166930 0.049597 -0.705885 -0.175952 0.130601 -0.506189 0.179303 0.476924 -0.292956
8 -0.052985 -0.266362 0.239043 0.288453 0.154588 -0.045972 -0.114292 0.595623 -0.312903 0.336612 -0.100474 -0.169084 -0.251810 -0.300437
13 0.020210 0.041012 -0.220313 0.703691 0.005747 -0.950653 -0.237216 -0.660634 -0.107581 0.158053 -0.587994 0.574438 1.003174 0.258066
14 0.239433 -0.634365 -0.341525 0.365519 -0.025569 -0.130230 -0.208706 0.304902 0.198033 -0.110911 0.226597 0.181833 -0.523968 0.458955
11 -0.567506 -1.399267 -1.074092 -0.076762 -0.883266 -0.929481 -2.750270 -1.138421 -0.960612 -0.890585 12.706471 -0.506502 -0.371439 -1.158266
14 0.637320 -0.671302 -1.225496 0.458441 0.207846 1.066222 -1.324710 0.966299 -0.678164 -0.209542 -0.098673 -0.498636 -0.089356 1.459751
7 -0.380592 0.116134 -0.228035 -0.208587 -0.018116 -0.093376 0.871814 0.006201 0.031507 -0.289697 0.255515 -0.330456 -0.323107 0.590793
10 -0.328360 -0.135531 -0.312590 -0.259037 -0.355535 0.196976 0.305494 -0.186666 -0.105372 1.590031 -0.256905 0.309359 -0.123931 -0.337933
11 -0.378790 -0.682017 -0.065646 0.591852 -0.927633 0.397328 -0.455493 0.259791 0.253644 -0.292416 0.837506 0.290436 0.044908 0.126531
6 0.039423 0.407370 -0.215467 0.331492 -0.138086 0.872677 -0.197499 0.460528 -0.777911 0.468209 -0.486264 -0.380520 0.120308 -0.504262
10 -0.271261 0.378900 -0.168968 -0.026336 -0.365590 0.359264 -0.156312 -0.224355 -0.154699 0.975504 0.113890 0.095716 -0.252745 -0.303006
5 0.361526 0.495873 -0.126274 1.098589 1.597807 -0.388340 -0.860559 -0.258694 -0.225600 0.015323 -0.381356 -0.455019 -0.462587 -0.410689
4 -0.080621 0.106456 -0.525364 0.896899 -0.360566 0.275294 -0.666933 -0.631740 -0.188253 -0.410798 0.050348 0.653968 0.243401 0.637907
10 -1.494010 1.682867 1.126646 0.475142 -0.026047 -1.732716 -0.599663 -0.996709 1.084402 2.370162 -1.342067 -0.587857 -0.178146 0.217996
9 -1.040202 0.731150 -0.421040 1.100575 -0.623197 -0.973603 -0.367907 0.087567 1.882295 0.801166 -0.352764 -0.252285 -0.368182 -0.203574
6 0.198021 -0.080040 -0.135352 0.333651 0.391055 0.760240 -0.601858 0.254776 0.233731 -0.574709 -0.179012 0.066143 -0.253336 -0.413310
14 -0.095881 -0.075350 0.647613 0.250690 0.361431 0.205713 -0.618603 0.513481 -0.232594 -0.585609 -0.683009 -0.529786 -0.635960 1.477864
7 -0.401648 -0.405311 -0.352184 0.207073 -0.167124 0.054061 0.742850 0.100198 0.150392 0.504626 -0.129231 -0.486572 -0.466621 0.649490
13 1.249614 -0.372473 0.596544 -0.161064 -0.008924 -0.401379 -0.001913 -0.733042 -0.569038 -0.258343 -0.270558 -0.330347 1.606670 -0.345745
6 -0.165819 -0.143816 0.526457 0.080961 -0.257795 1.287588 -1.042764 -0.223941 -0.062060 -0.039764 -0.160902 0.293407 -0.460883 0.369333
6 0.311454 -0.226591 -0.362362 -0.193968 0.538253 0.592157 0.128850 -0.404945 -0.112820 -0.172559 -0.204766 0.269557 0.067817 -0.230075
14 -0.955257 0.345296 0.083763 -0.160005 -0.066356 -0.071298 0.175200 0.111023 -0.286213 0.450683 0.140609 -0.182859 -0.943231 1.358645
1 0.399521 -0.094660 -0.000000 -0.339532 0.307483 -0.146994 -0.096359 0.382099 -0.596965 0.251097 -0.103457 -0.110761 0.241218 -0.092690
11 0.173764 -0.941612 1.184764 -0.185214 -0.684917 -0.385467 -2.577344 -0.092518 -0.947839 -0.638203 7.670412 -0.644898 -0.885974 -1.044954
12 -0.498104 -0.173116 -0.433043 0.756808 0.312831 -0.059144 -0.538660 -0.060672 -0.004645 -0.075085 -0.151768 1.050084 -0.061932 -0.063554
10 -0.608332 0.224909 -0.115204 0.683069 0.188132 -0.754973 -0.918573 0.548030 0.633139 1.546934 -0.816793 -0.645618 0.286192 -0.250913
5 -0.294459 0.078110 0.253145 0.315667 0.989683 -0.368028 -1.102466 0.451357 -0.468942 -0.178693 -0.263332 -0.331851 0.388530 0.531279
10 -0.168778 0.671595 0.228106 -0.331879 -0.559279 -0.618234 0.314851 -0.272061 0.213747 1.086012 -0.283822 -0.316165 -0.027820 0.063727
4 -0.043142 -0.217004 -0.205273 1.141604 0.072589 -0.231250 -0.212688 0.015778 -0.053277 0.344948 -0.252270 0.202512 -0.305031 -0.257497
6 -0.297441 -0.229800 0.268181 -0.134935 -0.393996 1.187317 -0.179970 -0.612330 0.117302 0.214385 -0.331214 -0.765329 0.079074 1.078756
4 0.268870 -0.085480 0.087043 0.705577 -0.284612 -0.112134 -0.570134 0.385036 -0.140139 0.289682 -0.169805 -0.131254 -0.005067 -0.237582
3 -0.271221 -0.182647 1.084835 0.652443 -0.745302 0.018626 0.417118 -0.397011 0.183319 1.045010 -0.141452 -0.794273 -0.168747 -0.700699
7 0.720519 -0.745787 -0.495676 0.048347 -0.770257 1.014833 3.762302 -0.768807 -0.475135 -0.313200 -3.277754 0.219140 0.169733 0.911742
2 0.002386 2.454072 0.494073 0.798630 -0.440875 -1.171869 -0.697066 -0.651797 0.530098 -0.148946 -1.553653 -0.013610 0.538384 -0.139826
13 1.273681 -1.061582 0.219111 0.089330 -0.149092 -0.681496 -1.749653 -0.130863 -0.691079 0.193723 -0.160727 0.670909 2.057849 0.119890
4 -0.527106 0.827470 0.276480 1.002564 -1.148050 -0.602231 0.777850 0.203351 0.446194 -0.234081 -0.439727 -0.351047 0.050317 -0.281984
2 0.738393 2.183633 -0.459460 0.193050 -0.567928 -0.628796 -0.642596 -0.038303 -0.479226 0.141227 -1.117873 0.352264 0.497688 -0.172072
13 0.410091 -1.235568 -0.930292 0.969914 -0.635442 -0.193190 0.986299 -0.178522 0.212816 -1.010696 -0.530665 -0.322662 2.243670 0.214248
5 0.293461 -0.077312 -0.217294 0.314092 0.497250 0.279434 -0.958569 -0.085183 -0.204942 0.189450 0.279061 0.233673 -0.326310 -0.216810
5 -0.284005 -0.193609 -0.107560 0.250607 1.451423 -0.562411 0.062440 0.070996 -0.256967 -0.430763 0.050554 -0.089983 0.199665 -0.160385
4 0.154371 -0.155169 -0.170272 0.636538 -0.333790 -0.468585 0.281009 -0.119093 -0.051838 -0.200130 0.155076 0.129539 0.445646 -0.303300
7 0.394700 -0.287138 0.116946 0.104421 0.569807 -0.494928 1.286812 -0.156625 0.466705 -0.229870 -0.437850 -0.735429 -0.078672 -0.518876
11 -0.286579 -1.358051 -1.119538 -0.600487 -1.263681 -1.559977 -1.716939 -0.623748 -0.948199 -1.250862 12.500152 -0.692089 -0.185828 -0.894173
11 -0.289278 -0.244953 0.254249 0.067397 0.100722 -0.624246 -0.901093 -0.253043 0.080204 0.497812 1.129713 -0.369221 -0.229255 0.780992
10 -0.473458 -0.151640 -0.187092 0.269173 -0.448107 -0.366697 -0.055291 -0.402320 0.570449 1.481759 -0.463890 0.136809 -0.076025 0.166330
2 0.246068 0.584503 -0.262513 -0.033256 0.404459 -0.428555 0.416684 -0.175141 0.086341 -0.183722 -1.202387 0.471216 0.446860 -0.370559
6 -1.017343 -0.245713 -0.503015 0.480102 0.104158 1.709022 -0.448876 -0.247215 -0.503075 0.307195 -0.529950 0.818828 0.053413 0.022470
12 0.232001 -0.233652 -0.220313 0.312978 -0.266399 -0.453244 -0.221551 0.254799 0.078635 0.189049 -0.353141 1.021181 -0.221626 -0.118717
13 0.026613 0.208619 -0.122538 0.661744 -0.221717 -0.456858 -0.633867 0.085361 0.138605 0.199706 -0.168087 -0.180582 0.789481 -0.326479
12 -0.188085 -0.260896 -0.174586 0.296363 -0.274252 -0.360527 0.337667 0.153622 0.216725 -0.148486 -0.511983 0.821730 0.239412 -0.146704
4 -0.476368 0.130062 -0.235382 0.906439 0.227722 -0.567060 0.195448 -0.370657 0.331862 0.565055 -0.318304 -0.586972 0.469027 -0.270872
14 -0.431958 -0.264936 -0.131961 0.126897 0.274354 -0.882729 0.283908 -0.038994 0.262539 0.151565 0.222558 -0.279892 0.269401 0.439247
1 0.627819 -0.073922 -0.316319 0.330563 -0.024333 -0.425120 -0.224044 -0.070925 0.599976 -0.377642 0.183410 -0.285215 0.224574 -0.168822
8 -0.147314 -0.251661 -0.237598 0.978250 -0.551150 -0.297674 -0.357394 1.039606 -0.140723 0.226524 -0.612820 0.317032 -0.019234 0.054155
9 0.899961 0.376737 -0.566096 0.250453 -0.337893 -0.126047 -0.483891 -0.165693 1.178998 -0.066949 -0.220157 -0.191396 -0.189335 -0.358692
12 -0.277204 -0.179713 -0.079350 -0.138196 0.472349 -0.281820 -0.290724 -0.200604 -0.640898 0.590672 -0.026325 0.888014 0.756147 -0.592350
14 -0.383130 0.577791 -0.226917 0.364725 0.605466 -0.030780 -0.147681 -0.193675 -0.406236 -0.262537 -0.308062 -0.016849 -0.224252 0.652136
10 -0.534359 0.187515 -0.048040 -0.002744 -0.215461 -0.535643 -0.092873 -0.499090 0.540309 0.799041 -0.165167 -0.333058 0.599654 0.299915
2 -0.256102 1.133005 0.290004 -0.099349 -0.198454 -0.234614 -0.134014 -0.726188 0.380818 -0.325747 0.244313 -0.322812 0.399521 -0.150380
14 -0.215161 0.236099 -0.567691 0.074853 -0.001133 0.736286 -0.954696 0.126894 -0.057756 -0.123082 -0.188978 -0.191889 -0.210473 1.336728
5 0.644050 0.526640 -1.615112 -0.310117 8.246399 -1.451240 -1.581636 -1.013576 -1.496265 -0.601022 -0.630563 0.339653 -0.001828 -1.055383
7 -0.609153 0.553765 0.152838 0.534411 -0.110592 0.339680 2.141625 -0.161217 -0.101023 -0.317926 -0.431336 -0.540075 -0.589399 -0.861598
5 -0.369759 -0.263824 -0.735375 0.242614 0.589948 0.176849 -0.551498 -0.198963 0.172604 -0.273775 0.245677 0.295046 0.279042 0.391414
9 0.619908 0.330663 -0.551668 0.565929 -0.345901 -0.126262 -0.279178 -0.846624 0.649301 0.040512 0.557287 -0.181539 0.132319 -0.564748
1 0.399521 -0.155712 -0.147586 0.328714 -0.073908 -0.193981 -0.333181 0.307844 -0.090628 0.347345 -0.089971 -0.181124 0.230479 -0.347812
13 0.306359 -0.096954 -0.192609 0.353876 0.013967 -0.369387 -0.464122 0.349544 -0.382143 -0.308243 -0.206802 -0.175995 0.739830 0.432680
10 -0.026953 -0.080728 -0.409103 0.440150 -0.395340 -0.062764 -0.154595 -0.133318 -0.087305 0.756677 0.170380 -0.272443 0.348616 -0.093273
12 -0.292684 -0.392496 -0.386651 0.646207 0.127652 0.021573 -0.215934 -0.585530 -0.591392 0.308616 -0.340132 1.041280 0.272049 0.387441
10 -0.630821 -0.158665 -0.265693 -0.199741 0.517816 0.200051 0.232126 -0.065827 0.086943 1.488935 -1.368477 0.206880 -0.242060 0.198531
10 0.856655 0.480371 -0.318492 0.022777 -0.186672 -0.529376 0.006216 -0.565463 -0.255538 0.934727 -0.441594 0.295228 -0.280676 -0.018162
2 -1.367116 2.526999 0.081435 0.219773 0.177001 -0.613297 -0.771810 -0.521047 0.101756 0.646115 -1.219918 -0.290627 0.998136 0.032602
13 0.578336 -0.094143 -0.315500 0.683580 -0.175111 -0.457366 -0.629633 -0.503501 0.238464 -0.314833 0.097337 0.214063 1.058085 -0.379778
12 0.064184 -0.380761 -0.546626 -0.170441 -0.570089 0.238501 -0.698553 -0.017201 0.258131 -0.499709 -0.070567 1.710901 0.918954 -0.236723
4 0.891591 -0.682735 0.034882 1.319629 0.506938 0.048917 -0.647693 0.159489 -0.272050 -0.253433 -0.135235 -0.381398 -0.327931 -0.260970
1 1.188045 -0.120809 -0.533404 -0.001702 -0.142313 -0.104657 -0.523096 0.900450 0.107871 0.459383 -0.504464 -0.385843 0.130081 -0.469541
12 0.545990 0.279491 -0.705340 1.116001 -0.225369 -0.326166 -0.412374 -0.349687 0.266082 -0.397243 -0.209253 1.137225 -0.395372 -0.323986
4 -0.347957 0.036185 -0.265288 0.669572 0.136216 0.362145 -0.519878 -0.308398 -0.135237 0.336922 -0.069190 -0.223611 -0.207772 0.536291
13 -0.452767 -0.434351 0.624043 0.258797 0.095758 0.183057 -0.405433 -0.494590 -0.305210 -0.388474 0.075206 -0.626463 1.183133 0.687295
12 -0.085548 0.453638 -0.156971 0.483831 0.553975 -0.360560 -0.825839 -0.500511 0.203895 -0.028071 -0.242766 0.625715 0.183696 -0.304483
2 -0.007772 1.827935 0.099505 0.044426 -0.614370 0.338614 0.413970 -0.572213 0.095242 -0.346986 -0.993363 -0.473107 -0.030926 0.219044
2 -0.392944 2.280030 -0.342313 -0.314557 -0.933930 0.771890 0.893741 -0.669387 0.186772 -0.683863 -1.178964 0.265094 -0.178540 0.296971
3 -0.364986 0.552153 0.975509 0.124104 -0.553717 0.635417 -0.083841 -0.355966 -0.396870 0.258137 -0.296083 -0.481797 0.385926 -0.397985
11 -0.097326 -1.133977 -0.675882 0.924812 -1.067023 -0.994446 -2.318602 -0.969769 -0.226258 0.391363 7.760971 -0.483694 -0.594833 -0.515337
13 0.153229 0.372821 -0.057186 0.714092 -0.172885 -0.469448 -0.370046 -0.343364 -0.347280 0.323783 -0.131616 -0.368569 0.767706 -0.071237
14 0.100012 0.280332 0.301712 0.461553 -0.519272 -0.750043 -0.088796 -0.133701 0.189353 -0.432983 -0.072840 0.308213 -0.189022 0.545482
13 -0.147790 0.064780 -0.126800 0.598746 -0.024464 0.237632 -0.796193 -0.533919 -0.176918 0.191433 -0.364445 -0.328442 0.815053 0.591327
13 -0.414296 0.735679 0.142353 -0.009652 -0.565808 -0.841180 -0.080611 -0.216382 -0.320309 0.149161 -0.168216 -0.483376 1.346864 0.725774
14 -0.015711 0.310993 0.143338 0.182651 0.166180 -0.662636 -0.244533 -0.427033 0.029584 0.581439 -0.536258 -0.239840 0.034550 0.677276
4 0.040470 -0.302205 0.073149 1.463687 -0.541702 -0.592545 -0.987960 0.089801 0.336655 0.455289 -0.445532 -0.355036 0.017347 0.748584
10 -0.496638 -0.047588 -0.630235 0.584107 0.208730 -0.229396 -0.829502 -0.031472 -0.889609 1.075940 -0.212944 0.716466 0.351014 0.431128
4 -0.068441 -0.186737 -0.519152 1.030074 -0.218060 -0.022283 0.357536 0.719185 -0.587248 -0.066124 -0.311128 0.210358 -0.839460 0.501479
9 0.332803 0.295778 -0.244263 0.218556 -0.376871 -0.260314 -1.030054 0.106208 0.703367 -0.248798 -0.202314 0.173579 0.326248 0.206075
14 -0.451639 0.324080 -0.405837 -0.055805 -0.178947 -0.029676 -0.962489 -0.044492 0.287284 0.713883 -0.518690 0.305578 -0.099503 1.116255
12 0.185430 -0.287712 -0.060288 0.803464 0.119553 -0.304299 -0.463508 -0.461032 -0.359551 -0.173914 -0.441364 1.057810 0.772191 -0.386779
4 -0.000000 -0.026700 -0.057186 0.396585 -0.114260 -0.129894 -0.381924 0.100989 0.000000 0.148176 -0.224767 -0.113731 0.037552 0.365158
2 -0.569805 3.023877 -0.700375 0.472926 -0.300023 -0.839944 -0.134619 -0.907147 0.822678 0.140522 -1.247120 0.290034 -0.019845 -0.031160
4 -0.276159 0.804390 -0.561647 1.131527 -0.303103 -1.180095 -0.630793 0.608412 -0.170514 -0.373061 -0.388298 0.619047 0.188732 0.531562
4 0.222996 -0.094219 -0.002273 1.161962 -0.070488 -0.341824 -0.457753 -0.312641 -0.104468 -0.097338 -0.058965 0.575188 -0.150298 -0.269878
4 -0.116116 1.248729 0.072430 1.635479 -0.798057 -0.937994 -0.829797 -0.904292 0.079906 0.387565 -0.331000 -0.358719 0.739957 0.111907
6 0.484885 -0.056519 -0.296426 0.984881 -0.465230 2.003040 -1.089321 -0.162601 0.756781 -0.466106 -0.407324 -0.727157 -0.512876 -0.046027
10 1.427841 -1.001946 -0.278722 -0.317344 -0.089043 -0.148633 -0.015529 -0.325373 -0.090976 2.224158 -1.306122 0.892088 -0.677758 -0.292640
13 0.798144 0.119660 -0.127290 -0.213381 -0.139001 -1.130327 -0.265191 0.023027 -0.126663 0.394823 -0.014658 -0.086662 1.132794 -0.365276
5 -0.923668 -0.203154 -0.004729 0.343896 2.096346 -0.092655 -0.128044 -0.015437 -0.328834 -0.215636 -0.222063 -0.393500 0.184036 -0.096557
13 0.209421 0.512112 -0.382442 0.169741 -0.415174 0.084821 -0.620631 -0.613662 0.040912 0.528238 -0.673296 0.164196 1.037524 -0.041759
4 -0.511177 0.249459 -0.332360 1.074169 0.433299 -0.305975 -0.536353 -0.418898 -0.184018 -0.388867 -0.116381 0.968219 0.119515 -0.050631
2 0.217697 1.042398 -0.396979 0.464994 0.028311 -0.413809 -0.406367 -0.431335 -0.119484 -0.059816 0.134349 -0.267338 0.238677 -0.031299
2 -0.712644 1.268195 -0.578150 0.922965 0.226427 -0.267971 -1.084124 -0.648668 0.138864 -0.252149 -0.470291 0.822070 0.715569 -0.080094
13 0.168420 -0.093941 -0.602420 0.672486 -0.589019 0.017356 -0.317685 -0.582058 0.621098 -0.144869 -0.454122 0.567775 0.791157 -0.054177
1 0.399521 -0.112355 0.399521 -0.402528 -0.220782 -0.114764 0.338025 0.399521 -0.070244 -0.083278 -0.117205 -0.081962 -0.299558 -0.033912
4 -0.313654 0.291599 0.237579 0.729045 0.318577 0.111624 -0.363628 -0.222245 0.000000 0.267545 -0.186076 -0.444131 -0.290275 -0.135959
4 0.129919 -0.162124 0.519757 0.967128 -0.491496 -0.340335 -0.579647 -0.574378 -0.352870 -0.109516 -0.001771 0.446086 0.809972 -0.260727
5 -0.583580 -0.085072 -0.291876 -0.425667 0.835321 0.026671 0.463924 0.402682 0.062771 -0.247298 -0.401696 0.089883 0.459873 -0.305936
1 0.602512 -0.161985 -0.177546 -0.009997 0.089392 0.589492 -0.367597 0.321610 -0.453591 -0.152220 0.108130 -0.234396 -0.325216 0.171413
6 -0.246385 -0.396767 0.257042 0.482724 -0.376828 1.432788 -1.061617 -0.291419 0.484060 -0.393023 -0.030186 -0.318453 0.562063 -0.103999
4 0.332158 -0.006982 -0.453178 0.399521 0.334141 0.207210 -0.406614 -0.122363 -0.167651 0.346687 -0.043989 -0.103690 -0.155654 -0.159598
13 -0.556339 0.214295 -0.194012 0.125742 -0.443695 0.238985 -1.096551 -0.602776 0.459059 0.058283 0.133537 0.010539 1.048685 0.604250
10 -0.088447 -0.042070 0.728263 0.311355 -0.263002 -0.338624 -0.991640 -0.408112 0.235859 1.675692 -0.812170 -0.091381 -0.197788 0.282065
3 -0.491908 -0.261302 2.588551 1.362630 -0.338617 -1.288672 -0.772936 -0.566722 -0.080384 0.391033 -0.625528 0.543586 -0.554667 0.094935
13 -0.834751 -0.469937 0.463964 0.539405 -0.781016 -0.426870 -2.091194 0.149415 -0.466907 -0.394708 1.592476 0.526863 1.815231 0.378029
13 -0.064887 -0.534689 -0.245360 0.316726 0.110800 0.206469 -0.152898 0.220206 0.298940 -0.311291 -0.292132 -0.243368 0.558529 0.132954
4 0.726185 -0.322709 -0.285542 0.896870 -0.344582 0.001100 0.261063 0.307264 0.020946 0.049911 -1.027652 -0.408112 0.610985 -0.485725
4 -0.074640 -0.271597 -1.119050 2.624737 -0.692577 -0.131407 -0.141916 -0.489491 -0.198883 0.159405 -0.447735 -0.015159 0.633057 0.165257
14 0.072793 -0.375330 -0.208361 -0.027839 -0.373502 0.527106 0.217149 -0.109651 -0.480659 0.247843 -0.217079 -0.243559 0.425819 0.545268
12 0.247767 0.286295 -0.136630 0.179018 -0.325936 -0.252238 -0.665929 -0.186620 0.272780 0.214817 -0.383544 0.612409 -0.103605 0.241417
1 1.161828 0.000000 -0.091654 -0.008107 0.371919 -0.387961 -0.263009 0.000000 -0.358974 -0.065286 -0.193845 0.072052 -0.190760 -0.046203
5 0.203294 -0.329512 -0.187761 0.212164 1.279605 0.425251 -0.298341 -0.217562 0.134838 -0.310691 -0.458849 -0.023649 0.016126 -0.444912
8 0.425660 -0.042674 0.008454 0.499445 -0.350312 -0.096660 -0.890540 0.664312 0.187567 0.288295 -0.089993 -0.003840 0.203718 -0.803435
10 0.158615 0.009683 -0.242151 -0.033416 0.291866 -0.734171 -0.630583 -0.207937 0.145748 1.308089 0.237767 -0.429739 -0.240932 0.367161
2 -0.201960 0.633548 0.248039 0.201763 -0.801156 -0.568967 -0.205040 0.353750 -0.173324 0.615128 -0.072137 0.291165 -0.098003 -0.222806
10 -0.114431 0.000000 0.000000 -0.041017 -0.042915 -0.038653 0.325334 -0.065173 -0.005067 0.399521 -0.014548 -0.057784 -0.310904 -0.034363
12 0.245194 -0.064064 -0.329748 0.164106 -0.216333 -0.166048 0.172105 -0.422897 -0.411123 -0.092587 -0.270085 0.669507 0.478363 0.243610
13 0.352065 0.081057 0.421978 0.479752 0.133348 0.028060 -1.016910 -0.251175 0.442957 0.030752 -0.178912 -0.383599 0.685908 -0.825280
8 -0.086313 0.294958 -0.099870 -0.115972 -0.143687 -0.087894 -0.070179 0.392928 -0.525072 0.391137 -0.085437 0.383082 -0.053819 -0.193862
14 -0.593788 0.589685 -0.333006 0.613797 0.038834 -0.397213 0.238443 -0.537953 -0.241878 0.351863 0.019174 -0.535487 -0.142537 0.930065
1 1.397438 -0.486448 -0.247837 -0.363517 -0.218637 0.153547 -0.354223 -0.314564 0.373397 -0.215918 0.570489 -0.333255 0.120251 -0.080724
13 -0.283338 0.038782 -0.189493 0.384752 -0.399767 -0.154518 -0.807451 -0.079611 -0.076172 0.727474 -0.287066 -0.652646 1.024114 0.754941
6 -0.843147 -1.134342 -0.567067 -0.178067 -1.384115 14.608708 -1.014935 -1.537673 -0.849017 -1.401769 -1.467493 -1.669746 -0.719746 -1.841591
14 -0.367382 -0.417423 0.788517 0.498361 -0.161924 -1.148007 -0.762608 0.192314 -0.021629 0.783542 -0.813266 0.329608 -0.489424 1.589321
4 -0.438995 -0.519003 0.255580 2.156128 1.427897 0.209334 -0.446783 -0.260865 -0.650109 -0.726477 -0.748942 0.173936 0.040767 -0.472470
10 0.051112 0.764828 0.184538 -0.183103 -0.320840 -0.472028 -0.606915 -0.287321 0.278605 1.502544 -0.235614 -0.479684 0.040360 -0.236482
11 -0.245771 0.260195 -0.384206 0.276562 -0.197525 -0.544869 -1.445957 -0.243265 0.745494 0.153811 1.554719 0.339844 -0.606895 0.337863
