7 -1.569584 -5.678670 -3.009883 -4.941156 -2.996308 -1.272872 40.609131 -4.436383 -2.442332 -2.907555 0.571173 -3.441201 -3.978395 -4.505962
8 0.386243 -0.044564 -2.228768 -0.371075 1.071352 -1.762537 -0.527670 2.712431 1.904266 -0.524421 -2.752385 0.198116 0.348407 1.590607
9 1.106846 -2.535700 0.332248 -3.165562 -0.136160 -2.005125 -0.680649 -0.982897 6.442219 0.718335 -0.490462 -1.612271 2.394431 0.614749
1 20.593524 -2.060180 -2.962463 -0.288347 -3.053765 -0.862117 -2.602968 -1.977775 1.384043 -2.744597 -2.713273 -1.645335 0.621836 -1.688582
6 0.775962 0.808998 -1.220064 -0.097264 0.337420 1.959294 -0.024666 0.139812 -1.286873 -0.692021 0.079447 -0.597014 -1.117704 0.934675
1 5.998333 -1.031401 -0.484737 -0.367052 -0.217631 -0.197273 -1.150585 0.068071 -0.125836 -0.639568 -0.135158 -0.426986 -0.900864 -0.389312
6 -0.657954 -0.302891 -0.156192 -0.054665 -0.315337 2.202903 -1.705723 0.224808 -0.862168 0.044291 -0.628099 1.383482 0.840399 -0.012853
5 -3.014503 0.313400 1.150783 0.604756 2.064712 0.425315 0.510681 -0.572302 -2.179482 0.783164 1.234396 0.697278 -2.071506 0.053312
5 -1.264898 -1.942758 -1.609234 -6.341446 14.814512 4.498279 -0.562276 -0.865209 -0.321988 -2.532483 -0.469236 0.705044 -2.345087 -1.763210
5 1.834141 1.029611 0.229140 -4.318263 2.771216 0.078507 -1.293424 0.364199 -0.903644 -0.770297 -0.418718 0.193233 -0.694499 1.898802
2 0.685218 3.264536 -0.333260 0.233742 -1.057191 -0.325289 -1.826854 -0.989102 -1.891914 1.889877 0.122860 -0.062537 -0.568325 0.858240
3 -1.476765 -1.283934 3.066681 0.658551 1.188040 0.155672 -0.507293 0.856290 -0.887771 -0.724358 -0.510974 0.307022 -0.818140 -0.023020
3 1.154392 0.298464 4.541599 -4.761386 -0.883456 0.581194 -0.623724 0.351268 0.580343 1.243014 0.209007 -2.565274 -0.529767 0.404331
11 -3.114633 -0.046258 -1.824915 1.605615 1.586625 -0.166393 1.082668 1.386253 -3.238661 -0.003820 1.765279 1.523229 -1.383022 0.828033
1 42.144717 -0.881329 -2.959303 -12.396250 -2.356575 -2.010675 -2.897738 -2.426737 -2.453132 -2.573346 -2.593690 -3.979537 -2.460833 -2.155564
11 -3.271984 -5.405805 -0.202357 0.601603 -1.740725 0.487427 -3.505560 -1.190024 0.814509 -3.087525 18.372384 -1.518918 -0.536811 0.183790
4 -0.855521 -2.628340 -1.166829 6.886543 -0.862931 -0.667189 0.154998 0.157422 1.878790 -2.203177 -1.121614 0.626057 -0.023869 -0.174337
12 -2.727171 -2.240479 0.979437 -0.553396 1.390629 -1.592782 -0.942805 -0.894581 2.358380 -1.840836 1.017568 7.978777 -1.880259 -1.052481
4 -0.915609 -0.513089 0.995562 3.509462 -1.573383 0.232311 -3.466172 0.680238 0.216507 -0.301085 0.363703 1.402751 -0.901362 0.270168
11 -1.866225 -1.005710 -0.515182 -7.271456 -0.882008 -0.495928 0.834081 -1.094711 -0.163505 -2.176895 16.960675 -1.110909 -0.610237 -0.601987
3 -0.033692 -1.863809 7.232644 -3.162231 -0.042668 0.867622 1.099932 0.947024 0.119701 -2.185416 0.125784 -0.717079 -0.775557 -1.612254
12 0.456480 -1.640997 0.888996 -0.605074 -0.021522 0.319074 -1.132596 -0.496849 -0.348478 0.010304 -1.088730 2.883946 0.510868 0.264580
10 -1.499393 0.301379 0.489347 1.329041 0.844790 -0.584999 -0.313420 -1.759750 -2.928905 2.530666 0.637530 1.983273 -1.823457 0.793900
6 -0.066232 0.354578 -0.857425 -0.508580 0.009981 3.005172 -2.767104 0.086023 1.672675 -2.007125 0.351137 -1.379100 1.775470 0.330533
2 -0.201978 9.100424 -1.205255 -0.643261 0.313446 0.248998 -2.067313 1.085158 -0.703040 -1.798443 -2.020301 -0.676740 0.530004 -1.961698
14 -1.926974 1.021407 -1.126943 -0.759263 0.652363 -0.084041 0.454290 2.080414 -2.435351 -0.222911 0.768448 -0.088782 -0.865667 2.533012
14 -0.754509 -1.524842 -0.875555 -1.313318 -0.414044 1.085815 1.099393 -0.314591 -0.079396 -0.969804 1.211155 -0.228939 0.689301 2.389335
2 1.433697 2.323703 -1.768123 -2.378536 1.342932 0.907669 -1.026718 0.007334 0.102170 1.460022 -0.419892 -0.186364 -0.828372 -0.969519
1 35.422066 -2.269221 -3.724850 -4.014778 -2.359547 -0.284651 -3.724005 -2.365483 -3.840718 -1.877468 -1.512308 -3.729264 -3.164243 -2.555527
10 1.260330 -0.635665 -0.879779 -0.654820 0.250868 -0.142133 -2.314645 0.769824 -0.901937 2.434111 -1.013760 0.339538 -0.275218 1.763285
5 -1.525378 0.155764 -0.106381 -1.896676 3.500446 -0.299297 -0.180576 0.290079 -0.377596 -0.917284 0.848104 -0.325831 0.198580 0.636047
9 -0.019164 0.568445 -0.608006 -0.243096 0.105953 -1.316303 -0.907097 0.432519 0.903167 0.108246 0.429468 0.718170 0.098391 -0.270691
6 0.734949 -3.585986 -0.107213 -4.159423 -0.034364 5.919102 1.408806 -0.940828 -0.253401 0.535806 -1.435205 -0.660429 1.315573 1.262617
2 -0.838345 1.645961 -0.142361 -1.902838 0.710512 -0.334126 0.220918 0.288491 -2.087960 -1.082438 1.112656 1.033323 -0.066842 1.443053
7 -3.735070 1.069825 -0.482114 -0.636745 0.479672 -0.670589 3.371628 1.133043 -4.662963 0.972822 1.802393 1.539432 -1.680147 1.498817
14 -2.268737 -3.522601 0.008619 2.322247 -0.137424 -1.548712 0.920353 1.565536 -3.171708 2.918315 -0.583673 1.595442 -2.238415 4.140761
13 0.931430 -0.888994 -0.570714 1.333549 -1.614396 -0.177524 0.186485 -0.565211 0.881192 0.214868 -0.422624 -0.300759 1.850681 -0.857981
11 -3.444006 6.744699 -0.900644 -5.977228 -1.183735 -0.857450 4.044716 -0.893433 -0.953582 -2.049898 7.029019 -1.241323 -2.047435 1.730307
2 -5.874228 14.963413 -0.113276 -0.264340 -0.187736 -0.238242 -0.787655 -0.953753 -2.425667 -0.842651 -1.319299 -0.464145 -0.674662 -0.817756
1 3.826633 -0.007601 -0.925157 3.107407 1.023634 -2.283539 -4.192382 -0.296426 -3.015653 -0.655525 -1.410445 0.912547 0.162900 3.753610
7 -1.666994 -2.647737 -1.499173 -2.221804 0.099015 1.769839 4.054808 0.893806 -0.861772 -0.599925 1.145504 0.254028 -0.379286 1.659693
11 -0.303492 0.803046 1.044546 -0.590963 0.136996 -0.239172 1.084267 0.004636 -3.231461 0.935662 3.214706 -1.129493 -0.735890 -0.993388
13 -1.103479 -3.407746 -0.292830 0.791923 1.018133 0.147553 -1.490712 1.254472 0.257984 -0.312373 -0.641767 -0.108062 3.131923 0.754984
3 -1.761130 -1.773895 22.799090 -2.554825 -1.570837 -1.225789 -1.382957 -1.378177 -1.410284 -1.404171 -1.679826 -2.713008 -2.024659 -1.919530
6 -5.222976 -3.435932 0.198907 0.839585 -0.949711 9.653589 -1.563087 0.142450 -0.843835 -0.176188 -0.165366 1.056895 -0.333897 0.799566
10 1.226004 0.783372 0.171425 -6.226417 0.751499 0.796368 -1.271732 0.721257 0.439022 2.272339 0.657740 0.881959 -0.678563 -0.524271
10 -1.351884 -1.480671 0.668385 -1.666732 1.277819 1.152243 -3.099326 -0.908584 1.793712 3.611073 -0.181745 2.076094 -3.651407 1.761024
6 -2.180432 -1.425153 0.821406 1.132131 -0.050700 1.286698 -0.268042 -1.271991 -1.827659 1.123045 0.412573 0.388520 0.989862 0.869746
11 -1.140822 0.592918 -0.062463 0.406535 -0.448962 0.185322 -1.203410 -0.498876 -0.692443 -0.387423 4.441496 -0.247525 -0.989859 0.045512
13 2.839939 -1.543482 -0.128950 -0.046911 -0.403499 -1.732306 -1.890606 -0.373307 1.763677 -0.922726 -0.618906 1.034958 3.622770 -1.600649
14 0.153248 -1.205338 0.084057 -1.978950 0.958680 -0.456490 -0.394309 -1.396981 -0.478836 -0.516849 -0.307378 -0.026949 0.006775 5.559320
1 2.100636 -1.312639 0.443470 0.512707 0.250235 -0.310597 -2.590775 -1.107566 -0.681491 0.428684 -1.054889 0.668733 1.507555 1.145936
14 -0.359062 -2.434090 -0.373729 -1.093798 -0.856301 0.614425 -0.249391 -0.990860 0.052316 -0.202638 -0.647683 -0.877050 -0.977817 8.395678
11 -2.080122 -1.265737 -1.770479 -5.258369 -1.380975 -2.200868 -6.923421 -3.422651 -0.739308 -2.324685 32.335548 -0.633753 -1.749529 -2.585647
7 1.576973 0.132249 -0.923497 -2.739835 0.029820 0.616116 3.025632 -2.278547 0.525163 -0.203858 -0.362099 -0.322118 -0.167974 1.091977
6 1.131959 0.371412 -0.602687 -5.865765 -0.385959 5.807267 2.081374 0.100469 -0.104397 -1.038896 0.738784 -1.301076 -0.834498 -0.097981
4 -3.439220 -5.486399 -2.163035 45.342699 -4.326056 -2.829794 -2.697799 -3.284433 -2.928254 -3.533679 -3.059023 -3.450056 -4.459113 -3.685835
4 -3.285730 -3.756514 -3.162990 43.702500 -4.355510 -3.776257 -1.944169 -4.192882 -3.084549 -3.004228 -3.528569 -3.295140 -3.359363 -2.956595
4 -0.467054 -1.339099 -1.763334 26.740322 -2.904712 -3.014479 -2.528997 0.595901 -3.132492 -1.675015 -1.871910 -2.940262 -4.083862 -1.615007
7 -7.174404 1.292654 -2.647163 -5.452223 -3.764490 -3.973913 43.661247 -4.649992 -4.413490 -3.291549 -2.111302 -2.986582 -3.137461 -1.351330
7 -2.764540 -2.720335 -3.900182 -12.237435 -3.660629 -2.883339 51.844081 -3.596097 -3.850870 -3.828193 -2.036560 -4.354730 -3.079572 -2.931592
7 0.911617 -0.725880 -0.053795 -3.926142 -0.110462 0.503707 3.328227 -0.823067 -1.248118 -0.154815 0.972196 0.642107 -0.021062 0.705490
7 -5.905695 -3.764173 -3.991942 -11.090080 -4.035109 -4.819519 58.926616 -3.766915 -4.289187 -4.419550 -0.387553 -5.410924 -3.331358 -3.714606
7 -0.904223 -2.859572 -3.840949 -11.345396 -3.532066 -2.931940 46.476571 -3.571748 -2.228566 -3.462544 -2.348136 -4.908143 -2.416306 -2.126975
2 -18.338392 9.334721 -0.257725 -11.118199 3.445692 8.765063 7.858809 1.219418 -5.220477 -3.708148 7.147873 -3.056112 0.752648 3.174833
7 0.996665 -0.534470 0.720199 -4.406510 -0.180269 0.589596 2.924593 -0.190273 0.226616 0.329871 1.739120 -1.040549 -0.716472 -0.458109
3 -1.387699 0.206866 3.896949 -1.096102 0.541272 1.879346 -2.051313 -1.436465 -1.883644 2.871244 -0.019651 0.672028 -2.712313 0.519483
8 -0.285717 -1.070917 0.622666 -3.830683 1.739617 0.611988 -1.120407 1.961132 -1.241280 -0.546975 1.156629 0.121879 1.313508 0.568561
8 -1.733732 1.579327 -1.175940 2.133484 2.943900 -0.825212 -4.484580 4.239688 0.280732 -1.527294 -0.310422 -1.051341 -0.157021 0.088411
1 3.477464 -5.355632 -0.628464 2.786512 0.507717 1.048262 -4.150526 0.531651 1.586444 0.523300 -2.753422 0.300483 0.619137 1.507074
4 -4.391781 -3.071082 -4.216232 49.003406 -4.179301 -4.254037 -2.889520 -2.280842 -3.963630 -3.611263 -4.547624 -4.560944 -2.905657 -4.131489
4 -7.105545 -3.397069 -2.073057 43.254495 -2.351457 -4.774847 -2.149364 -1.756344 -6.011661 -1.066736 -2.843274 -3.355443 -3.635524 -2.734169
4 -4.124117 -4.703298 -1.906847 43.680797 -4.287751 -2.881154 -3.804766 -4.736127 -1.772795 -3.700104 -3.587960 -2.841940 -3.165197 -2.168738
11 0.117342 -4.530256 -1.831291 -3.465073 -0.905030 -0.327693 -2.889181 -0.613955 -0.413339 -2.802745 18.034930 -0.601147 1.048822 -0.821380
7 1.210976 -0.157333 -0.497710 -7.969743 0.511516 0.930269 5.763926 -0.193748 -0.302345 -0.862708 2.304977 -1.623542 0.275248 0.610221
9 -0.183271 0.757032 -0.981229 0.449587 -0.100689 -0.375970 -1.754537 -0.033204 1.642067 -0.962587 0.120465 -0.507184 1.601280 0.328240
4 -5.390153 -2.304691 -2.345634 45.530439 -4.646196 -2.963430 -5.565683 -1.860755 -4.277246 -3.899339 -1.679095 -4.564168 -2.616810 -3.417235
5 -1.882810 -1.403081 -0.565284 -4.079570 17.883453 -1.163317 -0.951864 -1.081509 -1.865765 -1.205196 -0.191291 -0.658311 -2.202832 -0.632617
4 -1.422983 -1.755536 -1.508077 3.105588 1.596191 -0.595023 0.615067 -0.402468 1.224063 -1.340542 -1.346569 -1.120328 2.934420 0.016200
13 1.303148 -1.849906 -0.286484 -0.422277 0.747344 -0.669739 -1.044111 0.189462 0.916672 -0.261584 -0.463538 0.417582 1.702952 -0.279521
11 -3.191800 -3.202485 -0.946706 -3.826838 -1.360402 0.132470 -0.429030 -1.190636 -1.681488 -2.054108 21.978335 -0.509212 -1.658158 -2.059939
11 -1.530053 -2.587558 -1.271134 -9.254393 -2.408426 -1.731721 -3.696352 -1.598231 -2.787889 -4.218270 41.914864 -3.932627 -2.114665 -4.783536
11 -0.816742 -1.912123 -3.049672 2.485677 -0.630391 1.040079 -1.620199 0.634481 -4.160981 -0.091675 9.218341 -1.417799 -0.284905 0.605911
10 0.053401 -0.183287 2.097252 -0.905399 2.654950 0.999340 -3.258832 -1.422756 -0.592682 3.803314 -1.248235 -0.649507 -1.075063 -0.272492
1 29.675014 -0.634750 -2.545414 -2.651788 -3.047879 -3.828296 -2.804885 -2.135267 -3.206855 -2.543701 -2.387388 -2.485033 -0.126944 -1.276813
13 -2.135138 -3.293166 0.667938 3.166360 -1.215263 -2.598347 -1.379192 -0.914702 -1.315534 -1.650424 0.411491 0.013050 8.885035 1.357892
3 -1.221052 -1.587795 2.315343 1.105583 -0.542002 0.420982 -3.033893 -0.328221 0.480965 1.028904 -1.489645 1.262653 -0.253182 1.841360
4 -1.655795 -6.603049 -4.593713 46.785670 -0.896441 -6.793215 -6.179712 -2.139109 -1.964401 -2.501988 -4.609375 -3.037382 -3.597010 -2.214478
4 -2.287131 0.213366 -3.166983 44.453282 -3.238538 -3.594332 -4.361076 -3.560816 -6.469420 -4.371559 -2.625182 -3.190533 -4.217546 -3.583530
14 -2.822860 2.464150 1.140872 -1.315636 1.069243 0.016573 -0.533223 0.376597 -2.233593 0.373522 0.464704 -0.519678 -1.250355 2.769686
12 -2.683519 -1.253970 0.989619 -0.690653 0.351666 -0.003946 -0.363117 -0.010702 -0.030379 0.685166 0.863046 1.690906 -1.140391 1.596276
9 0.012454 0.106017 -0.027917 0.067759 0.117458 -0.089681 -0.247741 0.042782 0.148507 -0.180609 -0.011215 0.024823 0.074001 -0.036639
2 -4.300883 19.441309 -0.791492 -0.759735 -0.624492 -0.908236 -2.451697 -0.926412 -1.849149 -1.147823 -2.164507 -0.979998 -1.623611 -0.913272
10 -1.891008 -1.864954 1.641953 -1.139296 0.283833 -0.397664 -0.508961 -0.531016 -1.805952 2.897587 0.252211 0.439008 1.188239 1.436025
1 30.170525 -3.515739 -1.594829 -0.790877 -3.513059 -3.348325 -0.199971 -3.709527 -0.660744 -4.032517 -2.391923 -3.325050 -1.925317 -1.162646
7 -4.363472 -3.884153 -3.803613 -8.397497 -4.440007 -4.566381 57.729165 -4.244238 -4.600720 -3.685091 -1.640249 -4.701208 -4.348739 -5.053792
6 -2.284340 -2.658474 -2.463209 -5.620061 -2.631501 31.497075 -1.019271 -2.419417 -2.027777 -2.291938 -1.633943 -2.613508 -0.978856 -2.854777
1 1.313959 -2.901548 -0.209359 -0.002926 -0.125404 0.775403 0.020005 0.462014 0.148521 -0.752682 0.329191 0.222765 -0.445292 1.165354
13 -2.307568 -0.029786 1.152630 -3.176971 1.445042 1.636352 -3.778862 -1.022049 -1.250072 1.687597 -0.339088 -0.428939 5.332273 1.079442
1 3.356485 0.065514 -1.410869 -5.319695 -0.108349 1.022405 2.384890 -0.796136 0.678381 0.156943 -0.599046 -1.073006 0.117993 1.524496
4 -1.564172 0.055407 0.944025 2.490970 0.056129 -1.200537 -1.633374 -0.263545 -0.383343 0.369484 -0.610105 0.818868 -0.341355 1.261550
14 0.472612 -0.686889 -0.437611 -2.417815 1.144792 -1.036154 -4.625569 0.506217 1.713197 2.076365 -0.851430 0.008760 -0.032985 4.166511
1 1.818198 -0.369918 -4.160766 0.299486 1.149187 1.308536 -0.402609 0.006787 -1.984811 -0.194436 0.254649 0.726607 0.842771 0.706323
6 2.223760 -1.751990 -0.181670 -7.950218 2.553866 2.807459 1.653084 1.640417 0.105996 -0.378937 0.624518 -1.111917 0.331506 -0.565868
7 -6.199575 -1.299832 -1.868851 -4.520425 -3.333222 -4.121864 41.563060 -1.578954 -5.582627 -2.798322 -2.491210 -2.613339 -2.946856 -2.207979
8 0.248183 -0.855135 0.041758 -0.209228 0.234342 -0.011759 -0.327162 0.827332 0.244493 -0.386338 0.098410 0.141276 -0.227525 0.181352
11 0.147194 -1.646154 -3.793525 -5.607324 0.775168 3.517461 0.595892 1.822588 -1.178809 -0.994009 6.998154 -1.017254 -0.198330 0.578953
10 -0.094641 -0.268216 0.381799 -1.954922 -0.185933 -1.312758 -0.525202 -0.194125 -0.567585 5.277116 0.311348 0.138191 -1.260763 0.255692
7 -2.785804 1.773593 -0.311142 -3.859874 -0.001943 0.195741 2.881155 -0.111969 0.432204 -0.842217 1.388927 0.486458 -1.544866 2.299739
13 -0.084518 -1.831660 2.074602 -0.879209 0.051548 -0.518014 -1.823478 0.338083 -0.462715 -0.451634 -0.493427 -0.300346 4.499796 -0.119029
1 13.064541 8.453641 -3.007511 -7.142088 -1.708193 -0.459320 -0.331747 -1.419901 -1.004405 -2.934423 2.221402 -2.056864 -2.181905 -1.493221
7 0.465438 -0.799891 -0.305163 -3.428707 0.044999 1.456889 1.787249 0.521729 0.186581 -0.655771 0.778081 -0.295612 0.261101 -0.016921
2 0.040597 10.237730 -2.944499 -0.304396 -0.494394 -0.555149 3.955233 -1.991126 -0.383813 -2.238377 -1.516626 -2.320022 -0.415839 -1.069317
4 -0.768124 -0.412941 0.345253 1.027827 0.193252 -0.222294 -0.429401 0.092759 -0.763725 -0.043090 0.634407 0.385629 -0.812806 0.773255
4 -2.292536 -4.986351 -4.178189 43.453501 -1.488791 1.730780 -7.579674 -3.505525 -1.967892 -3.025755 -5.404109 -2.881439 -4.205728 -3.668290
1 64.678466 -4.435750 -4.956660 -7.906493 -5.015044 -4.940636 -5.426348 -4.634179 -3.907815 -4.489127 -4.158401 -4.939646 -4.952152 -4.916210
1 62.923572 -2.782084 -4.907264 -8.526975 -4.812168 -4.316112 -5.739208 -3.867768 -4.582419 -3.783792 -3.941841 -5.769338 -5.267304 -4.627292
1 32.080699 -2.299050 -1.751468 -2.162311 -2.958737 -3.332386 -2.125170 -1.789493 -2.316211 -2.420068 -1.933175 -3.463175 -2.753049 -2.776404
10 -0.387987 0.635131 -1.297039 -4.220428 -0.210750 -1.351142 -0.315855 1.850557 -0.147221 3.463679 0.789890 -1.425695 2.534048 0.082813
4 -3.544705 -4.313640 -2.008699 48.173417 -4.734128 -3.007247 -4.672650 -3.718096 -2.509786 -3.776736 -4.835691 -3.427754 -5.013351 -2.610931
7 -1.997799 -3.187534 0.756128 -1.135588 -0.155172 1.293690 2.301372 -1.012336 0.754527 -0.710593 0.557478 0.310458 1.338600 0.886767
2 -6.567383 22.898152 -1.992155 -6.113789 -0.111483 -1.722665 2.135826 -1.945074 -1.350253 -2.567175 -0.285918 -1.786765 1.230122 -1.821436
1 3.786967 -0.438194 -0.295474 0.778184 -0.285685 -0.572015 -0.244003 -0.518938 -0.620423 -0.646208 -0.271217 0.223641 -0.490467 -0.406167
7 6.344931 0.614807 -0.274946 -11.734573 -0.363040 2.397522 6.441959 -0.731256 0.375867 2.546075 0.567546 -2.476920 -1.877647 -1.830319
4 -0.882148 -1.487490 -0.456141 4.319445 0.949899 -0.737351 -6.517758 0.148048 0.123610 -0.734176 -0.601213 -0.616925 3.805828 2.686375
9 0.068192 -0.423050 -0.931655 -2.021389 0.230353 -0.541578 -0.420448 -0.666441 3.153616 -0.789531 -0.500636 1.061158 2.067051 -0.285639
9 0.781037 -1.852477 -0.075748 -4.266552 0.550069 0.872918 -0.474427 0.319629 3.322580 -0.338449 -0.126696 -0.761296 1.498889 0.550526
2 1.239587 6.743354 2.260788 -1.341071 5.384502 0.716462 -2.900849 -0.656718 -4.154857 -0.966656 -2.027333 -1.030052 -0.312301 -2.954855
4 -3.594954 -3.996969 -3.118193 44.652399 -4.076716 -3.263512 -2.894112 -3.048923 -3.900100 -3.450416 -2.459636 -3.724763 -3.665032 -3.459071
4 -3.558296 -2.811938 -2.657215 43.500604 -3.317056 -3.686198 -2.968177 -4.352973 -1.852613 -3.207262 -3.723479 -2.707706 -4.643000 -4.014689
4 -3.773483 -4.999811 -2.408157 49.766856 -4.849353 -3.334492 -4.662524 -4.726176 -4.091630 -3.069011 -3.066038 -3.840465 -4.684991 -2.260724
4 -1.954343 -1.555160 -1.362688 24.876526 -2.033411 -2.230089 -1.663564 -2.348474 -2.459582 -1.750150 -1.246798 -2.050432 -2.401241 -1.820593
4 -2.292075 -1.377969 -0.751039 5.148299 -0.036262 -0.601269 -0.598654 1.655452 1.538527 -0.935069 -0.986269 -0.082098 0.089457 -0.771030
1 29.956856 -2.514928 -3.538129 -3.334755 -1.874298 -1.795134 -3.634124 -3.756063 -2.068611 -0.938780 -2.151267 -1.088642 -1.391918 -1.870205
7 -3.152660 -1.157028 -0.327755 -5.777486 -0.473726 1.153608 5.323200 -0.458585 -1.024788 -0.196838 3.051682 0.164132 0.939935 1.936312
8 0.667016 -3.000012 -0.733298 1.056222 1.128274 -1.319260 -1.380592 1.918750 0.165742 1.027410 -0.799162 -0.545168 0.211003 1.603075
1 31.973317 -2.546246 -2.710039 -2.389560 -2.544427 -3.969710 -3.251860 -2.765480 -1.022500 -2.806350 -2.517138 -2.301093 -0.462258 -2.686654
1 37.567984 -2.809816 -3.420450 -0.320962 -3.842812 -4.632627 -1.707385 -4.862606 -4.240214 -3.067517 -2.829100 -1.940954 -1.281103 -2.612436
3 -0.406071 -2.703583 3.630550 -1.523934 0.527341 -0.233931 -0.565007 0.114092 -0.217579 -0.583935 0.474018 1.145363 0.831505 -0.488827
3 -1.791434 -2.459949 4.578968 0.813131 -0.494439 -0.661955 -0.521352 0.602814 0.590355 -0.821686 -2.553520 0.086387 2.957995 -0.325312
1 21.949036 -3.801004 -1.218468 -1.657507 -2.070287 -1.167927 -2.372233 2.556928 -0.330378 -3.441692 -2.397942 -1.443399 -2.734000 -1.871125
3 -0.857157 -0.524367 21.187359 -4.432960 -1.226950 -0.786058 -1.837207 -0.944701 -0.877131 -1.825203 -0.527114 -2.313830 -2.632645 -2.402032
14 0.973346 -3.257664 -1.111035 -2.541195 1.680211 0.570503 -0.876129 -0.156677 -0.626931 2.032834 0.449816 0.645883 -0.308760 2.525801
14 -1.531696 -2.195418 0.963162 -2.601812 0.787420 -0.448569 -0.729077 -0.848656 -1.557582 2.207459 1.418909 -0.759879 -2.595889 7.891630
8 -1.141355 -0.662698 -1.000683 0.830182 -1.357109 -0.986276 3.398400 6.084278 -0.593282 0.094905 -1.308888 -1.301848 -0.513945 -1.541678
3 -0.278668 -2.520891 5.252013 2.409625 -0.507487 0.127988 -1.458578 -1.160105 0.361815 -2.390920 -0.680428 -0.147539 -0.703472 1.696649
6 -0.069612 -0.399895 -0.889646 -9.842609 -0.505085 9.746161 6.627977 -0.569117 -1.257521 -1.532006 0.541529 -2.217854 1.722343 -1.354659
9 -2.582156 -1.246371 2.388784 -4.010128 -0.091228 1.999837 -0.125509 -2.060600 2.880405 -0.384645 1.159436 0.937046 1.398528 -0.263396
3 -1.555707 -0.840350 19.200954 -4.592896 -2.181051 -0.837054 -1.196136 -1.954846 -0.742031 -1.098141 -0.358893 -0.809208 -2.219878 -0.814759
1 0.842215 -0.229329 -0.462915 -0.344276 0.488177 0.072316 0.223005 -0.302523 -0.307471 -0.939802 0.205981 0.736418 -0.101823 0.120027
11 -2.723745 0.249404 -2.702682 -4.093493 -0.016696 0.221385 4.116695 1.294959 -2.314257 0.234977 4.897800 -0.465024 -0.222397 1.523076
11 -1.503938 -2.036725 0.649277 -0.683633 -1.281792 -0.011656 2.094231 -1.044387 -1.284189 -0.137326 4.601962 -0.883099 -0.559100 2.080379
11 -8.544454 2.273729 -1.959987 -6.714727 -1.385562 -4.071512 1.607254 -1.664414 -4.496649 -2.360711 33.064979 -3.300830 -2.507893 0.060784
11 1.165095 0.423659 -0.905013 -3.468876 0.245241 0.990732 -0.086133 -0.082950 -2.141528 -0.832340 5.013162 -0.525483 -0.021147 0.225586
1 34.557723 -1.776742 -2.491864 -4.335598 -3.062030 -2.153755 -2.347634 -2.278890 -2.732949 -3.414398 -3.354130 -1.564909 -2.243193 -2.801629
5 -2.958504 -0.616350 -0.561144 -0.544169 3.192612 0.849469 -0.304067 -0.194682 -0.733760 0.843208 0.370526 1.576668 -1.445238 0.525432
4 -4.392188 -4.860275 -4.320612 50.513830 -3.313135 -3.029568 -2.352660 -4.394931 -4.675944 -2.484678 -4.166687 -3.469244 -5.296208 -3.757696
7 -9.163830 -0.161942 -3.897998 -8.969373 -1.831813 -3.624509 54.119745 -4.127275 -5.511542 -3.998430 -4.337611 -4.510863 -2.267103 -1.717454
2 -4.549369 3.599109 0.706122 -2.336607 1.891087 -2.057195 -0.222822 1.739477 -1.296833 1.892916 1.640002 0.052047 -1.507181 0.449251
5 -2.061045 -0.179605 -0.477691 -1.051037 7.677063 0.047131 -0.832333 0.310729 -1.632187 0.064010 -0.060548 -1.028272 -1.479656 0.703446
4 -3.968857 -4.532231 -3.585591 45.165518 -4.381023 -2.333235 -3.185775 -2.655403 -3.442821 -3.172605 -3.329890 -3.465241 -3.512307 -3.600537
6 -1.609128 1.404005 -3.377951 -5.757782 -3.664632 38.132667 -5.257782 -2.466506 -1.995589 -2.178392 -4.607824 -2.768233 -2.403765 -3.449084
6 -0.442118 -1.437447 -1.064213 -2.030195 -0.991685 2.504755 0.007352 2.301279 0.316787 -0.508592 0.250111 1.005555 0.273330 -0.184916
6 -1.759415 -3.868256 -3.124626 -6.091930 -1.634029 29.484687 -0.354339 -1.151099 -2.181355 -2.003583 -0.939660 -2.531275 -1.562333 -2.282782
6 -0.607894 -3.588687 -1.042530 -0.853227 -1.269303 5.303614 3.678805 -0.625168 0.545340 -1.300353 -0.236338 0.865944 -1.159090 0.288888
3 0.826277 -0.492790 2.046801 -1.101963 -0.206325 0.180808 0.380076 0.938145 1.077322 -0.186229 0.199426 -1.708458 -0.789075 -1.164015
13 -1.198602 -2.271641 0.504136 -3.168403 0.203004 -0.133923 -0.089163 -1.216122 2.876324 -1.662658 -0.537340 0.210524 5.534228 0.949638
13 2.101849 -0.728268 0.307698 -2.903799 -0.447258 0.382307 0.334644 -0.550288 0.722917 -1.007755 -0.089360 -0.259639 2.241460 -0.104505
6 -0.051556 -1.518673 -0.263074 -5.397038 0.800342 3.397050 1.539602 0.610182 0.978403 -2.194546 0.491566 -1.497262 2.848030 0.256979
9 -1.484577 -1.185032 -0.306349 -3.157143 1.150651 1.197720 1.835895 0.492642 2.152589 -0.212285 0.127423 0.032229 -0.516010 -0.127751
12 0.154730 -0.930705 -0.730470 2.699034 -0.296942 0.630706 -1.953436 0.167595 -0.818108 0.248273 -1.153423 3.635879 -0.708514 -0.944620
4 -5.962807 -3.462336 -2.556187 44.384111 -2.918226 -4.208507 -2.808656 -1.567212 -4.437829 -3.673274 -3.125682 -2.845193 -3.782291 -3.035910
14 1.411012 -0.748984 -0.381529 -3.479771 0.320682 0.697283 -0.311898 -0.022950 -0.735107 0.854132 0.144781 0.007438 0.245428 1.999485
4 -4.301581 -0.619644 -3.430689 37.351461 -3.199526 -4.922992 -4.241923 -3.812757 -2.926918 -2.353523 -2.981541 -2.906827 0.180116 -1.833655
4 -6.408264 -4.040818 -3.760062 53.325179 -3.230454 -3.608360 -3.220063 -3.609396 -6.068230 -3.696818 -3.027439 -4.743665 -4.689316 -3.222291
3 -1.062451 -1.102058 24.339003 -6.171515 -2.261861 1.033969 0.002798 -0.920137 -1.363126 -4.452535 -1.691226 -1.041071 -1.655526 -3.654261
3 1.529965 0.667778 3.385726 -0.114954 -0.663354 -1.530424 -0.734841 -0.289593 -1.476382 1.299360 0.445420 -1.459823 -0.789635 -0.269240
7 1.429961 1.768448 -0.683572 -5.276104 -1.385652 0.511496 2.863908 -0.367241 0.797613 -0.903798 0.267089 0.067148 2.167904 -1.257196
14 -0.286047 -0.178757 -1.440585 1.125394 0.149196 1.145820 0.433026 -1.518672 -1.715841 1.365773 0.098762 -0.711636 0.135985 1.397582
13 -1.100141 -2.308869 0.732682 -0.909161 -0.503954 -0.093544 1.143096 -0.024225 -0.242128 -0.291803 0.749528 0.065232 1.938737 0.844550
14 -2.769142 -0.992786 -0.285320 0.064890 -0.308828 0.378685 -0.662167 0.808715 -1.552160 0.824627 1.505198 -0.235687 -0.243017 3.466995
2 -3.852621 2.016428 0.309536 0.066515 1.508795 -0.116083 0.980236 0.110965 -1.765510 0.091027 0.678466 0.470776 -1.941391 1.442860
13 1.152955 -3.271912 0.578945 0.275894 -0.395913 0.178252 -1.000907 0.655688 0.432987 0.091155 -0.854926 -0.199294 1.226917 1.130161
1 4.739079 -2.729403 -0.608671 -2.962191 1.865813 0.581319 -1.231472 -0.016257 3.089016 -0.623619 -1.793943 -1.077670 -0.089917 0.857919
4 -1.811415 -4.214531 -5.000097 47.748928 -4.305026 -4.362995 -1.783423 -2.664626 -1.989415 -4.681664 -4.588152 -4.049767 -4.066465 -4.231351
4 -2.807924 -4.052430 -2.575720 42.982141 -4.116350 -3.324797 -3.258360 -2.537992 -3.559777 -2.970014 -3.431471 -3.795743 -3.330155 -3.221407
1 4.941377 -0.104091 -1.008471 -0.554898 0.232677 -0.274846 -0.888255 0.118294 -0.810250 -0.845806 -0.582234 0.046407 -0.280991 0.011086
12 1.972364 0.817577 -2.346026 -1.926412 1.093965 1.681017 -2.119149 0.705487 -1.881877 -0.269161 -0.666026 3.235585 0.711411 -1.008753
1 18.707000 -2.222509 -1.113566 -0.822973 -1.867486 -2.624314 -2.023540 -1.362651 -0.886439 -0.935960 -1.667614 -0.953623 -0.913843 -1.312480
5 -0.463406 -0.103486 -0.534113 -3.271242 2.629754 -1.198189 0.606372 -0.510078 1.019479 -0.076238 0.097615 0.236351 -0.285506 1.852687
6 0.990339 0.481008 -0.079498 -0.022150 -0.399559 1.211254 -0.161565 -1.563300 -1.386163 0.806527 -0.326209 0.599481 -0.549822 0.399661
4 -3.407316 -2.646048 -2.031655 32.925093 -2.552374 -4.097918 -2.691959 -3.252699 0.265070 -1.171521 -4.707883 -1.465442 -3.630816 -1.534532
5 -2.172472 0.596901 -1.128937 0.459078 3.253533 -0.482079 0.070968 -0.798608 -1.251001 -1.283436 0.507692 1.441035 1.621504 -0.834176
4 -6.467492 -4.949521 -3.305516 46.249948 -1.712247 -3.423872 -4.046658 -1.602372 -5.274655 -3.827391 -3.235824 -2.055913 -3.464552 -2.883932
14 -0.476081 -1.956522 0.329962 -2.763853 0.035882 0.132898 0.319090 -0.755589 -0.525390 0.068868 0.258306 -0.050266 -0.438997 5.821694
5 -0.539987 -0.561909 0.491897 0.737867 1.105940 0.334893 -0.092406 -0.323592 0.517560 0.191957 -0.656504 -0.184497 -0.668271 -0.352948
9 -0.294247 0.003244 -0.302975 -0.028458 0.198089 0.194280 -0.234238 0.235182 0.323280 -0.046469 0.041364 0.151844 -0.028002 -0.212893
4 -5.580050 -2.314241 -4.254341 43.984675 -4.043041 -2.790945 -0.650663 -2.105947 -4.847057 -3.776454 -3.186837 -1.637168 -4.074031 -4.723896
10 -1.340487 -1.276458 1.222133 -3.563582 -1.781627 -1.663724 -1.174614 -2.396687 0.339305 7.447413 0.740078 2.973871 -0.948853 1.423234
14 -0.166634 0.731980 0.712673 -1.043776 -0.964681 -0.549237 -2.132198 -0.739946 0.440891 0.441196 -0.404044 -0.537527 1.410107 2.801199
6 -1.124579 -1.628605 -2.175878 -3.117900 -2.412221 18.175331 2.476924 -0.639155 -1.829463 -0.426208 -1.291970 -0.664467 -2.205080 -3.136728
4 0.549303 -2.727911 -1.220785 3.363089 0.766775 0.835289 -3.310834 0.685111 1.297314 -0.334688 -1.037438 1.272091 -0.114050 -0.023266
10 -0.252294 0.120469 0.490834 0.568225 0.403284 -0.117693 -0.309960 -1.263256 0.135788 0.576495 0.030147 -0.266421 -0.031289 -0.084327
4 -5.330221 -4.005784 -3.784700 45.566416 -5.090974 1.081596 -3.239999 -3.329888 -4.714799 -3.951841 -3.554423 -3.276897 -2.634212 -3.734271
10 -2.495229 -1.493185 -1.464299 0.183499 -0.462353 -1.258313 -3.376980 -0.762045 1.250353 11.265515 -0.304616 -0.148422 0.437490 -1.371413
8 -0.036190 -1.308149 -1.478753 -1.201642 -1.785941 1.769898 -1.544531 5.813334 -0.367996 0.811887 -0.711256 -0.415146 0.037138 0.417348
8 -0.979949 -0.629660 0.405984 -0.510258 -0.668235 -0.046242 -0.777864 6.881172 -0.332673 -1.110390 -0.616535 -0.792188 -0.203334 -0.619827
1 30.173339 -2.534762 -2.776672 -1.748305 -1.045947 -4.135909 -3.131547 -3.557251 -0.743104 -2.806466 -2.022364 -2.267057 -1.215127 -2.188826
4 -2.665956 0.494903 -1.813646 25.306080 -1.057775 -4.495120 -4.022584 -0.189654 -3.171728 -1.822319 -2.367807 -1.871365 -1.083663 -1.239366
7 1.952182 -1.584509 -1.096565 -8.390517 2.780669 0.675770 2.845750 0.249153 -0.174012 1.337119 0.950048 -1.985865 1.637297 0.803485
11 -1.438445 -0.144049 -1.582564 -2.040604 0.158921 -3.484900 -5.299660 -1.832350 -1.180066 -3.523486 28.161626 -2.108877 -2.128380 -3.557162
2 -3.274133 3.468960 0.999740 -0.832970 2.221896 -0.897624 -0.937616 1.194560 -2.331442 -1.430144 0.498122 0.344219 -0.148845 1.125282
8 -0.346999 -2.846056 0.110197 0.936926 0.125907 -0.131898 -0.888558 2.843784 0.626251 1.672977 -1.946956 0.504844 -0.983972 0.323555
6 -0.157267 -3.643436 0.376412 -4.162916 1.079892 3.245980 -0.198737 2.675108 1.220703 -1.356521 0.193480 0.254084 0.269096 0.204127
9 1.763594 -0.812286 -0.818500 0.972341 2.675459 -2.473380 -4.564630 0.478548 3.261914 -2.630764 -1.239213 2.635879 1.202182 -0.451144
4 -1.294673 -3.860696 -0.873015 4.545482 4.298425 0.406080 -1.648206 2.032566 1.428992 -1.885921 -1.018440 1.232170 -0.847215 -2.515547
1 2.652702 -0.650817 1.309935 -0.565915 0.135850 -1.127075 -1.251975 -0.734009 -0.669851 2.057378 -1.078562 -0.290749 1.074620 -0.861531
4 -3.455115 -3.892617 -2.523745 45.939611 -3.903521 -4.245347 -5.120777 -3.151514 -2.606009 -3.626038 -3.307851 -3.394050 -3.242378 -3.470646
12 -0.903230 -1.479898 -0.018049 1.041672 0.499783 -0.877429 0.055935 0.903499 -1.345484 0.513671 0.269102 1.272790 -0.014435 0.082075
13 0.879500 2.408624 -0.362072 -3.733484 0.460985 -0.582770 -2.509047 -0.420826 2.162243 -0.029601 -0.184875 -1.114181 4.270127 -1.244623
1 17.962302 -2.509320 -1.950673 -0.860741 -1.407324 -3.427076 -2.690464 -3.356355 -2.131354 0.512776 -3.111965 2.920532 -1.201307 1.250970
6 -1.104302 6.544830 -1.195336 -2.832717 -0.271995 11.254596 -4.070012 0.162681 -0.511443 -2.080837 -1.613591 -2.464494 -0.624512 -1.192865
3 1.045925 -1.991220 4.231585 -4.928363 0.993811 0.320417 -1.080081 -0.551177 -1.536705 2.366597 0.160656 1.110473 -0.936081 0.794164
8 -0.035003 -0.650929 0.510317 -2.517662 2.019578 0.762613 -0.369516 2.961556 0.277364 -0.974337 -1.008428 -0.105751 -0.530821 -0.338978
8 -2.967563 6.121140 -1.236539 1.391176 0.432454 -1.659659 -7.341268 13.959064 -0.904760 -3.112282 -2.252041 1.473205 -0.464699 -3.438228
10 -0.658134 0.423729 0.974834 -0.302594 0.210005 -0.823909 -1.064817 -0.333201 0.750492 1.507865 -1.315360 -0.257153 0.449126 0.439117
1 2.046064 1.442506 0.368916 -1.768578 0.293740 -0.167795 0.442831 0.219725 -0.471672 0.297033 0.387884 -0.943128 -1.130791 -1.016734
6 1.175449 -3.333511 -2.047421 -2.123088 0.632997 9.114751 -0.744356 -0.221574 1.127167 -2.627827 -0.419677 -0.425493 0.582116 -0.689530
14 -0.585837 -3.410024 -0.583316 1.894817 0.295745 -0.034067 -2.598981 1.910214 -0.763684 -1.912123 1.780665 0.050621 0.351278 3.604695
3 -0.995693 -1.239086 3.922332 1.288595 -1.026035 -0.075871 0.757168 0.024105 -0.688700 0.786099 -0.573774 -0.878155 -0.282524 -1.018459
9 0.429847 -0.312880 -0.255796 -0.401827 -0.036380 -0.462297 -0.379426 0.091963 1.666206 -0.539515 -0.256508 0.444618 0.319713 -0.307718
1 4.567897 1.242823 -0.803864 -3.569918 -1.985756 0.203476 0.073498 -0.390835 1.210636 0.923487 -0.045328 -1.061056 -0.026305 -0.338751
9 0.048009 -2.483578 -0.232376 -3.187726 0.304911 0.472912 1.067599 -0.086592 2.499717 -0.615452 1.753647 -0.254886 -1.145126 1.858946
11 -1.404672 -0.765581 -1.957795 -5.265258 0.195417 -0.311508 0.605199 -0.546697 -1.433316 -1.666782 13.283530 -0.741381 -1.230233 1.239080
7 1.391871 -0.652045 -0.913734 -1.093072 -0.628148 0.071674 1.838903 -1.065852 0.670521 -0.883238 0.185561 -0.354477 1.685936 -0.253898
2 -8.181988 10.738196 -1.129316 -3.486276 0.729564 -1.363362 -1.125273 0.784791 -1.076602 1.474084 0.907816 -0.155086 0.612445 1.271010
1 67.654589 -4.024591 -5.457431 -8.518241 -5.401174 -5.778039 -4.942279 -5.034380 -4.662345 -4.129973 -5.344737 -4.524819 -4.848644 -4.987929
7 -2.089570 -5.579306 -2.426455 -1.839528 -1.545352 -3.066818 37.599618 -4.384228 -2.024508 -3.152585 -4.618978 -1.922828 -2.550812 -2.398649
13 -1.408301 -1.685423 0.514288 -0.799910 0.286834 -0.091702 -2.717655 -0.104798 0.912701 1.523800 0.456802 0.751307 1.570454 0.791605
13 -0.495245 -1.371559 0.015986 -2.194561 1.227920 0.653589 0.863478 1.228265 0.276020 -1.394495 -0.833887 0.529587 1.940439 -0.445535
1 30.286177 -3.074096 -1.699374 -3.822350 -3.047362 -3.000929 -1.882865 -3.378090 0.429223 -1.750888 -2.426919 -2.923371 -2.085900 -1.623254
1 22.184545 -3.370541 -0.420707 -2.249331 -1.097888 -1.028037 -5.081924 0.274637 0.021637 -1.607717 -2.227615 -1.761260 -2.578187 -1.057609
2 -2.357966 6.455922 -1.192184 -0.529122 0.895072 -0.168225 -1.597125 0.146950 -0.665640 -0.370828 -0.839933 1.019447 -0.054961 -0.741404
6 -0.762650 -0.965984 -0.060684 -0.463708 -0.178510 7.051933 -4.293795 0.674113 -0.237418 -1.135953 -0.999783 -0.267850 2.154397 -0.514105
5 -3.903263 -1.751587 0.487955 -1.495722 5.331874 0.427823 -0.674502 0.941396 -2.538370 0.865757 -0.297616 0.686787 -0.342582 2.262054
6 2.856544 0.320470 -2.066670 -2.695654 -1.469764 8.269806 -2.308301 -0.683310 0.275358 -1.077795 -2.085459 -0.776998 -0.054405 1.496180
12 0.006000 -3.635246 2.975017 -3.428186 -1.223799 -0.491096 -2.014961 1.010734 0.878451 -1.841256 1.653935 3.541784 2.710127 -0.141501
2 1.671718 3.835767 -1.642197 0.205209 -0.171803 -0.316217 -0.165129 0.541084 -2.536527 -0.650087 -3.556240 2.513993 0.123560 0.146868
3 -1.598753 -0.550734 19.006200 -4.592896 -2.044336 -0.808586 -1.351693 -1.927892 -0.900726 -1.043833 -0.236768 -0.816721 -2.330235 -0.803024
10 0.596497 -0.936174 1.357454 -1.865503 0.263835 0.667424 -0.216802 -1.630184 -0.397112 4.033885 -0.234764 -1.160017 -1.241189 0.762653
9 0.012454 0.106017 -0.027917 0.067759 0.117458 -0.089681 -0.247741 0.042782 0.148507 -0.180609 -0.011215 0.024823 0.074001 -0.036639
3 -4.255874 1.683396 2.681779 0.793291 0.650161 2.277426 0.602603 0.337963 -4.644816 0.818486 1.402022 -0.892987 -1.446556 -0.006891
10 -2.801918 -2.009264 -1.244017 2.681098 0.270137 -0.068808 -0.964151 -1.396609 -1.852785 8.402766 0.415391 1.130884 -2.193077 -0.369644
10 -1.356577 -1.893112 0.984499 -3.256822 2.184397 1.904335 -1.416306 -1.923579 -1.363025 3.963436 1.552832 1.016864 -1.864844 1.467905
7 -2.641760 -2.293279 -4.006512 -6.671815 -4.359668 -3.594258 48.899164 -3.152577 -2.389138 -3.667821 -5.397871 -4.290710 -2.396898 -4.036856
4 0.743353 -0.783150 -0.747925 1.440640 -0.540865 -0.358051 1.201874 0.292907 -0.419538 -0.483436 1.176930 0.875148 -0.813124 -1.584761
12 -0.936838 -3.147639 0.421525 0.456552 -0.609087 -0.546426 1.340825 -1.679274 -1.898544 0.060077 0.688204 5.760769 -0.481461 0.571318
4 -1.003854 0.548211 0.275577 1.304814 0.076367 -0.470460 -0.349979 -0.292271 -0.859711 0.162640 0.509023 0.269176 -0.511279 0.341746
11 -4.403524 -0.946451 -1.533454 -1.944093 0.014768 -3.409857 0.025913 -0.795335 -1.424613 -2.564685 21.532202 0.448702 -2.562215 -2.437352
11 -2.488147 -2.390229 -0.901341 -8.349360 -2.234124 -2.465290 -2.272651 -2.228095 -1.958083 -1.924080 34.697937 -2.627435 -2.121715 -2.737382
2 -1.150239 3.382166 -0.954335 0.951782 0.636943 0.428389 -0.873849 1.257783 -2.442145 -0.013154 -0.001847 -0.519488 -0.962131 0.260126
3 -1.481664 -0.551122 18.319292 -4.592896 -1.874814 -0.832390 -0.959528 -1.842829 -0.866475 -0.977162 -0.344321 -0.725486 -2.292496 -0.978105
11 -0.479610 0.687426 -0.200091 -1.963493 0.422990 -0.237363 0.661482 -0.220552 -1.191082 0.507763 1.762424 0.418857 0.177589 -0.346338
14 -0.797819 -0.432228 0.165818 -2.191276 0.758669 -0.601249 1.957540 -0.485158 -0.374623 -1.032740 0.101694 0.126338 0.628959 2.176078
11 -1.721840 -0.705775 -0.421962 -1.027109 0.893413 -0.226198 -2.292267 0.149826 -0.695044 1.658477 4.299702 0.248993 -1.581348 1.421133
7 -0.349126 1.094723 -0.922432 -0.022946 0.135228 -0.355366 1.363310 -0.330520 -0.998971 -0.988631 1.197712 -0.583717 0.049965 0.710771
4 -0.754820 0.421866 -0.587570 2.290807 -0.200704 -0.011826 -0.303260 0.065415 -0.927412 -0.023153 0.569957 -0.000216 -1.200257 0.661174
9 0.797604 -3.780529 0.510814 -4.188560 -0.593798 0.501779 1.899692 -0.302560 2.076907 0.875560 0.101562 1.224941 0.261328 0.615263
11 -0.952636 5.978099 -3.183594 -11.301828 -1.251159 -2.143419 3.344545 -1.387313 -2.498769 -4.006297 24.318906 -4.003460 -2.241446 -0.671617
10 0.258394 -1.133498 -0.170362 -3.917337 0.254079 0.762653 1.105592 0.488757 -0.064278 3.732667 -0.019175 -0.461718 -0.613436 -0.222336
11 -2.896843 -1.289382 -1.870559 -4.763258 -2.089942 -2.200642 -2.843702 -1.870389 -2.508047 -1.079427 28.130807 -2.163493 -3.015655 0.460537
11 -1.457672 -0.973244 -0.902857 -0.633134 -1.253992 -1.210936 -0.750239 -1.135679 -1.698888 -0.093110 12.213186 -0.325534 -1.157109 -0.620790
6 2.141643 -3.501542 -3.019414 2.188059 -0.373246 9.485065 -1.572759 -0.859437 1.107763 -2.751163 -2.291615 -0.128986 0.537232 -0.961597
13 -0.660269 -2.760546 -0.933179 -1.710467 -0.840808 -1.273247 -0.832495 -1.417088 2.119456 -1.078595 -1.303428 0.601267 9.524115 0.565284
8 0.602808 0.567461 0.682910 -4.399258 1.797928 1.846649 -0.885279 2.448272 0.632460 -1.326692 -0.293795 -0.153208 -0.975361 -0.544891
2 -0.600541 4.735865 -1.202379 -3.612215 2.183233 0.132704 -5.021121 1.714261 -0.368972 -1.603352 0.016108 1.684288 1.880107 0.062014
11 -12.624593 5.841723 0.274234 -4.313530 2.426794 -2.591480 5.108889 0.900022 -2.470092 -2.361700 6.155986 -1.207052 0.432242 4.428560
14 1.371314 -0.132315 -1.240052 -6.439757 0.656289 -1.465863 2.278823 0.364264 -1.069891 -1.506961 3.518180 -1.624781 0.667798 4.622960
11 -3.501690 -1.682034 0.679771 0.761189 1.294747 -0.592754 1.470798 0.061046 -1.305391 -1.068167 2.011924 1.856025 -0.061035 0.075574
2 -10.269616 10.465555 -0.937663 -2.585643 1.180645 0.574328 -0.405114 2.210918 -3.574428 1.926915 2.120321 -1.573228 0.038402 0.828609
5 -0.306466 1.705974 -0.077893 -4.134808 6.525208 -0.999051 -0.186247 0.666246 -1.211371 1.092241 0.958637 -1.430105 -2.186762 -0.415601
13 0.662632 0.434574 -1.736376 0.240831 -0.289352 -1.429537 -1.557225 1.724340 1.390745 -1.517552 -0.965710 0.633887 2.345767 0.062978
12 0.113009 -2.466917 -0.104112 -1.265963 1.689542 -0.147497 -1.992563 -0.649358 1.004139 -0.386964 0.522035 1.900234 0.580118 1.204301
5 1.706098 -5.327563 -0.281197 -0.682730 3.635487 -1.705782 -0.547474 0.387312 -0.370508 2.134279 0.816993 -0.320707 0.076754 0.479039
2 -12.831393 24.135729 -0.053289 -2.122199 0.629035 -3.603198 -0.683267 -0.100252 -4.923645 -1.833777 1.897269 -0.550501 -0.618629 0.658120
13 0.020519 -2.383137 -0.185510 -0.125150 -0.206055 -0.940085 -1.275640 -0.266153 1.217029 0.378452 -0.414403 -0.220258 3.482556 0.917836
14 0.471298 -2.213303 0.187880 -2.448713 0.065261 -0.608424 0.307329 -0.044075 1.165488 -3.719120 -1.101665 0.958816 -1.053947 8.033176
8 -0.515350 -1.256191 -0.890104 -0.566583 -0.370245 0.046767 1.273051 2.580306 0.746743 -0.647577 0.824394 0.382385 -0.759205 -0.848390
3 -1.680612 -0.663128 5.067797 -0.909205 -0.817948 0.046813 -0.017508 -0.251472 -0.105060 -0.813162 0.608811 -0.509984 -0.250851 0.295512
12 -2.808634 -1.083380 0.749768 0.261015 -0.462630 0.117845 1.172593 -0.228119 -0.774866 -0.276283 0.525294 2.637439 0.244272 -0.074311
6 1.056513 1.067883 -0.274310 -4.431237 -2.368104 15.503180 0.073978 -1.510932 -2.714952 -2.309091 -0.514243 -2.108690 -1.928127 0.458138
4 -1.319539 -1.151679 -1.561864 4.952449 -2.158306 1.500206 -1.208669 1.390379 -0.160478 -2.081331 -1.224767 0.173953 2.400602 0.449044
3 -0.309711 -0.529417 2.448256 -1.262741 -0.761179 -0.307342 -1.237533 2.091397 -0.544154 -1.089668 0.130828 1.043933 0.657336 -0.330002
1 13.025189 -0.608648 0.873407 -3.952342 -0.228406 -0.059961 -3.147676 -1.543852 -1.028131 -0.011649 -2.952781 2.278106 -2.349277 -0.293978
8 -0.686610 0.171644 0.580333 -0.634876 0.461968 -0.942648 -1.077231 0.785521 -0.009518 0.156737 0.040987 0.646444 0.284888 0.222361
1 2.348514 -1.181668 -0.404579 -1.850606 -0.099183 0.074490 0.504344 -0.508532 -0.205923 1.082762 -1.163805 -1.008106 1.618910 0.793385
2 -2.210658 8.532280 -1.361037 -1.328751 3.039979 3.204777 -1.010814 -0.548269 -3.503739 -0.576208 -0.854967 -1.665908 -0.608166 -1.108516
6 -0.106220 0.410798 -0.284144 -1.247833 1.090222 4.431893 -0.989308 0.475049 -1.741979 -0.664915 -0.844898 -0.391106 0.746685 -0.884239
3 -1.531084 -0.808004 3.395174 -1.866492 -0.541988 1.658145 0.794346 -0.157440 -1.832631 0.127434 1.385209 0.030399 -1.328642 0.675579
6 -0.563995 -0.350917 -1.092611 2.326052 0.224266 6.315617 -2.173766 -0.281142 -0.797613 -0.643200 -0.277940 0.016902 -2.434123 -0.267529
1 27.274228 -2.223226 -2.983754 -2.201533 -2.041795 -1.333663 -1.371685 -4.487732 -0.392746 -2.562283 -2.898310 -0.960458 -2.463983 -1.353057
14 -0.416629 1.915686 0.492443 -5.735256 -0.099868 -0.513688 1.892534 -0.203524 -1.515508 0.071664 2.589969 -2.052638 -0.000237 3.575060
5 -1.375950 -1.770803 1.288794 -0.557356 2.075394 -0.043556 -0.400025 -0.588565 0.048547 1.435950 0.453464 -0.375775 -1.124456 0.934338
7 -2.506569 1.497612 -0.383628 0.975881 0.219060 -0.229683 2.092807 0.331594 -2.992925 1.144340 0.597600 0.455854 -1.331939 0.129999
12 0.561896 -2.479926 0.128418 -1.917874 -1.679955 1.581236 1.179137 -0.676229 -1.117482 -1.863389 -1.226620 9.557969 -1.254829 -0.792349
1 16.590150 -1.967308 0.212002 -7.991210 -1.254078 -1.921532 2.589106 -3.356399 -0.153202 0.388033 0.684576 -2.709103 -3.876560 2.765533
13 -0.823693 -0.430341 -0.669916 0.484404 -0.514595 0.288020 -0.439583 -0.247668 0.451549 -0.312392 -0.834329 0.001519 4.210090 -1.163066
13 -0.218578 -2.261791 -0.223446 -4.543189 -0.665498 0.411463 3.835193 -0.336673 0.708606 -0.390423 0.504463 -0.680672 4.123036 -0.262488
14 -1.618509 -0.062210 1.708163 -1.710317 -0.296181 -0.978386 -0.471155 -0.510947 -1.013734 0.928214 0.983050 1.147186 -0.120724 2.015553
2 -0.102800 1.267109 0.054095 -0.992962 -0.560492 -0.304925 -0.200879 0.247039 1.129656 -0.578837 -0.265862 -0.314160 0.775402 -0.152383
3 -1.165090 -0.562553 20.474771 -4.509138 -1.240002 -1.020780 -1.708044 -0.820827 -1.037462 -1.732888 -0.479885 -2.217833 -2.060212 -1.920053
7 -4.847873 -7.016772 -0.770918 -6.440712 -2.751147 -3.723645 38.603351 -0.712495 -0.957961 -2.022139 -3.601983 -2.998630 -1.222309 -1.536765
11 -5.768766 1.275868 0.330052 2.256844 0.877858 -1.586093 -0.868938 2.001471 -5.252472 -0.576877 5.915867 1.037869 -1.988225 2.345545
8 -1.385988 0.008320 0.173439 -1.063851 0.489340 -0.527090 -0.980244 4.451857 -0.222151 -0.369736 -0.520428 0.113386 -0.226946 0.060093
9 0.647824 -2.653201 -0.209117 -2.898184 -0.437064 0.935665 0.244464 -1.216964 4.830106 -1.603830 -0.419075 -0.570637 1.248254 2.101761
9 -2.372117 0.837098 2.367085 -1.984409 0.869509 -0.539330 0.534345 0.266630 2.945449 -1.538204 0.502933 0.744214 -1.527083 -1.106119
6 0.945032 -0.754828 -1.070741 -8.994671 -0.087338 16.551265 1.117401 -1.165082 -1.082752 -1.351498 -0.027528 -2.435961 -0.136792 -1.506501
12 2.601645 -2.430963 1.100103 -0.156190 -0.805415 -0.166654 -2.269860 -1.032295 1.036905 -1.531887 -1.669453 7.880559 -2.036524 -0.519971
1 6.063207 -6.223275 -1.520238 3.284176 2.812446 -3.951729 -3.262232 1.801603 2.110444 0.781597 -1.527080 0.213771 -0.880664 0.297973
9 -1.326362 0.514412 0.726482 -1.856013 -0.286968 0.147640 1.272838 -1.690517 2.425751 -0.443253 0.319627 -0.636999 1.409590 -0.576227
2 1.055894 8.388683 1.519292 -2.222444 -0.425685 0.716606 -4.260918 0.404084 -1.034421 -0.435120 -3.064005 -0.494913 1.124988 -1.272039
5 -0.076814 -0.750165 -0.819627 -4.220164 3.659668 1.427121 -0.216090 3.447499 -0.535178 0.225630 -0.859106 -0.870657 -0.612723 0.200613
3 -1.056975 -1.433970 1.409959 0.713699 0.604675 -1.129716 -0.860965 -1.188599 0.258486 0.160624 1.362415 0.993030 -1.016183 1.183523
1 20.171853 -1.651118 -1.926082 -6.412439 -0.889426 -1.154487 0.595522 -0.721077 -0.642613 -1.622007 -0.473590 -1.937441 -1.924099 -1.412993
1 5.826969 1.899999 -1.743168 -7.339706 -0.168482 1.349509 0.977539 -0.236751 1.183504 -2.505520 0.468385 -0.583640 0.475418 0.395949
12 -0.104367 -1.348040 -0.200805 -2.263562 -0.055366 1.040931 1.001433 -1.016396 1.477516 -0.707695 0.318601 3.046096 -0.850824 -0.337520
1 4.630432 -1.800527 -1.347427 -3.402180 -0.864860 2.701372 -1.094869 -1.615094 1.173984 -1.229881 -0.543531 -1.328064 1.666280 3.054371
1 43.013162 -6.310187 -4.027754 -1.255412 -2.323552 -5.857099 -3.904853 -1.438325 -1.943177 -3.086821 -2.849839 -3.007058 -3.649178 -3.359905
1 17.026412 -2.510786 -1.680506 -5.564372 -1.264305 -0.571036 0.394635 -1.289196 -1.435696 -1.511459 -0.278241 -1.592897 -0.363797 0.641246
1 24.705854 -4.654788 -2.211198 -2.427156 -0.950589 -1.440837 -2.227377 -4.173592 -1.354962 -1.911991 -1.863033 -0.584804 0.544409 -1.449934
1 38.515533 -2.764426 -3.899560 -8.734648 -2.773194 -1.202133 -1.581438 -2.148755 -3.595941 -2.361026 -2.352482 -3.177442 -0.245351 -3.679131
1 44.522344 -2.476334 -3.340080 -7.278082 -2.857771 -2.511857 -2.673567 -2.697804 -5.237877 -1.951465 -2.184349 -2.931423 -4.435117 -3.946616
1 29.273293 -4.826551 -2.568195 -3.978161 -1.912405 -1.949358 -2.802345 -2.683542 -1.109762 -0.175797 -1.113291 -1.149905 -2.589321 -2.414659
1 32.375555 -1.772507 -2.968966 -1.361538 -2.724027 -2.423086 -3.803828 -0.148647 -2.431856 -4.021036 -2.612765 -1.792669 -4.004265 -2.310363
1 30.951150 -3.587893 -1.829661 -1.117145 -2.319788 -2.626516 -4.606553 -2.320305 0.237951 -2.867633 -2.472411 -2.070550 -2.741820 -2.628825
1 28.207427 -3.593978 -1.671049 -3.472967 -2.347919 -2.613394 -3.694443 -1.086177 -0.789705 -2.562420 -1.929691 -2.132694 -1.540107 -0.772879
1 10.395724 -0.740094 -0.430044 -0.557250 -0.906898 -1.791427 -1.289881 -0.765639 1.733947 -0.715313 -2.278719 -0.824181 0.204394 -2.034615
1 7.568253 -1.316140 -0.291733 -1.000149 -1.517014 0.149914 0.653139 -0.996701 -0.408580 -0.913490 -0.089652 0.037070 -0.997403 -0.877513
11 -1.501352 -0.422439 -0.175818 1.054970 -0.095164 -0.124102 0.733192 0.253636 -1.065294 -0.982598 1.565323 0.219394 0.027781 0.512471
1 3.990792 -1.007610 0.128464 1.099077 0.314370 -0.365229 -2.629365 -0.136652 2.435504 -0.118547 -2.989318 -0.232381 -0.380357 -0.108745
13 -0.035921 -1.337525 -0.078216 -0.846108 -0.006236 -0.007629 -0.163609 -0.109874 -0.241864 -0.316011 0.554242 0.411103 1.423057 0.754592
1 33.127377 -2.901798 -2.047830 -4.842024 -2.735706 -0.761575 -4.756301 -2.613941 -1.550529 -2.892922 -2.636139 -1.239828 -2.765264 -1.383519
1 11.487443 -1.604512 -1.415691 -1.371776 -1.605699 -0.115677 0.229447 -0.416723 0.129553 -1.459390 -0.043994 -0.617145 -1.613553 -1.582282
1 17.366161 -2.313832 -1.201085 -0.524243 -1.481745 -1.714884 -1.211943 -1.655887 -1.967473 -1.050463 -0.821340 -0.734099 -1.573255 -1.115909
1 28.597232 -2.480561 -1.271467 -7.019475 -2.559918 0.043594 2.361343 -3.963946 -3.692401 -2.771958 -1.216308 -2.276379 -1.733879 -2.015874
14 -0.128105 -0.608775 1.889726 -1.164279 -0.110069 1.110006 -2.035184 1.758534 -0.453269 -0.935328 0.492212 0.875119 -2.596902 1.906316
1 4.908343 1.089352 -0.836716 -2.584479 -0.348121 0.627492 -0.783135 1.413679 1.946273 -0.941571 -1.245358 -1.125205 -0.433932 -1.686618
10 -3.579916 1.688696 2.002331 -1.025171 -0.631740 0.005559 2.629840 -1.286211 -2.376625 4.634284 1.858336 -1.702281 -2.009769 -0.207330
10 0.456149 -3.380366 1.115065 -3.640575 2.337074 -1.295917 -5.953886 3.682612 -2.567259 4.134826 -0.956933 1.452927 3.108780 1.507504
7 0.398862 -1.006620 -0.164304 -4.670722 0.742194 0.966263 3.026425 0.420643 0.058918 0.470233 0.569625 -0.267623 -0.914331 0.370438
10 -2.737020 -2.859215 1.270422 -2.348218 -0.375838 -0.694204 0.289105 0.492051 0.017199 2.699727 -0.096391 2.197010 0.825571 1.319803
10 -0.453505 -3.018037 2.940253 -2.762256 1.113217 -0.385388 -2.618538 0.028163 -1.336815 4.703278 -1.532177 0.871660 0.896910 1.553239
9 0.154736 -1.715909 0.318141 -3.881933 0.159561 1.399343 1.232807 -0.166909 1.438085 0.540651 0.777925 -0.192291 0.094908 -0.159113
10 -1.111019 -0.781667 -2.401755 -2.887613 -2.280334 -1.683140 -1.616511 -1.800712 -1.412084 24.737456 -3.692563 -2.348944 -1.220940 -1.500170
1 2.029829 -0.434642 1.510687 -3.090388 0.685318 -0.397776 -0.753239 -0.793755 -0.939140 0.356733 1.264146 0.128060 -0.931923 1.366093
3 -1.581299 -1.790327 1.808310 -2.288329 0.224902 1.099657 -1.427509 -0.516210 0.884951 0.675613 -0.188504 0.289188 1.572050 1.237510
10 -0.348910 -1.669970 0.212851 -3.641786 -0.306061 -1.040584 0.836891 -0.507596 -1.024962 7.885226 -0.341784 0.914349 -0.635627 -0.332033
13 1.104362 -3.665983 0.352748 -4.585952 1.037964 0.751261 0.472577 0.804358 0.093363 0.229132 1.434050 0.770994 1.622007 -0.420877
2 -3.737843 2.375309 1.084986 -0.665870 -0.657161 -1.097032 0.741045 1.266330 -1.709985 1.025130 -0.376457 0.886956 0.202469 0.662126
10 -1.427448 -2.030420 0.659321 2.172046 -0.324358 -3.307565 -2.233549 0.115054 0.176130 7.045966 -1.332066 -0.442241 1.204654 -0.275520
2 -2.168421 7.946907 -0.025434 -3.012479 1.387882 -0.129491 -1.638905 1.031886 -1.463176 0.281203 0.158797 -1.400762 -0.277191 -0.690813
10 0.789276 -2.181577 -2.486467 -2.467923 -0.460359 -0.728080 1.611607 -2.446822 -1.573674 12.287930 0.942017 -0.832210 -0.056089 -2.397624
10 -0.845893 -0.660541 -0.451237 -0.030286 0.553376 -0.097918 -1.741426 -1.235038 -0.632625 5.324206 0.451898 -0.208021 -1.119562 0.693069
4 -3.304821 -0.019518 2.300480 6.301200 -0.239173 -0.652242 -1.639157 -2.508112 -2.874014 1.634486 0.912805 -0.151309 -2.078891 2.318272
4 1.152000 0.924678 -1.173635 1.596287 -0.518580 -1.044431 0.431128 1.117555 1.148432 -1.005459 -0.436912 -0.337614 -0.653328 -1.200120
2 -4.482108 7.883458 0.486915 -1.960232 0.759125 0.031585 -0.483875 -0.573938 -3.582441 1.749341 0.526163 1.093654 -2.602258 1.154614
2 -3.803894 8.955317 -0.281578 -4.112584 1.550938 0.770517 -0.037947 0.123467 -1.057328 -0.359878 -0.158232 -1.692354 0.456182 -0.352624
2 -4.726253 14.885032 -0.183862 -0.597434 3.897351 -2.333181 -3.646325 -0.335658 -2.026365 0.569679 -1.859782 -1.135546 -0.773553 -1.734100
10 0.012676 1.128395 -0.295806 -1.349389 -0.025513 0.112628 0.124587 0.228566 -0.528739 1.129965 -0.280845 0.705155 -1.223699 0.262021
2 -1.132140 6.810298 -0.095689 -2.119739 0.096821 0.556690 -1.604587 0.382953 -0.058041 -0.669141 -1.027818 -0.477379 0.366596 -1.028823
2 -1.150161 7.915501 -0.280185 -7.600480 1.090122 0.788175 1.595955 0.332755 0.140186 -2.364221 1.688996 -1.528072 -1.280688 0.652123
2 -5.022925 18.128493 -0.519381 1.506323 -3.173245 -2.843030 -2.212566 -0.061953 -1.498597 -1.112747 -0.871326 -0.524063 -0.562972 -1.232006
6 -1.788779 2.465239 -3.540895 -2.811005 0.699546 2.997718 1.118626 2.806470 -1.619820 -0.296793 0.836192 -2.039247 0.463535 0.709219
2 -19.598665 15.088749 1.563370 -4.373855 2.556476 -3.532313 2.346675 0.135895 -3.861733 -0.664320 4.770484 0.790389 -0.241283 5.020130
2 0.102291 5.445553 -0.355075 -3.796448 0.382805 1.158883 0.464726 -0.674763 0.134612 -1.351296 0.397405 -0.900214 -0.907657 -0.100818
2 -1.477668 10.671995 -2.506311 -1.768497 -0.518137 1.320889 -2.990272 0.050653 -2.207994 2.121689 -3.069562 -0.122618 -2.573394 3.069227
2 -3.192971 17.475441 -0.525972 0.657755 3.318787 -2.590860 -4.924519 0.814826 -1.748970 -1.901846 -2.224701 -2.118368 -0.607075 -2.431524
10 -2.892494 -2.799763 2.448587 -1.838423 0.889614 0.139776 -1.481888 -1.548038 0.481752 2.473851 -1.802555 2.313802 1.385671 2.230109
2 -0.844629 5.987676 -0.965705 -1.620711 0.828052 0.585135 -2.733429 0.494278 -1.653745 0.537139 -0.735930 -0.278171 -0.246303 0.646344
1 2.666887 1.993340 -1.763265 -4.023934 1.238551 -0.190706 1.364966 1.266970 -1.969001 -1.827757 1.512360 -0.026633 0.743290 -0.985068
2 -0.067357 13.390029 -0.445792 -4.268087 -0.291617 0.469893 -2.204156 -0.406279 -0.196748 -0.660022 -1.891391 -0.986653 -0.913025 -1.528792
5 -1.166636 0.675230 -0.571522 -0.902767 1.903636 1.384380 -1.007778 0.722070 -2.230536 0.125709 0.505668 0.928826 -0.644481 0.278204
2 -4.461103 12.090224 -0.742190 1.864549 0.466565 -0.696541 -1.818729 -1.322592 -2.321337 -1.251851 -0.345994 -0.994264 0.163707 -0.630441
7 -4.279945 -2.757198 -1.042331 -1.108391 0.361543 1.703849 3.015036 1.126913 -1.225630 0.027811 0.163220 1.516206 0.576512 1.922406
6 -1.303232 -0.616568 -0.584884 -1.538802 0.611737 2.167585 -0.939019 1.628977 -0.893555 -0.041380 -0.541222 0.277467 1.892965 -0.120068
2 0.507840 4.312102 -1.778465 -1.390660 -0.794184 2.166079 1.331017 0.560374 -1.802324 -0.126535 -3.800697 -0.312864 1.326009 -0.197689
7 -2.219219 -1.115773 1.571386 -2.675265 1.224795 1.135294 1.712156 -0.396565 -2.445280 -0.224247 0.331834 1.019195 0.397020 1.684671
6 -0.180674 -2.635225 -0.504554 0.188486 0.818510 2.252963 0.606155 -0.602240 -0.061214 -1.557888 1.134561 0.456415 -0.718076 0.802784
7 -0.098641 -0.852666 -0.007959 -3.749860 1.674763 0.567442 1.856155 0.854515 -1.266605 -0.206459 0.522668 -0.218269 -0.059143 0.984063
5 1.667142 -0.404289 -0.263158 -8.944548 7.063069 -0.534336 0.775984 0.043853 1.065498 3.156933 0.692318 -1.949536 -3.495750 1.126825
1 2.904749 0.953952 -0.497974 -4.078237 0.691163 0.462644 2.581311 1.104527 -1.551362 -0.599819 1.083019 -1.359370 -2.239672 0.545076
2 -1.748750 3.567712 0.963881 1.301387 0.289294 -1.302761 -2.262262 0.059280 -1.421130 0.164731 0.002223 -0.253579 0.297570 0.342409
5 -0.332797 -1.567363 -1.265212 -4.189489 3.281292 2.318934 0.215496 1.748787 -0.670812 -0.757096 0.758656 0.089084 -0.553066 0.923590
2 0.719423 1.858911 0.100121 -8.276368 1.282022 -0.443874 1.620380 1.419483 -0.286699 0.754365 0.605890 -0.109637 -1.013804 1.769793
2 0.586461 6.235889 2.156324 -1.138409 -0.535781 -0.117424 -4.007426 0.302158 0.749655 0.604652 -3.017366 -0.494670 0.321359 -1.645421
2 -3.312062 3.588834 -1.102306 0.923957 1.967840 1.027642 -2.059640 0.111080 0.397638 -1.274847 -0.346019 -1.274679 2.459218 -1.106656
5 -3.396813 -1.505892 -1.976852 0.928115 21.636750 -2.188173 -1.483324 -1.785893 -2.137926 -2.362787 0.455878 -1.408199 -2.407168 -2.367712
4 0.331892 -5.947747 -1.269708 6.583153 6.320085 -2.239682 -2.055755 0.872546 1.526159 -0.536333 -1.698561 -0.100207 -1.521638 -0.264203
5 -1.324432 -0.415893 -1.083480 -0.340215 19.688842 -1.790380 -2.927239 -2.399871 -3.303929 -1.126946 -1.571793 -1.214315 -0.787300 -1.403047
5 -0.250930 -4.692193 -0.862596 -1.233419 4.657789 0.603963 -0.947188 0.720288 0.235545 -2.373611 0.301290 1.781685 1.897653 0.161726
5 -2.673229 -2.373158 -1.509809 -0.014573 19.722853 -1.962276 -3.418196 -1.927657 0.669566 -1.155197 -1.346665 -2.040347 -0.586715 -1.384594
4 -0.536248 2.040279 -1.487878 4.772694 1.183935 -2.645265 0.534869 -2.645986 -0.044556 -0.385440 -1.428116 0.385922 -0.401252 0.657043
5 -0.707414 -2.544780 0.086266 -2.676403 2.518843 0.034962 1.385452 0.216389 0.495505 -1.410457 0.580745 0.205715 2.025509 -0.210330
4 -0.574878 1.433742 0.305500 2.621618 0.753014 -0.813432 -2.278305 0.428158 -1.095790 -0.471045 -0.275702 -0.137670 1.683039 -1.578247
11 -0.053367 -2.604786 -0.529774 -1.140590 -0.653364 0.071964 -1.765474 -0.205310 0.355486 -1.082402 7.834068 -0.383328 0.574763 -0.417885
11 -3.206850 -2.509393 0.074718 0.610239 -2.095260 -1.889742 -4.250277 -2.060499 -2.733052 1.096357 20.418182 -1.636433 -1.199745 -0.618241
7 2.351631 -1.412856 -0.812673 -6.135176 -0.165798 0.505668 5.472100 0.163267 0.991768 -1.737436 0.621731 -1.376302 0.990510 0.543571
11 -2.003605 -1.179461 -0.790862 -1.386323 -0.396680 -0.613190 -1.202545 0.717232 -0.474467 -1.946304 11.263369 -0.465435 -0.142001 -1.379727
11 0.231270 -2.767113 0.050754 -5.188313 -0.404542 -0.338348 2.728770 -1.139077 -0.165985 -0.254023 9.132891 -1.205855 -0.317965 -0.362461
7 0.837731 1.057459 -2.785171 1.268002 -0.205815 -1.118804 2.908994 -2.242727 -0.041344 -2.251911 1.724355 -1.711695 1.954309 0.606621
11 -1.854634 1.274272 -0.789708 -1.132396 -0.025607 0.597665 1.657074 -1.241882 -1.913369 -0.312273 3.426585 -1.042636 0.919973 0.436937
14 0.573815 -1.707730 0.684755 0.122356 0.086547 0.487554 -1.477590 -0.293989 -0.805046 0.951625 -0.435270 1.022488 -0.293008 1.083491
6 -0.992715 -4.480215 -3.348803 -0.391279 -0.092301 4.030462 -0.612367 3.164397 -0.030115 -2.026724 2.152820 1.610140 0.725602 0.291100
7 -1.009426 -0.560187 1.358652 -0.958970 -1.162597 0.524338 3.231693 -2.168196 0.274887 -1.455158 2.437900 0.070718 -1.310072 0.726423
11 -17.439672 4.942136 -0.519092 -7.032576 1.518429 -3.354168 3.857695 0.421470 -2.891220 -4.855457 23.337646 -1.725326 1.091866 2.648270
11 -1.930864 -2.076537 -1.302816 -1.672457 -0.841506 0.879670 -2.223005 0.848289 -0.936791 -1.833397 13.239867 -0.833563 -0.223777 -1.093113
11 -0.321786 -3.068153 -0.336958 -1.662022 -0.151571 -0.312153 -1.418261 -0.564660 1.656063 -0.691569 7.951357 -0.278003 -0.416193 -0.386089
11 -2.345637 -2.708658 0.096697 2.765165 0.818661 -1.837258 -1.668470 0.607650 -0.671330 0.261060 3.517728 1.207295 -0.225296 0.182396
11 0.334849 -2.380737 -1.738787 -0.573363 -1.146040 -1.167723 1.193744 -1.769322 0.710047 -0.957525 8.250122 -0.654305 0.577064 -0.678023
11 -1.334439 -2.073501 -2.273304 -7.311592 -2.134255 -1.110271 -1.552221 -2.088022 0.680670 -1.822164 26.605851 -2.244630 -1.489058 -1.853057
11 -2.043322 -2.516413 -1.231373 -4.543189 -0.934965 -0.814794 1.842736 -1.130384 -0.401806 -1.605620 16.316318 -1.695897 0.659057 -1.900345
11 -1.232356 -2.449266 -2.131841 -5.469497 -0.518422 -0.145016 -0.007722 -0.218480 -0.763250 -2.294074 17.271298 -1.401880 0.533694 -1.173184
11 -1.640731 -3.978681 -0.557826 -1.805359 -0.105501 0.195871 0.196490 0.644877 0.089289 -0.521702 7.064057 -0.564332 0.115866 0.867684
6 -0.968778 -1.347941 0.594678 0.253366 -0.313671 0.973182 0.213736 -0.339894 0.535561 -0.332849 -0.215925 0.348850 -0.004091 0.603775
11 -0.578948 -2.029199 -0.326059 -3.027525 1.241723 -0.253437 -0.363473 -0.759203 -0.175480 -1.794949 6.810907 1.789624 0.723166 -1.257144
9 -0.299172 -2.052849 -0.134810 0.608365 0.837732 0.457285 -0.839041 -0.484049 1.307273 -1.212669 -0.031751 0.935161 0.716819 0.191707
4 -0.434123 -3.851991 -2.590192 6.553632 0.688523 -1.035197 -0.974187 -0.806410 1.617643 -0.773310 -0.613560 1.934775 -0.296963 0.581362
7 -1.885004 -1.073240 -3.254964 -1.503032 -2.943804 -3.611216 37.717012 -3.365883 -2.881149 -3.524179 -3.947892 -3.200723 -3.224319 -3.301607
12 0.822933 -0.483113 -1.631435 -1.516904 1.048698 0.306322 1.007952 -2.827263 0.584093 -0.268382 1.035302 1.149641 -0.145641 0.917797
4 0.048200 -2.988770 -2.517070 7.494448 -1.629267 -0.098987 2.380707 0.958717 -0.819092 -1.382474 0.267702 -0.399748 -0.694501 -0.619863
7 -2.179765 -1.786195 -1.304685 -1.779540 1.591498 0.035120 13.784300 -1.582893 -1.050154 -2.162113 0.033244 -0.749039 -1.746210 -1.103564
1 4.582146 -1.410742 -0.877405 -0.865889 -1.081504 0.140177 -0.623665 -0.336031 -0.081072 -1.158473 0.016917 0.828503 0.208691 0.658347
4 -1.182686 -3.061534 0.428021 4.954594 -0.806957 0.169742 -1.704445 -0.153504 1.244276 -1.244979 -0.119585 0.357293 0.568346 0.551420
5 -0.541738 -3.230828 0.007500 1.176692 5.493266 1.336469 -0.859397 -0.790810 -0.580088 -0.318970 -0.089249 -0.148591 -1.468012 0.013757
4 -2.473977 -1.534378 0.514241 3.755441 -0.442892 1.693535 -1.156310 -0.972797 0.557765 -0.360111 1.263243 -0.036873 -0.086297 -0.720588
4 -1.638256 -0.765924 0.023426 16.981710 -1.037667 -1.741752 -3.398814 -1.761746 -2.442465 -1.705210 -0.264929 -1.918396 0.434177 -0.764151
8 2.464757 -3.227483 -2.149671 -2.025162 -1.587395 -0.755796 -0.794027 6.623465 2.693032 1.999555 -3.585871 0.755895 -1.379878 0.968579
4 -1.160566 0.903326 -1.180550 9.770157 -0.538326 -0.859299 -0.401461 -1.464688 -1.144147 -1.242218 0.201304 -1.419995 -1.044206 -0.419330
4 -1.301048 1.347083 -1.401193 9.704872 -0.687629 -0.569441 -3.196659 -1.168330 -1.044852 -0.348074 -0.564312 0.582825 -0.486572 -0.866668
4 -1.167454 -2.532382 -0.263358 8.881813 -0.459546 -1.442559 -2.573931 -0.579108 -0.864782 -2.062760 1.536015 0.387256 -0.574766 1.715565
7 0.178805 -1.272227 -0.394880 0.310387 0.338781 0.256275 0.921433 -0.494734 0.486582 -0.700838 0.306810 0.314422 -0.247982 -0.002833
7 -2.821414 -2.275399 -0.311188 -0.245037 0.238030 -2.202272 10.765883 -2.462420 5.342929 -1.465162 -2.339806 -0.249901 -1.994500 0.020258
4 -1.599586 -3.065359 0.295159 6.728802 0.069367 -0.299085 -2.499444 -0.477890 1.846966 -1.282813 -0.844299 -0.229179 1.757051 -0.399688
4 -0.437326 -1.675491 -0.352340 0.950019 -0.020786 0.319532 0.146728 0.014655 0.896156 -0.419337 0.482229 0.021000 -0.001209 0.076171
8 1.689909 -2.161247 -0.668714 0.533498 -0.896444 1.459987 0.213598 2.372637 -1.082321 -0.250626 -0.088661 -1.223875 -0.583064 0.685323
1 2.176947 -1.061133 -1.319783 -6.646124 0.958319 0.554096 1.857508 1.420252 0.870471 -0.390381 1.024475 -0.789302 1.047985 0.296675
6 -0.288054 -1.327998 -0.107489 0.049339 -0.337800 0.955760 0.612583 0.149942 0.272657 -0.627267 0.339546 0.073916 0.114358 0.120506
8 -1.386812 -3.082868 -1.106516 -0.275303 0.858321 0.548933 -0.789176 1.385446 -0.000986 0.814559 0.307566 1.152028 0.367872 1.206938
3 -0.582715 -2.620774 3.927857 -3.652606 -0.873478 1.508378 2.017718 1.135157 0.544849 -1.805573 0.867302 0.485022 -0.409191 -0.541943
3 -2.090746 1.884731 5.342819 -2.436954 -0.644831 -0.898661 2.209441 -0.963569 -3.071643 0.924804 1.834536 0.157361 -1.806202 -0.441081
7 -2.305704 0.768075 -1.123372 -1.975744 -0.061109 1.835950 1.957672 1.006868 -2.652302 0.462872 1.302076 1.485741 -1.892648 1.191623
10 -2.170719 0.056038 2.862155 -0.794567 0.678098 1.138146 0.893284 -0.514257 -2.796922 4.016762 0.749429 -2.110355 -2.255169 0.248077
3 -2.033110 3.111327 3.206221 2.613441 -1.731678 -0.912916 -2.375749 -0.318438 0.109170 -0.355445 -0.429693 -0.697722 0.551858 -0.737265
1 2.793221 -0.254142 0.506004 0.588660 -0.816208 2.105930 -0.732371 -0.341433 -1.430703 -1.365765 -1.161246 0.543893 -0.356359 -0.079481
8 1.212038 -2.488305 0.520906 0.127178 -0.514560 -0.607889 -2.329598 3.122740 -0.527657 1.691888 -0.281090 0.520316 -0.447391 0.001425
6 -1.711622 -3.165637 0.568621 -1.398552 1.011337 3.215656 -1.747228 -0.233749 -0.086930 2.163572 -0.377375 0.675023 -1.548955 2.635840
6 1.445419 -0.014680 1.378973 -3.607421 -0.720055 2.467767 0.098813 0.075642 -1.511306 -0.453691 1.157825 0.184888 -0.657279 0.155109
3 0.232498 -1.458579 4.963833 -3.713408 0.274481 0.401777 1.225680 0.968834 -0.812507 -1.227704 -0.011949 -0.382675 0.354620 -0.814899
3 -1.375312 -4.199260 6.902236 4.117930 0.102833 -1.966702 -0.909715 -3.749857 -1.914183 0.883197 1.688512 2.458152 -2.393404 0.355578
5 -0.236352 0.100360 -0.254948 -2.670038 1.432926 -0.438151 -0.203715 0.310735 -1.000365 0.336833 -0.405716 1.055895 0.650868 1.321670
3 -0.236807 -1.752632 2.874566 -1.746988 -0.793667 0.200585 0.851225 0.075083 -0.241401 -1.389516 0.123446 0.814020 1.328920 -0.106833
2 -1.881589 7.252981 2.387134 -3.075459 0.005420 -0.017346 -4.064584 1.071505 1.449153 0.322735 -2.189448 0.313077 -0.757846 -0.815730
6 4.226196 -0.271935 -2.062157 0.295847 -2.456628 5.074946 -0.818788 -1.165821 -0.428702 -1.274895 0.116842 -0.708969 0.932867 -1.458800
6 1.268240 -2.617820 -3.255781 -4.335056 0.605674 4.122293 2.009123 1.766407 -1.250752 0.897204 1.057643 -0.708052 -0.207828 0.648706
6 -1.333331 -3.282924 -0.296504 -2.140680 1.879727 4.541557 -0.418479 -0.281374 -0.220627 -0.720931 0.518742 1.157332 -0.193343 0.790838
6 -4.027652 -3.614342 -5.507844 -3.585535 -6.174028 65.511622 -5.183573 -5.117066 -5.298485 -5.164893 -6.055390 -4.309984 -6.190404 -5.282422
6 -1.750747 -3.436681 -0.750196 -0.878007 -0.227479 6.094989 0.762647 0.011539 0.048421 -1.461570 -0.140034 1.340281 0.375314 0.011524
6 0.195071 -1.270291 -2.272890 -5.268366 -1.654238 16.878426 1.753631 -2.411758 -1.568988 -1.285491 0.084016 0.352654 -2.594726 -0.937045
6 0.749242 -1.160122 -1.749124 -1.452809 0.759688 4.246478 1.303963 -0.712919 0.987053 -2.407310 0.401355 -0.592490 0.866393 -1.239398
6 -2.631697 -0.616258 0.102183 -5.513815 -0.409510 22.286400 -3.938762 -1.315862 -3.039580 -0.401039 -1.695763 -0.978063 -1.751975 -0.096257
6 -4.027652 -3.614342 -5.507844 -3.585535 -6.174028 65.511622 -5.183573 -5.117066 -5.298485 -5.164893 -6.055390 -4.309984 -6.190404 -5.282422
7 1.573254 -1.726561 -0.819817 -4.976635 1.385123 0.005220 3.440732 1.469799 -1.314872 0.332791 0.091969 -2.269865 2.122778 0.686088
9 -1.087957 -3.322496 0.276615 -0.962868 -0.568378 1.322486 1.164982 -0.657533 1.990457 -1.217923 0.626793 0.879357 1.366057 0.190408
10 -4.864066 0.509071 -0.127292 -1.350887 1.270530 2.859839 1.089216 0.589088 -4.160637 3.165321 0.199114 0.227692 -1.291363 1.884376
6 -2.632438 -1.590099 -3.071946 -2.008142 -1.134776 24.877097 -3.321388 0.192609 -2.224366 -3.608942 -3.247776 -0.509012 -0.338392 -1.382426
6 -2.583495 -1.784621 -1.323911 -2.647721 -1.066285 25.392403 -2.226875 -2.540395 -1.462743 -2.332099 -0.902700 -0.845952 -3.172837 -2.502766
10 -0.258108 -1.577263 0.425731 -1.983652 0.636379 0.682102 1.525022 -1.238478 -1.108643 1.564564 0.523469 0.681293 -0.730778 0.858367
6 -3.343904 -2.576789 0.165515 -2.189888 1.847537 11.354642 -1.892224 -1.110608 -1.830501 0.501784 1.155150 -0.999965 -2.140242 1.059494
2 -0.686156 6.065841 -0.063839 -1.130145 -0.531659 0.664734 -1.294813 0.068212 0.509820 -0.650590 -1.338661 -0.123026 -0.175902 -1.313813
14 -1.065559 2.099571 -1.932509 -0.523483 2.117761 2.085703 -2.768465 -0.396322 -4.713388 2.115327 1.110396 -0.963651 -0.241610 3.076232
6 -4.027652 -3.614342 -5.507844 -3.585535 -6.174028 65.511622 -5.183573 -5.117066 -5.298485 -5.164893 -6.055390 -4.309984 -6.190404 -5.282422
6 -1.691161 -1.084971 -0.773341 -0.065291 -0.873476 3.809563 2.225127 0.416546 -0.634861 -0.766083 0.378878 -1.052135 -0.161261 0.272469
6 -3.187940 -4.773487 -1.698738 -1.897557 3.142882 7.651748 0.157646 2.612657 -1.920049 -2.672576 -0.523200 -0.185046 0.583643 2.710019
6 -4.027652 -3.614342 -5.507844 -3.585535 -6.174028 65.511622 -5.183573 -5.117066 -5.298485 -5.164893 -6.055390 -4.309984 -6.190404 -5.282422
6 -0.711059 -1.393175 0.716761 -3.992419 0.726089 4.984286 -0.002533 -1.975918 -1.933424 1.826249 0.804217 1.831621 -1.201296 0.320605
6 0.541013 -3.854400 -0.497550 -2.172308 0.825908 3.889987 0.551740 0.404451 1.691157 -0.423567 -0.263211 -0.345910 -0.753493 0.406186
6 0.091205 -2.841477 2.184681 -1.617157 0.964361 2.442820 -1.996781 -0.330261 1.621165 0.246906 0.870668 0.453049 -2.428973 0.339795
13 0.592647 -1.249027 -1.299742 -3.241624 -0.177728 -0.378858 -1.960576 -1.575548 -1.486879 -2.271008 -1.680832 -1.308121 15.888332 0.148968
13 -0.184140 -1.448140 -0.608941 0.280541 0.215646 -0.055746 -0.869087 0.797675 0.962474 -0.937479 -0.817938 0.475815 2.145018 0.044305
10 -1.669909 -0.063238 0.015831 -2.565221 1.387257 -1.664079 -1.874129 0.487244 -2.066494 5.490714 0.550324 -0.018126 -0.536979 2.526807
8 -0.799010 -1.221716 0.370645 -0.562640 -0.381572 0.195420 -0.094630 1.078837 1.059909 -0.039136 -0.054773 0.092334 0.131259 0.225071
13 0.036056 -1.983762 -0.307923 1.092076 -0.055828 -0.589276 -0.168813 -1.731504 1.691619 -1.019194 -0.946359 0.543545 3.138062 0.301302
13 -1.545037 -2.381581 -0.645603 -3.521547 -0.410672 0.579533 0.617023 -0.206240 -0.147593 -0.399274 0.349448 -1.217033 8.954830 -0.026250
4 0.472558 -1.677928 0.071288 3.223262 -0.224479 -0.872206 -1.547673 1.767764 2.186342 0.081395 -2.352619 0.912814 -1.158958 -0.881560
1 2.272730 0.140827 0.407573 -1.871858 -0.917778 0.278335 -2.692281 -0.441735 0.060124 2.242758 -0.228711 -0.343970 0.579550 0.514437
13 -0.066066 -1.419572 0.029256 -2.077114 0.773569 1.429147 0.002743 -0.569003 0.801573 -0.035556 -0.134978 -0.115673 1.519046 -0.137371
13 0.560044 -0.819006 -0.577971 -3.215010 0.851533 -1.096072 1.431187 0.510791 -1.364859 -0.650103 1.730667 -1.178665 5.431397 -1.613928
13 -0.981102 -1.948980 -0.230014 -2.003445 -0.026953 -0.900922 -0.768313 -1.936681 4.193436 0.232883 -0.572645 -1.308524 6.277803 -0.026540
13 0.701642 -0.441730 -1.444851 -1.324849 0.748675 -0.096014 -3.681222 -0.421607 1.541338 -0.120842 -1.485372 -0.047562 6.746389 -0.673991
13 0.095882 -1.782685 -0.596546 -2.479363 -0.028436 1.009910 1.110214 -0.457736 1.362680 -0.115507 -0.087165 -0.662525 3.032879 -0.401598
13 0.836056 -2.176461 -0.252463 -0.798795 0.349503 -0.708861 -0.966389 -0.046136 1.855847 -1.473407 -1.473921 1.103175 3.853868 -0.102014
13 1.920351 -1.610935 -0.467008 -3.611427 -0.770674 -0.387983 0.244763 -0.809810 -0.791056 -1.255901 0.002862 2.601970 5.616317 -0.681467
13 -3.741882 -0.368704 0.701421 6.062312 -2.353465 -0.540553 -1.894211 -2.156181 0.191605 -1.327222 -0.239122 -0.682673 6.960018 -0.611341
9 -0.053108 -1.257916 0.908606 -1.754062 0.402927 -0.487249 -1.463919 -0.566949 3.044030 -0.293381 0.087115 -0.462208 1.415799 0.480315
10 -4.268119 0.964756 -0.731413 -1.067736 0.667707 0.720303 -0.332714 2.818736 -3.120623 3.634126 0.589298 0.718267 -1.864313 1.271728
13 1.091513 -0.922794 0.513481 -1.661300 -0.358142 -0.031994 -1.154039 1.129982 -0.678895 0.915379 -1.037175 0.058293 1.594854 0.540837
12 -0.734784 -3.061240 0.162519 -1.115802 -0.367193 1.280538 0.826781 -0.127095 0.998497 -0.641782 0.152896 1.328085 0.520914 0.777667
13 -0.382476 -1.384000 -0.317692 -3.615863 -1.411329 0.015541 1.440695 0.371572 -0.279156 -1.469843 -0.702715 0.208839 7.970518 -0.444086
2 0.781989 2.250570 -1.101903 0.022316 -1.654176 -0.556161 -0.853527 -0.911247 0.372124 0.182679 0.566021 0.342353 1.638337 -1.079377
13 0.211984 -1.839845 1.247861 -2.093679 0.708902 -0.339590 1.027117 0.036786 -0.466439 -0.540527 -0.356753 -0.492027 2.899422 -0.003211
13 -0.966837 -1.062509 0.899659 -1.047749 0.465895 -0.756597 -2.207680 0.474613 0.666329 -0.761438 0.373001 1.111184 2.175345 0.636784
13 0.411652 -0.881456 -1.004909 0.062037 -0.417195 -0.928622 -0.844671 -0.349009 2.210750 -1.970202 -1.713928 0.784512 5.122123 -0.481080
13 0.463235 -2.568175 -0.654062 -1.782724 -0.461382 0.310984 0.298262 -0.472745 0.694595 -1.106501 1.239144 -0.171147 4.563597 -0.353081
7 -4.656873 -2.143138 -3.402316 -8.810369 -3.507855 -3.717165 45.684027 -3.278795 -2.788769 -4.335876 -0.402505 -3.156342 -2.815514 -2.668507
7 -1.486610 -0.107633 -0.179473 -1.150889 0.225526 -1.329654 2.124956 0.371089 -1.934219 0.390902 1.404800 2.009081 -0.393987 0.056113
7 -3.177234 -3.481949 -2.678710 -7.793435 -3.603656 -2.980221 43.437077 -2.688455 -2.609986 -3.582081 -2.287740 -3.792934 -3.144197 -1.616476
2 -0.406937 4.979079 -2.586256 0.184263 0.997833 0.005039 2.409778 1.153021 -1.470832 -1.654532 -0.937877 -1.249251 -0.943547 -0.479778
7 0.490849 -3.393688 -1.564097 -6.855973 0.320789 0.164981 14.729302 0.707651 -1.763974 -0.843884 -0.116882 -0.935037 -1.514745 0.574713
6 -1.534580 -1.212933 -1.408129 -1.223690 0.565059 2.416454 1.830957 -0.777594 -0.435011 0.050781 -0.458294 0.319257 0.248994 1.618732
7 -3.634548 -3.017222 -3.859057 -6.479904 -3.252968 -2.780293 46.442984 -2.181634 -2.936690 -3.278475 -3.807006 -4.579401 -2.830268 -3.805516
7 -0.631219 -0.497638 0.882919 -6.140956 1.861515 -0.269275 5.199191 1.019780 -1.990793 1.680334 0.417285 -0.413265 -1.028933 -0.088938
7 -2.777105 -5.445336 -3.110306 -8.790662 -3.163907 -2.626837 49.511750 -2.140259 -2.659623 -3.812668 -3.830132 -3.731795 -3.654105 -3.769013
7 0.820970 -1.229587 -1.389397 -4.194793 -0.888145 3.102618 3.904118 -0.046763 0.089738 -1.988765 0.715765 -1.072652 0.832384 1.344513
7 -2.102900 -3.131886 -3.050999 -0.774432 -0.874000 -0.553924 19.775277 -1.959124 -1.884098 -0.979833 -1.271402 -0.838689 0.227371 -2.581359
7 -1.439874 -2.249695 -1.599757 -5.764369 0.179892 0.336236 15.153505 -1.119792 -1.490391 -0.121285 1.067658 -1.869039 -2.079082 0.995996
7 -4.936924 -4.617094 -5.268675 -4.331130 -4.945307 -5.741329 61.325640 -4.710927 -4.134965 -4.792233 -5.116648 -3.641332 -3.271802 -5.817272
7 -2.313045 -6.626433 -3.970012 -3.180623 -0.762436 -3.445223 41.046274 -2.502698 -2.257629 -3.889558 -4.290977 -2.473778 -2.111125 -3.222736
12 -0.878360 -3.021705 2.330506 -2.294709 0.597272 0.058230 -1.144569 -0.735638 0.831230 1.120913 -0.399554 3.410342 -1.210935 1.336977
7 -3.185593 -4.310028 -2.528074 -5.624364 -3.188370 -2.174653 43.311133 -3.594125 -1.234305 -3.512962 -4.748017 -3.179078 -3.136969 -2.894595
7 -5.777213 -5.866068 -5.317185 -5.968226 -5.555492 -5.535087 68.626068 -3.967625 -4.606087 -5.812518 -5.368988 -4.293408 -5.403923 -5.154246
7 1.337128 -3.546069 -1.843292 -3.593629 0.430832 0.230725 3.773190 -0.022075 0.946316 0.683243 -0.395898 0.009081 1.796884 0.193568
7 -4.166475 3.847258 -3.651493 -7.366032 -3.369906 -3.874876 51.274479 -3.468715 -5.109947 -3.280253 -5.973236 -4.381322 -4.403943 -6.075536
11 -0.334088 -3.614511 -1.152357 -6.148232 0.498409 1.367829 2.663052 0.199830 -0.461262 -1.547363 9.128627 -1.382286 0.252731 0.529626
7 -2.587261 -5.445744 -2.968965 -4.687761 -2.973003 -2.369337 43.109380 -3.812526 -2.550400 -4.169193 -2.795290 -3.100548 -2.929583 -2.719766
7 -3.364022 -3.612011 -5.656737 -5.357046 -3.865704 -4.901922 55.261447 -3.337139 -3.174731 -3.694609 -5.431725 -4.256803 -4.416332 -4.192663
7 -3.212602 -4.983893 -3.815659 -3.677078 -4.111716 -3.263262 46.698747 -3.833411 -2.206512 -4.215255 -3.927220 -3.384274 -2.529809 -3.538053
7 -1.520033 -2.833490 -3.382984 -4.895367 -2.684247 -4.545510 41.017731 -1.447167 -5.088673 -3.665991 -2.220018 -2.951462 -2.365439 -3.417348
7 -1.734356 -4.375435 -2.831521 -8.818865 -2.929028 -2.381849 44.593848 -3.320563 -1.970538 -4.639381 -2.071817 -4.595905 -2.138473 -2.786112
3 -0.343823 -2.006543 1.950934 -0.931516 -0.165342 -0.077233 0.885087 -0.432216 -0.046481 -0.922489 1.434273 1.569916 -1.191756 0.277189
3 1.734057 -1.086363 3.984094 1.364705 -1.227679 -1.408673 -2.357183 -2.033716 0.868669 -1.608129 -1.188208 1.253196 1.938039 -0.232808
7 -1.500661 -2.094010 0.932603 -0.675654 -0.870206 0.685598 1.480360 0.411829 -0.600706 -0.556506 1.474256 1.316050 -0.109672 0.106719
12 -0.375629 -3.945797 -0.063923 -1.523255 -0.377469 1.532746 0.038136 -0.120095 1.855736 -1.043081 0.302596 2.168006 0.447338 1.104692
2 -0.711238 1.543407 0.136758 0.991610 -0.350761 -1.488551 -2.582196 -0.173603 1.023433 0.583090 -1.349688 0.545611 1.387190 0.444935
9 -2.644450 -1.312742 0.425716 -0.066585 0.911612 0.436595 -0.491905 -0.414438 2.108599 -0.731027 0.720433 1.426799 -0.070425 -0.298181
3 -2.989209 0.587013 2.704009 -2.217701 2.199291 -1.362884 -2.831234 -1.057853 -0.356239 1.667666 -0.156789 2.337757 -0.408437 1.884615
1 2.566472 0.037968 -1.045873 -5.777176 0.452229 1.337644 1.730378 0.440190 -1.048337 -0.360874 0.700723 0.171160 0.621185 0.174315
12 0.287921 -1.024109 -0.176483 -0.948146 -0.549432 1.604801 1.895888 0.167303 0.067280 -1.246296 -0.259305 2.318904 -1.135627 -1.002697
2 -1.573837 1.631715 0.380209 1.458224 -0.427028 0.427409 0.338046 -0.725124 -3.317397 0.104207 0.860753 0.141328 -0.425086 1.126585
14 -1.352124 -0.140155 1.108194 -3.425641 0.395115 0.479053 -0.770255 0.157927 -1.904392 1.656768 -0.998982 0.841763 1.740616 2.212114
7 -0.092845 -0.580359 0.543610 -6.236831 1.068791 1.276721 5.198622 0.092168 0.191145 -0.168871 0.353652 -0.319917 -0.738975 -0.586906
12 -2.666064 -2.173381 -1.414096 -0.973758 -0.760989 -0.203840 0.282298 1.923028 1.144760 -2.222256 -0.801611 7.137858 0.645411 0.082642
10 -0.435302 -1.567482 0.456663 -1.073659 -0.573659 -0.026175 0.599489 -0.889764 0.577467 0.984225 0.181930 0.515087 0.694107 0.557074
9 -0.875267 -3.597074 -1.388240 2.195559 1.206454 -1.741715 0.009232 -1.713771 2.925960 -0.564056 -0.424532 2.767406 1.131161 0.068887
4 -1.625136 -2.092939 -0.268498 2.780035 0.012429 -0.284899 0.163229 -1.316648 -1.505462 0.753019 0.361192 1.976773 0.113521 0.933385
5 -1.025894 2.694790 -2.316100 -1.927637 6.294527 -0.858876 0.847773 -0.396934 -1.328973 0.896362 -3.145286 1.486487 -0.714290 -0.505948
10 -3.736108 0.638632 1.267754 0.764230 0.577051 0.799627 -0.270812 0.428675 -4.290754 1.762483 1.452352 1.508745 -2.532187 1.630315
12 -0.664169 -2.949883 -0.445490 -0.077637 -0.557827 -0.321854 0.408558 -0.521591 -0.327136 3.237366 -1.167700 4.248464 -0.781748 -0.079349
12 -1.956923 0.963773 0.320572 0.341389 -1.526208 0.252223 -1.447516 0.514871 -0.426586 0.600225 -1.117907 1.649252 1.280204 0.552634
1 2.923515 -2.385273 -0.269877 -4.728800 -0.747265 1.809688 0.603221 0.796676 1.033423 -0.382696 -0.385080 1.056782 -0.374176 1.049868
12 -2.096030 -1.874096 0.318125 -0.115137 -1.162602 -0.321347 1.202720 -1.301857 0.263048 -2.707928 0.403557 8.028385 -1.276269 0.639433
2 -0.047214 4.624087 -0.684878 -1.671454 1.241512 3.220740 -2.618428 0.689709 0.628011 0.002951 -1.577881 -0.366083 -1.571538 -1.869534
14 -0.402691 -1.502283 -0.312901 -6.719105 0.031826 -1.156413 0.656678 0.109703 0.656501 2.667530 -0.436787 -2.497164 -1.170862 10.075973
1 2.189031 -1.343898 0.210574 -3.388144 -0.412311 0.513840 0.453651 -0.325628 1.590464 -1.256329 0.243836 -0.371943 -0.027336 1.924193
14 -2.062502 1.293172 -0.725371 -6.482157 -0.037848 -0.457526 1.109391 0.210792 -2.174171 0.806320 0.662929 -0.331367 -0.869195 9.057537
14 0.163360 0.358279 -0.597358 -6.037185 -0.120391 0.990982 1.508407 -1.211331 -2.128120 -1.556015 0.444350 -2.136754 -0.619608 10.941390
2 -0.436959 1.919552 -0.523135 -0.758817 0.325405 -0.849136 -1.442380 0.441762 0.273861 -1.186126 -0.711145 0.594574 1.241856 1.110688
14 -3.297196 1.405179 -0.225795 -1.390045 -0.293639 -0.518655 1.349248 -0.700927 -1.801505 2.060273 1.077343 0.318121 -0.057628 2.075230
9 -0.334072 0.366232 0.809974 -4.389750 0.469488 0.052535 -1.098744 0.609721 1.671623 -0.818314 0.527163 0.766099 -0.056863 1.424910
14 0.765909 -0.871127 -1.269807 0.588897 -2.086733 -0.183696 0.106103 0.238206 1.625811 -2.830344 -0.034518 1.012170 0.752340 2.186792
14 0.704718 -3.732101 0.239337 -5.648310 -0.992630 -0.318316 0.616366 -0.877678 1.954157 -1.490430 1.087618 -0.109909 0.579888 7.987294
14 -3.153943 -1.737038 -0.243471 -0.330562 -0.615991 -0.357416 0.085627 -0.645480 -1.763595 -0.856545 -0.288632 -0.291034 -0.165132 10.363214
14 -1.754209 -0.624095 -0.163535 -0.088767 -0.170850 1.006202 -0.449910 -0.153499 0.783272 -0.641723 -0.929061 0.736407 0.940663 1.509105
14 -2.706693 -1.111905 0.916441 -0.855402 0.278607 0.120431 -1.037868 -0.593930 0.264263 0.216029 -0.262570 0.504295 0.813368 3.454934
10 -1.172941 -1.136597 0.881377 -2.752007 1.905290 0.371360 -0.884501 -0.974041 -2.064805 3.024776 0.854411 0.939764 -0.187587 1.195504
9 0.221617 -1.843207 -0.483066 -1.887990 -0.746962 0.504756 1.610977 -1.108317 2.405091 -0.518688 -1.627797 0.945288 0.795014 1.733286
7 1.011265 0.036132 -0.100627 -5.551552 0.549171 1.449254 3.365259 -0.361636 -1.421982 0.588117 2.317714 -1.105156 -0.870304 0.094352
14 -2.145744 0.888737 -0.061312 0.715424 -0.827006 0.204139 -0.022443 -1.064541 -0.620177 -0.034452 0.572837 -0.473551 -0.454779 3.322873
14 0.657968 -0.764144 0.653698 -6.491159 0.059409 0.094747 2.840257 -0.128933 -0.171476 -0.829402 1.509465 -0.932119 -0.569326 4.071020
14 2.225309 -2.191001 0.100478 -1.675763 -0.472019 -0.107315 -0.370110 -0.308748 0.739571 -0.677904 -0.451882 0.469264 0.113708 2.606414
14 -1.107061 -0.188949 0.105049 -1.041418 -0.944669 0.551723 -1.418226 -0.809439 2.236466 -0.831182 -1.848566 0.141503 0.033517 5.121251
13 -1.720338 0.254235 0.548895 -5.551570 1.033764 1.234780 -1.567906 -1.301845 -0.581812 -1.606543 2.214490 1.596962 2.800995 2.645894
11 -1.216479 0.692904 0.565316 0.246786 1.386452 -0.891261 0.556337 -0.214201 -1.655088 0.834909 1.750629 -0.842041 -2.026565 0.812306
14 -1.778972 0.277701 1.094178 0.769772 -0.476964 0.304428 -0.469843 0.154937 -1.347553 -0.270312 -0.154933 -0.425508 -0.584261 2.907332
8 -0.830436 0.435296 0.172172 -3.396864 -0.313258 1.080288 1.632908 2.108599 -0.510886 -0.951493 1.338604 -0.929900 -0.190656 0.355631
8 0.925224 0.130003 -3.423489 -1.379975 0.063238 0.559060 -0.414064 8.591505 -1.264367 -1.349455 -1.146616 -0.557362 0.433058 -1.166759
5 2.026666 -0.569405 -1.999330 -2.118090 5.151491 -1.049103 -0.335136 0.927768 -0.282576 -1.156260 -0.749724 0.131416 0.740946 -0.718659
8 -0.541300 -5.970782 -1.528544 -1.860039 -0.864372 -1.705720 -1.326292 15.823521 -0.267014 -0.888631 -1.773230 0.688581 1.036693 -0.822871
9 2.008319 -1.859974 1.210182 -6.738899 0.038449 0.187404 -0.544402 2.555607 2.684357 1.358041 -0.226260 -0.738256 -0.139322 0.204757
2 -6.473229 5.435328 0.414185 -2.023996 0.991185 -1.085275 4.146734 -0.956113 -2.184705 -1.515120 5.359739 -2.147859 -1.278690 1.317818
8 0.034941 -2.630058 -0.138368 -3.711197 0.326220 1.188814 3.941666 4.345475 -0.970500 0.291283 -1.098008 -0.913415 1.123815 -1.790666
8 1.600497 -3.111065 -1.534411 -4.663837 -0.099034 1.263155 1.188081 5.696487 -1.181460 -1.391199 1.093605 0.311581 1.166934 -0.339330
8 -2.771065 3.368412 0.025562 -1.115978 0.518016 -0.137855 -5.051766 12.298985 -1.482623 -2.934519 -1.327409 1.901779 -2.029670 -1.261866
1 2.314554 0.255055 -0.432764 0.688707 -0.929611 0.003389 -0.755441 -0.554205 0.006294 -0.856667 0.019608 0.054536 0.541093 -0.354547
8 1.446654 0.469347 0.074159 -5.416396 0.667927 0.169434 0.515153 2.480576 -0.189450 0.660593 0.669569 -1.348293 -1.955839 1.756572
8 -3.252915 -1.673906 0.203377 -1.110852 1.367175 1.014714 -0.699957 9.334953 -1.586525 0.907776 -0.108473 -0.347767 -2.418009 -1.629591
13 -0.484461 0.241514 0.103072 -2.412648 0.725268 0.434969 -4.465809 0.707451 -0.913109 -0.323286 -0.431477 2.115469 2.777231 1.925817
6 -0.660733 -2.153169 0.421660 -2.227033 -0.025303 1.780178 0.859989 0.491477 -0.408611 -0.135478 0.538987 0.332149 0.400397 0.785490
2 0.433887 8.240282 -0.817911 -4.911884 -0.024814 0.479512 -1.061725 3.366167 0.936256 -1.093514 -2.793848 -1.920438 0.867466 -1.699430
7 -2.278707 0.982228 -0.402294 1.377257 0.284602 0.281720 2.103480 0.112215 -2.077904 0.185388 -0.636053 -0.131224 0.008903 0.190388
8 -0.760341 -3.919459 -1.205089 -1.218848 -1.150433 1.402884 2.381054 2.475513 -0.175784 -1.024031 0.759570 -0.803981 1.927240 1.311705
14 -1.303429 0.301599 0.507763 -3.539416 -0.488967 -0.329224 1.975293 -0.814062 -0.936128 0.065198 -0.824303 1.229905 0.976270 3.179500
14 -0.457673 1.431581 -3.341133 0.406749 0.618711 -0.482835 -0.115447 0.245819 -2.469270 1.083807 0.781763 -0.003149 0.103119 2.197961
8 -0.947342 2.904261 -0.416299 -2.075567 -0.932491 1.330444 -2.598060 6.758120 -2.103756 2.833243 -1.844748 -0.715548 -0.607000 -1.585254
8 -2.211016 -0.518265 -2.701701 -4.707564 0.767212 2.220645 2.450002 3.998614 -2.424133 -0.475633 1.397777 0.506885 0.798430 0.898751
8 -3.213023 -0.979650 1.878781 0.978249 -0.343987 1.429602 -2.943246 3.108586 0.145341 1.712518 -1.903083 0.346596 -0.200321 -0.016363
7 -3.146927 2.378129 -0.397554 -1.014777 -0.615668 0.366968 3.207004 -1.315460 -1.121935 0.579043 2.215914 -0.261353 -1.022403 0.149024
9 -0.785447 -2.904207 1.419903 -0.873803 -0.128614 -0.292327 0.170428 0.213384 1.634088 0.683221 -0.374526 0.641961 0.065282 0.530658
9 0.263182 -4.201348 0.344124 -1.318093 -0.420147 0.591336 0.369985 -0.670313 3.947514 -0.746505 -0.324221 1.323631 0.330356 0.510503
9 -0.143663 -2.283883 -0.340639 0.025749 0.075029 0.520220 -0.501843 0.356726 1.470960 -2.048972 0.689032 0.864348 1.065483 0.251453
7 0.140954 -0.670312 -0.151236 -2.491804 -1.161081 -0.136827 3.349576 -0.183094 -0.317529 2.229212 -0.436452 -0.081843 1.141671 -1.231235
9 1.343765 -3.120217 0.011356 -2.685330 0.575053 0.238076 -0.354489 -0.865598 4.060869 0.973803 -0.348020 0.123542 -0.463838 0.511031
13 0.240786 -2.068136 0.844963 -3.890163 0.224538 0.696203 -0.187120 0.161016 1.789180 0.123869 0.164711 -0.025814 1.841640 0.084330
13 2.014475 -0.806992 -0.967424 -1.363416 0.343863 -0.479089 -0.222910 -1.207522 2.263205 -1.015324 -0.291897 -0.045576 2.453388 -0.674780
9 -0.088788 -1.659400 0.189783 -0.569580 -0.229936 0.436484 0.236478 -0.293457 1.066552 -0.167330 0.054988 0.445516 0.134400 0.444291
7 -0.839281 -1.188793 0.380898 -0.631121 -0.905065 0.841865 2.063388 -0.675291 2.017093 -0.530038 0.078938 0.823596 -1.576632 0.140446
9 0.904369 -2.474622 0.330074 -2.107223 -0.063536 0.748238 -0.505134 0.318255 3.010183 0.410844 0.343961 -0.929170 0.376749 -0.362988
9 -0.276164 -2.132500 0.371394 -0.499176 -0.027704 0.346073 0.322637 -0.553533 1.711917 0.013095 0.202429 0.534075 -0.025516 0.012973
14 -0.800847 -4.058883 0.626958 -2.049333 1.007202 0.535117 1.423638 0.560731 1.122139 0.889642 -0.640269 1.091315 -1.277992 1.570583
14 -0.801945 -3.079723 0.046137 -0.796020 0.019090 0.902266 -0.632398 0.884225 0.654483 -0.497855 0.258730 1.002042 0.707280 1.333688
13 0.829379 -3.172401 -0.059393 -0.968391 1.780421 0.365844 -2.567901 0.831349 0.406525 0.045342 -0.804593 0.827439 2.036564 0.449819
4 -0.664654 -1.552133 0.925275 2.722880 -0.941565 -0.683046 -0.576636 -0.189698 1.065064 -0.184561 -0.884922 -0.557675 0.589521 0.932150
1 1.550569 -0.575168 -0.643172 -0.047358 -0.410184 -0.689244 0.414669 -0.860021 0.220318 0.566426 -0.264896 -1.290602 0.753121 1.275544
10 0.900092 0.267883 0.439835 -2.209121 -1.263218 -0.247766 0.999606 -0.302015 -0.453457 1.619683 0.262393 -0.990604 0.501027 0.475667
4 -0.871950 -3.238706 -0.040099 4.745735 -1.585078 -0.517793 -1.419469 -0.761150 2.104870 -0.261649 -0.311073 1.749374 0.493844 -0.086855
13 0.664704 -2.232559 0.563497 -3.160110 0.057005 1.165837 -1.902825 0.369917 1.800723 1.033160 -1.642877 -0.088879 2.419516 0.952895
